INFO - 2025-02-18 00:20:27 --> Session: Class initialized using 'CodeIgniter\Session\Handlers\FileHandler' driver.
INFO - 2025-02-18 00:20:27 --> Session: Class initialized using 'CodeIgniter\Session\Handlers\FileHandler' driver.
INFO - 2025-02-18 00:28:18 --> Session: Class initialized using 'CodeIgniter\Session\Handlers\FileHandler' driver.
INFO - 2025-02-18 00:32:27 --> Session: Class initialized using 'CodeIgniter\Session\Handlers\FileHandler' driver.
INFO - 2025-02-18 00:32:44 --> Session: Class initialized using 'CodeIgniter\Session\Handlers\FileHandler' driver.
INFO - 2025-02-18 00:34:24 --> Session: Class initialized using 'CodeIgniter\Session\Handlers\FileHandler' driver.
INFO - 2025-02-18 00:35:03 --> Session: Class initialized using 'CodeIgniter\Session\Handlers\FileHandler' driver.
INFO - 2025-02-18 00:35:09 --> Session: Class initialized using 'CodeIgniter\Session\Handlers\FileHandler' driver.
INFO - 2025-02-18 00:35:20 --> Session: Class initialized using 'CodeIgniter\Session\Handlers\FileHandler' driver.
INFO - 2025-02-18 00:35:24 --> Session: Class initialized using 'CodeIgniter\Session\Handlers\FileHandler' driver.
INFO - 2025-02-18 00:35:50 --> Session: Class initialized using 'CodeIgniter\Session\Handlers\FileHandler' driver.
INFO - 2025-02-18 00:36:31 --> Session: Class initialized using 'CodeIgniter\Session\Handlers\FileHandler' driver.
INFO - 2025-02-18 00:40:14 --> Session: Class initialized using 'CodeIgniter\Session\Handlers\FileHandler' driver.
INFO - 2025-02-18 00:45:41 --> Session: Class initialized using 'CodeIgniter\Session\Handlers\FileHandler' driver.
INFO - 2025-02-18 00:46:17 --> Session: Class initialized using 'CodeIgniter\Session\Handlers\FileHandler' driver.
INFO - 2025-02-18 00:46:37 --> Session: Class initialized using 'CodeIgniter\Session\Handlers\FileHandler' driver.
INFO - 2025-02-18 00:49:56 --> Session: Class initialized using 'CodeIgniter\Session\Handlers\FileHandler' driver.
INFO - 2025-02-18 00:50:57 --> Session: Class initialized using 'CodeIgniter\Session\Handlers\FileHandler' driver.
INFO - 2025-02-18 00:51:58 --> Session: Class initialized using 'CodeIgniter\Session\Handlers\FileHandler' driver.
INFO - 2025-02-18 00:52:44 --> Session: Class initialized using 'CodeIgniter\Session\Handlers\FileHandler' driver.
INFO - 2025-02-18 00:53:32 --> Session: Class initialized using 'CodeIgniter\Session\Handlers\FileHandler' driver.
INFO - 2025-02-18 00:53:48 --> Session: Class initialized using 'CodeIgniter\Session\Handlers\FileHandler' driver.
INFO - 2025-02-18 00:53:50 --> Session: Class initialized using 'CodeIgniter\Session\Handlers\FileHandler' driver.
INFO - 2025-02-18 00:54:21 --> Session: Class initialized using 'CodeIgniter\Session\Handlers\FileHandler' driver.
INFO - 2025-02-18 00:54:28 --> Session: Class initialized using 'CodeIgniter\Session\Handlers\FileHandler' driver.
INFO - 2025-02-18 00:54:31 --> Session: Class initialized using 'CodeIgniter\Session\Handlers\FileHandler' driver.
INFO - 2025-02-18 00:54:37 --> Session: Class initialized using 'CodeIgniter\Session\Handlers\FileHandler' driver.
INFO - 2025-02-18 00:55:43 --> Session: Class initialized using 'CodeIgniter\Session\Handlers\FileHandler' driver.
INFO - 2025-02-18 00:58:42 --> Session: Class initialized using 'CodeIgniter\Session\Handlers\FileHandler' driver.
CRITICAL - 2025-02-18 00:58:42 --> ErrorException: Undefined variable $responsables
[Method: GET, Route: estudiantes/nuevo]
in APPPATH\Views\estudiantes\nuevo.php on line 136.
 1 APPPATH\Views\estudiantes\nuevo.php(136): CodeIgniter\Debug\Exceptions->errorHandler(2, 'Undefined variable $responsables', 'C:\\xampp\\htdocs\\edsn\\app\\Views\\estudiantes\\nuevo.php', 136)
 2 SYSTEMPATH\View\View.php(234): include('C:\\xampp\\htdocs\\edsn\\app\\Views\\estudiantes\\nuevo.php')
 3 SYSTEMPATH\View\View.php(237): CodeIgniter\View\View->CodeIgniter\View\{closure}()
 4 SYSTEMPATH\Common.php(1171): CodeIgniter\View\View->render('estudiantes/nuevo', [], true)
 5 APPPATH\Controllers\Estudiantes.php(38): view('estudiantes/nuevo', [...])
 6 SYSTEMPATH\CodeIgniter.php(933): App\Controllers\Estudiantes->nuevo()
 7 SYSTEMPATH\CodeIgniter.php(509): CodeIgniter\CodeIgniter->runController(Object(App\Controllers\Estudiantes))
 8 SYSTEMPATH\CodeIgniter.php(355): CodeIgniter\CodeIgniter->handleRequest(null, Object(Config\Cache), false)
 9 SYSTEMPATH\Boot.php(325): CodeIgniter\CodeIgniter->run()
10 SYSTEMPATH\Boot.php(67): CodeIgniter\Boot::runCodeIgniter(Object(CodeIgniter\CodeIgniter))
11 FCPATH\index.php(56): CodeIgniter\Boot::bootWeb(Object(Config\Paths))
INFO - 2025-02-18 01:00:44 --> Session: Class initialized using 'CodeIgniter\Session\Handlers\FileHandler' driver.
INFO - 2025-02-18 01:01:34 --> Session: Class initialized using 'CodeIgniter\Session\Handlers\FileHandler' driver.
INFO - 2025-02-18 01:04:16 --> Session: Class initialized using 'CodeIgniter\Session\Handlers\FileHandler' driver.
INFO - 2025-02-18 01:04:43 --> Session: Class initialized using 'CodeIgniter\Session\Handlers\FileHandler' driver.
INFO - 2025-02-18 01:05:14 --> Session: Class initialized using 'CodeIgniter\Session\Handlers\FileHandler' driver.
INFO - 2025-02-18 01:05:28 --> Session: Class initialized using 'CodeIgniter\Session\Handlers\FileHandler' driver.
INFO - 2025-02-18 01:05:55 --> Session: Class initialized using 'CodeIgniter\Session\Handlers\FileHandler' driver.
INFO - 2025-02-18 01:05:57 --> Session: Class initialized using 'CodeIgniter\Session\Handlers\FileHandler' driver.
INFO - 2025-02-18 01:06:03 --> Session: Class initialized using 'CodeIgniter\Session\Handlers\FileHandler' driver.
INFO - 2025-02-18 01:06:16 --> Session: Class initialized using 'CodeIgniter\Session\Handlers\FileHandler' driver.
INFO - 2025-02-18 01:06:22 --> Session: Class initialized using 'CodeIgniter\Session\Handlers\FileHandler' driver.
INFO - 2025-02-18 01:06:25 --> Session: Class initialized using 'CodeIgniter\Session\Handlers\FileHandler' driver.
INFO - 2025-02-18 01:06:26 --> Session: Class initialized using 'CodeIgniter\Session\Handlers\FileHandler' driver.
INFO - 2025-02-18 01:09:04 --> Session: Class initialized using 'CodeIgniter\Session\Handlers\FileHandler' driver.
INFO - 2025-02-18 01:09:14 --> Session: Class initialized using 'CodeIgniter\Session\Handlers\FileHandler' driver.
INFO - 2025-02-18 01:12:01 --> Session: Class initialized using 'CodeIgniter\Session\Handlers\FileHandler' driver.
INFO - 2025-02-18 01:12:04 --> Session: Class initialized using 'CodeIgniter\Session\Handlers\FileHandler' driver.
INFO - 2025-02-18 01:12:07 --> Session: Class initialized using 'CodeIgniter\Session\Handlers\FileHandler' driver.
INFO - 2025-02-18 01:16:09 --> Session: Class initialized using 'CodeIgniter\Session\Handlers\FileHandler' driver.
INFO - 2025-02-18 01:16:11 --> Session: Class initialized using 'CodeIgniter\Session\Handlers\FileHandler' driver.
INFO - 2025-02-18 01:17:47 --> Session: Class initialized using 'CodeIgniter\Session\Handlers\FileHandler' driver.
INFO - 2025-02-18 01:22:48 --> Session: Class initialized using 'CodeIgniter\Session\Handlers\FileHandler' driver.
INFO - 2025-02-18 01:22:57 --> Session: Class initialized using 'CodeIgniter\Session\Handlers\FileHandler' driver.
INFO - 2025-02-18 01:23:12 --> Session: Class initialized using 'CodeIgniter\Session\Handlers\FileHandler' driver.
INFO - 2025-02-18 01:23:13 --> Session: Class initialized using 'CodeIgniter\Session\Handlers\FileHandler' driver.
INFO - 2025-02-18 01:24:12 --> Session: Class initialized using 'CodeIgniter\Session\Handlers\FileHandler' driver.
INFO - 2025-02-18 01:31:52 --> Session: Class initialized using 'CodeIgniter\Session\Handlers\FileHandler' driver.
INFO - 2025-02-18 01:31:59 --> Session: Class initialized using 'CodeIgniter\Session\Handlers\FileHandler' driver.
INFO - 2025-02-18 01:41:30 --> Session: Class initialized using 'CodeIgniter\Session\Handlers\FileHandler' driver.
INFO - 2025-02-18 01:45:23 --> Session: Class initialized using 'CodeIgniter\Session\Handlers\FileHandler' driver.
INFO - 2025-02-18 01:51:39 --> Session: Class initialized using 'CodeIgniter\Session\Handlers\FileHandler' driver.
INFO - 2025-02-18 01:53:34 --> Session: Class initialized using 'CodeIgniter\Session\Handlers\FileHandler' driver.
INFO - 2025-02-18 01:53:35 --> Session: Class initialized using 'CodeIgniter\Session\Handlers\FileHandler' driver.
INFO - 2025-02-18 02:03:24 --> Session: Class initialized using 'CodeIgniter\Session\Handlers\FileHandler' driver.
INFO - 2025-02-18 02:04:07 --> Session: Class initialized using 'CodeIgniter\Session\Handlers\FileHandler' driver.
INFO - 2025-02-18 02:05:20 --> Session: Class initialized using 'CodeIgniter\Session\Handlers\FileHandler' driver.
ERROR - 2025-02-18 02:05:20 --> mysqli_sql_exception: Cannot add or update a child row: a foreign key constraint fails (`censa-jar`.`estudiantes`, CONSTRAINT `estudiantes_ibfk_1` FOREIGN KEY (`responsables`) REFERENCES `responsables` (`id`)) in C:\xampp\htdocs\edsn\system\Database\MySQLi\Connection.php:312
Stack trace:
#0 C:\xampp\htdocs\edsn\system\Database\MySQLi\Connection.php(312): mysqli->query('INSERT INTO `es...', 0)
#1 C:\xampp\htdocs\edsn\system\Database\BaseConnection.php(734): CodeIgniter\Database\MySQLi\Connection->execute('INSERT INTO `es...')
#2 C:\xampp\htdocs\edsn\system\Database\BaseConnection.php(648): CodeIgniter\Database\BaseConnection->simpleQuery('INSERT INTO `es...')
#3 C:\xampp\htdocs\edsn\system\Database\BaseBuilder.php(2340): CodeIgniter\Database\BaseConnection->query('INSERT INTO `es...', Array, false)
#4 C:\xampp\htdocs\edsn\system\Model.php(394): CodeIgniter\Database\BaseBuilder->insert()
#5 C:\xampp\htdocs\edsn\system\BaseModel.php(840): CodeIgniter\Model->doInsert(Array)
#6 C:\xampp\htdocs\edsn\system\Model.php(802): CodeIgniter\BaseModel->insert(Array, false)
#7 C:\xampp\htdocs\edsn\system\BaseModel.php(751): CodeIgniter\Model->insert(Array, false)
#8 C:\xampp\htdocs\edsn\app\Controllers\Estudiantes.php(168): CodeIgniter\BaseModel->save(Array)
#9 C:\xampp\htdocs\edsn\system\CodeIgniter.php(933): App\Controllers\Estudiantes->insertar()
#10 C:\xampp\htdocs\edsn\system\CodeIgniter.php(509): CodeIgniter\CodeIgniter->runController(Object(App\Controllers\Estudiantes))
#11 C:\xampp\htdocs\edsn\system\CodeIgniter.php(355): CodeIgniter\CodeIgniter->handleRequest(NULL, Object(Config\Cache), false)
#12 C:\xampp\htdocs\edsn\system\Boot.php(325): CodeIgniter\CodeIgniter->run()
#13 C:\xampp\htdocs\edsn\system\Boot.php(67): CodeIgniter\Boot::runCodeIgniter(Object(CodeIgniter\CodeIgniter))
#14 C:\xampp\htdocs\edsn\public\index.php(56): CodeIgniter\Boot::bootWeb(Object(Config\Paths))
#15 {main}
CRITICAL - 2025-02-18 02:05:20 --> CodeIgniter\Database\Exceptions\DatabaseException: Cannot add or update a child row: a foreign key constraint fails (`censa-jar`.`estudiantes`, CONSTRAINT `estudiantes_ibfk_1` FOREIGN KEY (`responsables`) REFERENCES `responsables` (`id`))
[Method: POST, Route: estudiantes/insertar]
in SYSTEMPATH\Database\BaseConnection.php on line 688.
 1 SYSTEMPATH\Database\BaseBuilder.php(2340): CodeIgniter\Database\BaseConnection->query('INSERT INTO `estudiantes` (`nombre`, `apellido`, `lugar_nacimiento`, `provincia`, `fecha_nac`, `numero_identidad`, `sigerd_id`, `direccion`, `escuela_procedencia`, `responsables`, `estado_padres`, `casa_estudiante`, `alergias`, `condicion_medica`, `medicamentos`, `tipo_sangre`, `imagen`, `matricula`, `fecha_alta`, `fecha_edit`) VALUES (:nombre:, :apellido:, :lugar_nacimiento:, :provincia:, :fecha_nac:, :numero_identidad:, :sigerd_id:, :direccion:, :escuela_procedencia:, :responsables:, :estado_padres:, :casa_estudiante:, :alergias:, :condicion_medica:, :medicamentos:, :tipo_sangre:, :imagen:, :matricula:, :fecha_alta:, :fecha_edit:)', [...], false)
 2 SYSTEMPATH\Model.php(394): CodeIgniter\Database\BaseBuilder->insert()
 3 SYSTEMPATH\BaseModel.php(840): CodeIgniter\Model->doInsert([...])
 4 SYSTEMPATH\Model.php(802): CodeIgniter\BaseModel->insert([...], false)
 5 SYSTEMPATH\BaseModel.php(751): CodeIgniter\Model->insert([...], false)
 6 APPPATH\Controllers\Estudiantes.php(168): CodeIgniter\BaseModel->save([...])
 7 SYSTEMPATH\CodeIgniter.php(933): App\Controllers\Estudiantes->insertar()
 8 SYSTEMPATH\CodeIgniter.php(509): CodeIgniter\CodeIgniter->runController(Object(App\Controllers\Estudiantes))
 9 SYSTEMPATH\CodeIgniter.php(355): CodeIgniter\CodeIgniter->handleRequest(null, Object(Config\Cache), false)
10 SYSTEMPATH\Boot.php(325): CodeIgniter\CodeIgniter->run()
11 SYSTEMPATH\Boot.php(67): CodeIgniter\Boot::runCodeIgniter(Object(CodeIgniter\CodeIgniter))
12 FCPATH\index.php(56): CodeIgniter\Boot::bootWeb(Object(Config\Paths))
CRITICAL - 2025-02-18 02:05:20 --> [Caused by] CodeIgniter\Database\Exceptions\DatabaseException: Cannot add or update a child row: a foreign key constraint fails (`censa-jar`.`estudiantes`, CONSTRAINT `estudiantes_ibfk_1` FOREIGN KEY (`responsables`) REFERENCES `responsables` (`id`))
in SYSTEMPATH\Database\MySQLi\Connection.php on line 317.
 1 SYSTEMPATH\Database\BaseConnection.php(734): CodeIgniter\Database\MySQLi\Connection->execute('INSERT INTO `estudiantes` (`nombre`, `apellido`, `lugar_nacimiento`, `provincia`, `fecha_nac`, `numero_identidad`, `sigerd_id`, `direccion`, `escuela_procedencia`, `responsables`, `estado_padres`, `casa_estudiante`, `alergias`, `condicion_medica`, `medicamentos`, `tipo_sangre`, `imagen`, `matricula`, `fecha_alta`, `fecha_edit`) VALUES (\'Albus Severus\', \'Potter\', \'Jarabacoa\', \'La Vega\', \'2010-02-10\', \'402-1218458-1\', \'2154658\', \'Winkfield Row, Bracknell RG42 6UL, Reino Unido\', \'Colegio Hogwarts de Magia y Hechicería\', \'Harry Potter / Ginevra Molly Weasley\', \'casados y viven juntos\', \'con ambos padres\', \'\', \'\', \'\', \'A+\', \'assets/img/estudiantes/Albus Severus-2154658.jpg\', \'2025-EDS-0001\', \'2025-02-18 02:05:20\', \'2025-02-18 02:05:20\')')
 2 SYSTEMPATH\Database\BaseConnection.php(648): CodeIgniter\Database\BaseConnection->simpleQuery('INSERT INTO `estudiantes` (`nombre`, `apellido`, `lugar_nacimiento`, `provincia`, `fecha_nac`, `numero_identidad`, `sigerd_id`, `direccion`, `escuela_procedencia`, `responsables`, `estado_padres`, `casa_estudiante`, `alergias`, `condicion_medica`, `medicamentos`, `tipo_sangre`, `imagen`, `matricula`, `fecha_alta`, `fecha_edit`) VALUES (\'Albus Severus\', \'Potter\', \'Jarabacoa\', \'La Vega\', \'2010-02-10\', \'402-1218458-1\', \'2154658\', \'Winkfield Row, Bracknell RG42 6UL, Reino Unido\', \'Colegio Hogwarts de Magia y Hechicería\', \'Harry Potter / Ginevra Molly Weasley\', \'casados y viven juntos\', \'con ambos padres\', \'\', \'\', \'\', \'A+\', \'assets/img/estudiantes/Albus Severus-2154658.jpg\', \'2025-EDS-0001\', \'2025-02-18 02:05:20\', \'2025-02-18 02:05:20\')')
 3 SYSTEMPATH\Database\BaseBuilder.php(2340): CodeIgniter\Database\BaseConnection->query('INSERT INTO `estudiantes` (`nombre`, `apellido`, `lugar_nacimiento`, `provincia`, `fecha_nac`, `numero_identidad`, `sigerd_id`, `direccion`, `escuela_procedencia`, `responsables`, `estado_padres`, `casa_estudiante`, `alergias`, `condicion_medica`, `medicamentos`, `tipo_sangre`, `imagen`, `matricula`, `fecha_alta`, `fecha_edit`) VALUES (:nombre:, :apellido:, :lugar_nacimiento:, :provincia:, :fecha_nac:, :numero_identidad:, :sigerd_id:, :direccion:, :escuela_procedencia:, :responsables:, :estado_padres:, :casa_estudiante:, :alergias:, :condicion_medica:, :medicamentos:, :tipo_sangre:, :imagen:, :matricula:, :fecha_alta:, :fecha_edit:)', [...], false)
 4 SYSTEMPATH\Model.php(394): CodeIgniter\Database\BaseBuilder->insert()
 5 SYSTEMPATH\BaseModel.php(840): CodeIgniter\Model->doInsert([...])
 6 SYSTEMPATH\Model.php(802): CodeIgniter\BaseModel->insert([...], false)
 7 SYSTEMPATH\BaseModel.php(751): CodeIgniter\Model->insert([...], false)
 8 APPPATH\Controllers\Estudiantes.php(168): CodeIgniter\BaseModel->save([...])
 9 SYSTEMPATH\CodeIgniter.php(933): App\Controllers\Estudiantes->insertar()
10 SYSTEMPATH\CodeIgniter.php(509): CodeIgniter\CodeIgniter->runController(Object(App\Controllers\Estudiantes))
11 SYSTEMPATH\CodeIgniter.php(355): CodeIgniter\CodeIgniter->handleRequest(null, Object(Config\Cache), false)
12 SYSTEMPATH\Boot.php(325): CodeIgniter\CodeIgniter->run()
13 SYSTEMPATH\Boot.php(67): CodeIgniter\Boot::runCodeIgniter(Object(CodeIgniter\CodeIgniter))
14 FCPATH\index.php(56): CodeIgniter\Boot::bootWeb(Object(Config\Paths))
CRITICAL - 2025-02-18 02:05:20 --> [Caused by] mysqli_sql_exception: Cannot add or update a child row: a foreign key constraint fails (`censa-jar`.`estudiantes`, CONSTRAINT `estudiantes_ibfk_1` FOREIGN KEY (`responsables`) REFERENCES `responsables` (`id`))
in SYSTEMPATH\Database\MySQLi\Connection.php on line 312.
 1 SYSTEMPATH\Database\MySQLi\Connection.php(312): mysqli->query('INSERT INTO `estudiantes` (`nombre`, `apellido`, `lugar_nacimiento`, `provincia`, `fecha_nac`, `numero_identidad`, `sigerd_id`, `direccion`, `escuela_procedencia`, `responsables`, `estado_padres`, `casa_estudiante`, `alergias`, `condicion_medica`, `medicamentos`, `tipo_sangre`, `imagen`, `matricula`, `fecha_alta`, `fecha_edit`) VALUES (\'Albus Severus\', \'Potter\', \'Jarabacoa\', \'La Vega\', \'2010-02-10\', \'402-1218458-1\', \'2154658\', \'Winkfield Row, Bracknell RG42 6UL, Reino Unido\', \'Colegio Hogwarts de Magia y Hechicería\', \'Harry Potter / Ginevra Molly Weasley\', \'casados y viven juntos\', \'con ambos padres\', \'\', \'\', \'\', \'A+\', \'assets/img/estudiantes/Albus Severus-2154658.jpg\', \'2025-EDS-0001\', \'2025-02-18 02:05:20\', \'2025-02-18 02:05:20\')', 0)
 2 SYSTEMPATH\Database\BaseConnection.php(734): CodeIgniter\Database\MySQLi\Connection->execute('INSERT INTO `estudiantes` (`nombre`, `apellido`, `lugar_nacimiento`, `provincia`, `fecha_nac`, `numero_identidad`, `sigerd_id`, `direccion`, `escuela_procedencia`, `responsables`, `estado_padres`, `casa_estudiante`, `alergias`, `condicion_medica`, `medicamentos`, `tipo_sangre`, `imagen`, `matricula`, `fecha_alta`, `fecha_edit`) VALUES (\'Albus Severus\', \'Potter\', \'Jarabacoa\', \'La Vega\', \'2010-02-10\', \'402-1218458-1\', \'2154658\', \'Winkfield Row, Bracknell RG42 6UL, Reino Unido\', \'Colegio Hogwarts de Magia y Hechicería\', \'Harry Potter / Ginevra Molly Weasley\', \'casados y viven juntos\', \'con ambos padres\', \'\', \'\', \'\', \'A+\', \'assets/img/estudiantes/Albus Severus-2154658.jpg\', \'2025-EDS-0001\', \'2025-02-18 02:05:20\', \'2025-02-18 02:05:20\')')
 3 SYSTEMPATH\Database\BaseConnection.php(648): CodeIgniter\Database\BaseConnection->simpleQuery('INSERT INTO `estudiantes` (`nombre`, `apellido`, `lugar_nacimiento`, `provincia`, `fecha_nac`, `numero_identidad`, `sigerd_id`, `direccion`, `escuela_procedencia`, `responsables`, `estado_padres`, `casa_estudiante`, `alergias`, `condicion_medica`, `medicamentos`, `tipo_sangre`, `imagen`, `matricula`, `fecha_alta`, `fecha_edit`) VALUES (\'Albus Severus\', \'Potter\', \'Jarabacoa\', \'La Vega\', \'2010-02-10\', \'402-1218458-1\', \'2154658\', \'Winkfield Row, Bracknell RG42 6UL, Reino Unido\', \'Colegio Hogwarts de Magia y Hechicería\', \'Harry Potter / Ginevra Molly Weasley\', \'casados y viven juntos\', \'con ambos padres\', \'\', \'\', \'\', \'A+\', \'assets/img/estudiantes/Albus Severus-2154658.jpg\', \'2025-EDS-0001\', \'2025-02-18 02:05:20\', \'2025-02-18 02:05:20\')')
 4 SYSTEMPATH\Database\BaseBuilder.php(2340): CodeIgniter\Database\BaseConnection->query('INSERT INTO `estudiantes` (`nombre`, `apellido`, `lugar_nacimiento`, `provincia`, `fecha_nac`, `numero_identidad`, `sigerd_id`, `direccion`, `escuela_procedencia`, `responsables`, `estado_padres`, `casa_estudiante`, `alergias`, `condicion_medica`, `medicamentos`, `tipo_sangre`, `imagen`, `matricula`, `fecha_alta`, `fecha_edit`) VALUES (:nombre:, :apellido:, :lugar_nacimiento:, :provincia:, :fecha_nac:, :numero_identidad:, :sigerd_id:, :direccion:, :escuela_procedencia:, :responsables:, :estado_padres:, :casa_estudiante:, :alergias:, :condicion_medica:, :medicamentos:, :tipo_sangre:, :imagen:, :matricula:, :fecha_alta:, :fecha_edit:)', [...], false)
 5 SYSTEMPATH\Model.php(394): CodeIgniter\Database\BaseBuilder->insert()
 6 SYSTEMPATH\BaseModel.php(840): CodeIgniter\Model->doInsert([...])
 7 SYSTEMPATH\Model.php(802): CodeIgniter\BaseModel->insert([...], false)
 8 SYSTEMPATH\BaseModel.php(751): CodeIgniter\Model->insert([...], false)
 9 APPPATH\Controllers\Estudiantes.php(168): CodeIgniter\BaseModel->save([...])
10 SYSTEMPATH\CodeIgniter.php(933): App\Controllers\Estudiantes->insertar()
11 SYSTEMPATH\CodeIgniter.php(509): CodeIgniter\CodeIgniter->runController(Object(App\Controllers\Estudiantes))
12 SYSTEMPATH\CodeIgniter.php(355): CodeIgniter\CodeIgniter->handleRequest(null, Object(Config\Cache), false)
13 SYSTEMPATH\Boot.php(325): CodeIgniter\CodeIgniter->run()
14 SYSTEMPATH\Boot.php(67): CodeIgniter\Boot::runCodeIgniter(Object(CodeIgniter\CodeIgniter))
15 FCPATH\index.php(56): CodeIgniter\Boot::bootWeb(Object(Config\Paths))
INFO - 2025-02-18 02:11:33 --> Session: Class initialized using 'CodeIgniter\Session\Handlers\FileHandler' driver.
ERROR - 2025-02-18 02:11:33 --> mysqli_sql_exception: Cannot add or update a child row: a foreign key constraint fails (`censa-jar`.`estudiantes`, CONSTRAINT `estudiantes_ibfk_1` FOREIGN KEY (`responsables`) REFERENCES `responsables` (`id`)) in C:\xampp\htdocs\edsn\system\Database\MySQLi\Connection.php:312
Stack trace:
#0 C:\xampp\htdocs\edsn\system\Database\MySQLi\Connection.php(312): mysqli->query('INSERT INTO `es...', 0)
#1 C:\xampp\htdocs\edsn\system\Database\BaseConnection.php(734): CodeIgniter\Database\MySQLi\Connection->execute('INSERT INTO `es...')
#2 C:\xampp\htdocs\edsn\system\Database\BaseConnection.php(648): CodeIgniter\Database\BaseConnection->simpleQuery('INSERT INTO `es...')
#3 C:\xampp\htdocs\edsn\system\Database\BaseBuilder.php(2340): CodeIgniter\Database\BaseConnection->query('INSERT INTO `es...', Array, false)
#4 C:\xampp\htdocs\edsn\system\Model.php(394): CodeIgniter\Database\BaseBuilder->insert()
#5 C:\xampp\htdocs\edsn\system\BaseModel.php(840): CodeIgniter\Model->doInsert(Array)
#6 C:\xampp\htdocs\edsn\system\Model.php(802): CodeIgniter\BaseModel->insert(Array, false)
#7 C:\xampp\htdocs\edsn\system\BaseModel.php(751): CodeIgniter\Model->insert(Array, false)
#8 C:\xampp\htdocs\edsn\app\Controllers\Estudiantes.php(168): CodeIgniter\BaseModel->save(Array)
#9 C:\xampp\htdocs\edsn\system\CodeIgniter.php(933): App\Controllers\Estudiantes->insertar()
#10 C:\xampp\htdocs\edsn\system\CodeIgniter.php(509): CodeIgniter\CodeIgniter->runController(Object(App\Controllers\Estudiantes))
#11 C:\xampp\htdocs\edsn\system\CodeIgniter.php(355): CodeIgniter\CodeIgniter->handleRequest(NULL, Object(Config\Cache), false)
#12 C:\xampp\htdocs\edsn\system\Boot.php(325): CodeIgniter\CodeIgniter->run()
#13 C:\xampp\htdocs\edsn\system\Boot.php(67): CodeIgniter\Boot::runCodeIgniter(Object(CodeIgniter\CodeIgniter))
#14 C:\xampp\htdocs\edsn\public\index.php(56): CodeIgniter\Boot::bootWeb(Object(Config\Paths))
#15 {main}
CRITICAL - 2025-02-18 02:11:33 --> CodeIgniter\Database\Exceptions\DatabaseException: Cannot add or update a child row: a foreign key constraint fails (`censa-jar`.`estudiantes`, CONSTRAINT `estudiantes_ibfk_1` FOREIGN KEY (`responsables`) REFERENCES `responsables` (`id`))
[Method: POST, Route: estudiantes/insertar]
in SYSTEMPATH\Database\BaseConnection.php on line 688.
 1 SYSTEMPATH\Database\BaseBuilder.php(2340): CodeIgniter\Database\BaseConnection->query('INSERT INTO `estudiantes` (`nombre`, `apellido`, `lugar_nacimiento`, `provincia`, `fecha_nac`, `numero_identidad`, `sigerd_id`, `direccion`, `escuela_procedencia`, `responsables`, `estado_padres`, `casa_estudiante`, `alergias`, `condicion_medica`, `medicamentos`, `tipo_sangre`, `imagen`, `matricula`, `fecha_alta`, `fecha_edit`) VALUES (:nombre:, :apellido:, :lugar_nacimiento:, :provincia:, :fecha_nac:, :numero_identidad:, :sigerd_id:, :direccion:, :escuela_procedencia:, :responsables:, :estado_padres:, :casa_estudiante:, :alergias:, :condicion_medica:, :medicamentos:, :tipo_sangre:, :imagen:, :matricula:, :fecha_alta:, :fecha_edit:)', [...], false)
 2 SYSTEMPATH\Model.php(394): CodeIgniter\Database\BaseBuilder->insert()
 3 SYSTEMPATH\BaseModel.php(840): CodeIgniter\Model->doInsert([...])
 4 SYSTEMPATH\Model.php(802): CodeIgniter\BaseModel->insert([...], false)
 5 SYSTEMPATH\BaseModel.php(751): CodeIgniter\Model->insert([...], false)
 6 APPPATH\Controllers\Estudiantes.php(168): CodeIgniter\BaseModel->save([...])
 7 SYSTEMPATH\CodeIgniter.php(933): App\Controllers\Estudiantes->insertar()
 8 SYSTEMPATH\CodeIgniter.php(509): CodeIgniter\CodeIgniter->runController(Object(App\Controllers\Estudiantes))
 9 SYSTEMPATH\CodeIgniter.php(355): CodeIgniter\CodeIgniter->handleRequest(null, Object(Config\Cache), false)
10 SYSTEMPATH\Boot.php(325): CodeIgniter\CodeIgniter->run()
11 SYSTEMPATH\Boot.php(67): CodeIgniter\Boot::runCodeIgniter(Object(CodeIgniter\CodeIgniter))
12 FCPATH\index.php(56): CodeIgniter\Boot::bootWeb(Object(Config\Paths))
CRITICAL - 2025-02-18 02:11:33 --> [Caused by] CodeIgniter\Database\Exceptions\DatabaseException: Cannot add or update a child row: a foreign key constraint fails (`censa-jar`.`estudiantes`, CONSTRAINT `estudiantes_ibfk_1` FOREIGN KEY (`responsables`) REFERENCES `responsables` (`id`))
in SYSTEMPATH\Database\MySQLi\Connection.php on line 317.
 1 SYSTEMPATH\Database\BaseConnection.php(734): CodeIgniter\Database\MySQLi\Connection->execute('INSERT INTO `estudiantes` (`nombre`, `apellido`, `lugar_nacimiento`, `provincia`, `fecha_nac`, `numero_identidad`, `sigerd_id`, `direccion`, `escuela_procedencia`, `responsables`, `estado_padres`, `casa_estudiante`, `alergias`, `condicion_medica`, `medicamentos`, `tipo_sangre`, `imagen`, `matricula`, `fecha_alta`, `fecha_edit`) VALUES (\'Albus Severus\', \'Potter\', \'Jarabacoa\', \'La Vega\', \'2010-02-10\', \'402-1218458-1\', \'2154658\', \'Winkfield Row, Bracknell RG42 6UL, Reino Unido\', \'Colegio Hogwarts de Magia y Hechicería\', \'Harry Potter / Ginevra Molly Weasley\', \'casados y viven juntos\', \'con ambos padres\', \'\', \'\', \'\', \'A+\', \'assets/img/estudiantes/Albus Severus-2154658.jpg\', \'2025-EDS-0001\', \'2025-02-18 02:11:33\', \'2025-02-18 02:11:33\')')
 2 SYSTEMPATH\Database\BaseConnection.php(648): CodeIgniter\Database\BaseConnection->simpleQuery('INSERT INTO `estudiantes` (`nombre`, `apellido`, `lugar_nacimiento`, `provincia`, `fecha_nac`, `numero_identidad`, `sigerd_id`, `direccion`, `escuela_procedencia`, `responsables`, `estado_padres`, `casa_estudiante`, `alergias`, `condicion_medica`, `medicamentos`, `tipo_sangre`, `imagen`, `matricula`, `fecha_alta`, `fecha_edit`) VALUES (\'Albus Severus\', \'Potter\', \'Jarabacoa\', \'La Vega\', \'2010-02-10\', \'402-1218458-1\', \'2154658\', \'Winkfield Row, Bracknell RG42 6UL, Reino Unido\', \'Colegio Hogwarts de Magia y Hechicería\', \'Harry Potter / Ginevra Molly Weasley\', \'casados y viven juntos\', \'con ambos padres\', \'\', \'\', \'\', \'A+\', \'assets/img/estudiantes/Albus Severus-2154658.jpg\', \'2025-EDS-0001\', \'2025-02-18 02:11:33\', \'2025-02-18 02:11:33\')')
 3 SYSTEMPATH\Database\BaseBuilder.php(2340): CodeIgniter\Database\BaseConnection->query('INSERT INTO `estudiantes` (`nombre`, `apellido`, `lugar_nacimiento`, `provincia`, `fecha_nac`, `numero_identidad`, `sigerd_id`, `direccion`, `escuela_procedencia`, `responsables`, `estado_padres`, `casa_estudiante`, `alergias`, `condicion_medica`, `medicamentos`, `tipo_sangre`, `imagen`, `matricula`, `fecha_alta`, `fecha_edit`) VALUES (:nombre:, :apellido:, :lugar_nacimiento:, :provincia:, :fecha_nac:, :numero_identidad:, :sigerd_id:, :direccion:, :escuela_procedencia:, :responsables:, :estado_padres:, :casa_estudiante:, :alergias:, :condicion_medica:, :medicamentos:, :tipo_sangre:, :imagen:, :matricula:, :fecha_alta:, :fecha_edit:)', [...], false)
 4 SYSTEMPATH\Model.php(394): CodeIgniter\Database\BaseBuilder->insert()
 5 SYSTEMPATH\BaseModel.php(840): CodeIgniter\Model->doInsert([...])
 6 SYSTEMPATH\Model.php(802): CodeIgniter\BaseModel->insert([...], false)
 7 SYSTEMPATH\BaseModel.php(751): CodeIgniter\Model->insert([...], false)
 8 APPPATH\Controllers\Estudiantes.php(168): CodeIgniter\BaseModel->save([...])
 9 SYSTEMPATH\CodeIgniter.php(933): App\Controllers\Estudiantes->insertar()
10 SYSTEMPATH\CodeIgniter.php(509): CodeIgniter\CodeIgniter->runController(Object(App\Controllers\Estudiantes))
11 SYSTEMPATH\CodeIgniter.php(355): CodeIgniter\CodeIgniter->handleRequest(null, Object(Config\Cache), false)
12 SYSTEMPATH\Boot.php(325): CodeIgniter\CodeIgniter->run()
13 SYSTEMPATH\Boot.php(67): CodeIgniter\Boot::runCodeIgniter(Object(CodeIgniter\CodeIgniter))
14 FCPATH\index.php(56): CodeIgniter\Boot::bootWeb(Object(Config\Paths))
CRITICAL - 2025-02-18 02:11:33 --> [Caused by] mysqli_sql_exception: Cannot add or update a child row: a foreign key constraint fails (`censa-jar`.`estudiantes`, CONSTRAINT `estudiantes_ibfk_1` FOREIGN KEY (`responsables`) REFERENCES `responsables` (`id`))
in SYSTEMPATH\Database\MySQLi\Connection.php on line 312.
 1 SYSTEMPATH\Database\MySQLi\Connection.php(312): mysqli->query('INSERT INTO `estudiantes` (`nombre`, `apellido`, `lugar_nacimiento`, `provincia`, `fecha_nac`, `numero_identidad`, `sigerd_id`, `direccion`, `escuela_procedencia`, `responsables`, `estado_padres`, `casa_estudiante`, `alergias`, `condicion_medica`, `medicamentos`, `tipo_sangre`, `imagen`, `matricula`, `fecha_alta`, `fecha_edit`) VALUES (\'Albus Severus\', \'Potter\', \'Jarabacoa\', \'La Vega\', \'2010-02-10\', \'402-1218458-1\', \'2154658\', \'Winkfield Row, Bracknell RG42 6UL, Reino Unido\', \'Colegio Hogwarts de Magia y Hechicería\', \'Harry Potter / Ginevra Molly Weasley\', \'casados y viven juntos\', \'con ambos padres\', \'\', \'\', \'\', \'A+\', \'assets/img/estudiantes/Albus Severus-2154658.jpg\', \'2025-EDS-0001\', \'2025-02-18 02:11:33\', \'2025-02-18 02:11:33\')', 0)
 2 SYSTEMPATH\Database\BaseConnection.php(734): CodeIgniter\Database\MySQLi\Connection->execute('INSERT INTO `estudiantes` (`nombre`, `apellido`, `lugar_nacimiento`, `provincia`, `fecha_nac`, `numero_identidad`, `sigerd_id`, `direccion`, `escuela_procedencia`, `responsables`, `estado_padres`, `casa_estudiante`, `alergias`, `condicion_medica`, `medicamentos`, `tipo_sangre`, `imagen`, `matricula`, `fecha_alta`, `fecha_edit`) VALUES (\'Albus Severus\', \'Potter\', \'Jarabacoa\', \'La Vega\', \'2010-02-10\', \'402-1218458-1\', \'2154658\', \'Winkfield Row, Bracknell RG42 6UL, Reino Unido\', \'Colegio Hogwarts de Magia y Hechicería\', \'Harry Potter / Ginevra Molly Weasley\', \'casados y viven juntos\', \'con ambos padres\', \'\', \'\', \'\', \'A+\', \'assets/img/estudiantes/Albus Severus-2154658.jpg\', \'2025-EDS-0001\', \'2025-02-18 02:11:33\', \'2025-02-18 02:11:33\')')
 3 SYSTEMPATH\Database\BaseConnection.php(648): CodeIgniter\Database\BaseConnection->simpleQuery('INSERT INTO `estudiantes` (`nombre`, `apellido`, `lugar_nacimiento`, `provincia`, `fecha_nac`, `numero_identidad`, `sigerd_id`, `direccion`, `escuela_procedencia`, `responsables`, `estado_padres`, `casa_estudiante`, `alergias`, `condicion_medica`, `medicamentos`, `tipo_sangre`, `imagen`, `matricula`, `fecha_alta`, `fecha_edit`) VALUES (\'Albus Severus\', \'Potter\', \'Jarabacoa\', \'La Vega\', \'2010-02-10\', \'402-1218458-1\', \'2154658\', \'Winkfield Row, Bracknell RG42 6UL, Reino Unido\', \'Colegio Hogwarts de Magia y Hechicería\', \'Harry Potter / Ginevra Molly Weasley\', \'casados y viven juntos\', \'con ambos padres\', \'\', \'\', \'\', \'A+\', \'assets/img/estudiantes/Albus Severus-2154658.jpg\', \'2025-EDS-0001\', \'2025-02-18 02:11:33\', \'2025-02-18 02:11:33\')')
 4 SYSTEMPATH\Database\BaseBuilder.php(2340): CodeIgniter\Database\BaseConnection->query('INSERT INTO `estudiantes` (`nombre`, `apellido`, `lugar_nacimiento`, `provincia`, `fecha_nac`, `numero_identidad`, `sigerd_id`, `direccion`, `escuela_procedencia`, `responsables`, `estado_padres`, `casa_estudiante`, `alergias`, `condicion_medica`, `medicamentos`, `tipo_sangre`, `imagen`, `matricula`, `fecha_alta`, `fecha_edit`) VALUES (:nombre:, :apellido:, :lugar_nacimiento:, :provincia:, :fecha_nac:, :numero_identidad:, :sigerd_id:, :direccion:, :escuela_procedencia:, :responsables:, :estado_padres:, :casa_estudiante:, :alergias:, :condicion_medica:, :medicamentos:, :tipo_sangre:, :imagen:, :matricula:, :fecha_alta:, :fecha_edit:)', [...], false)
 5 SYSTEMPATH\Model.php(394): CodeIgniter\Database\BaseBuilder->insert()
 6 SYSTEMPATH\BaseModel.php(840): CodeIgniter\Model->doInsert([...])
 7 SYSTEMPATH\Model.php(802): CodeIgniter\BaseModel->insert([...], false)
 8 SYSTEMPATH\BaseModel.php(751): CodeIgniter\Model->insert([...], false)
 9 APPPATH\Controllers\Estudiantes.php(168): CodeIgniter\BaseModel->save([...])
10 SYSTEMPATH\CodeIgniter.php(933): App\Controllers\Estudiantes->insertar()
11 SYSTEMPATH\CodeIgniter.php(509): CodeIgniter\CodeIgniter->runController(Object(App\Controllers\Estudiantes))
12 SYSTEMPATH\CodeIgniter.php(355): CodeIgniter\CodeIgniter->handleRequest(null, Object(Config\Cache), false)
13 SYSTEMPATH\Boot.php(325): CodeIgniter\CodeIgniter->run()
14 SYSTEMPATH\Boot.php(67): CodeIgniter\Boot::runCodeIgniter(Object(CodeIgniter\CodeIgniter))
15 FCPATH\index.php(56): CodeIgniter\Boot::bootWeb(Object(Config\Paths))
INFO - 2025-02-18 02:11:35 --> Session: Class initialized using 'CodeIgniter\Session\Handlers\FileHandler' driver.
INFO - 2025-02-18 02:11:36 --> Session: Class initialized using 'CodeIgniter\Session\Handlers\FileHandler' driver.
INFO - 2025-02-18 02:12:53 --> Session: Class initialized using 'CodeIgniter\Session\Handlers\FileHandler' driver.
INFO - 2025-02-18 02:12:54 --> Session: Class initialized using 'CodeIgniter\Session\Handlers\FileHandler' driver.
INFO - 2025-02-18 02:13:54 --> Session: Class initialized using 'CodeIgniter\Session\Handlers\FileHandler' driver.
INFO - 2025-02-18 02:13:59 --> Session: Class initialized using 'CodeIgniter\Session\Handlers\FileHandler' driver.
INFO - 2025-02-18 02:14:48 --> Session: Class initialized using 'CodeIgniter\Session\Handlers\FileHandler' driver.
INFO - 2025-02-18 02:14:49 --> Session: Class initialized using 'CodeIgniter\Session\Handlers\FileHandler' driver.
INFO - 2025-02-18 02:18:20 --> Session: Class initialized using 'CodeIgniter\Session\Handlers\FileHandler' driver.
INFO - 2025-02-18 02:18:29 --> Session: Class initialized using 'CodeIgniter\Session\Handlers\FileHandler' driver.
INFO - 2025-02-18 02:18:31 --> Session: Class initialized using 'CodeIgniter\Session\Handlers\FileHandler' driver.
INFO - 2025-02-18 02:19:17 --> Session: Class initialized using 'CodeIgniter\Session\Handlers\FileHandler' driver.
INFO - 2025-02-18 02:23:12 --> Session: Class initialized using 'CodeIgniter\Session\Handlers\FileHandler' driver.
INFO - 2025-02-18 02:26:46 --> Session: Class initialized using 'CodeIgniter\Session\Handlers\FileHandler' driver.
INFO - 2025-02-18 02:27:00 --> Session: Class initialized using 'CodeIgniter\Session\Handlers\FileHandler' driver.
INFO - 2025-02-18 02:27:02 --> Session: Class initialized using 'CodeIgniter\Session\Handlers\FileHandler' driver.
INFO - 2025-02-18 02:29:09 --> Session: Class initialized using 'CodeIgniter\Session\Handlers\FileHandler' driver.
INFO - 2025-02-18 02:30:23 --> Session: Class initialized using 'CodeIgniter\Session\Handlers\FileHandler' driver.
INFO - 2025-02-18 02:30:25 --> Session: Class initialized using 'CodeIgniter\Session\Handlers\FileHandler' driver.
INFO - 2025-02-18 02:35:21 --> Session: Class initialized using 'CodeIgniter\Session\Handlers\FileHandler' driver.
INFO - 2025-02-18 02:36:11 --> Session: Class initialized using 'CodeIgniter\Session\Handlers\FileHandler' driver.
INFO - 2025-02-18 02:36:11 --> Session: Class initialized using 'CodeIgniter\Session\Handlers\FileHandler' driver.
INFO - 2025-02-18 02:36:17 --> Session: Class initialized using 'CodeIgniter\Session\Handlers\FileHandler' driver.
INFO - 2025-02-18 02:36:26 --> Session: Class initialized using 'CodeIgniter\Session\Handlers\FileHandler' driver.
INFO - 2025-02-18 02:36:27 --> Session: Class initialized using 'CodeIgniter\Session\Handlers\FileHandler' driver.
INFO - 2025-02-18 02:37:26 --> Session: Class initialized using 'CodeIgniter\Session\Handlers\FileHandler' driver.
INFO - 2025-02-18 02:37:27 --> Session: Class initialized using 'CodeIgniter\Session\Handlers\FileHandler' driver.
INFO - 2025-02-18 02:39:01 --> Session: Class initialized using 'CodeIgniter\Session\Handlers\FileHandler' driver.
INFO - 2025-02-18 02:41:56 --> Session: Class initialized using 'CodeIgniter\Session\Handlers\FileHandler' driver.
INFO - 2025-02-18 02:44:59 --> Session: Class initialized using 'CodeIgniter\Session\Handlers\FileHandler' driver.
INFO - 2025-02-18 02:45:02 --> Session: Class initialized using 'CodeIgniter\Session\Handlers\FileHandler' driver.
INFO - 2025-02-18 02:46:46 --> Session: Class initialized using 'CodeIgniter\Session\Handlers\FileHandler' driver.
ERROR - 2025-02-18 02:46:46 --> mysqli_sql_exception: Cannot add or update a child row: a foreign key constraint fails (`censa-jar`.`estudiantes`, CONSTRAINT `estudiantes_ibfk_1` FOREIGN KEY (`responsables`) REFERENCES `responsables` (`id`)) in C:\xampp\htdocs\edsn\system\Database\MySQLi\Connection.php:312
Stack trace:
#0 C:\xampp\htdocs\edsn\system\Database\MySQLi\Connection.php(312): mysqli->query('INSERT INTO `es...', 0)
#1 C:\xampp\htdocs\edsn\system\Database\BaseConnection.php(734): CodeIgniter\Database\MySQLi\Connection->execute('INSERT INTO `es...')
#2 C:\xampp\htdocs\edsn\system\Database\BaseConnection.php(648): CodeIgniter\Database\BaseConnection->simpleQuery('INSERT INTO `es...')
#3 C:\xampp\htdocs\edsn\system\Database\BaseBuilder.php(2340): CodeIgniter\Database\BaseConnection->query('INSERT INTO `es...', Array, false)
#4 C:\xampp\htdocs\edsn\system\Model.php(394): CodeIgniter\Database\BaseBuilder->insert()
#5 C:\xampp\htdocs\edsn\system\BaseModel.php(840): CodeIgniter\Model->doInsert(Array)
#6 C:\xampp\htdocs\edsn\system\Model.php(802): CodeIgniter\BaseModel->insert(Array, false)
#7 C:\xampp\htdocs\edsn\system\BaseModel.php(751): CodeIgniter\Model->insert(Array, false)
#8 C:\xampp\htdocs\edsn\app\Controllers\Estudiantes.php(168): CodeIgniter\BaseModel->save(Array)
#9 C:\xampp\htdocs\edsn\system\CodeIgniter.php(933): App\Controllers\Estudiantes->insertar()
#10 C:\xampp\htdocs\edsn\system\CodeIgniter.php(509): CodeIgniter\CodeIgniter->runController(Object(App\Controllers\Estudiantes))
#11 C:\xampp\htdocs\edsn\system\CodeIgniter.php(355): CodeIgniter\CodeIgniter->handleRequest(NULL, Object(Config\Cache), false)
#12 C:\xampp\htdocs\edsn\system\Boot.php(325): CodeIgniter\CodeIgniter->run()
#13 C:\xampp\htdocs\edsn\system\Boot.php(67): CodeIgniter\Boot::runCodeIgniter(Object(CodeIgniter\CodeIgniter))
#14 C:\xampp\htdocs\edsn\public\index.php(56): CodeIgniter\Boot::bootWeb(Object(Config\Paths))
#15 {main}
CRITICAL - 2025-02-18 02:46:46 --> CodeIgniter\Database\Exceptions\DatabaseException: Cannot add or update a child row: a foreign key constraint fails (`censa-jar`.`estudiantes`, CONSTRAINT `estudiantes_ibfk_1` FOREIGN KEY (`responsables`) REFERENCES `responsables` (`id`))
[Method: POST, Route: estudiantes/insertar]
in SYSTEMPATH\Database\BaseConnection.php on line 688.
 1 SYSTEMPATH\Database\BaseBuilder.php(2340): CodeIgniter\Database\BaseConnection->query('INSERT INTO `estudiantes` (`nombre`, `apellido`, `lugar_nacimiento`, `provincia`, `fecha_nac`, `numero_identidad`, `sigerd_id`, `direccion`, `escuela_procedencia`, `responsables`, `estado_padres`, `casa_estudiante`, `alergias`, `condicion_medica`, `medicamentos`, `tipo_sangre`, `imagen`, `matricula`, `fecha_alta`, `fecha_edit`) VALUES (:nombre:, :apellido:, :lugar_nacimiento:, :provincia:, :fecha_nac:, :numero_identidad:, :sigerd_id:, :direccion:, :escuela_procedencia:, :responsables:, :estado_padres:, :casa_estudiante:, :alergias:, :condicion_medica:, :medicamentos:, :tipo_sangre:, :imagen:, :matricula:, :fecha_alta:, :fecha_edit:)', [...], false)
 2 SYSTEMPATH\Model.php(394): CodeIgniter\Database\BaseBuilder->insert()
 3 SYSTEMPATH\BaseModel.php(840): CodeIgniter\Model->doInsert([...])
 4 SYSTEMPATH\Model.php(802): CodeIgniter\BaseModel->insert([...], false)
 5 SYSTEMPATH\BaseModel.php(751): CodeIgniter\Model->insert([...], false)
 6 APPPATH\Controllers\Estudiantes.php(168): CodeIgniter\BaseModel->save([...])
 7 SYSTEMPATH\CodeIgniter.php(933): App\Controllers\Estudiantes->insertar()
 8 SYSTEMPATH\CodeIgniter.php(509): CodeIgniter\CodeIgniter->runController(Object(App\Controllers\Estudiantes))
 9 SYSTEMPATH\CodeIgniter.php(355): CodeIgniter\CodeIgniter->handleRequest(null, Object(Config\Cache), false)
10 SYSTEMPATH\Boot.php(325): CodeIgniter\CodeIgniter->run()
11 SYSTEMPATH\Boot.php(67): CodeIgniter\Boot::runCodeIgniter(Object(CodeIgniter\CodeIgniter))
12 FCPATH\index.php(56): CodeIgniter\Boot::bootWeb(Object(Config\Paths))
CRITICAL - 2025-02-18 02:46:46 --> [Caused by] CodeIgniter\Database\Exceptions\DatabaseException: Cannot add or update a child row: a foreign key constraint fails (`censa-jar`.`estudiantes`, CONSTRAINT `estudiantes_ibfk_1` FOREIGN KEY (`responsables`) REFERENCES `responsables` (`id`))
in SYSTEMPATH\Database\MySQLi\Connection.php on line 317.
 1 SYSTEMPATH\Database\BaseConnection.php(734): CodeIgniter\Database\MySQLi\Connection->execute('INSERT INTO `estudiantes` (`nombre`, `apellido`, `lugar_nacimiento`, `provincia`, `fecha_nac`, `numero_identidad`, `sigerd_id`, `direccion`, `escuela_procedencia`, `responsables`, `estado_padres`, `casa_estudiante`, `alergias`, `condicion_medica`, `medicamentos`, `tipo_sangre`, `imagen`, `matricula`, `fecha_alta`, `fecha_edit`) VALUES (\'Albus Severus\', \'Potter\', \'Jarabacoa\', \'La Vega\', \'2010-02-10\', \'402-1218458-1\', \'2154658\', \'104 Kauri Point Road, Laingholm\', \'Colegio Hogwarts de Magia y Hechicería\', \'Harry Potter / Ginevra Molly Weasley\', \'casados y viven juntos\', \'con ambos padres\', \'\', \'\', \'\', \'A+\', \'assets/img/estudiantes/Albus Severus-2154658.jpg\', \'2025-EDS-0001\', \'2025-02-18 02:46:46\', \'2025-02-18 02:46:46\')')
 2 SYSTEMPATH\Database\BaseConnection.php(648): CodeIgniter\Database\BaseConnection->simpleQuery('INSERT INTO `estudiantes` (`nombre`, `apellido`, `lugar_nacimiento`, `provincia`, `fecha_nac`, `numero_identidad`, `sigerd_id`, `direccion`, `escuela_procedencia`, `responsables`, `estado_padres`, `casa_estudiante`, `alergias`, `condicion_medica`, `medicamentos`, `tipo_sangre`, `imagen`, `matricula`, `fecha_alta`, `fecha_edit`) VALUES (\'Albus Severus\', \'Potter\', \'Jarabacoa\', \'La Vega\', \'2010-02-10\', \'402-1218458-1\', \'2154658\', \'104 Kauri Point Road, Laingholm\', \'Colegio Hogwarts de Magia y Hechicería\', \'Harry Potter / Ginevra Molly Weasley\', \'casados y viven juntos\', \'con ambos padres\', \'\', \'\', \'\', \'A+\', \'assets/img/estudiantes/Albus Severus-2154658.jpg\', \'2025-EDS-0001\', \'2025-02-18 02:46:46\', \'2025-02-18 02:46:46\')')
 3 SYSTEMPATH\Database\BaseBuilder.php(2340): CodeIgniter\Database\BaseConnection->query('INSERT INTO `estudiantes` (`nombre`, `apellido`, `lugar_nacimiento`, `provincia`, `fecha_nac`, `numero_identidad`, `sigerd_id`, `direccion`, `escuela_procedencia`, `responsables`, `estado_padres`, `casa_estudiante`, `alergias`, `condicion_medica`, `medicamentos`, `tipo_sangre`, `imagen`, `matricula`, `fecha_alta`, `fecha_edit`) VALUES (:nombre:, :apellido:, :lugar_nacimiento:, :provincia:, :fecha_nac:, :numero_identidad:, :sigerd_id:, :direccion:, :escuela_procedencia:, :responsables:, :estado_padres:, :casa_estudiante:, :alergias:, :condicion_medica:, :medicamentos:, :tipo_sangre:, :imagen:, :matricula:, :fecha_alta:, :fecha_edit:)', [...], false)
 4 SYSTEMPATH\Model.php(394): CodeIgniter\Database\BaseBuilder->insert()
 5 SYSTEMPATH\BaseModel.php(840): CodeIgniter\Model->doInsert([...])
 6 SYSTEMPATH\Model.php(802): CodeIgniter\BaseModel->insert([...], false)
 7 SYSTEMPATH\BaseModel.php(751): CodeIgniter\Model->insert([...], false)
 8 APPPATH\Controllers\Estudiantes.php(168): CodeIgniter\BaseModel->save([...])
 9 SYSTEMPATH\CodeIgniter.php(933): App\Controllers\Estudiantes->insertar()
10 SYSTEMPATH\CodeIgniter.php(509): CodeIgniter\CodeIgniter->runController(Object(App\Controllers\Estudiantes))
11 SYSTEMPATH\CodeIgniter.php(355): CodeIgniter\CodeIgniter->handleRequest(null, Object(Config\Cache), false)
12 SYSTEMPATH\Boot.php(325): CodeIgniter\CodeIgniter->run()
13 SYSTEMPATH\Boot.php(67): CodeIgniter\Boot::runCodeIgniter(Object(CodeIgniter\CodeIgniter))
14 FCPATH\index.php(56): CodeIgniter\Boot::bootWeb(Object(Config\Paths))
CRITICAL - 2025-02-18 02:46:46 --> [Caused by] mysqli_sql_exception: Cannot add or update a child row: a foreign key constraint fails (`censa-jar`.`estudiantes`, CONSTRAINT `estudiantes_ibfk_1` FOREIGN KEY (`responsables`) REFERENCES `responsables` (`id`))
in SYSTEMPATH\Database\MySQLi\Connection.php on line 312.
 1 SYSTEMPATH\Database\MySQLi\Connection.php(312): mysqli->query('INSERT INTO `estudiantes` (`nombre`, `apellido`, `lugar_nacimiento`, `provincia`, `fecha_nac`, `numero_identidad`, `sigerd_id`, `direccion`, `escuela_procedencia`, `responsables`, `estado_padres`, `casa_estudiante`, `alergias`, `condicion_medica`, `medicamentos`, `tipo_sangre`, `imagen`, `matricula`, `fecha_alta`, `fecha_edit`) VALUES (\'Albus Severus\', \'Potter\', \'Jarabacoa\', \'La Vega\', \'2010-02-10\', \'402-1218458-1\', \'2154658\', \'104 Kauri Point Road, Laingholm\', \'Colegio Hogwarts de Magia y Hechicería\', \'Harry Potter / Ginevra Molly Weasley\', \'casados y viven juntos\', \'con ambos padres\', \'\', \'\', \'\', \'A+\', \'assets/img/estudiantes/Albus Severus-2154658.jpg\', \'2025-EDS-0001\', \'2025-02-18 02:46:46\', \'2025-02-18 02:46:46\')', 0)
 2 SYSTEMPATH\Database\BaseConnection.php(734): CodeIgniter\Database\MySQLi\Connection->execute('INSERT INTO `estudiantes` (`nombre`, `apellido`, `lugar_nacimiento`, `provincia`, `fecha_nac`, `numero_identidad`, `sigerd_id`, `direccion`, `escuela_procedencia`, `responsables`, `estado_padres`, `casa_estudiante`, `alergias`, `condicion_medica`, `medicamentos`, `tipo_sangre`, `imagen`, `matricula`, `fecha_alta`, `fecha_edit`) VALUES (\'Albus Severus\', \'Potter\', \'Jarabacoa\', \'La Vega\', \'2010-02-10\', \'402-1218458-1\', \'2154658\', \'104 Kauri Point Road, Laingholm\', \'Colegio Hogwarts de Magia y Hechicería\', \'Harry Potter / Ginevra Molly Weasley\', \'casados y viven juntos\', \'con ambos padres\', \'\', \'\', \'\', \'A+\', \'assets/img/estudiantes/Albus Severus-2154658.jpg\', \'2025-EDS-0001\', \'2025-02-18 02:46:46\', \'2025-02-18 02:46:46\')')
 3 SYSTEMPATH\Database\BaseConnection.php(648): CodeIgniter\Database\BaseConnection->simpleQuery('INSERT INTO `estudiantes` (`nombre`, `apellido`, `lugar_nacimiento`, `provincia`, `fecha_nac`, `numero_identidad`, `sigerd_id`, `direccion`, `escuela_procedencia`, `responsables`, `estado_padres`, `casa_estudiante`, `alergias`, `condicion_medica`, `medicamentos`, `tipo_sangre`, `imagen`, `matricula`, `fecha_alta`, `fecha_edit`) VALUES (\'Albus Severus\', \'Potter\', \'Jarabacoa\', \'La Vega\', \'2010-02-10\', \'402-1218458-1\', \'2154658\', \'104 Kauri Point Road, Laingholm\', \'Colegio Hogwarts de Magia y Hechicería\', \'Harry Potter / Ginevra Molly Weasley\', \'casados y viven juntos\', \'con ambos padres\', \'\', \'\', \'\', \'A+\', \'assets/img/estudiantes/Albus Severus-2154658.jpg\', \'2025-EDS-0001\', \'2025-02-18 02:46:46\', \'2025-02-18 02:46:46\')')
 4 SYSTEMPATH\Database\BaseBuilder.php(2340): CodeIgniter\Database\BaseConnection->query('INSERT INTO `estudiantes` (`nombre`, `apellido`, `lugar_nacimiento`, `provincia`, `fecha_nac`, `numero_identidad`, `sigerd_id`, `direccion`, `escuela_procedencia`, `responsables`, `estado_padres`, `casa_estudiante`, `alergias`, `condicion_medica`, `medicamentos`, `tipo_sangre`, `imagen`, `matricula`, `fecha_alta`, `fecha_edit`) VALUES (:nombre:, :apellido:, :lugar_nacimiento:, :provincia:, :fecha_nac:, :numero_identidad:, :sigerd_id:, :direccion:, :escuela_procedencia:, :responsables:, :estado_padres:, :casa_estudiante:, :alergias:, :condicion_medica:, :medicamentos:, :tipo_sangre:, :imagen:, :matricula:, :fecha_alta:, :fecha_edit:)', [...], false)
 5 SYSTEMPATH\Model.php(394): CodeIgniter\Database\BaseBuilder->insert()
 6 SYSTEMPATH\BaseModel.php(840): CodeIgniter\Model->doInsert([...])
 7 SYSTEMPATH\Model.php(802): CodeIgniter\BaseModel->insert([...], false)
 8 SYSTEMPATH\BaseModel.php(751): CodeIgniter\Model->insert([...], false)
 9 APPPATH\Controllers\Estudiantes.php(168): CodeIgniter\BaseModel->save([...])
10 SYSTEMPATH\CodeIgniter.php(933): App\Controllers\Estudiantes->insertar()
11 SYSTEMPATH\CodeIgniter.php(509): CodeIgniter\CodeIgniter->runController(Object(App\Controllers\Estudiantes))
12 SYSTEMPATH\CodeIgniter.php(355): CodeIgniter\CodeIgniter->handleRequest(null, Object(Config\Cache), false)
13 SYSTEMPATH\Boot.php(325): CodeIgniter\CodeIgniter->run()
14 SYSTEMPATH\Boot.php(67): CodeIgniter\Boot::runCodeIgniter(Object(CodeIgniter\CodeIgniter))
15 FCPATH\index.php(56): CodeIgniter\Boot::bootWeb(Object(Config\Paths))
INFO - 2025-02-18 02:51:51 --> Session: Class initialized using 'CodeIgniter\Session\Handlers\FileHandler' driver.
INFO - 2025-02-18 02:51:53 --> Session: Class initialized using 'CodeIgniter\Session\Handlers\FileHandler' driver.
INFO - 2025-02-18 02:51:55 --> Session: Class initialized using 'CodeIgniter\Session\Handlers\FileHandler' driver.
INFO - 2025-02-18 02:52:09 --> Session: Class initialized using 'CodeIgniter\Session\Handlers\FileHandler' driver.
INFO - 2025-02-18 02:52:21 --> Session: Class initialized using 'CodeIgniter\Session\Handlers\FileHandler' driver.
INFO - 2025-02-18 02:56:41 --> Session: Class initialized using 'CodeIgniter\Session\Handlers\FileHandler' driver.
INFO - 2025-02-18 03:00:17 --> Session: Class initialized using 'CodeIgniter\Session\Handlers\FileHandler' driver.
INFO - 2025-02-18 03:00:31 --> Session: Class initialized using 'CodeIgniter\Session\Handlers\FileHandler' driver.
INFO - 2025-02-18 03:00:45 --> Session: Class initialized using 'CodeIgniter\Session\Handlers\FileHandler' driver.
INFO - 2025-02-18 03:01:57 --> Session: Class initialized using 'CodeIgniter\Session\Handlers\FileHandler' driver.
INFO - 2025-02-18 03:01:58 --> Session: Class initialized using 'CodeIgniter\Session\Handlers\FileHandler' driver.
INFO - 2025-02-18 13:25:23 --> Session: Class initialized using 'CodeIgniter\Session\Handlers\FileHandler' driver.
INFO - 2025-02-18 13:25:27 --> Session: Class initialized using 'CodeIgniter\Session\Handlers\FileHandler' driver.
INFO - 2025-02-18 13:25:29 --> Session: Class initialized using 'CodeIgniter\Session\Handlers\FileHandler' driver.
INFO - 2025-02-18 13:26:11 --> Session: Class initialized using 'CodeIgniter\Session\Handlers\FileHandler' driver.
INFO - 2025-02-18 13:26:13 --> Session: Class initialized using 'CodeIgniter\Session\Handlers\FileHandler' driver.
INFO - 2025-02-18 13:26:37 --> Session: Class initialized using 'CodeIgniter\Session\Handlers\FileHandler' driver.
INFO - 2025-02-18 13:26:42 --> Session: Class initialized using 'CodeIgniter\Session\Handlers\FileHandler' driver.
INFO - 2025-02-18 13:26:59 --> Session: Class initialized using 'CodeIgniter\Session\Handlers\FileHandler' driver.
INFO - 2025-02-18 13:27:01 --> Session: Class initialized using 'CodeIgniter\Session\Handlers\FileHandler' driver.
INFO - 2025-02-18 13:28:14 --> Session: Class initialized using 'CodeIgniter\Session\Handlers\FileHandler' driver.
INFO - 2025-02-18 13:38:02 --> Session: Class initialized using 'CodeIgniter\Session\Handlers\FileHandler' driver.
INFO - 2025-02-18 13:38:24 --> Session: Class initialized using 'CodeIgniter\Session\Handlers\FileHandler' driver.
INFO - 2025-02-18 19:56:20 --> Session: Class initialized using 'CodeIgniter\Session\Handlers\FileHandler' driver.
