DEBUG - 2025-01-17 15:00:17 --> Editando escuela con ID: 4
INFO - 2025-01-17 15:00:33 --> Session: Class initialized using 'CodeIgniter\Session\Handlers\FileHandler' driver.
DEBUG - 2025-01-17 15:00:42 --> Editando escuela con ID: 1
INFO - 2025-01-17 15:01:14 --> Session: Class initialized using 'CodeIgniter\Session\Handlers\FileHandler' driver.
DEBUG - 2025-01-17 15:01:19 --> Editando escuela con ID: 1
DEBUG - 2025-01-17 15:11:31 --> Editando escuela con ID: 1
INFO - 2025-01-17 15:11:45 --> Session: Class initialized using 'CodeIgniter\Session\Handlers\FileHandler' driver.
DEBUG - 2025-01-17 15:18:31 --> Editando escuela con ID: 1
INFO - 2025-01-17 15:18:42 --> Session: Class initialized using 'CodeIgniter\Session\Handlers\FileHandler' driver.
DEBUG - 2025-01-17 15:19:32 --> Editando escuela con ID: 1
INFO - 2025-01-17 15:20:04 --> Session: Class initialized using 'CodeIgniter\Session\Handlers\FileHandler' driver.
DEBUG - 2025-01-17 15:20:07 --> Editando escuela con ID: 1
DEBUG - 2025-01-17 15:21:29 --> Editando escuela con ID: 1
DEBUG - 2025-01-17 15:22:48 --> Editando escuela con ID: 1
DEBUG - 2025-01-17 15:24:24 --> Editando escuela con ID: 2
INFO - 2025-01-17 15:24:32 --> Session: Class initialized using 'CodeIgniter\Session\Handlers\FileHandler' driver.
DEBUG - 2025-01-17 15:26:12 --> Editando escuela con ID: 1
INFO - 2025-01-17 15:26:32 --> Session: Class initialized using 'CodeIgniter\Session\Handlers\FileHandler' driver.
DEBUG - 2025-01-17 15:27:11 --> Editando escuela con ID: 4
DEBUG - 2025-01-17 15:31:50 --> Editando escuela con ID: 1
DEBUG - 2025-01-17 15:32:15 --> Editando escuela con ID: 1
DEBUG - 2025-01-17 15:32:25 --> Editando escuela con ID: 1
INFO - 2025-01-17 15:32:49 --> Session: Class initialized using 'CodeIgniter\Session\Handlers\FileHandler' driver.
DEBUG - 2025-01-17 15:32:52 --> Editando escuela con ID: 1
DEBUG - 2025-01-17 15:35:47 --> Editando escuela con ID: 1
INFO - 2025-01-17 15:36:31 --> Session: Class initialized using 'CodeIgniter\Session\Handlers\FileHandler' driver.
DEBUG - 2025-01-17 15:36:33 --> Editando escuela con ID: 1
DEBUG - 2025-01-17 15:36:47 --> Editando escuela con ID: 3
INFO - 2025-01-17 15:36:57 --> Session: Class initialized using 'CodeIgniter\Session\Handlers\FileHandler' driver.
DEBUG - 2025-01-17 15:36:59 --> Editando escuela con ID: 2
DEBUG - 2025-01-17 15:37:01 --> Editando escuela con ID: 4
DEBUG - 2025-01-17 15:37:41 --> Editando escuela con ID: 1
INFO - 2025-01-17 15:37:51 --> Session: Class initialized using 'CodeIgniter\Session\Handlers\FileHandler' driver.
DEBUG - 2025-01-17 15:51:19 --> Editando escuela con ID: 1
INFO - 2025-01-17 15:56:11 --> Session: Class initialized using 'CodeIgniter\Session\Handlers\FileHandler' driver.
DEBUG - 2025-01-17 15:56:16 --> Editando escuela con ID: 1
INFO - 2025-01-17 16:07:08 --> Session: Class initialized using 'CodeIgniter\Session\Handlers\FileHandler' driver.
DEBUG - 2025-01-17 16:07:34 --> Editando escuela con ID: 2
DEBUG - 2025-01-17 16:16:42 --> Editando escuela con ID: 1
DEBUG - 2025-01-17 16:17:30 --> Editando escuela con ID: 1
DEBUG - 2025-01-17 16:21:38 --> Editando escuela con ID: 5
INFO - 2025-01-17 16:22:04 --> Session: Class initialized using 'CodeIgniter\Session\Handlers\FileHandler' driver.
DEBUG - 2025-01-17 16:22:06 --> Editando escuela con ID: 1
INFO - 2025-01-17 16:22:12 --> Session: Class initialized using 'CodeIgniter\Session\Handlers\FileHandler' driver.
DEBUG - 2025-01-17 16:24:45 --> Editando escuela con ID: 1
DEBUG - 2025-01-17 16:25:38 --> Editando escuela con ID: 1
DEBUG - 2025-01-17 16:26:27 --> Editando escuela con ID: 1
INFO - 2025-01-17 16:26:33 --> Session: Class initialized using 'CodeIgniter\Session\Handlers\FileHandler' driver.
DEBUG - 2025-01-17 16:26:35 --> Editando escuela con ID: 1
DEBUG - 2025-01-17 16:27:11 --> Editando escuela con ID: 1
DEBUG - 2025-01-17 17:36:33 --> Editando escuela con ID: 1
INFO - 2025-01-17 17:36:39 --> Session: Class initialized using 'CodeIgniter\Session\Handlers\FileHandler' driver.
DEBUG - 2025-01-17 17:36:42 --> Editando escuela con ID: 1
DEBUG - 2025-01-17 17:36:46 --> Editando escuela con ID: 2
INFO - 2025-01-17 17:36:58 --> Session: Class initialized using 'CodeIgniter\Session\Handlers\FileHandler' driver.
DEBUG - 2025-01-17 17:40:20 --> Editando escuela con ID: 2
INFO - 2025-01-17 17:40:28 --> Session: Class initialized using 'CodeIgniter\Session\Handlers\FileHandler' driver.
DEBUG - 2025-01-17 17:41:10 --> Editando escuela con ID: 2
INFO - 2025-01-17 17:41:15 --> Session: Class initialized using 'CodeIgniter\Session\Handlers\FileHandler' driver.
DEBUG - 2025-01-17 17:42:17 --> Editando escuela con ID: 2
INFO - 2025-01-17 17:42:22 --> Session: Class initialized using 'CodeIgniter\Session\Handlers\FileHandler' driver.
INFO - 2025-01-17 17:42:22 --> Session: Class initialized using 'CodeIgniter\Session\Handlers\FileHandler' driver.
INFO - 2025-01-17 17:47:54 --> Session: Class initialized using 'CodeIgniter\Session\Handlers\FileHandler' driver.
DEBUG - 2025-01-17 17:48:00 --> Editando escuela con ID: 1
DEBUG - 2025-01-17 17:48:03 --> Editando escuela con ID: 2
INFO - 2025-01-17 17:48:08 --> Session: Class initialized using 'CodeIgniter\Session\Handlers\FileHandler' driver.
DEBUG - 2025-01-17 17:48:13 --> Editando escuela con ID: 2
INFO - 2025-01-17 17:48:19 --> Session: Class initialized using 'CodeIgniter\Session\Handlers\FileHandler' driver.
DEBUG - 2025-01-17 17:48:23 --> Editando escuela con ID: 1
INFO - 2025-01-17 17:48:32 --> Session: Class initialized using 'CodeIgniter\Session\Handlers\FileHandler' driver.
DEBUG - 2025-01-17 17:48:35 --> Editando escuela con ID: 1
DEBUG - 2025-01-17 17:49:27 --> Editando escuela con ID: 1
INFO - 2025-01-17 17:49:32 --> Session: Class initialized using 'CodeIgniter\Session\Handlers\FileHandler' driver.
DEBUG - 2025-01-17 17:49:35 --> Editando escuela con ID: 1
INFO - 2025-01-17 17:49:45 --> Session: Class initialized using 'CodeIgniter\Session\Handlers\FileHandler' driver.
DEBUG - 2025-01-17 17:49:47 --> Editando escuela con ID: 1
DEBUG - 2025-01-17 17:50:51 --> Editando escuela con ID: 3
INFO - 2025-01-17 17:51:53 --> Session: Class initialized using 'CodeIgniter\Session\Handlers\FileHandler' driver.
DEBUG - 2025-01-17 17:52:04 --> Editando escuela con ID: 1
DEBUG - 2025-01-17 17:52:07 --> Editando escuela con ID: 3
DEBUG - 2025-01-17 17:52:15 --> Editando escuela con ID: 3
INFO - 2025-01-17 17:52:29 --> Session: Class initialized using 'CodeIgniter\Session\Handlers\FileHandler' driver.
DEBUG - 2025-01-17 17:52:31 --> Editando escuela con ID: 3
DEBUG - 2025-01-17 17:52:45 --> Editando escuela con ID: 1
DEBUG - 2025-01-17 17:52:47 --> Editando escuela con ID: 4
DEBUG - 2025-01-17 17:52:51 --> Editando escuela con ID: 3
INFO - 2025-01-17 17:53:02 --> Session: Class initialized using 'CodeIgniter\Session\Handlers\FileHandler' driver.
DEBUG - 2025-01-17 17:53:06 --> Editando escuela con ID: 1
INFO - 2025-01-17 17:53:13 --> Session: Class initialized using 'CodeIgniter\Session\Handlers\FileHandler' driver.
DEBUG - 2025-01-17 17:53:15 --> Editando escuela con ID: 1
DEBUG - 2025-01-17 17:53:18 --> Editando escuela con ID: 2
DEBUG - 2025-01-17 17:53:21 --> Editando escuela con ID: 3
INFO - 2025-01-17 17:53:45 --> Session: Class initialized using 'CodeIgniter\Session\Handlers\FileHandler' driver.
DEBUG - 2025-01-17 17:53:53 --> Editando escuela con ID: 3
INFO - 2025-01-17 17:54:06 --> Session: Class initialized using 'CodeIgniter\Session\Handlers\FileHandler' driver.
DEBUG - 2025-01-17 17:54:09 --> Editando escuela con ID: 3
DEBUG - 2025-01-17 18:05:35 --> Editando escuela con ID: 1
INFO - 2025-01-17 18:05:40 --> Session: Class initialized using 'CodeIgniter\Session\Handlers\FileHandler' driver.
DEBUG - 2025-01-17 18:05:43 --> Editando escuela con ID: 1
DEBUG - 2025-01-17 18:05:48 --> Editando escuela con ID: 1
INFO - 2025-01-17 18:06:00 --> Session: Class initialized using 'CodeIgniter\Session\Handlers\FileHandler' driver.
DEBUG - 2025-01-17 18:06:10 --> Editando escuela con ID: 1
DEBUG - 2025-01-17 18:50:53 --> Editando escuela con ID: 1
INFO - 2025-01-17 18:51:08 --> Session: Class initialized using 'CodeIgniter\Session\Handlers\FileHandler' driver.
DEBUG - 2025-01-17 18:51:10 --> Editando escuela con ID: 1
DEBUG - 2025-01-17 18:51:16 --> Editando escuela con ID: 3
DEBUG - 2025-01-17 18:51:29 --> Editando escuela con ID: 1
INFO - 2025-01-17 18:51:38 --> Session: Class initialized using 'CodeIgniter\Session\Handlers\FileHandler' driver.
DEBUG - 2025-01-17 18:51:41 --> Editando escuela con ID: 1
DEBUG - 2025-01-17 18:51:49 --> Editando escuela con ID: 2
INFO - 2025-01-17 18:52:04 --> Session: Class initialized using 'CodeIgniter\Session\Handlers\FileHandler' driver.
DEBUG - 2025-01-17 18:52:08 --> Editando escuela con ID: 2
INFO - 2025-01-17 18:52:30 --> Session: Class initialized using 'CodeIgniter\Session\Handlers\FileHandler' driver.
DEBUG - 2025-01-17 18:52:33 --> Editando escuela con ID: 2
DEBUG - 2025-01-17 18:52:37 --> Editando escuela con ID: 1
INFO - 2025-01-17 18:52:53 --> Session: Class initialized using 'CodeIgniter\Session\Handlers\FileHandler' driver.
DEBUG - 2025-01-17 18:52:58 --> Editando escuela con ID: 1
DEBUG - 2025-01-17 18:53:02 --> Editando escuela con ID: 3
INFO - 2025-01-17 18:53:15 --> Session: Class initialized using 'CodeIgniter\Session\Handlers\FileHandler' driver.
DEBUG - 2025-01-17 18:53:18 --> Editando escuela con ID: 3
INFO - 2025-01-17 18:56:05 --> Session: Class initialized using 'CodeIgniter\Session\Handlers\FileHandler' driver.
INFO - 2025-01-17 18:57:08 --> Session: Class initialized using 'CodeIgniter\Session\Handlers\FileHandler' driver.
DEBUG - 2025-01-17 18:57:10 --> Editando escuela con ID: 1
INFO - 2025-01-17 18:57:18 --> Session: Class initialized using 'CodeIgniter\Session\Handlers\FileHandler' driver.
DEBUG - 2025-01-17 18:57:20 --> Editando escuela con ID: 1
INFO - 2025-01-17 18:57:28 --> Session: Class initialized using 'CodeIgniter\Session\Handlers\FileHandler' driver.
DEBUG - 2025-01-17 18:57:44 --> Editando escuela con ID: 1
DEBUG - 2025-01-17 18:58:44 --> Editando escuela con ID: 1
DEBUG - 2025-01-17 19:00:17 --> Editando escuela con ID: 1
CRITICAL - 2025-01-17 19:10:57 --> ArgumentCountError: Too few arguments to function App\Controllers\Escuela::editar(), 0 passed in C:\xampp\htdocs\edsn\system\CodeIgniter.php on line 933 and exactly 1 expected
[Method: GET, Route: escuela/editar]
in APPPATH\Controllers\Escuela.php on line 143.
 1 SYSTEMPATH\CodeIgniter.php(933): App\Controllers\Escuela->editar()
 2 SYSTEMPATH\CodeIgniter.php(509): CodeIgniter\CodeIgniter->runController(Object(App\Controllers\Escuela))
 3 SYSTEMPATH\CodeIgniter.php(355): CodeIgniter\CodeIgniter->handleRequest(null, Object(Config\Cache), false)
 4 SYSTEMPATH\Boot.php(325): CodeIgniter\CodeIgniter->run()
 5 SYSTEMPATH\Boot.php(67): CodeIgniter\Boot::runCodeIgniter(Object(CodeIgniter\CodeIgniter))
 6 FCPATH\index.php(56): CodeIgniter\Boot::bootWeb(Object(Config\Paths))
DEBUG - 2025-01-17 19:11:01 --> Editando escuela con ID: 1
DEBUG - 2025-01-17 19:20:52 --> Editando escuela con ID: 1
INFO - 2025-01-17 19:22:58 --> Session: Class initialized using 'CodeIgniter\Session\Handlers\FileHandler' driver.
DEBUG - 2025-01-17 19:34:21 --> Editando escuela con ID: 1
DEBUG - 2025-01-17 19:34:56 --> Editando escuela con ID: 1
DEBUG - 2025-01-17 19:35:49 --> Editando escuela con ID: 1
DEBUG - 2025-01-17 19:37:09 --> Editando escuela con ID: 1
DEBUG - 2025-01-17 19:38:02 --> Editando escuela con ID: 1
DEBUG - 2025-01-17 19:38:43 --> Editando escuela con ID: 1
INFO - 2025-01-17 19:47:07 --> Session: Class initialized using 'CodeIgniter\Session\Handlers\FileHandler' driver.
DEBUG - 2025-01-17 19:47:09 --> Editando escuela con ID: 1
INFO - 2025-01-17 19:47:22 --> Session: Class initialized using 'CodeIgniter\Session\Handlers\FileHandler' driver.
DEBUG - 2025-01-17 19:47:24 --> Editando escuela con ID: 1
INFO - 2025-01-17 19:47:39 --> Session: Class initialized using 'CodeIgniter\Session\Handlers\FileHandler' driver.
DEBUG - 2025-01-17 19:47:40 --> Editando escuela con ID: 1
INFO - 2025-01-17 19:47:45 --> Session: Class initialized using 'CodeIgniter\Session\Handlers\FileHandler' driver.
DEBUG - 2025-01-17 19:47:47 --> Editando escuela con ID: 1
DEBUG - 2025-01-17 19:48:52 --> Editando escuela con ID: 1
DEBUG - 2025-01-17 19:48:56 --> Editando escuela con ID: 1
INFO - 2025-01-17 19:49:09 --> Session: Class initialized using 'CodeIgniter\Session\Handlers\FileHandler' driver.
DEBUG - 2025-01-17 19:49:11 --> Editando escuela con ID: 1
DEBUG - 2025-01-17 19:50:18 --> Editando escuela con ID: 1
INFO - 2025-01-17 19:50:36 --> Session: Class initialized using 'CodeIgniter\Session\Handlers\FileHandler' driver.
DEBUG - 2025-01-17 19:50:39 --> Editando escuela con ID: 1
INFO - 2025-01-17 19:51:02 --> Session: Class initialized using 'CodeIgniter\Session\Handlers\FileHandler' driver.
DEBUG - 2025-01-17 19:51:04 --> Editando escuela con ID: 1
INFO - 2025-01-17 19:51:17 --> Session: Class initialized using 'CodeIgniter\Session\Handlers\FileHandler' driver.
DEBUG - 2025-01-17 19:51:19 --> Editando escuela con ID: 1
