INFO - 2025-02-08 22:06:30 --> Session: Class initialized using 'CodeIgniter\Session\Handlers\FileHandler' driver.
ERROR - 2025-02-08 22:07:22 --> mysqli_sql_exception: Cannot add or update a child row: a foreign key constraint fails (`censa-jar`.`personal`, CONSTRAINT `personal_ibfk_2` FOREIGN KEY (`funcion`) REFERENCES `nombramiento` (`id`)) in C:\xampp\htdocs\edsn\system\Database\MySQLi\Connection.php:312
Stack trace:
#0 C:\xampp\htdocs\edsn\system\Database\MySQLi\Connection.php(312): mysqli->query('INSERT INTO `pe...', 0)
#1 C:\xampp\htdocs\edsn\system\Database\BaseConnection.php(734): CodeIgniter\Database\MySQLi\Connection->execute('INSERT INTO `pe...')
#2 C:\xampp\htdocs\edsn\system\Database\BaseConnection.php(648): CodeIgniter\Database\BaseConnection->simpleQuery('INSERT INTO `pe...')
#3 C:\xampp\htdocs\edsn\system\Database\BaseBuilder.php(2340): CodeIgniter\Database\BaseConnection->query('INSERT INTO `pe...', Array, false)
#4 C:\xampp\htdocs\edsn\system\Model.php(394): CodeIgniter\Database\BaseBuilder->insert()
#5 C:\xampp\htdocs\edsn\system\BaseModel.php(840): CodeIgniter\Model->doInsert(Array)
#6 C:\xampp\htdocs\edsn\system\Model.php(802): CodeIgniter\BaseModel->insert(Array, false)
#7 C:\xampp\htdocs\edsn\system\BaseModel.php(751): CodeIgniter\Model->insert(Array, false)
#8 C:\xampp\htdocs\edsn\app\Controllers\Personal.php(110): CodeIgniter\BaseModel->save(Array)
#9 C:\xampp\htdocs\edsn\system\CodeIgniter.php(933): App\Controllers\Personal->insertar()
#10 C:\xampp\htdocs\edsn\system\CodeIgniter.php(509): CodeIgniter\CodeIgniter->runController(Object(App\Controllers\Personal))
#11 C:\xampp\htdocs\edsn\system\CodeIgniter.php(355): CodeIgniter\CodeIgniter->handleRequest(NULL, Object(Config\Cache), false)
#12 C:\xampp\htdocs\edsn\system\Boot.php(325): CodeIgniter\CodeIgniter->run()
#13 C:\xampp\htdocs\edsn\system\Boot.php(67): CodeIgniter\Boot::runCodeIgniter(Object(CodeIgniter\CodeIgniter))
#14 C:\xampp\htdocs\edsn\public\index.php(56): CodeIgniter\Boot::bootWeb(Object(Config\Paths))
#15 {main}
CRITICAL - 2025-02-08 22:07:22 --> CodeIgniter\Database\Exceptions\DatabaseException: Cannot add or update a child row: a foreign key constraint fails (`censa-jar`.`personal`, CONSTRAINT `personal_ibfk_2` FOREIGN KEY (`funcion`) REFERENCES `nombramiento` (`id`))
[Method: POST, Route: personal/insertar]
in SYSTEMPATH\Database\BaseConnection.php on line 688.
 1 SYSTEMPATH\Database\BaseBuilder.php(2340): CodeIgniter\Database\BaseConnection->query('INSERT INTO `personal` (`nombre`, `apellido`, `cedula`, `telefono`, `email`, `direccion`, `condicion`, `nombramiento`, `funcion`, `grado-academico`, `foto`, `fecha_alta`, `fecha_edit`) VALUES (:nombre:, :apellido:, :cedula:, :telefono:, :email:, :direccion:, :condicion:, :nombramiento:, :funcion:, :grado-academico:, :foto:, :fecha_alta:, :fecha_edit:)', [...], false)
 2 SYSTEMPATH\Model.php(394): CodeIgniter\Database\BaseBuilder->insert()
 3 SYSTEMPATH\BaseModel.php(840): CodeIgniter\Model->doInsert([...])
 4 SYSTEMPATH\Model.php(802): CodeIgniter\BaseModel->insert([...], false)
 5 SYSTEMPATH\BaseModel.php(751): CodeIgniter\Model->insert([...], false)
 6 APPPATH\Controllers\Personal.php(110): CodeIgniter\BaseModel->save([...])
 7 SYSTEMPATH\CodeIgniter.php(933): App\Controllers\Personal->insertar()
 8 SYSTEMPATH\CodeIgniter.php(509): CodeIgniter\CodeIgniter->runController(Object(App\Controllers\Personal))
 9 SYSTEMPATH\CodeIgniter.php(355): CodeIgniter\CodeIgniter->handleRequest(null, Object(Config\Cache), false)
10 SYSTEMPATH\Boot.php(325): CodeIgniter\CodeIgniter->run()
11 SYSTEMPATH\Boot.php(67): CodeIgniter\Boot::runCodeIgniter(Object(CodeIgniter\CodeIgniter))
12 FCPATH\index.php(56): CodeIgniter\Boot::bootWeb(Object(Config\Paths))
CRITICAL - 2025-02-08 22:07:22 --> [Caused by] CodeIgniter\Database\Exceptions\DatabaseException: Cannot add or update a child row: a foreign key constraint fails (`censa-jar`.`personal`, CONSTRAINT `personal_ibfk_2` FOREIGN KEY (`funcion`) REFERENCES `nombramiento` (`id`))
in SYSTEMPATH\Database\MySQLi\Connection.php on line 317.
 1 SYSTEMPATH\Database\BaseConnection.php(734): CodeIgniter\Database\MySQLi\Connection->execute('INSERT INTO `personal` (`nombre`, `apellido`, `cedula`, `telefono`, `email`, `direccion`, `condicion`, `nombramiento`, `funcion`, `grado-academico`, `foto`, `fecha_alta`, `fecha_edit`) VALUES (\'Richard Daniel\', \'Moronta García\', \'402-1281618-1\', \'829-860-6138\', \'richarddanielgjqt0407@gmail.com\', \'104 Kauri Point Road, Laingholm\', \'1\', \'4\', \'Digitador/a\', \'3\', \'assets/img/users/personal/user_default.png\', \'2025-02-08 22:07:22\', \'2025-02-08 22:07:22\')')
 2 SYSTEMPATH\Database\BaseConnection.php(648): CodeIgniter\Database\BaseConnection->simpleQuery('INSERT INTO `personal` (`nombre`, `apellido`, `cedula`, `telefono`, `email`, `direccion`, `condicion`, `nombramiento`, `funcion`, `grado-academico`, `foto`, `fecha_alta`, `fecha_edit`) VALUES (\'Richard Daniel\', \'Moronta García\', \'402-1281618-1\', \'829-860-6138\', \'richarddanielgjqt0407@gmail.com\', \'104 Kauri Point Road, Laingholm\', \'1\', \'4\', \'Digitador/a\', \'3\', \'assets/img/users/personal/user_default.png\', \'2025-02-08 22:07:22\', \'2025-02-08 22:07:22\')')
 3 SYSTEMPATH\Database\BaseBuilder.php(2340): CodeIgniter\Database\BaseConnection->query('INSERT INTO `personal` (`nombre`, `apellido`, `cedula`, `telefono`, `email`, `direccion`, `condicion`, `nombramiento`, `funcion`, `grado-academico`, `foto`, `fecha_alta`, `fecha_edit`) VALUES (:nombre:, :apellido:, :cedula:, :telefono:, :email:, :direccion:, :condicion:, :nombramiento:, :funcion:, :grado-academico:, :foto:, :fecha_alta:, :fecha_edit:)', [...], false)
 4 SYSTEMPATH\Model.php(394): CodeIgniter\Database\BaseBuilder->insert()
 5 SYSTEMPATH\BaseModel.php(840): CodeIgniter\Model->doInsert([...])
 6 SYSTEMPATH\Model.php(802): CodeIgniter\BaseModel->insert([...], false)
 7 SYSTEMPATH\BaseModel.php(751): CodeIgniter\Model->insert([...], false)
 8 APPPATH\Controllers\Personal.php(110): CodeIgniter\BaseModel->save([...])
 9 SYSTEMPATH\CodeIgniter.php(933): App\Controllers\Personal->insertar()
10 SYSTEMPATH\CodeIgniter.php(509): CodeIgniter\CodeIgniter->runController(Object(App\Controllers\Personal))
11 SYSTEMPATH\CodeIgniter.php(355): CodeIgniter\CodeIgniter->handleRequest(null, Object(Config\Cache), false)
12 SYSTEMPATH\Boot.php(325): CodeIgniter\CodeIgniter->run()
13 SYSTEMPATH\Boot.php(67): CodeIgniter\Boot::runCodeIgniter(Object(CodeIgniter\CodeIgniter))
14 FCPATH\index.php(56): CodeIgniter\Boot::bootWeb(Object(Config\Paths))
CRITICAL - 2025-02-08 22:07:22 --> [Caused by] mysqli_sql_exception: Cannot add or update a child row: a foreign key constraint fails (`censa-jar`.`personal`, CONSTRAINT `personal_ibfk_2` FOREIGN KEY (`funcion`) REFERENCES `nombramiento` (`id`))
in SYSTEMPATH\Database\MySQLi\Connection.php on line 312.
 1 SYSTEMPATH\Database\MySQLi\Connection.php(312): mysqli->query('INSERT INTO `personal` (`nombre`, `apellido`, `cedula`, `telefono`, `email`, `direccion`, `condicion`, `nombramiento`, `funcion`, `grado-academico`, `foto`, `fecha_alta`, `fecha_edit`) VALUES (\'Richard Daniel\', \'Moronta García\', \'402-1281618-1\', \'829-860-6138\', \'richarddanielgjqt0407@gmail.com\', \'104 Kauri Point Road, Laingholm\', \'1\', \'4\', \'Digitador/a\', \'3\', \'assets/img/users/personal/user_default.png\', \'2025-02-08 22:07:22\', \'2025-02-08 22:07:22\')', 0)
 2 SYSTEMPATH\Database\BaseConnection.php(734): CodeIgniter\Database\MySQLi\Connection->execute('INSERT INTO `personal` (`nombre`, `apellido`, `cedula`, `telefono`, `email`, `direccion`, `condicion`, `nombramiento`, `funcion`, `grado-academico`, `foto`, `fecha_alta`, `fecha_edit`) VALUES (\'Richard Daniel\', \'Moronta García\', \'402-1281618-1\', \'829-860-6138\', \'richarddanielgjqt0407@gmail.com\', \'104 Kauri Point Road, Laingholm\', \'1\', \'4\', \'Digitador/a\', \'3\', \'assets/img/users/personal/user_default.png\', \'2025-02-08 22:07:22\', \'2025-02-08 22:07:22\')')
 3 SYSTEMPATH\Database\BaseConnection.php(648): CodeIgniter\Database\BaseConnection->simpleQuery('INSERT INTO `personal` (`nombre`, `apellido`, `cedula`, `telefono`, `email`, `direccion`, `condicion`, `nombramiento`, `funcion`, `grado-academico`, `foto`, `fecha_alta`, `fecha_edit`) VALUES (\'Richard Daniel\', \'Moronta García\', \'402-1281618-1\', \'829-860-6138\', \'richarddanielgjqt0407@gmail.com\', \'104 Kauri Point Road, Laingholm\', \'1\', \'4\', \'Digitador/a\', \'3\', \'assets/img/users/personal/user_default.png\', \'2025-02-08 22:07:22\', \'2025-02-08 22:07:22\')')
 4 SYSTEMPATH\Database\BaseBuilder.php(2340): CodeIgniter\Database\BaseConnection->query('INSERT INTO `personal` (`nombre`, `apellido`, `cedula`, `telefono`, `email`, `direccion`, `condicion`, `nombramiento`, `funcion`, `grado-academico`, `foto`, `fecha_alta`, `fecha_edit`) VALUES (:nombre:, :apellido:, :cedula:, :telefono:, :email:, :direccion:, :condicion:, :nombramiento:, :funcion:, :grado-academico:, :foto:, :fecha_alta:, :fecha_edit:)', [...], false)
 5 SYSTEMPATH\Model.php(394): CodeIgniter\Database\BaseBuilder->insert()
 6 SYSTEMPATH\BaseModel.php(840): CodeIgniter\Model->doInsert([...])
 7 SYSTEMPATH\Model.php(802): CodeIgniter\BaseModel->insert([...], false)
 8 SYSTEMPATH\BaseModel.php(751): CodeIgniter\Model->insert([...], false)
 9 APPPATH\Controllers\Personal.php(110): CodeIgniter\BaseModel->save([...])
10 SYSTEMPATH\CodeIgniter.php(933): App\Controllers\Personal->insertar()
11 SYSTEMPATH\CodeIgniter.php(509): CodeIgniter\CodeIgniter->runController(Object(App\Controllers\Personal))
12 SYSTEMPATH\CodeIgniter.php(355): CodeIgniter\CodeIgniter->handleRequest(null, Object(Config\Cache), false)
13 SYSTEMPATH\Boot.php(325): CodeIgniter\CodeIgniter->run()
14 SYSTEMPATH\Boot.php(67): CodeIgniter\Boot::runCodeIgniter(Object(CodeIgniter\CodeIgniter))
15 FCPATH\index.php(56): CodeIgniter\Boot::bootWeb(Object(Config\Paths))
ERROR - 2025-02-08 22:22:57 --> mysqli_sql_exception: Cannot add or update a child row: a foreign key constraint fails (`censa-jar`.`personal`, CONSTRAINT `personal_ibfk_2` FOREIGN KEY (`funcion`) REFERENCES `nombramiento` (`id`)) in C:\xampp\htdocs\edsn\system\Database\MySQLi\Connection.php:312
Stack trace:
#0 C:\xampp\htdocs\edsn\system\Database\MySQLi\Connection.php(312): mysqli->query('INSERT INTO `pe...', 0)
#1 C:\xampp\htdocs\edsn\system\Database\BaseConnection.php(734): CodeIgniter\Database\MySQLi\Connection->execute('INSERT INTO `pe...')
#2 C:\xampp\htdocs\edsn\system\Database\BaseConnection.php(648): CodeIgniter\Database\BaseConnection->simpleQuery('INSERT INTO `pe...')
#3 C:\xampp\htdocs\edsn\system\Database\BaseBuilder.php(2340): CodeIgniter\Database\BaseConnection->query('INSERT INTO `pe...', Array, false)
#4 C:\xampp\htdocs\edsn\system\Model.php(394): CodeIgniter\Database\BaseBuilder->insert()
#5 C:\xampp\htdocs\edsn\system\BaseModel.php(840): CodeIgniter\Model->doInsert(Array)
#6 C:\xampp\htdocs\edsn\system\Model.php(802): CodeIgniter\BaseModel->insert(Array, false)
#7 C:\xampp\htdocs\edsn\system\BaseModel.php(751): CodeIgniter\Model->insert(Array, false)
#8 C:\xampp\htdocs\edsn\app\Controllers\Personal.php(110): CodeIgniter\BaseModel->save(Array)
#9 C:\xampp\htdocs\edsn\system\CodeIgniter.php(933): App\Controllers\Personal->insertar()
#10 C:\xampp\htdocs\edsn\system\CodeIgniter.php(509): CodeIgniter\CodeIgniter->runController(Object(App\Controllers\Personal))
#11 C:\xampp\htdocs\edsn\system\CodeIgniter.php(355): CodeIgniter\CodeIgniter->handleRequest(NULL, Object(Config\Cache), false)
#12 C:\xampp\htdocs\edsn\system\Boot.php(325): CodeIgniter\CodeIgniter->run()
#13 C:\xampp\htdocs\edsn\system\Boot.php(67): CodeIgniter\Boot::runCodeIgniter(Object(CodeIgniter\CodeIgniter))
#14 C:\xampp\htdocs\edsn\public\index.php(56): CodeIgniter\Boot::bootWeb(Object(Config\Paths))
#15 {main}
CRITICAL - 2025-02-08 22:22:57 --> CodeIgniter\Database\Exceptions\DatabaseException: Cannot add or update a child row: a foreign key constraint fails (`censa-jar`.`personal`, CONSTRAINT `personal_ibfk_2` FOREIGN KEY (`funcion`) REFERENCES `nombramiento` (`id`))
[Method: POST, Route: personal/insertar]
in SYSTEMPATH\Database\BaseConnection.php on line 688.
 1 SYSTEMPATH\Database\BaseBuilder.php(2340): CodeIgniter\Database\BaseConnection->query('INSERT INTO `personal` (`nombre`, `apellido`, `cedula`, `telefono`, `email`, `direccion`, `condicion`, `nombramiento`, `funcion`, `grado-academico`, `foto`, `fecha_alta`, `fecha_edit`) VALUES (:nombre:, :apellido:, :cedula:, :telefono:, :email:, :direccion:, :condicion:, :nombramiento:, :funcion:, :grado-academico:, :foto:, :fecha_alta:, :fecha_edit:)', [...], false)
 2 SYSTEMPATH\Model.php(394): CodeIgniter\Database\BaseBuilder->insert()
 3 SYSTEMPATH\BaseModel.php(840): CodeIgniter\Model->doInsert([...])
 4 SYSTEMPATH\Model.php(802): CodeIgniter\BaseModel->insert([...], false)
 5 SYSTEMPATH\BaseModel.php(751): CodeIgniter\Model->insert([...], false)
 6 APPPATH\Controllers\Personal.php(110): CodeIgniter\BaseModel->save([...])
 7 SYSTEMPATH\CodeIgniter.php(933): App\Controllers\Personal->insertar()
 8 SYSTEMPATH\CodeIgniter.php(509): CodeIgniter\CodeIgniter->runController(Object(App\Controllers\Personal))
 9 SYSTEMPATH\CodeIgniter.php(355): CodeIgniter\CodeIgniter->handleRequest(null, Object(Config\Cache), false)
10 SYSTEMPATH\Boot.php(325): CodeIgniter\CodeIgniter->run()
11 SYSTEMPATH\Boot.php(67): CodeIgniter\Boot::runCodeIgniter(Object(CodeIgniter\CodeIgniter))
12 FCPATH\index.php(56): CodeIgniter\Boot::bootWeb(Object(Config\Paths))
CRITICAL - 2025-02-08 22:22:57 --> [Caused by] CodeIgniter\Database\Exceptions\DatabaseException: Cannot add or update a child row: a foreign key constraint fails (`censa-jar`.`personal`, CONSTRAINT `personal_ibfk_2` FOREIGN KEY (`funcion`) REFERENCES `nombramiento` (`id`))
in SYSTEMPATH\Database\MySQLi\Connection.php on line 317.
 1 SYSTEMPATH\Database\BaseConnection.php(734): CodeIgniter\Database\MySQLi\Connection->execute('INSERT INTO `personal` (`nombre`, `apellido`, `cedula`, `telefono`, `email`, `direccion`, `condicion`, `nombramiento`, `funcion`, `grado-academico`, `foto`, `fecha_alta`, `fecha_edit`) VALUES (\'Richard Daniel\', \'Moronta García\', \'402-1281618-1\', \'829-860-6138\', \'richarddanielgjqt0407@gmail.com\', \'104 Kauri Point Road, Laingholm\', \'1\', \'4\', \'Digitador/a\', \'3\', \'assets/img/users/personal/user_default.png\', \'2025-02-08 22:22:57\', \'2025-02-08 22:22:57\')')
 2 SYSTEMPATH\Database\BaseConnection.php(648): CodeIgniter\Database\BaseConnection->simpleQuery('INSERT INTO `personal` (`nombre`, `apellido`, `cedula`, `telefono`, `email`, `direccion`, `condicion`, `nombramiento`, `funcion`, `grado-academico`, `foto`, `fecha_alta`, `fecha_edit`) VALUES (\'Richard Daniel\', \'Moronta García\', \'402-1281618-1\', \'829-860-6138\', \'richarddanielgjqt0407@gmail.com\', \'104 Kauri Point Road, Laingholm\', \'1\', \'4\', \'Digitador/a\', \'3\', \'assets/img/users/personal/user_default.png\', \'2025-02-08 22:22:57\', \'2025-02-08 22:22:57\')')
 3 SYSTEMPATH\Database\BaseBuilder.php(2340): CodeIgniter\Database\BaseConnection->query('INSERT INTO `personal` (`nombre`, `apellido`, `cedula`, `telefono`, `email`, `direccion`, `condicion`, `nombramiento`, `funcion`, `grado-academico`, `foto`, `fecha_alta`, `fecha_edit`) VALUES (:nombre:, :apellido:, :cedula:, :telefono:, :email:, :direccion:, :condicion:, :nombramiento:, :funcion:, :grado-academico:, :foto:, :fecha_alta:, :fecha_edit:)', [...], false)
 4 SYSTEMPATH\Model.php(394): CodeIgniter\Database\BaseBuilder->insert()
 5 SYSTEMPATH\BaseModel.php(840): CodeIgniter\Model->doInsert([...])
 6 SYSTEMPATH\Model.php(802): CodeIgniter\BaseModel->insert([...], false)
 7 SYSTEMPATH\BaseModel.php(751): CodeIgniter\Model->insert([...], false)
 8 APPPATH\Controllers\Personal.php(110): CodeIgniter\BaseModel->save([...])
 9 SYSTEMPATH\CodeIgniter.php(933): App\Controllers\Personal->insertar()
10 SYSTEMPATH\CodeIgniter.php(509): CodeIgniter\CodeIgniter->runController(Object(App\Controllers\Personal))
11 SYSTEMPATH\CodeIgniter.php(355): CodeIgniter\CodeIgniter->handleRequest(null, Object(Config\Cache), false)
12 SYSTEMPATH\Boot.php(325): CodeIgniter\CodeIgniter->run()
13 SYSTEMPATH\Boot.php(67): CodeIgniter\Boot::runCodeIgniter(Object(CodeIgniter\CodeIgniter))
14 FCPATH\index.php(56): CodeIgniter\Boot::bootWeb(Object(Config\Paths))
CRITICAL - 2025-02-08 22:22:57 --> [Caused by] mysqli_sql_exception: Cannot add or update a child row: a foreign key constraint fails (`censa-jar`.`personal`, CONSTRAINT `personal_ibfk_2` FOREIGN KEY (`funcion`) REFERENCES `nombramiento` (`id`))
in SYSTEMPATH\Database\MySQLi\Connection.php on line 312.
 1 SYSTEMPATH\Database\MySQLi\Connection.php(312): mysqli->query('INSERT INTO `personal` (`nombre`, `apellido`, `cedula`, `telefono`, `email`, `direccion`, `condicion`, `nombramiento`, `funcion`, `grado-academico`, `foto`, `fecha_alta`, `fecha_edit`) VALUES (\'Richard Daniel\', \'Moronta García\', \'402-1281618-1\', \'829-860-6138\', \'richarddanielgjqt0407@gmail.com\', \'104 Kauri Point Road, Laingholm\', \'1\', \'4\', \'Digitador/a\', \'3\', \'assets/img/users/personal/user_default.png\', \'2025-02-08 22:22:57\', \'2025-02-08 22:22:57\')', 0)
 2 SYSTEMPATH\Database\BaseConnection.php(734): CodeIgniter\Database\MySQLi\Connection->execute('INSERT INTO `personal` (`nombre`, `apellido`, `cedula`, `telefono`, `email`, `direccion`, `condicion`, `nombramiento`, `funcion`, `grado-academico`, `foto`, `fecha_alta`, `fecha_edit`) VALUES (\'Richard Daniel\', \'Moronta García\', \'402-1281618-1\', \'829-860-6138\', \'richarddanielgjqt0407@gmail.com\', \'104 Kauri Point Road, Laingholm\', \'1\', \'4\', \'Digitador/a\', \'3\', \'assets/img/users/personal/user_default.png\', \'2025-02-08 22:22:57\', \'2025-02-08 22:22:57\')')
 3 SYSTEMPATH\Database\BaseConnection.php(648): CodeIgniter\Database\BaseConnection->simpleQuery('INSERT INTO `personal` (`nombre`, `apellido`, `cedula`, `telefono`, `email`, `direccion`, `condicion`, `nombramiento`, `funcion`, `grado-academico`, `foto`, `fecha_alta`, `fecha_edit`) VALUES (\'Richard Daniel\', \'Moronta García\', \'402-1281618-1\', \'829-860-6138\', \'richarddanielgjqt0407@gmail.com\', \'104 Kauri Point Road, Laingholm\', \'1\', \'4\', \'Digitador/a\', \'3\', \'assets/img/users/personal/user_default.png\', \'2025-02-08 22:22:57\', \'2025-02-08 22:22:57\')')
 4 SYSTEMPATH\Database\BaseBuilder.php(2340): CodeIgniter\Database\BaseConnection->query('INSERT INTO `personal` (`nombre`, `apellido`, `cedula`, `telefono`, `email`, `direccion`, `condicion`, `nombramiento`, `funcion`, `grado-academico`, `foto`, `fecha_alta`, `fecha_edit`) VALUES (:nombre:, :apellido:, :cedula:, :telefono:, :email:, :direccion:, :condicion:, :nombramiento:, :funcion:, :grado-academico:, :foto:, :fecha_alta:, :fecha_edit:)', [...], false)
 5 SYSTEMPATH\Model.php(394): CodeIgniter\Database\BaseBuilder->insert()
 6 SYSTEMPATH\BaseModel.php(840): CodeIgniter\Model->doInsert([...])
 7 SYSTEMPATH\Model.php(802): CodeIgniter\BaseModel->insert([...], false)
 8 SYSTEMPATH\BaseModel.php(751): CodeIgniter\Model->insert([...], false)
 9 APPPATH\Controllers\Personal.php(110): CodeIgniter\BaseModel->save([...])
10 SYSTEMPATH\CodeIgniter.php(933): App\Controllers\Personal->insertar()
11 SYSTEMPATH\CodeIgniter.php(509): CodeIgniter\CodeIgniter->runController(Object(App\Controllers\Personal))
12 SYSTEMPATH\CodeIgniter.php(355): CodeIgniter\CodeIgniter->handleRequest(null, Object(Config\Cache), false)
13 SYSTEMPATH\Boot.php(325): CodeIgniter\CodeIgniter->run()
14 SYSTEMPATH\Boot.php(67): CodeIgniter\Boot::runCodeIgniter(Object(CodeIgniter\CodeIgniter))
15 FCPATH\index.php(56): CodeIgniter\Boot::bootWeb(Object(Config\Paths))
INFO - 2025-02-08 22:22:59 --> Session: Class initialized using 'CodeIgniter\Session\Handlers\FileHandler' driver.
INFO - 2025-02-08 22:23:09 --> Session: Class initialized using 'CodeIgniter\Session\Handlers\FileHandler' driver.
INFO - 2025-02-08 22:23:59 --> Session: Class initialized using 'CodeIgniter\Session\Handlers\FileHandler' driver.
INFO - 2025-02-08 22:26:05 --> Session: Class initialized using 'CodeIgniter\Session\Handlers\FileHandler' driver.
INFO - 2025-02-08 22:26:56 --> Session: Class initialized using 'CodeIgniter\Session\Handlers\FileHandler' driver.
INFO - 2025-02-08 22:31:25 --> Session: Class initialized using 'CodeIgniter\Session\Handlers\FileHandler' driver.
CRITICAL - 2025-02-08 22:37:47 --> ErrorException: Undefined array key "apellidos"
[Method: GET, Route: personal]
in APPPATH\Views\personal\personal.php on line 40.
 1 APPPATH\Views\personal\personal.php(40): CodeIgniter\Debug\Exceptions->errorHandler(2, 'Undefined array key "apellidos"', 'C:\\xampp\\htdocs\\edsn\\app\\Views\\personal\\personal.php', 40)
 2 SYSTEMPATH\View\View.php(234): include('C:\\xampp\\htdocs\\edsn\\app\\Views\\personal\\personal.php')
 3 SYSTEMPATH\View\View.php(237): CodeIgniter\View\View->CodeIgniter\View\{closure}()
 4 SYSTEMPATH\Common.php(1171): CodeIgniter\View\View->render('personal/personal', [], true)
 5 APPPATH\Controllers\Personal.php(26): view('personal/personal', [...])
 6 SYSTEMPATH\CodeIgniter.php(933): App\Controllers\Personal->index()
 7 SYSTEMPATH\CodeIgniter.php(509): CodeIgniter\CodeIgniter->runController(Object(App\Controllers\Personal))
 8 SYSTEMPATH\CodeIgniter.php(355): CodeIgniter\CodeIgniter->handleRequest(null, Object(Config\Cache), false)
 9 SYSTEMPATH\Boot.php(325): CodeIgniter\CodeIgniter->run()
10 SYSTEMPATH\Boot.php(67): CodeIgniter\Boot::runCodeIgniter(Object(CodeIgniter\CodeIgniter))
11 FCPATH\index.php(56): CodeIgniter\Boot::bootWeb(Object(Config\Paths))
DEBUG - 2025-02-08 22:41:48 --> Editando escuela con ID: 1
INFO - 2025-02-08 22:43:55 --> Session: Class initialized using 'CodeIgniter\Session\Handlers\FileHandler' driver.
INFO - 2025-02-08 22:46:52 --> Session: Class initialized using 'CodeIgniter\Session\Handlers\FileHandler' driver.
CRITICAL - 2025-02-08 22:55:38 --> ErrorException: Undefined array key "logo"
[Method: GET, Route: personal/visualizar/1]
in APPPATH\Views\personal\visualizar.php on line 8.
 1 APPPATH\Views\personal\visualizar.php(8): CodeIgniter\Debug\Exceptions->errorHandler(2, 'Undefined array key "logo"', 'C:\\xampp\\htdocs\\edsn\\app\\Views\\personal\\visualizar.php', 8)
 2 SYSTEMPATH\View\View.php(234): include('C:\\xampp\\htdocs\\edsn\\app\\Views\\personal\\visualizar.php')
 3 SYSTEMPATH\View\View.php(237): CodeIgniter\View\View->CodeIgniter\View\{closure}()
 4 SYSTEMPATH\Common.php(1171): CodeIgniter\View\View->render('personal/visualizar', [], true)
 5 APPPATH\Controllers\Personal.php(144): view('personal/visualizar', [...])
 6 SYSTEMPATH\CodeIgniter.php(933): App\Controllers\Personal->visualizar('1')
 7 SYSTEMPATH\CodeIgniter.php(509): CodeIgniter\CodeIgniter->runController(Object(App\Controllers\Personal))
 8 SYSTEMPATH\CodeIgniter.php(355): CodeIgniter\CodeIgniter->handleRequest(null, Object(Config\Cache), false)
 9 SYSTEMPATH\Boot.php(325): CodeIgniter\CodeIgniter->run()
10 SYSTEMPATH\Boot.php(67): CodeIgniter\Boot::runCodeIgniter(Object(CodeIgniter\CodeIgniter))
11 FCPATH\index.php(56): CodeIgniter\Boot::bootWeb(Object(Config\Paths))
CRITICAL - 2025-02-08 22:55:43 --> ErrorException: Undefined array key "logo"
[Method: GET, Route: personal/visualizar/2]
in APPPATH\Views\personal\visualizar.php on line 8.
 1 APPPATH\Views\personal\visualizar.php(8): CodeIgniter\Debug\Exceptions->errorHandler(2, 'Undefined array key "logo"', 'C:\\xampp\\htdocs\\edsn\\app\\Views\\personal\\visualizar.php', 8)
 2 SYSTEMPATH\View\View.php(234): include('C:\\xampp\\htdocs\\edsn\\app\\Views\\personal\\visualizar.php')
 3 SYSTEMPATH\View\View.php(237): CodeIgniter\View\View->CodeIgniter\View\{closure}()
 4 SYSTEMPATH\Common.php(1171): CodeIgniter\View\View->render('personal/visualizar', [], true)
 5 APPPATH\Controllers\Personal.php(144): view('personal/visualizar', [...])
 6 SYSTEMPATH\CodeIgniter.php(933): App\Controllers\Personal->visualizar('2')
 7 SYSTEMPATH\CodeIgniter.php(509): CodeIgniter\CodeIgniter->runController(Object(App\Controllers\Personal))
 8 SYSTEMPATH\CodeIgniter.php(355): CodeIgniter\CodeIgniter->handleRequest(null, Object(Config\Cache), false)
 9 SYSTEMPATH\Boot.php(325): CodeIgniter\CodeIgniter->run()
10 SYSTEMPATH\Boot.php(67): CodeIgniter\Boot::runCodeIgniter(Object(CodeIgniter\CodeIgniter))
11 FCPATH\index.php(56): CodeIgniter\Boot::bootWeb(Object(Config\Paths))
