INFO - 2025-01-26 00:03:01 --> Session: Class initialized using 'CodeIgniter\Session\Handlers\FileHandler' driver.
INFO - 2025-01-26 00:03:41 --> Session: Class initialized using 'CodeIgniter\Session\Handlers\FileHandler' driver.
INFO - 2025-01-26 00:06:17 --> Session: Class initialized using 'CodeIgniter\Session\Handlers\FileHandler' driver.
INFO - 2025-01-26 00:09:35 --> Session: Class initialized using 'CodeIgniter\Session\Handlers\FileHandler' driver.
INFO - 2025-01-26 00:09:40 --> Session: Class initialized using 'CodeIgniter\Session\Handlers\FileHandler' driver.
INFO - 2025-01-26 00:10:06 --> Session: Class initialized using 'CodeIgniter\Session\Handlers\FileHandler' driver.
INFO - 2025-01-26 00:21:28 --> Session: Class initialized using 'CodeIgniter\Session\Handlers\FileHandler' driver.
INFO - 2025-01-26 00:30:27 --> Session: Class initialized using 'CodeIgniter\Session\Handlers\FileHandler' driver.
INFO - 2025-01-26 00:30:44 --> Session: Class initialized using 'CodeIgniter\Session\Handlers\FileHandler' driver.
INFO - 2025-01-26 00:30:44 --> Session: Class initialized using 'CodeIgniter\Session\Handlers\FileHandler' driver.
INFO - 2025-01-26 00:32:33 --> Session: Class initialized using 'CodeIgniter\Session\Handlers\FileHandler' driver.
ERROR - 2025-01-26 00:32:44 --> mysqli_sql_exception: Cannot add or update a child row: a foreign key constraint fails (`censa-jar`.`grados`, CONSTRAINT `grados_ibfk_1` FOREIGN KEY (`secciones`) REFERENCES `secciones` (`id`)) in C:\xampp\htdocs\edsn\system\Database\MySQLi\Connection.php:312
Stack trace:
#0 C:\xampp\htdocs\edsn\system\Database\MySQLi\Connection.php(312): mysqli->query('INSERT INTO `gr...', 0)
#1 C:\xampp\htdocs\edsn\system\Database\BaseConnection.php(734): CodeIgniter\Database\MySQLi\Connection->execute('INSERT INTO `gr...')
#2 C:\xampp\htdocs\edsn\system\Database\BaseConnection.php(648): CodeIgniter\Database\BaseConnection->simpleQuery('INSERT INTO `gr...')
#3 C:\xampp\htdocs\edsn\system\Database\BaseBuilder.php(2340): CodeIgniter\Database\BaseConnection->query('INSERT INTO `gr...', Array, false)
#4 C:\xampp\htdocs\edsn\system\Model.php(394): CodeIgniter\Database\BaseBuilder->insert()
#5 C:\xampp\htdocs\edsn\system\BaseModel.php(840): CodeIgniter\Model->doInsert(Array)
#6 C:\xampp\htdocs\edsn\system\Model.php(802): CodeIgniter\BaseModel->insert(Array, false)
#7 C:\xampp\htdocs\edsn\system\BaseModel.php(751): CodeIgniter\Model->insert(Array, false)
#8 C:\xampp\htdocs\edsn\app\Controllers\Grados.php(90): CodeIgniter\BaseModel->save(Array)
#9 C:\xampp\htdocs\edsn\system\CodeIgniter.php(933): App\Controllers\Grados->insertar()
#10 C:\xampp\htdocs\edsn\system\CodeIgniter.php(509): CodeIgniter\CodeIgniter->runController(Object(App\Controllers\Grados))
#11 C:\xampp\htdocs\edsn\system\CodeIgniter.php(355): CodeIgniter\CodeIgniter->handleRequest(NULL, Object(Config\Cache), false)
#12 C:\xampp\htdocs\edsn\system\Boot.php(325): CodeIgniter\CodeIgniter->run()
#13 C:\xampp\htdocs\edsn\system\Boot.php(67): CodeIgniter\Boot::runCodeIgniter(Object(CodeIgniter\CodeIgniter))
#14 C:\xampp\htdocs\edsn\public\index.php(56): CodeIgniter\Boot::bootWeb(Object(Config\Paths))
#15 {main}
CRITICAL - 2025-01-26 00:32:44 --> CodeIgniter\Database\Exceptions\DatabaseException: Cannot add or update a child row: a foreign key constraint fails (`censa-jar`.`grados`, CONSTRAINT `grados_ibfk_1` FOREIGN KEY (`secciones`) REFERENCES `secciones` (`id`))
[Method: POST, Route: grados/insertar]
in SYSTEMPATH\Database\BaseConnection.php on line 688.
 1 SYSTEMPATH\Database\BaseBuilder.php(2340): CodeIgniter\Database\BaseConnection->query('INSERT INTO `grados` (`nombre`, `nombre_corto`, `secciones`, `codigo_curso`, `fecha_alta`, `fecha_edit`) VALUES (:nombre:, :nombre_corto:, :secciones:, :codigo_curso:, :fecha_alta:, :fecha_edit:)', [...], false)
 2 SYSTEMPATH\Model.php(394): CodeIgniter\Database\BaseBuilder->insert()
 3 SYSTEMPATH\BaseModel.php(840): CodeIgniter\Model->doInsert([...])
 4 SYSTEMPATH\Model.php(802): CodeIgniter\BaseModel->insert([...], false)
 5 SYSTEMPATH\BaseModel.php(751): CodeIgniter\Model->insert([...], false)
 6 APPPATH\Controllers\Grados.php(90): CodeIgniter\BaseModel->save([...])
 7 SYSTEMPATH\CodeIgniter.php(933): App\Controllers\Grados->insertar()
 8 SYSTEMPATH\CodeIgniter.php(509): CodeIgniter\CodeIgniter->runController(Object(App\Controllers\Grados))
 9 SYSTEMPATH\CodeIgniter.php(355): CodeIgniter\CodeIgniter->handleRequest(null, Object(Config\Cache), false)
10 SYSTEMPATH\Boot.php(325): CodeIgniter\CodeIgniter->run()
11 SYSTEMPATH\Boot.php(67): CodeIgniter\Boot::runCodeIgniter(Object(CodeIgniter\CodeIgniter))
12 FCPATH\index.php(56): CodeIgniter\Boot::bootWeb(Object(Config\Paths))
CRITICAL - 2025-01-26 00:32:44 --> [Caused by] CodeIgniter\Database\Exceptions\DatabaseException: Cannot add or update a child row: a foreign key constraint fails (`censa-jar`.`grados`, CONSTRAINT `grados_ibfk_1` FOREIGN KEY (`secciones`) REFERENCES `secciones` (`id`))
in SYSTEMPATH\Database\MySQLi\Connection.php on line 317.
 1 SYSTEMPATH\Database\BaseConnection.php(734): CodeIgniter\Database\MySQLi\Connection->execute('INSERT INTO `grados` (`nombre`, `nombre_corto`, `secciones`, `codigo_curso`, `fecha_alta`, `fecha_edit`) VALUES (\'Pre-Primario\', \'PP\', \'A\', \'PP-A\', \'2025-01-26 00:32:44\', \'2025-01-26 00:32:44\')')
 2 SYSTEMPATH\Database\BaseConnection.php(648): CodeIgniter\Database\BaseConnection->simpleQuery('INSERT INTO `grados` (`nombre`, `nombre_corto`, `secciones`, `codigo_curso`, `fecha_alta`, `fecha_edit`) VALUES (\'Pre-Primario\', \'PP\', \'A\', \'PP-A\', \'2025-01-26 00:32:44\', \'2025-01-26 00:32:44\')')
 3 SYSTEMPATH\Database\BaseBuilder.php(2340): CodeIgniter\Database\BaseConnection->query('INSERT INTO `grados` (`nombre`, `nombre_corto`, `secciones`, `codigo_curso`, `fecha_alta`, `fecha_edit`) VALUES (:nombre:, :nombre_corto:, :secciones:, :codigo_curso:, :fecha_alta:, :fecha_edit:)', [...], false)
 4 SYSTEMPATH\Model.php(394): CodeIgniter\Database\BaseBuilder->insert()
 5 SYSTEMPATH\BaseModel.php(840): CodeIgniter\Model->doInsert([...])
 6 SYSTEMPATH\Model.php(802): CodeIgniter\BaseModel->insert([...], false)
 7 SYSTEMPATH\BaseModel.php(751): CodeIgniter\Model->insert([...], false)
 8 APPPATH\Controllers\Grados.php(90): CodeIgniter\BaseModel->save([...])
 9 SYSTEMPATH\CodeIgniter.php(933): App\Controllers\Grados->insertar()
10 SYSTEMPATH\CodeIgniter.php(509): CodeIgniter\CodeIgniter->runController(Object(App\Controllers\Grados))
11 SYSTEMPATH\CodeIgniter.php(355): CodeIgniter\CodeIgniter->handleRequest(null, Object(Config\Cache), false)
12 SYSTEMPATH\Boot.php(325): CodeIgniter\CodeIgniter->run()
13 SYSTEMPATH\Boot.php(67): CodeIgniter\Boot::runCodeIgniter(Object(CodeIgniter\CodeIgniter))
14 FCPATH\index.php(56): CodeIgniter\Boot::bootWeb(Object(Config\Paths))
CRITICAL - 2025-01-26 00:32:44 --> [Caused by] mysqli_sql_exception: Cannot add or update a child row: a foreign key constraint fails (`censa-jar`.`grados`, CONSTRAINT `grados_ibfk_1` FOREIGN KEY (`secciones`) REFERENCES `secciones` (`id`))
in SYSTEMPATH\Database\MySQLi\Connection.php on line 312.
 1 SYSTEMPATH\Database\MySQLi\Connection.php(312): mysqli->query('INSERT INTO `grados` (`nombre`, `nombre_corto`, `secciones`, `codigo_curso`, `fecha_alta`, `fecha_edit`) VALUES (\'Pre-Primario\', \'PP\', \'A\', \'PP-A\', \'2025-01-26 00:32:44\', \'2025-01-26 00:32:44\')', 0)
 2 SYSTEMPATH\Database\BaseConnection.php(734): CodeIgniter\Database\MySQLi\Connection->execute('INSERT INTO `grados` (`nombre`, `nombre_corto`, `secciones`, `codigo_curso`, `fecha_alta`, `fecha_edit`) VALUES (\'Pre-Primario\', \'PP\', \'A\', \'PP-A\', \'2025-01-26 00:32:44\', \'2025-01-26 00:32:44\')')
 3 SYSTEMPATH\Database\BaseConnection.php(648): CodeIgniter\Database\BaseConnection->simpleQuery('INSERT INTO `grados` (`nombre`, `nombre_corto`, `secciones`, `codigo_curso`, `fecha_alta`, `fecha_edit`) VALUES (\'Pre-Primario\', \'PP\', \'A\', \'PP-A\', \'2025-01-26 00:32:44\', \'2025-01-26 00:32:44\')')
 4 SYSTEMPATH\Database\BaseBuilder.php(2340): CodeIgniter\Database\BaseConnection->query('INSERT INTO `grados` (`nombre`, `nombre_corto`, `secciones`, `codigo_curso`, `fecha_alta`, `fecha_edit`) VALUES (:nombre:, :nombre_corto:, :secciones:, :codigo_curso:, :fecha_alta:, :fecha_edit:)', [...], false)
 5 SYSTEMPATH\Model.php(394): CodeIgniter\Database\BaseBuilder->insert()
 6 SYSTEMPATH\BaseModel.php(840): CodeIgniter\Model->doInsert([...])
 7 SYSTEMPATH\Model.php(802): CodeIgniter\BaseModel->insert([...], false)
 8 SYSTEMPATH\BaseModel.php(751): CodeIgniter\Model->insert([...], false)
 9 APPPATH\Controllers\Grados.php(90): CodeIgniter\BaseModel->save([...])
10 SYSTEMPATH\CodeIgniter.php(933): App\Controllers\Grados->insertar()
11 SYSTEMPATH\CodeIgniter.php(509): CodeIgniter\CodeIgniter->runController(Object(App\Controllers\Grados))
12 SYSTEMPATH\CodeIgniter.php(355): CodeIgniter\CodeIgniter->handleRequest(null, Object(Config\Cache), false)
13 SYSTEMPATH\Boot.php(325): CodeIgniter\CodeIgniter->run()
14 SYSTEMPATH\Boot.php(67): CodeIgniter\Boot::runCodeIgniter(Object(CodeIgniter\CodeIgniter))
15 FCPATH\index.php(56): CodeIgniter\Boot::bootWeb(Object(Config\Paths))
INFO - 2025-01-26 00:42:48 --> Session: Class initialized using 'CodeIgniter\Session\Handlers\FileHandler' driver.
INFO - 2025-01-26 00:42:50 --> Session: Class initialized using 'CodeIgniter\Session\Handlers\FileHandler' driver.
INFO - 2025-01-26 00:47:38 --> Session: Class initialized using 'CodeIgniter\Session\Handlers\FileHandler' driver.
INFO - 2025-01-26 00:47:43 --> Session: Class initialized using 'CodeIgniter\Session\Handlers\FileHandler' driver.
INFO - 2025-01-26 00:47:59 --> Session: Class initialized using 'CodeIgniter\Session\Handlers\FileHandler' driver.
INFO - 2025-01-26 00:48:02 --> Session: Class initialized using 'CodeIgniter\Session\Handlers\FileHandler' driver.
INFO - 2025-01-26 00:48:32 --> Session: Class initialized using 'CodeIgniter\Session\Handlers\FileHandler' driver.
INFO - 2025-01-26 00:54:05 --> Session: Class initialized using 'CodeIgniter\Session\Handlers\FileHandler' driver.
INFO - 2025-01-26 00:54:50 --> Session: Class initialized using 'CodeIgniter\Session\Handlers\FileHandler' driver.
INFO - 2025-01-26 00:55:11 --> Session: Class initialized using 'CodeIgniter\Session\Handlers\FileHandler' driver.
INFO - 2025-01-26 00:57:02 --> Session: Class initialized using 'CodeIgniter\Session\Handlers\FileHandler' driver.
INFO - 2025-01-26 00:57:15 --> Session: Class initialized using 'CodeIgniter\Session\Handlers\FileHandler' driver.
INFO - 2025-01-26 00:59:08 --> Session: Class initialized using 'CodeIgniter\Session\Handlers\FileHandler' driver.
INFO - 2025-01-26 00:59:15 --> Session: Class initialized using 'CodeIgniter\Session\Handlers\FileHandler' driver.
INFO - 2025-01-26 01:00:54 --> Session: Class initialized using 'CodeIgniter\Session\Handlers\FileHandler' driver.
INFO - 2025-01-26 01:01:09 --> Session: Class initialized using 'CodeIgniter\Session\Handlers\FileHandler' driver.
CRITICAL - 2025-01-26 01:01:09 --> ErrorException: Undefined array key "codigo_seccion"
[Method: GET, Route: grados]
in APPPATH\Views\grados\grados.php on line 41.
 1 APPPATH\Views\grados\grados.php(41): CodeIgniter\Debug\Exceptions->errorHandler(2, 'Undefined array key "codigo_seccion"', 'C:\\xampp\\htdocs\\edsn\\app\\Views\\grados\\grados.php', 41)
 2 SYSTEMPATH\View\View.php(234): include('C:\\xampp\\htdocs\\edsn\\app\\Views\\grados\\grados.php')
 3 SYSTEMPATH\View\View.php(237): CodeIgniter\View\View->CodeIgniter\View\{closure}()
 4 SYSTEMPATH\Common.php(1171): CodeIgniter\View\View->render('grados/grados', [], true)
 5 APPPATH\Controllers\Grados.php(38): view('grados/grados', [...])
 6 SYSTEMPATH\CodeIgniter.php(933): App\Controllers\Grados->index()
 7 SYSTEMPATH\CodeIgniter.php(509): CodeIgniter\CodeIgniter->runController(Object(App\Controllers\Grados))
 8 SYSTEMPATH\CodeIgniter.php(355): CodeIgniter\CodeIgniter->handleRequest(null, Object(Config\Cache), false)
 9 SYSTEMPATH\Boot.php(325): CodeIgniter\CodeIgniter->run()
10 SYSTEMPATH\Boot.php(67): CodeIgniter\Boot::runCodeIgniter(Object(CodeIgniter\CodeIgniter))
11 FCPATH\index.php(56): CodeIgniter\Boot::bootWeb(Object(Config\Paths))
INFO - 2025-01-26 01:04:19 --> Session: Class initialized using 'CodeIgniter\Session\Handlers\FileHandler' driver.
INFO - 2025-01-26 01:04:29 --> Session: Class initialized using 'CodeIgniter\Session\Handlers\FileHandler' driver.
INFO - 2025-01-26 01:04:36 --> Session: Class initialized using 'CodeIgniter\Session\Handlers\FileHandler' driver.
INFO - 2025-01-26 01:04:43 --> Session: Class initialized using 'CodeIgniter\Session\Handlers\FileHandler' driver.
INFO - 2025-01-26 01:05:52 --> Session: Class initialized using 'CodeIgniter\Session\Handlers\FileHandler' driver.
INFO - 2025-01-26 01:07:35 --> Session: Class initialized using 'CodeIgniter\Session\Handlers\FileHandler' driver.
INFO - 2025-01-26 01:08:13 --> Session: Class initialized using 'CodeIgniter\Session\Handlers\FileHandler' driver.
DEBUG - 2025-01-26 01:57:13 --> Editando escuela con ID: 1
DEBUG - 2025-01-26 01:57:27 --> Editando escuela con ID: 1
INFO - 2025-01-26 02:46:40 --> Session: Class initialized using 'CodeIgniter\Session\Handlers\FileHandler' driver.
INFO - 2025-01-26 02:47:05 --> Session: Class initialized using 'CodeIgniter\Session\Handlers\FileHandler' driver.
INFO - 2025-01-26 02:48:06 --> Session: Class initialized using 'CodeIgniter\Session\Handlers\FileHandler' driver.
INFO - 2025-01-26 02:52:19 --> Session: Class initialized using 'CodeIgniter\Session\Handlers\FileHandler' driver.
INFO - 2025-01-26 02:52:44 --> Session: Class initialized using 'CodeIgniter\Session\Handlers\FileHandler' driver.
INFO - 2025-01-26 02:52:53 --> Session: Class initialized using 'CodeIgniter\Session\Handlers\FileHandler' driver.
DEBUG - 2025-01-26 02:54:19 --> Editando escuela con ID: 1
DEBUG - 2025-01-26 03:13:43 --> Editando escuela con ID: 1
DEBUG - 2025-01-26 03:13:52 --> Editando escuela con ID: 1
DEBUG - 2025-01-26 03:14:12 --> Editando asignatura con ID: 1
INFO - 2025-01-26 03:14:26 --> Session: Class initialized using 'CodeIgniter\Session\Handlers\FileHandler' driver.
DEBUG - 2025-01-26 03:14:33 --> Editando asignatura con ID: 1
DEBUG - 2025-01-26 03:17:22 --> Editando asignatura con ID: 1
DEBUG - 2025-01-26 03:17:27 --> Editando asignatura con ID: 1
DEBUG - 2025-01-26 03:17:45 --> Editando asignatura con ID: 1
DEBUG - 2025-01-26 03:18:43 --> Editando asignatura con ID: 1
DEBUG - 2025-01-26 03:19:27 --> Editando asignatura con ID: 2
