CRITICAL - 2025-01-28 00:08:06 --> ParseError: syntax error, unexpected token "/"
[Method: GET, Route: grados/nuevoCurso]
in APPPATH\Controllers\Grados.php on line 83.
 1 SYSTEMPATH\Router\Router.php(563): CodeIgniter\Router\AutoRouter->getRoute('grados/nuevoCurso', 'GET')
 2 SYSTEMPATH\Router\Router.php(228): CodeIgniter\Router\Router->autoRoute('grados/nuevoCurso')
 3 SYSTEMPATH\CodeIgniter.php(834): CodeIgniter\Router\Router->handle('grados/nuevoCurso')
 4 SYSTEMPATH\CodeIgniter.php(457): CodeIgniter\CodeIgniter->tryToRouteIt(Object(CodeIgniter\Router\RouteCollection))
 5 SYSTEMPATH\CodeIgniter.php(355): CodeIgniter\CodeIgniter->handleRequest(null, Object(Config\Cache), false)
 6 SYSTEMPATH\Boot.php(325): CodeIgniter\CodeIgniter->run()
 7 SYSTEMPATH\Boot.php(67): CodeIgniter\Boot::runCodeIgniter(Object(CodeIgniter\CodeIgniter))
 8 FCPATH\index.php(56): CodeIgniter\Boot::bootWeb(Object(Config\Paths))
INFO - 2025-01-28 00:11:22 --> Session: Class initialized using 'CodeIgniter\Session\Handlers\FileHandler' driver.
INFO - 2025-01-28 00:11:30 --> Session: Class initialized using 'CodeIgniter\Session\Handlers\FileHandler' driver.
INFO - 2025-01-28 00:11:30 --> Session: Class initialized using 'CodeIgniter\Session\Handlers\FileHandler' driver.
INFO - 2025-01-28 00:24:04 --> Session: Class initialized using 'CodeIgniter\Session\Handlers\FileHandler' driver.
INFO - 2025-01-28 00:24:12 --> Session: Class initialized using 'CodeIgniter\Session\Handlers\FileHandler' driver.
INFO - 2025-01-28 00:24:12 --> Session: Class initialized using 'CodeIgniter\Session\Handlers\FileHandler' driver.
INFO - 2025-01-28 00:25:22 --> Session: Class initialized using 'CodeIgniter\Session\Handlers\FileHandler' driver.
INFO - 2025-01-28 00:25:30 --> Session: Class initialized using 'CodeIgniter\Session\Handlers\FileHandler' driver.
INFO - 2025-01-28 00:25:30 --> Session: Class initialized using 'CodeIgniter\Session\Handlers\FileHandler' driver.
INFO - 2025-01-28 00:25:51 --> Session: Class initialized using 'CodeIgniter\Session\Handlers\FileHandler' driver.
INFO - 2025-01-28 00:26:00 --> Session: Class initialized using 'CodeIgniter\Session\Handlers\FileHandler' driver.
INFO - 2025-01-28 00:26:00 --> Session: Class initialized using 'CodeIgniter\Session\Handlers\FileHandler' driver.
INFO - 2025-01-28 00:26:36 --> Session: Class initialized using 'CodeIgniter\Session\Handlers\FileHandler' driver.
ERROR - 2025-01-28 00:26:42 --> mysqli_sql_exception: Cannot add or update a child row: a foreign key constraint fails (`censa-jar`.`cursos`, CONSTRAINT `cursos_ibfk_1` FOREIGN KEY (`id_grado`) REFERENCES `grados` (`id`)) in C:\xampp\htdocs\edsn\system\Database\MySQLi\Connection.php:312
Stack trace:
#0 C:\xampp\htdocs\edsn\system\Database\MySQLi\Connection.php(312): mysqli->query('INSERT INTO `cu...', 0)
#1 C:\xampp\htdocs\edsn\system\Database\BaseConnection.php(734): CodeIgniter\Database\MySQLi\Connection->execute('INSERT INTO `cu...')
#2 C:\xampp\htdocs\edsn\system\Database\BaseConnection.php(648): CodeIgniter\Database\BaseConnection->simpleQuery('INSERT INTO `cu...')
#3 C:\xampp\htdocs\edsn\system\Database\BaseBuilder.php(2340): CodeIgniter\Database\BaseConnection->query('INSERT INTO `cu...', Array, false)
#4 C:\xampp\htdocs\edsn\system\Model.php(394): CodeIgniter\Database\BaseBuilder->insert()
#5 C:\xampp\htdocs\edsn\system\BaseModel.php(840): CodeIgniter\Model->doInsert(Array)
#6 C:\xampp\htdocs\edsn\system\Model.php(802): CodeIgniter\BaseModel->insert(Array, false)
#7 C:\xampp\htdocs\edsn\system\BaseModel.php(751): CodeIgniter\Model->insert(Array, false)
#8 C:\xampp\htdocs\edsn\app\Controllers\Grados.php(116): CodeIgniter\BaseModel->save(Array)
#9 C:\xampp\htdocs\edsn\system\CodeIgniter.php(933): App\Controllers\Grados->insertarCurso()
#10 C:\xampp\htdocs\edsn\system\CodeIgniter.php(509): CodeIgniter\CodeIgniter->runController(Object(App\Controllers\Grados))
#11 C:\xampp\htdocs\edsn\system\CodeIgniter.php(355): CodeIgniter\CodeIgniter->handleRequest(NULL, Object(Config\Cache), false)
#12 C:\xampp\htdocs\edsn\system\Boot.php(325): CodeIgniter\CodeIgniter->run()
#13 C:\xampp\htdocs\edsn\system\Boot.php(67): CodeIgniter\Boot::runCodeIgniter(Object(CodeIgniter\CodeIgniter))
#14 C:\xampp\htdocs\edsn\public\index.php(56): CodeIgniter\Boot::bootWeb(Object(Config\Paths))
#15 {main}
CRITICAL - 2025-01-28 00:26:42 --> CodeIgniter\Database\Exceptions\DatabaseException: Cannot add or update a child row: a foreign key constraint fails (`censa-jar`.`cursos`, CONSTRAINT `cursos_ibfk_1` FOREIGN KEY (`id_grado`) REFERENCES `grados` (`id`))
[Method: POST, Route: grados/insertarCurso]
in SYSTEMPATH\Database\BaseConnection.php on line 688.
 1 SYSTEMPATH\Database\BaseBuilder.php(2340): CodeIgniter\Database\BaseConnection->query('INSERT INTO `cursos` (`nombreCurso`, `codigoCurso`, `fecha_alta`, `fecha_edit`) VALUES (:nombreCurso:, :codigoCurso:, :fecha_alta:, :fecha_edit:)', [...], false)
 2 SYSTEMPATH\Model.php(394): CodeIgniter\Database\BaseBuilder->insert()
 3 SYSTEMPATH\BaseModel.php(840): CodeIgniter\Model->doInsert([...])
 4 SYSTEMPATH\Model.php(802): CodeIgniter\BaseModel->insert([...], false)
 5 SYSTEMPATH\BaseModel.php(751): CodeIgniter\Model->insert([...], false)
 6 APPPATH\Controllers\Grados.php(116): CodeIgniter\BaseModel->save([...])
 7 SYSTEMPATH\CodeIgniter.php(933): App\Controllers\Grados->insertarCurso()
 8 SYSTEMPATH\CodeIgniter.php(509): CodeIgniter\CodeIgniter->runController(Object(App\Controllers\Grados))
 9 SYSTEMPATH\CodeIgniter.php(355): CodeIgniter\CodeIgniter->handleRequest(null, Object(Config\Cache), false)
10 SYSTEMPATH\Boot.php(325): CodeIgniter\CodeIgniter->run()
11 SYSTEMPATH\Boot.php(67): CodeIgniter\Boot::runCodeIgniter(Object(CodeIgniter\CodeIgniter))
12 FCPATH\index.php(56): CodeIgniter\Boot::bootWeb(Object(Config\Paths))
CRITICAL - 2025-01-28 00:26:42 --> [Caused by] CodeIgniter\Database\Exceptions\DatabaseException: Cannot add or update a child row: a foreign key constraint fails (`censa-jar`.`cursos`, CONSTRAINT `cursos_ibfk_1` FOREIGN KEY (`id_grado`) REFERENCES `grados` (`id`))
in SYSTEMPATH\Database\MySQLi\Connection.php on line 317.
 1 SYSTEMPATH\Database\BaseConnection.php(734): CodeIgniter\Database\MySQLi\Connection->execute('INSERT INTO `cursos` (`nombreCurso`, `codigoCurso`, `fecha_alta`, `fecha_edit`) VALUES (\'1ro de Primaria A\', \'1RO-PRI-A\', \'2025-01-28 00:26:42\', \'2025-01-28 00:26:42\')')
 2 SYSTEMPATH\Database\BaseConnection.php(648): CodeIgniter\Database\BaseConnection->simpleQuery('INSERT INTO `cursos` (`nombreCurso`, `codigoCurso`, `fecha_alta`, `fecha_edit`) VALUES (\'1ro de Primaria A\', \'1RO-PRI-A\', \'2025-01-28 00:26:42\', \'2025-01-28 00:26:42\')')
 3 SYSTEMPATH\Database\BaseBuilder.php(2340): CodeIgniter\Database\BaseConnection->query('INSERT INTO `cursos` (`nombreCurso`, `codigoCurso`, `fecha_alta`, `fecha_edit`) VALUES (:nombreCurso:, :codigoCurso:, :fecha_alta:, :fecha_edit:)', [...], false)
 4 SYSTEMPATH\Model.php(394): CodeIgniter\Database\BaseBuilder->insert()
 5 SYSTEMPATH\BaseModel.php(840): CodeIgniter\Model->doInsert([...])
 6 SYSTEMPATH\Model.php(802): CodeIgniter\BaseModel->insert([...], false)
 7 SYSTEMPATH\BaseModel.php(751): CodeIgniter\Model->insert([...], false)
 8 APPPATH\Controllers\Grados.php(116): CodeIgniter\BaseModel->save([...])
 9 SYSTEMPATH\CodeIgniter.php(933): App\Controllers\Grados->insertarCurso()
10 SYSTEMPATH\CodeIgniter.php(509): CodeIgniter\CodeIgniter->runController(Object(App\Controllers\Grados))
11 SYSTEMPATH\CodeIgniter.php(355): CodeIgniter\CodeIgniter->handleRequest(null, Object(Config\Cache), false)
12 SYSTEMPATH\Boot.php(325): CodeIgniter\CodeIgniter->run()
13 SYSTEMPATH\Boot.php(67): CodeIgniter\Boot::runCodeIgniter(Object(CodeIgniter\CodeIgniter))
14 FCPATH\index.php(56): CodeIgniter\Boot::bootWeb(Object(Config\Paths))
CRITICAL - 2025-01-28 00:26:42 --> [Caused by] mysqli_sql_exception: Cannot add or update a child row: a foreign key constraint fails (`censa-jar`.`cursos`, CONSTRAINT `cursos_ibfk_1` FOREIGN KEY (`id_grado`) REFERENCES `grados` (`id`))
in SYSTEMPATH\Database\MySQLi\Connection.php on line 312.
 1 SYSTEMPATH\Database\MySQLi\Connection.php(312): mysqli->query('INSERT INTO `cursos` (`nombreCurso`, `codigoCurso`, `fecha_alta`, `fecha_edit`) VALUES (\'1ro de Primaria A\', \'1RO-PRI-A\', \'2025-01-28 00:26:42\', \'2025-01-28 00:26:42\')', 0)
 2 SYSTEMPATH\Database\BaseConnection.php(734): CodeIgniter\Database\MySQLi\Connection->execute('INSERT INTO `cursos` (`nombreCurso`, `codigoCurso`, `fecha_alta`, `fecha_edit`) VALUES (\'1ro de Primaria A\', \'1RO-PRI-A\', \'2025-01-28 00:26:42\', \'2025-01-28 00:26:42\')')
 3 SYSTEMPATH\Database\BaseConnection.php(648): CodeIgniter\Database\BaseConnection->simpleQuery('INSERT INTO `cursos` (`nombreCurso`, `codigoCurso`, `fecha_alta`, `fecha_edit`) VALUES (\'1ro de Primaria A\', \'1RO-PRI-A\', \'2025-01-28 00:26:42\', \'2025-01-28 00:26:42\')')
 4 SYSTEMPATH\Database\BaseBuilder.php(2340): CodeIgniter\Database\BaseConnection->query('INSERT INTO `cursos` (`nombreCurso`, `codigoCurso`, `fecha_alta`, `fecha_edit`) VALUES (:nombreCurso:, :codigoCurso:, :fecha_alta:, :fecha_edit:)', [...], false)
 5 SYSTEMPATH\Model.php(394): CodeIgniter\Database\BaseBuilder->insert()
 6 SYSTEMPATH\BaseModel.php(840): CodeIgniter\Model->doInsert([...])
 7 SYSTEMPATH\Model.php(802): CodeIgniter\BaseModel->insert([...], false)
 8 SYSTEMPATH\BaseModel.php(751): CodeIgniter\Model->insert([...], false)
 9 APPPATH\Controllers\Grados.php(116): CodeIgniter\BaseModel->save([...])
10 SYSTEMPATH\CodeIgniter.php(933): App\Controllers\Grados->insertarCurso()
11 SYSTEMPATH\CodeIgniter.php(509): CodeIgniter\CodeIgniter->runController(Object(App\Controllers\Grados))
12 SYSTEMPATH\CodeIgniter.php(355): CodeIgniter\CodeIgniter->handleRequest(null, Object(Config\Cache), false)
13 SYSTEMPATH\Boot.php(325): CodeIgniter\CodeIgniter->run()
14 SYSTEMPATH\Boot.php(67): CodeIgniter\Boot::runCodeIgniter(Object(CodeIgniter\CodeIgniter))
15 FCPATH\index.php(56): CodeIgniter\Boot::bootWeb(Object(Config\Paths))
INFO - 2025-01-28 00:30:43 --> Session: Class initialized using 'CodeIgniter\Session\Handlers\FileHandler' driver.
INFO - 2025-01-28 00:30:47 --> Session: Class initialized using 'CodeIgniter\Session\Handlers\FileHandler' driver.
INFO - 2025-01-28 00:31:19 --> Session: Class initialized using 'CodeIgniter\Session\Handlers\FileHandler' driver.
INFO - 2025-01-28 00:31:26 --> Session: Class initialized using 'CodeIgniter\Session\Handlers\FileHandler' driver.
INFO - 2025-01-28 00:32:03 --> Session: Class initialized using 'CodeIgniter\Session\Handlers\FileHandler' driver.
INFO - 2025-01-28 00:32:12 --> Session: Class initialized using 'CodeIgniter\Session\Handlers\FileHandler' driver.
INFO - 2025-01-28 00:32:12 --> Session: Class initialized using 'CodeIgniter\Session\Handlers\FileHandler' driver.
INFO - 2025-01-28 00:32:48 --> Session: Class initialized using 'CodeIgniter\Session\Handlers\FileHandler' driver.
INFO - 2025-01-28 00:32:54 --> Session: Class initialized using 'CodeIgniter\Session\Handlers\FileHandler' driver.
INFO - 2025-01-28 00:35:38 --> Session: Class initialized using 'CodeIgniter\Session\Handlers\FileHandler' driver.
INFO - 2025-01-28 00:35:45 --> Session: Class initialized using 'CodeIgniter\Session\Handlers\FileHandler' driver.
INFO - 2025-01-28 00:35:48 --> Session: Class initialized using 'CodeIgniter\Session\Handlers\FileHandler' driver.
INFO - 2025-01-28 00:35:57 --> Session: Class initialized using 'CodeIgniter\Session\Handlers\FileHandler' driver.
INFO - 2025-01-28 00:36:17 --> Session: Class initialized using 'CodeIgniter\Session\Handlers\FileHandler' driver.
INFO - 2025-01-28 00:36:24 --> Session: Class initialized using 'CodeIgniter\Session\Handlers\FileHandler' driver.
CRITICAL - 2025-01-28 00:49:35 --> ErrorException: Undefined array key "seccion"
[Method: GET, Route: grados]
in APPPATH\Views\grados\grados.php on line 50.
 1 APPPATH\Views\grados\grados.php(50): CodeIgniter\Debug\Exceptions->errorHandler(2, 'Undefined array key "seccion"', 'C:\\xampp\\htdocs\\edsn\\app\\Views\\grados\\grados.php', 50)
 2 SYSTEMPATH\View\View.php(234): include('C:\\xampp\\htdocs\\edsn\\app\\Views\\grados\\grados.php')
 3 SYSTEMPATH\View\View.php(237): CodeIgniter\View\View->CodeIgniter\View\{closure}()
 4 SYSTEMPATH\Common.php(1171): CodeIgniter\View\View->render('grados/grados', [], true)
 5 APPPATH\Controllers\Grados.php(29): view('grados/grados', [...])
 6 SYSTEMPATH\CodeIgniter.php(933): App\Controllers\Grados->index()
 7 SYSTEMPATH\CodeIgniter.php(509): CodeIgniter\CodeIgniter->runController(Object(App\Controllers\Grados))
 8 SYSTEMPATH\CodeIgniter.php(355): CodeIgniter\CodeIgniter->handleRequest(null, Object(Config\Cache), false)
 9 SYSTEMPATH\Boot.php(325): CodeIgniter\CodeIgniter->run()
10 SYSTEMPATH\Boot.php(67): CodeIgniter\Boot::runCodeIgniter(Object(CodeIgniter\CodeIgniter))
11 FCPATH\index.php(56): CodeIgniter\Boot::bootWeb(Object(Config\Paths))
CRITICAL - 2025-01-28 00:50:08 --> ErrorException: Undefined array key "secciones"
[Method: GET, Route: grados]
in APPPATH\Views\grados\grados.php on line 50.
 1 APPPATH\Views\grados\grados.php(50): CodeIgniter\Debug\Exceptions->errorHandler(2, 'Undefined array key "secciones"', 'C:\\xampp\\htdocs\\edsn\\app\\Views\\grados\\grados.php', 50)
 2 SYSTEMPATH\View\View.php(234): include('C:\\xampp\\htdocs\\edsn\\app\\Views\\grados\\grados.php')
 3 SYSTEMPATH\View\View.php(237): CodeIgniter\View\View->CodeIgniter\View\{closure}()
 4 SYSTEMPATH\Common.php(1171): CodeIgniter\View\View->render('grados/grados', [], true)
 5 APPPATH\Controllers\Grados.php(29): view('grados/grados', [...])
 6 SYSTEMPATH\CodeIgniter.php(933): App\Controllers\Grados->index()
 7 SYSTEMPATH\CodeIgniter.php(509): CodeIgniter\CodeIgniter->runController(Object(App\Controllers\Grados))
 8 SYSTEMPATH\CodeIgniter.php(355): CodeIgniter\CodeIgniter->handleRequest(null, Object(Config\Cache), false)
 9 SYSTEMPATH\Boot.php(325): CodeIgniter\CodeIgniter->run()
10 SYSTEMPATH\Boot.php(67): CodeIgniter\Boot::runCodeIgniter(Object(CodeIgniter\CodeIgniter))
11 FCPATH\index.php(56): CodeIgniter\Boot::bootWeb(Object(Config\Paths))
CRITICAL - 2025-01-28 00:50:33 --> ErrorException: Undefined array key "id_secciones"
[Method: GET, Route: grados]
in APPPATH\Views\grados\grados.php on line 50.
 1 APPPATH\Views\grados\grados.php(50): CodeIgniter\Debug\Exceptions->errorHandler(2, 'Undefined array key "id_secciones"', 'C:\\xampp\\htdocs\\edsn\\app\\Views\\grados\\grados.php', 50)
 2 SYSTEMPATH\View\View.php(234): include('C:\\xampp\\htdocs\\edsn\\app\\Views\\grados\\grados.php')
 3 SYSTEMPATH\View\View.php(237): CodeIgniter\View\View->CodeIgniter\View\{closure}()
 4 SYSTEMPATH\Common.php(1171): CodeIgniter\View\View->render('grados/grados', [], true)
 5 APPPATH\Controllers\Grados.php(29): view('grados/grados', [...])
 6 SYSTEMPATH\CodeIgniter.php(933): App\Controllers\Grados->index()
 7 SYSTEMPATH\CodeIgniter.php(509): CodeIgniter\CodeIgniter->runController(Object(App\Controllers\Grados))
 8 SYSTEMPATH\CodeIgniter.php(355): CodeIgniter\CodeIgniter->handleRequest(null, Object(Config\Cache), false)
 9 SYSTEMPATH\Boot.php(325): CodeIgniter\CodeIgniter->run()
10 SYSTEMPATH\Boot.php(67): CodeIgniter\Boot::runCodeIgniter(Object(CodeIgniter\CodeIgniter))
11 FCPATH\index.php(56): CodeIgniter\Boot::bootWeb(Object(Config\Paths))
CRITICAL - 2025-01-28 00:50:51 --> ErrorException: Undefined array key "id_secciones"
[Method: GET, Route: grados]
in APPPATH\Views\grados\grados.php on line 50.
 1 APPPATH\Views\grados\grados.php(50): CodeIgniter\Debug\Exceptions->errorHandler(2, 'Undefined array key "id_secciones"', 'C:\\xampp\\htdocs\\edsn\\app\\Views\\grados\\grados.php', 50)
 2 SYSTEMPATH\View\View.php(234): include('C:\\xampp\\htdocs\\edsn\\app\\Views\\grados\\grados.php')
 3 SYSTEMPATH\View\View.php(237): CodeIgniter\View\View->CodeIgniter\View\{closure}()
 4 SYSTEMPATH\Common.php(1171): CodeIgniter\View\View->render('grados/grados', [], true)
 5 APPPATH\Controllers\Grados.php(29): view('grados/grados', [...])
 6 SYSTEMPATH\CodeIgniter.php(933): App\Controllers\Grados->index()
 7 SYSTEMPATH\CodeIgniter.php(509): CodeIgniter\CodeIgniter->runController(Object(App\Controllers\Grados))
 8 SYSTEMPATH\CodeIgniter.php(355): CodeIgniter\CodeIgniter->handleRequest(null, Object(Config\Cache), false)
 9 SYSTEMPATH\Boot.php(325): CodeIgniter\CodeIgniter->run()
10 SYSTEMPATH\Boot.php(67): CodeIgniter\Boot::runCodeIgniter(Object(CodeIgniter\CodeIgniter))
11 FCPATH\index.php(56): CodeIgniter\Boot::bootWeb(Object(Config\Paths))
CRITICAL - 2025-01-28 00:51:01 --> ErrorException: Undefined array key "seccion"
[Method: GET, Route: grados]
in APPPATH\Views\grados\grados.php on line 50.
 1 APPPATH\Views\grados\grados.php(50): CodeIgniter\Debug\Exceptions->errorHandler(2, 'Undefined array key "seccion"', 'C:\\xampp\\htdocs\\edsn\\app\\Views\\grados\\grados.php', 50)
 2 SYSTEMPATH\View\View.php(234): include('C:\\xampp\\htdocs\\edsn\\app\\Views\\grados\\grados.php')
 3 SYSTEMPATH\View\View.php(237): CodeIgniter\View\View->CodeIgniter\View\{closure}()
 4 SYSTEMPATH\Common.php(1171): CodeIgniter\View\View->render('grados/grados', [], true)
 5 APPPATH\Controllers\Grados.php(29): view('grados/grados', [...])
 6 SYSTEMPATH\CodeIgniter.php(933): App\Controllers\Grados->index()
 7 SYSTEMPATH\CodeIgniter.php(509): CodeIgniter\CodeIgniter->runController(Object(App\Controllers\Grados))
 8 SYSTEMPATH\CodeIgniter.php(355): CodeIgniter\CodeIgniter->handleRequest(null, Object(Config\Cache), false)
 9 SYSTEMPATH\Boot.php(325): CodeIgniter\CodeIgniter->run()
10 SYSTEMPATH\Boot.php(67): CodeIgniter\Boot::runCodeIgniter(Object(CodeIgniter\CodeIgniter))
11 FCPATH\index.php(56): CodeIgniter\Boot::bootWeb(Object(Config\Paths))
ERROR - 2025-01-28 00:58:22 --> mysqli_sql_exception: Unknown column 'cursos.codigo' in 'field list' in C:\xampp\htdocs\edsn\system\Database\MySQLi\Connection.php:312
Stack trace:
#0 C:\xampp\htdocs\edsn\system\Database\MySQLi\Connection.php(312): mysqli->query('SELECT `grados`...', 0)
#1 C:\xampp\htdocs\edsn\system\Database\BaseConnection.php(734): CodeIgniter\Database\MySQLi\Connection->execute('SELECT `grados`...')
#2 C:\xampp\htdocs\edsn\system\Database\BaseConnection.php(648): CodeIgniter\Database\BaseConnection->simpleQuery('SELECT `grados`...')
#3 C:\xampp\htdocs\edsn\system\Database\BaseBuilder.php(1644): CodeIgniter\Database\BaseConnection->query('SELECT `grados`...', Array, false)
#4 C:\xampp\htdocs\edsn\system\Model.php(286): CodeIgniter\Database\BaseBuilder->get()
#5 C:\xampp\htdocs\edsn\system\BaseModel.php(676): CodeIgniter\Model->doFindAll(0, 0)
#6 C:\xampp\htdocs\edsn\app\Controllers\Grados.php(28): CodeIgniter\BaseModel->findAll()
#7 C:\xampp\htdocs\edsn\system\CodeIgniter.php(933): App\Controllers\Grados->index()
#8 C:\xampp\htdocs\edsn\system\CodeIgniter.php(509): CodeIgniter\CodeIgniter->runController(Object(App\Controllers\Grados))
#9 C:\xampp\htdocs\edsn\system\CodeIgniter.php(355): CodeIgniter\CodeIgniter->handleRequest(NULL, Object(Config\Cache), false)
#10 C:\xampp\htdocs\edsn\system\Boot.php(325): CodeIgniter\CodeIgniter->run()
#11 C:\xampp\htdocs\edsn\system\Boot.php(67): CodeIgniter\Boot::runCodeIgniter(Object(CodeIgniter\CodeIgniter))
#12 C:\xampp\htdocs\edsn\public\index.php(56): CodeIgniter\Boot::bootWeb(Object(Config\Paths))
#13 {main}
CRITICAL - 2025-01-28 00:58:22 --> CodeIgniter\Database\Exceptions\DatabaseException: Unknown column 'cursos.codigo' in 'field list'
[Method: GET, Route: grados]
in SYSTEMPATH\Database\BaseConnection.php on line 688.
 1 SYSTEMPATH\Database\BaseBuilder.php(1644): CodeIgniter\Database\BaseConnection->query('SELECT `grados`.`id` AS `id_grado`, `grados`.`nombre` AS `grado_nombre`, `secciones`.`nombre` AS `seccion`, `cursos`.`nombreCurso` AS `curso`, `cursos`.`codigo`
FROM `grados`
LEFT JOIN `secciones` ON `secciones`.`grado_id` = `grados`.`id`
LEFT JOIN `cursos` ON `cursos`.`seccion_id` = `secciones`.`id`
WHERE `grados`.`activo` = :grados.activo:', [...], false)
 2 SYSTEMPATH\Model.php(286): CodeIgniter\Database\BaseBuilder->get()
 3 SYSTEMPATH\BaseModel.php(676): CodeIgniter\Model->doFindAll(0, 0)
 4 APPPATH\Controllers\Grados.php(28): CodeIgniter\BaseModel->findAll()
 5 SYSTEMPATH\CodeIgniter.php(933): App\Controllers\Grados->index()
 6 SYSTEMPATH\CodeIgniter.php(509): CodeIgniter\CodeIgniter->runController(Object(App\Controllers\Grados))
 7 SYSTEMPATH\CodeIgniter.php(355): CodeIgniter\CodeIgniter->handleRequest(null, Object(Config\Cache), false)
 8 SYSTEMPATH\Boot.php(325): CodeIgniter\CodeIgniter->run()
 9 SYSTEMPATH\Boot.php(67): CodeIgniter\Boot::runCodeIgniter(Object(CodeIgniter\CodeIgniter))
10 FCPATH\index.php(56): CodeIgniter\Boot::bootWeb(Object(Config\Paths))
CRITICAL - 2025-01-28 00:58:22 --> [Caused by] CodeIgniter\Database\Exceptions\DatabaseException: Unknown column 'cursos.codigo' in 'field list'
in SYSTEMPATH\Database\MySQLi\Connection.php on line 317.
 1 SYSTEMPATH\Database\BaseConnection.php(734): CodeIgniter\Database\MySQLi\Connection->execute('SELECT `grados`.`id` AS `id_grado`, `grados`.`nombre` AS `grado_nombre`, `secciones`.`nombre` AS `seccion`, `cursos`.`nombreCurso` AS `curso`, `cursos`.`codigo`
FROM `grados`
LEFT JOIN `secciones` ON `secciones`.`grado_id` = `grados`.`id`
LEFT JOIN `cursos` ON `cursos`.`seccion_id` = `secciones`.`id`
WHERE `grados`.`activo` = 1')
 2 SYSTEMPATH\Database\BaseConnection.php(648): CodeIgniter\Database\BaseConnection->simpleQuery('SELECT `grados`.`id` AS `id_grado`, `grados`.`nombre` AS `grado_nombre`, `secciones`.`nombre` AS `seccion`, `cursos`.`nombreCurso` AS `curso`, `cursos`.`codigo`
FROM `grados`
LEFT JOIN `secciones` ON `secciones`.`grado_id` = `grados`.`id`
LEFT JOIN `cursos` ON `cursos`.`seccion_id` = `secciones`.`id`
WHERE `grados`.`activo` = 1')
 3 SYSTEMPATH\Database\BaseBuilder.php(1644): CodeIgniter\Database\BaseConnection->query('SELECT `grados`.`id` AS `id_grado`, `grados`.`nombre` AS `grado_nombre`, `secciones`.`nombre` AS `seccion`, `cursos`.`nombreCurso` AS `curso`, `cursos`.`codigo`
FROM `grados`
LEFT JOIN `secciones` ON `secciones`.`grado_id` = `grados`.`id`
LEFT JOIN `cursos` ON `cursos`.`seccion_id` = `secciones`.`id`
WHERE `grados`.`activo` = :grados.activo:', [...], false)
 4 SYSTEMPATH\Model.php(286): CodeIgniter\Database\BaseBuilder->get()
 5 SYSTEMPATH\BaseModel.php(676): CodeIgniter\Model->doFindAll(0, 0)
 6 APPPATH\Controllers\Grados.php(28): CodeIgniter\BaseModel->findAll()
 7 SYSTEMPATH\CodeIgniter.php(933): App\Controllers\Grados->index()
 8 SYSTEMPATH\CodeIgniter.php(509): CodeIgniter\CodeIgniter->runController(Object(App\Controllers\Grados))
 9 SYSTEMPATH\CodeIgniter.php(355): CodeIgniter\CodeIgniter->handleRequest(null, Object(Config\Cache), false)
10 SYSTEMPATH\Boot.php(325): CodeIgniter\CodeIgniter->run()
11 SYSTEMPATH\Boot.php(67): CodeIgniter\Boot::runCodeIgniter(Object(CodeIgniter\CodeIgniter))
12 FCPATH\index.php(56): CodeIgniter\Boot::bootWeb(Object(Config\Paths))
CRITICAL - 2025-01-28 00:58:22 --> [Caused by] mysqli_sql_exception: Unknown column 'cursos.codigo' in 'field list'
in SYSTEMPATH\Database\MySQLi\Connection.php on line 312.
 1 SYSTEMPATH\Database\MySQLi\Connection.php(312): mysqli->query('SELECT `grados`.`id` AS `id_grado`, `grados`.`nombre` AS `grado_nombre`, `secciones`.`nombre` AS `seccion`, `cursos`.`nombreCurso` AS `curso`, `cursos`.`codigo`
FROM `grados`
LEFT JOIN `secciones` ON `secciones`.`grado_id` = `grados`.`id`
LEFT JOIN `cursos` ON `cursos`.`seccion_id` = `secciones`.`id`
WHERE `grados`.`activo` = 1', 0)
 2 SYSTEMPATH\Database\BaseConnection.php(734): CodeIgniter\Database\MySQLi\Connection->execute('SELECT `grados`.`id` AS `id_grado`, `grados`.`nombre` AS `grado_nombre`, `secciones`.`nombre` AS `seccion`, `cursos`.`nombreCurso` AS `curso`, `cursos`.`codigo`
FROM `grados`
LEFT JOIN `secciones` ON `secciones`.`grado_id` = `grados`.`id`
LEFT JOIN `cursos` ON `cursos`.`seccion_id` = `secciones`.`id`
WHERE `grados`.`activo` = 1')
 3 SYSTEMPATH\Database\BaseConnection.php(648): CodeIgniter\Database\BaseConnection->simpleQuery('SELECT `grados`.`id` AS `id_grado`, `grados`.`nombre` AS `grado_nombre`, `secciones`.`nombre` AS `seccion`, `cursos`.`nombreCurso` AS `curso`, `cursos`.`codigo`
FROM `grados`
LEFT JOIN `secciones` ON `secciones`.`grado_id` = `grados`.`id`
LEFT JOIN `cursos` ON `cursos`.`seccion_id` = `secciones`.`id`
WHERE `grados`.`activo` = 1')
 4 SYSTEMPATH\Database\BaseBuilder.php(1644): CodeIgniter\Database\BaseConnection->query('SELECT `grados`.`id` AS `id_grado`, `grados`.`nombre` AS `grado_nombre`, `secciones`.`nombre` AS `seccion`, `cursos`.`nombreCurso` AS `curso`, `cursos`.`codigo`
FROM `grados`
LEFT JOIN `secciones` ON `secciones`.`grado_id` = `grados`.`id`
LEFT JOIN `cursos` ON `cursos`.`seccion_id` = `secciones`.`id`
WHERE `grados`.`activo` = :grados.activo:', [...], false)
 5 SYSTEMPATH\Model.php(286): CodeIgniter\Database\BaseBuilder->get()
 6 SYSTEMPATH\BaseModel.php(676): CodeIgniter\Model->doFindAll(0, 0)
 7 APPPATH\Controllers\Grados.php(28): CodeIgniter\BaseModel->findAll()
 8 SYSTEMPATH\CodeIgniter.php(933): App\Controllers\Grados->index()
 9 SYSTEMPATH\CodeIgniter.php(509): CodeIgniter\CodeIgniter->runController(Object(App\Controllers\Grados))
10 SYSTEMPATH\CodeIgniter.php(355): CodeIgniter\CodeIgniter->handleRequest(null, Object(Config\Cache), false)
11 SYSTEMPATH\Boot.php(325): CodeIgniter\CodeIgniter->run()
12 SYSTEMPATH\Boot.php(67): CodeIgniter\Boot::runCodeIgniter(Object(CodeIgniter\CodeIgniter))
13 FCPATH\index.php(56): CodeIgniter\Boot::bootWeb(Object(Config\Paths))
ERROR - 2025-01-28 00:59:28 --> mysqli_sql_exception: Unknown column 'secciones.grado_id' in 'on clause' in C:\xampp\htdocs\edsn\system\Database\MySQLi\Connection.php:312
Stack trace:
#0 C:\xampp\htdocs\edsn\system\Database\MySQLi\Connection.php(312): mysqli->query('SELECT `grados`...', 0)
#1 C:\xampp\htdocs\edsn\system\Database\BaseConnection.php(734): CodeIgniter\Database\MySQLi\Connection->execute('SELECT `grados`...')
#2 C:\xampp\htdocs\edsn\system\Database\BaseConnection.php(648): CodeIgniter\Database\BaseConnection->simpleQuery('SELECT `grados`...')
#3 C:\xampp\htdocs\edsn\system\Database\BaseBuilder.php(1644): CodeIgniter\Database\BaseConnection->query('SELECT `grados`...', Array, false)
#4 C:\xampp\htdocs\edsn\system\Model.php(286): CodeIgniter\Database\BaseBuilder->get()
#5 C:\xampp\htdocs\edsn\system\BaseModel.php(676): CodeIgniter\Model->doFindAll(0, 0)
#6 C:\xampp\htdocs\edsn\app\Controllers\Grados.php(28): CodeIgniter\BaseModel->findAll()
#7 C:\xampp\htdocs\edsn\system\CodeIgniter.php(933): App\Controllers\Grados->index()
#8 C:\xampp\htdocs\edsn\system\CodeIgniter.php(509): CodeIgniter\CodeIgniter->runController(Object(App\Controllers\Grados))
#9 C:\xampp\htdocs\edsn\system\CodeIgniter.php(355): CodeIgniter\CodeIgniter->handleRequest(NULL, Object(Config\Cache), false)
#10 C:\xampp\htdocs\edsn\system\Boot.php(325): CodeIgniter\CodeIgniter->run()
#11 C:\xampp\htdocs\edsn\system\Boot.php(67): CodeIgniter\Boot::runCodeIgniter(Object(CodeIgniter\CodeIgniter))
#12 C:\xampp\htdocs\edsn\public\index.php(56): CodeIgniter\Boot::bootWeb(Object(Config\Paths))
#13 {main}
CRITICAL - 2025-01-28 00:59:28 --> CodeIgniter\Database\Exceptions\DatabaseException: Unknown column 'secciones.grado_id' in 'on clause'
[Method: GET, Route: grados]
in SYSTEMPATH\Database\BaseConnection.php on line 688.
 1 SYSTEMPATH\Database\BaseBuilder.php(1644): CodeIgniter\Database\BaseConnection->query('SELECT `grados`.`id` AS `id_grado`, `grados`.`nombre` AS `grado_nombre`, `secciones`.`nombre` AS `seccion`, `cursos`.`nombreCurso` AS `curso`, `cursos`.`codigoCurso`
FROM `grados`
LEFT JOIN `secciones` ON `secciones`.`grado_id` = `grados`.`id`
LEFT JOIN `cursos` ON `cursos`.`seccion_id` = `secciones`.`id`
WHERE `grados`.`activo` = :grados.activo:', [...], false)
 2 SYSTEMPATH\Model.php(286): CodeIgniter\Database\BaseBuilder->get()
 3 SYSTEMPATH\BaseModel.php(676): CodeIgniter\Model->doFindAll(0, 0)
 4 APPPATH\Controllers\Grados.php(28): CodeIgniter\BaseModel->findAll()
 5 SYSTEMPATH\CodeIgniter.php(933): App\Controllers\Grados->index()
 6 SYSTEMPATH\CodeIgniter.php(509): CodeIgniter\CodeIgniter->runController(Object(App\Controllers\Grados))
 7 SYSTEMPATH\CodeIgniter.php(355): CodeIgniter\CodeIgniter->handleRequest(null, Object(Config\Cache), false)
 8 SYSTEMPATH\Boot.php(325): CodeIgniter\CodeIgniter->run()
 9 SYSTEMPATH\Boot.php(67): CodeIgniter\Boot::runCodeIgniter(Object(CodeIgniter\CodeIgniter))
10 FCPATH\index.php(56): CodeIgniter\Boot::bootWeb(Object(Config\Paths))
CRITICAL - 2025-01-28 00:59:28 --> [Caused by] CodeIgniter\Database\Exceptions\DatabaseException: Unknown column 'secciones.grado_id' in 'on clause'
in SYSTEMPATH\Database\MySQLi\Connection.php on line 317.
 1 SYSTEMPATH\Database\BaseConnection.php(734): CodeIgniter\Database\MySQLi\Connection->execute('SELECT `grados`.`id` AS `id_grado`, `grados`.`nombre` AS `grado_nombre`, `secciones`.`nombre` AS `seccion`, `cursos`.`nombreCurso` AS `curso`, `cursos`.`codigoCurso`
FROM `grados`
LEFT JOIN `secciones` ON `secciones`.`grado_id` = `grados`.`id`
LEFT JOIN `cursos` ON `cursos`.`seccion_id` = `secciones`.`id`
WHERE `grados`.`activo` = 1')
 2 SYSTEMPATH\Database\BaseConnection.php(648): CodeIgniter\Database\BaseConnection->simpleQuery('SELECT `grados`.`id` AS `id_grado`, `grados`.`nombre` AS `grado_nombre`, `secciones`.`nombre` AS `seccion`, `cursos`.`nombreCurso` AS `curso`, `cursos`.`codigoCurso`
FROM `grados`
LEFT JOIN `secciones` ON `secciones`.`grado_id` = `grados`.`id`
LEFT JOIN `cursos` ON `cursos`.`seccion_id` = `secciones`.`id`
WHERE `grados`.`activo` = 1')
 3 SYSTEMPATH\Database\BaseBuilder.php(1644): CodeIgniter\Database\BaseConnection->query('SELECT `grados`.`id` AS `id_grado`, `grados`.`nombre` AS `grado_nombre`, `secciones`.`nombre` AS `seccion`, `cursos`.`nombreCurso` AS `curso`, `cursos`.`codigoCurso`
FROM `grados`
LEFT JOIN `secciones` ON `secciones`.`grado_id` = `grados`.`id`
LEFT JOIN `cursos` ON `cursos`.`seccion_id` = `secciones`.`id`
WHERE `grados`.`activo` = :grados.activo:', [...], false)
 4 SYSTEMPATH\Model.php(286): CodeIgniter\Database\BaseBuilder->get()
 5 SYSTEMPATH\BaseModel.php(676): CodeIgniter\Model->doFindAll(0, 0)
 6 APPPATH\Controllers\Grados.php(28): CodeIgniter\BaseModel->findAll()
 7 SYSTEMPATH\CodeIgniter.php(933): App\Controllers\Grados->index()
 8 SYSTEMPATH\CodeIgniter.php(509): CodeIgniter\CodeIgniter->runController(Object(App\Controllers\Grados))
 9 SYSTEMPATH\CodeIgniter.php(355): CodeIgniter\CodeIgniter->handleRequest(null, Object(Config\Cache), false)
10 SYSTEMPATH\Boot.php(325): CodeIgniter\CodeIgniter->run()
11 SYSTEMPATH\Boot.php(67): CodeIgniter\Boot::runCodeIgniter(Object(CodeIgniter\CodeIgniter))
12 FCPATH\index.php(56): CodeIgniter\Boot::bootWeb(Object(Config\Paths))
CRITICAL - 2025-01-28 00:59:28 --> [Caused by] mysqli_sql_exception: Unknown column 'secciones.grado_id' in 'on clause'
in SYSTEMPATH\Database\MySQLi\Connection.php on line 312.
 1 SYSTEMPATH\Database\MySQLi\Connection.php(312): mysqli->query('SELECT `grados`.`id` AS `id_grado`, `grados`.`nombre` AS `grado_nombre`, `secciones`.`nombre` AS `seccion`, `cursos`.`nombreCurso` AS `curso`, `cursos`.`codigoCurso`
FROM `grados`
LEFT JOIN `secciones` ON `secciones`.`grado_id` = `grados`.`id`
LEFT JOIN `cursos` ON `cursos`.`seccion_id` = `secciones`.`id`
WHERE `grados`.`activo` = 1', 0)
 2 SYSTEMPATH\Database\BaseConnection.php(734): CodeIgniter\Database\MySQLi\Connection->execute('SELECT `grados`.`id` AS `id_grado`, `grados`.`nombre` AS `grado_nombre`, `secciones`.`nombre` AS `seccion`, `cursos`.`nombreCurso` AS `curso`, `cursos`.`codigoCurso`
FROM `grados`
LEFT JOIN `secciones` ON `secciones`.`grado_id` = `grados`.`id`
LEFT JOIN `cursos` ON `cursos`.`seccion_id` = `secciones`.`id`
WHERE `grados`.`activo` = 1')
 3 SYSTEMPATH\Database\BaseConnection.php(648): CodeIgniter\Database\BaseConnection->simpleQuery('SELECT `grados`.`id` AS `id_grado`, `grados`.`nombre` AS `grado_nombre`, `secciones`.`nombre` AS `seccion`, `cursos`.`nombreCurso` AS `curso`, `cursos`.`codigoCurso`
FROM `grados`
LEFT JOIN `secciones` ON `secciones`.`grado_id` = `grados`.`id`
LEFT JOIN `cursos` ON `cursos`.`seccion_id` = `secciones`.`id`
WHERE `grados`.`activo` = 1')
 4 SYSTEMPATH\Database\BaseBuilder.php(1644): CodeIgniter\Database\BaseConnection->query('SELECT `grados`.`id` AS `id_grado`, `grados`.`nombre` AS `grado_nombre`, `secciones`.`nombre` AS `seccion`, `cursos`.`nombreCurso` AS `curso`, `cursos`.`codigoCurso`
FROM `grados`
LEFT JOIN `secciones` ON `secciones`.`grado_id` = `grados`.`id`
LEFT JOIN `cursos` ON `cursos`.`seccion_id` = `secciones`.`id`
WHERE `grados`.`activo` = :grados.activo:', [...], false)
 5 SYSTEMPATH\Model.php(286): CodeIgniter\Database\BaseBuilder->get()
 6 SYSTEMPATH\BaseModel.php(676): CodeIgniter\Model->doFindAll(0, 0)
 7 APPPATH\Controllers\Grados.php(28): CodeIgniter\BaseModel->findAll()
 8 SYSTEMPATH\CodeIgniter.php(933): App\Controllers\Grados->index()
 9 SYSTEMPATH\CodeIgniter.php(509): CodeIgniter\CodeIgniter->runController(Object(App\Controllers\Grados))
10 SYSTEMPATH\CodeIgniter.php(355): CodeIgniter\CodeIgniter->handleRequest(null, Object(Config\Cache), false)
11 SYSTEMPATH\Boot.php(325): CodeIgniter\CodeIgniter->run()
12 SYSTEMPATH\Boot.php(67): CodeIgniter\Boot::runCodeIgniter(Object(CodeIgniter\CodeIgniter))
13 FCPATH\index.php(56): CodeIgniter\Boot::bootWeb(Object(Config\Paths))
ERROR - 2025-01-28 01:01:13 --> mysqli_sql_exception: Unknown column 'cursos.seccion_id' in 'on clause' in C:\xampp\htdocs\edsn\system\Database\MySQLi\Connection.php:312
Stack trace:
#0 C:\xampp\htdocs\edsn\system\Database\MySQLi\Connection.php(312): mysqli->query('SELECT `grados`...', 0)
#1 C:\xampp\htdocs\edsn\system\Database\BaseConnection.php(734): CodeIgniter\Database\MySQLi\Connection->execute('SELECT `grados`...')
#2 C:\xampp\htdocs\edsn\system\Database\BaseConnection.php(648): CodeIgniter\Database\BaseConnection->simpleQuery('SELECT `grados`...')
#3 C:\xampp\htdocs\edsn\system\Database\BaseBuilder.php(1644): CodeIgniter\Database\BaseConnection->query('SELECT `grados`...', Array, false)
#4 C:\xampp\htdocs\edsn\system\Model.php(286): CodeIgniter\Database\BaseBuilder->get()
#5 C:\xampp\htdocs\edsn\system\BaseModel.php(676): CodeIgniter\Model->doFindAll(0, 0)
#6 C:\xampp\htdocs\edsn\app\Controllers\Grados.php(28): CodeIgniter\BaseModel->findAll()
#7 C:\xampp\htdocs\edsn\system\CodeIgniter.php(933): App\Controllers\Grados->index()
#8 C:\xampp\htdocs\edsn\system\CodeIgniter.php(509): CodeIgniter\CodeIgniter->runController(Object(App\Controllers\Grados))
#9 C:\xampp\htdocs\edsn\system\CodeIgniter.php(355): CodeIgniter\CodeIgniter->handleRequest(NULL, Object(Config\Cache), false)
#10 C:\xampp\htdocs\edsn\system\Boot.php(325): CodeIgniter\CodeIgniter->run()
#11 C:\xampp\htdocs\edsn\system\Boot.php(67): CodeIgniter\Boot::runCodeIgniter(Object(CodeIgniter\CodeIgniter))
#12 C:\xampp\htdocs\edsn\public\index.php(56): CodeIgniter\Boot::bootWeb(Object(Config\Paths))
#13 {main}
CRITICAL - 2025-01-28 01:01:13 --> CodeIgniter\Database\Exceptions\DatabaseException: Unknown column 'cursos.seccion_id' in 'on clause'
[Method: GET, Route: grados]
in SYSTEMPATH\Database\BaseConnection.php on line 688.
 1 SYSTEMPATH\Database\BaseBuilder.php(1644): CodeIgniter\Database\BaseConnection->query('SELECT `grados`.`id` AS `id_grado`, `grados`.`nombre` AS `grado_nombre`, `secciones`.`nombre` AS `seccion`, `cursos`.`nombreCurso` AS `curso`, `cursos`.`codigoCurso`
FROM `grados`
LEFT JOIN `secciones` ON `secciones`.`id` = `grados`.`id`
LEFT JOIN `cursos` ON `cursos`.`seccion_id` = `secciones`.`id`
WHERE `grados`.`activo` = :grados.activo:', [...], false)
 2 SYSTEMPATH\Model.php(286): CodeIgniter\Database\BaseBuilder->get()
 3 SYSTEMPATH\BaseModel.php(676): CodeIgniter\Model->doFindAll(0, 0)
 4 APPPATH\Controllers\Grados.php(28): CodeIgniter\BaseModel->findAll()
 5 SYSTEMPATH\CodeIgniter.php(933): App\Controllers\Grados->index()
 6 SYSTEMPATH\CodeIgniter.php(509): CodeIgniter\CodeIgniter->runController(Object(App\Controllers\Grados))
 7 SYSTEMPATH\CodeIgniter.php(355): CodeIgniter\CodeIgniter->handleRequest(null, Object(Config\Cache), false)
 8 SYSTEMPATH\Boot.php(325): CodeIgniter\CodeIgniter->run()
 9 SYSTEMPATH\Boot.php(67): CodeIgniter\Boot::runCodeIgniter(Object(CodeIgniter\CodeIgniter))
10 FCPATH\index.php(56): CodeIgniter\Boot::bootWeb(Object(Config\Paths))
CRITICAL - 2025-01-28 01:01:13 --> [Caused by] CodeIgniter\Database\Exceptions\DatabaseException: Unknown column 'cursos.seccion_id' in 'on clause'
in SYSTEMPATH\Database\MySQLi\Connection.php on line 317.
 1 SYSTEMPATH\Database\BaseConnection.php(734): CodeIgniter\Database\MySQLi\Connection->execute('SELECT `grados`.`id` AS `id_grado`, `grados`.`nombre` AS `grado_nombre`, `secciones`.`nombre` AS `seccion`, `cursos`.`nombreCurso` AS `curso`, `cursos`.`codigoCurso`
FROM `grados`
LEFT JOIN `secciones` ON `secciones`.`id` = `grados`.`id`
LEFT JOIN `cursos` ON `cursos`.`seccion_id` = `secciones`.`id`
WHERE `grados`.`activo` = 1')
 2 SYSTEMPATH\Database\BaseConnection.php(648): CodeIgniter\Database\BaseConnection->simpleQuery('SELECT `grados`.`id` AS `id_grado`, `grados`.`nombre` AS `grado_nombre`, `secciones`.`nombre` AS `seccion`, `cursos`.`nombreCurso` AS `curso`, `cursos`.`codigoCurso`
FROM `grados`
LEFT JOIN `secciones` ON `secciones`.`id` = `grados`.`id`
LEFT JOIN `cursos` ON `cursos`.`seccion_id` = `secciones`.`id`
WHERE `grados`.`activo` = 1')
 3 SYSTEMPATH\Database\BaseBuilder.php(1644): CodeIgniter\Database\BaseConnection->query('SELECT `grados`.`id` AS `id_grado`, `grados`.`nombre` AS `grado_nombre`, `secciones`.`nombre` AS `seccion`, `cursos`.`nombreCurso` AS `curso`, `cursos`.`codigoCurso`
FROM `grados`
LEFT JOIN `secciones` ON `secciones`.`id` = `grados`.`id`
LEFT JOIN `cursos` ON `cursos`.`seccion_id` = `secciones`.`id`
WHERE `grados`.`activo` = :grados.activo:', [...], false)
 4 SYSTEMPATH\Model.php(286): CodeIgniter\Database\BaseBuilder->get()
 5 SYSTEMPATH\BaseModel.php(676): CodeIgniter\Model->doFindAll(0, 0)
 6 APPPATH\Controllers\Grados.php(28): CodeIgniter\BaseModel->findAll()
 7 SYSTEMPATH\CodeIgniter.php(933): App\Controllers\Grados->index()
 8 SYSTEMPATH\CodeIgniter.php(509): CodeIgniter\CodeIgniter->runController(Object(App\Controllers\Grados))
 9 SYSTEMPATH\CodeIgniter.php(355): CodeIgniter\CodeIgniter->handleRequest(null, Object(Config\Cache), false)
10 SYSTEMPATH\Boot.php(325): CodeIgniter\CodeIgniter->run()
11 SYSTEMPATH\Boot.php(67): CodeIgniter\Boot::runCodeIgniter(Object(CodeIgniter\CodeIgniter))
12 FCPATH\index.php(56): CodeIgniter\Boot::bootWeb(Object(Config\Paths))
CRITICAL - 2025-01-28 01:01:13 --> [Caused by] mysqli_sql_exception: Unknown column 'cursos.seccion_id' in 'on clause'
in SYSTEMPATH\Database\MySQLi\Connection.php on line 312.
 1 SYSTEMPATH\Database\MySQLi\Connection.php(312): mysqli->query('SELECT `grados`.`id` AS `id_grado`, `grados`.`nombre` AS `grado_nombre`, `secciones`.`nombre` AS `seccion`, `cursos`.`nombreCurso` AS `curso`, `cursos`.`codigoCurso`
FROM `grados`
LEFT JOIN `secciones` ON `secciones`.`id` = `grados`.`id`
LEFT JOIN `cursos` ON `cursos`.`seccion_id` = `secciones`.`id`
WHERE `grados`.`activo` = 1', 0)
 2 SYSTEMPATH\Database\BaseConnection.php(734): CodeIgniter\Database\MySQLi\Connection->execute('SELECT `grados`.`id` AS `id_grado`, `grados`.`nombre` AS `grado_nombre`, `secciones`.`nombre` AS `seccion`, `cursos`.`nombreCurso` AS `curso`, `cursos`.`codigoCurso`
FROM `grados`
LEFT JOIN `secciones` ON `secciones`.`id` = `grados`.`id`
LEFT JOIN `cursos` ON `cursos`.`seccion_id` = `secciones`.`id`
WHERE `grados`.`activo` = 1')
 3 SYSTEMPATH\Database\BaseConnection.php(648): CodeIgniter\Database\BaseConnection->simpleQuery('SELECT `grados`.`id` AS `id_grado`, `grados`.`nombre` AS `grado_nombre`, `secciones`.`nombre` AS `seccion`, `cursos`.`nombreCurso` AS `curso`, `cursos`.`codigoCurso`
FROM `grados`
LEFT JOIN `secciones` ON `secciones`.`id` = `grados`.`id`
LEFT JOIN `cursos` ON `cursos`.`seccion_id` = `secciones`.`id`
WHERE `grados`.`activo` = 1')
 4 SYSTEMPATH\Database\BaseBuilder.php(1644): CodeIgniter\Database\BaseConnection->query('SELECT `grados`.`id` AS `id_grado`, `grados`.`nombre` AS `grado_nombre`, `secciones`.`nombre` AS `seccion`, `cursos`.`nombreCurso` AS `curso`, `cursos`.`codigoCurso`
FROM `grados`
LEFT JOIN `secciones` ON `secciones`.`id` = `grados`.`id`
LEFT JOIN `cursos` ON `cursos`.`seccion_id` = `secciones`.`id`
WHERE `grados`.`activo` = :grados.activo:', [...], false)
 5 SYSTEMPATH\Model.php(286): CodeIgniter\Database\BaseBuilder->get()
 6 SYSTEMPATH\BaseModel.php(676): CodeIgniter\Model->doFindAll(0, 0)
 7 APPPATH\Controllers\Grados.php(28): CodeIgniter\BaseModel->findAll()
 8 SYSTEMPATH\CodeIgniter.php(933): App\Controllers\Grados->index()
 9 SYSTEMPATH\CodeIgniter.php(509): CodeIgniter\CodeIgniter->runController(Object(App\Controllers\Grados))
10 SYSTEMPATH\CodeIgniter.php(355): CodeIgniter\CodeIgniter->handleRequest(null, Object(Config\Cache), false)
11 SYSTEMPATH\Boot.php(325): CodeIgniter\CodeIgniter->run()
12 SYSTEMPATH\Boot.php(67): CodeIgniter\Boot::runCodeIgniter(Object(CodeIgniter\CodeIgniter))
13 FCPATH\index.php(56): CodeIgniter\Boot::bootWeb(Object(Config\Paths))
CRITICAL - 2025-01-28 01:01:54 --> ErrorException: Undefined array key "nombre"
[Method: GET, Route: grados]
in APPPATH\Views\grados\grados.php on line 43.
 1 APPPATH\Views\grados\grados.php(43): CodeIgniter\Debug\Exceptions->errorHandler(2, 'Undefined array key "nombre"', 'C:\\xampp\\htdocs\\edsn\\app\\Views\\grados\\grados.php', 43)
 2 SYSTEMPATH\View\View.php(234): include('C:\\xampp\\htdocs\\edsn\\app\\Views\\grados\\grados.php')
 3 SYSTEMPATH\View\View.php(237): CodeIgniter\View\View->CodeIgniter\View\{closure}()
 4 SYSTEMPATH\Common.php(1171): CodeIgniter\View\View->render('grados/grados', [], true)
 5 APPPATH\Controllers\Grados.php(33): view('grados/grados', [...])
 6 SYSTEMPATH\CodeIgniter.php(933): App\Controllers\Grados->index()
 7 SYSTEMPATH\CodeIgniter.php(509): CodeIgniter\CodeIgniter->runController(Object(App\Controllers\Grados))
 8 SYSTEMPATH\CodeIgniter.php(355): CodeIgniter\CodeIgniter->handleRequest(null, Object(Config\Cache), false)
 9 SYSTEMPATH\Boot.php(325): CodeIgniter\CodeIgniter->run()
10 SYSTEMPATH\Boot.php(67): CodeIgniter\Boot::runCodeIgniter(Object(CodeIgniter\CodeIgniter))
11 FCPATH\index.php(56): CodeIgniter\Boot::bootWeb(Object(Config\Paths))
CRITICAL - 2025-01-28 12:56:08 --> ErrorException: Undefined array key "nombre"
[Method: GET, Route: grados]
in APPPATH\Views\grados\grados.php on line 43.
 1 APPPATH\Views\grados\grados.php(43): CodeIgniter\Debug\Exceptions->errorHandler(2, 'Undefined array key "nombre"', 'C:\\xampp\\htdocs\\edsn\\app\\Views\\grados\\grados.php', 43)
 2 SYSTEMPATH\View\View.php(234): include('C:\\xampp\\htdocs\\edsn\\app\\Views\\grados\\grados.php')
 3 SYSTEMPATH\View\View.php(237): CodeIgniter\View\View->CodeIgniter\View\{closure}()
 4 SYSTEMPATH\Common.php(1171): CodeIgniter\View\View->render('grados/grados', [], true)
 5 APPPATH\Controllers\Grados.php(33): view('grados/grados', [...])
 6 SYSTEMPATH\CodeIgniter.php(933): App\Controllers\Grados->index()
 7 SYSTEMPATH\CodeIgniter.php(509): CodeIgniter\CodeIgniter->runController(Object(App\Controllers\Grados))
 8 SYSTEMPATH\CodeIgniter.php(355): CodeIgniter\CodeIgniter->handleRequest(null, Object(Config\Cache), false)
 9 SYSTEMPATH\Boot.php(325): CodeIgniter\CodeIgniter->run()
10 SYSTEMPATH\Boot.php(67): CodeIgniter\Boot::runCodeIgniter(Object(CodeIgniter\CodeIgniter))
11 FCPATH\index.php(56): CodeIgniter\Boot::bootWeb(Object(Config\Paths))
INFO - 2025-01-28 13:23:50 --> Session: Class initialized using 'CodeIgniter\Session\Handlers\FileHandler' driver.
INFO - 2025-01-28 13:23:55 --> Session: Class initialized using 'CodeIgniter\Session\Handlers\FileHandler' driver.
INFO - 2025-01-28 13:24:05 --> Session: Class initialized using 'CodeIgniter\Session\Handlers\FileHandler' driver.
INFO - 2025-01-28 13:24:09 --> Session: Class initialized using 'CodeIgniter\Session\Handlers\FileHandler' driver.
INFO - 2025-01-28 13:38:00 --> Session: Class initialized using 'CodeIgniter\Session\Handlers\FileHandler' driver.
INFO - 2025-01-28 13:38:05 --> Session: Class initialized using 'CodeIgniter\Session\Handlers\FileHandler' driver.
ERROR - 2025-01-28 14:22:32 --> mysqli_sql_exception: Unknown column 'secciones.id_grado' in 'on clause' in C:\xampp\htdocs\edsn\system\Database\MySQLi\Connection.php:312
Stack trace:
#0 C:\xampp\htdocs\edsn\system\Database\MySQLi\Connection.php(312): mysqli->query('SELECT `grados`...', 0)
#1 C:\xampp\htdocs\edsn\system\Database\BaseConnection.php(734): CodeIgniter\Database\MySQLi\Connection->execute('SELECT `grados`...')
#2 C:\xampp\htdocs\edsn\system\Database\BaseConnection.php(648): CodeIgniter\Database\BaseConnection->simpleQuery('SELECT `grados`...')
#3 C:\xampp\htdocs\edsn\system\Database\BaseBuilder.php(1644): CodeIgniter\Database\BaseConnection->query('SELECT `grados`...', Array, false)
#4 C:\xampp\htdocs\edsn\system\Model.php(286): CodeIgniter\Database\BaseBuilder->get()
#5 C:\xampp\htdocs\edsn\system\BaseModel.php(676): CodeIgniter\Model->doFindAll(0, 0)
#6 C:\xampp\htdocs\edsn\app\Controllers\Grados.php(28): CodeIgniter\BaseModel->findAll()
#7 C:\xampp\htdocs\edsn\system\CodeIgniter.php(933): App\Controllers\Grados->index()
#8 C:\xampp\htdocs\edsn\system\CodeIgniter.php(509): CodeIgniter\CodeIgniter->runController(Object(App\Controllers\Grados))
#9 C:\xampp\htdocs\edsn\system\CodeIgniter.php(355): CodeIgniter\CodeIgniter->handleRequest(NULL, Object(Config\Cache), false)
#10 C:\xampp\htdocs\edsn\system\Boot.php(325): CodeIgniter\CodeIgniter->run()
#11 C:\xampp\htdocs\edsn\system\Boot.php(67): CodeIgniter\Boot::runCodeIgniter(Object(CodeIgniter\CodeIgniter))
#12 C:\xampp\htdocs\edsn\public\index.php(56): CodeIgniter\Boot::bootWeb(Object(Config\Paths))
#13 {main}
CRITICAL - 2025-01-28 14:22:32 --> CodeIgniter\Database\Exceptions\DatabaseException: Unknown column 'secciones.id_grado' in 'on clause'
[Method: GET, Route: grados]
in SYSTEMPATH\Database\BaseConnection.php on line 688.
 1 SYSTEMPATH\Database\BaseBuilder.php(1644): CodeIgniter\Database\BaseConnection->query('SELECT `grados`.`id` AS `id_grado`, `grados`.`nombre` AS `grado_nombre`, `secciones`.`nombre` AS `seccion`, `cursos`.`nombreCurso` AS `curso`, `cursos`.`codigoCurso`
FROM `grados`
LEFT JOIN `secciones` ON `secciones`.`id_grado` = `grados`.`id`
LEFT JOIN `cursos` ON `cursos`.`id_seccion` = `secciones`.`id`
WHERE `grados`.`activo` = :grados.activo:', [...], false)
 2 SYSTEMPATH\Model.php(286): CodeIgniter\Database\BaseBuilder->get()
 3 SYSTEMPATH\BaseModel.php(676): CodeIgniter\Model->doFindAll(0, 0)
 4 APPPATH\Controllers\Grados.php(28): CodeIgniter\BaseModel->findAll()
 5 SYSTEMPATH\CodeIgniter.php(933): App\Controllers\Grados->index()
 6 SYSTEMPATH\CodeIgniter.php(509): CodeIgniter\CodeIgniter->runController(Object(App\Controllers\Grados))
 7 SYSTEMPATH\CodeIgniter.php(355): CodeIgniter\CodeIgniter->handleRequest(null, Object(Config\Cache), false)
 8 SYSTEMPATH\Boot.php(325): CodeIgniter\CodeIgniter->run()
 9 SYSTEMPATH\Boot.php(67): CodeIgniter\Boot::runCodeIgniter(Object(CodeIgniter\CodeIgniter))
10 FCPATH\index.php(56): CodeIgniter\Boot::bootWeb(Object(Config\Paths))
CRITICAL - 2025-01-28 14:22:32 --> [Caused by] CodeIgniter\Database\Exceptions\DatabaseException: Unknown column 'secciones.id_grado' in 'on clause'
in SYSTEMPATH\Database\MySQLi\Connection.php on line 317.
 1 SYSTEMPATH\Database\BaseConnection.php(734): CodeIgniter\Database\MySQLi\Connection->execute('SELECT `grados`.`id` AS `id_grado`, `grados`.`nombre` AS `grado_nombre`, `secciones`.`nombre` AS `seccion`, `cursos`.`nombreCurso` AS `curso`, `cursos`.`codigoCurso`
FROM `grados`
LEFT JOIN `secciones` ON `secciones`.`id_grado` = `grados`.`id`
LEFT JOIN `cursos` ON `cursos`.`id_seccion` = `secciones`.`id`
WHERE `grados`.`activo` = 1')
 2 SYSTEMPATH\Database\BaseConnection.php(648): CodeIgniter\Database\BaseConnection->simpleQuery('SELECT `grados`.`id` AS `id_grado`, `grados`.`nombre` AS `grado_nombre`, `secciones`.`nombre` AS `seccion`, `cursos`.`nombreCurso` AS `curso`, `cursos`.`codigoCurso`
FROM `grados`
LEFT JOIN `secciones` ON `secciones`.`id_grado` = `grados`.`id`
LEFT JOIN `cursos` ON `cursos`.`id_seccion` = `secciones`.`id`
WHERE `grados`.`activo` = 1')
 3 SYSTEMPATH\Database\BaseBuilder.php(1644): CodeIgniter\Database\BaseConnection->query('SELECT `grados`.`id` AS `id_grado`, `grados`.`nombre` AS `grado_nombre`, `secciones`.`nombre` AS `seccion`, `cursos`.`nombreCurso` AS `curso`, `cursos`.`codigoCurso`
FROM `grados`
LEFT JOIN `secciones` ON `secciones`.`id_grado` = `grados`.`id`
LEFT JOIN `cursos` ON `cursos`.`id_seccion` = `secciones`.`id`
WHERE `grados`.`activo` = :grados.activo:', [...], false)
 4 SYSTEMPATH\Model.php(286): CodeIgniter\Database\BaseBuilder->get()
 5 SYSTEMPATH\BaseModel.php(676): CodeIgniter\Model->doFindAll(0, 0)
 6 APPPATH\Controllers\Grados.php(28): CodeIgniter\BaseModel->findAll()
 7 SYSTEMPATH\CodeIgniter.php(933): App\Controllers\Grados->index()
 8 SYSTEMPATH\CodeIgniter.php(509): CodeIgniter\CodeIgniter->runController(Object(App\Controllers\Grados))
 9 SYSTEMPATH\CodeIgniter.php(355): CodeIgniter\CodeIgniter->handleRequest(null, Object(Config\Cache), false)
10 SYSTEMPATH\Boot.php(325): CodeIgniter\CodeIgniter->run()
11 SYSTEMPATH\Boot.php(67): CodeIgniter\Boot::runCodeIgniter(Object(CodeIgniter\CodeIgniter))
12 FCPATH\index.php(56): CodeIgniter\Boot::bootWeb(Object(Config\Paths))
CRITICAL - 2025-01-28 14:22:32 --> [Caused by] mysqli_sql_exception: Unknown column 'secciones.id_grado' in 'on clause'
in SYSTEMPATH\Database\MySQLi\Connection.php on line 312.
 1 SYSTEMPATH\Database\MySQLi\Connection.php(312): mysqli->query('SELECT `grados`.`id` AS `id_grado`, `grados`.`nombre` AS `grado_nombre`, `secciones`.`nombre` AS `seccion`, `cursos`.`nombreCurso` AS `curso`, `cursos`.`codigoCurso`
FROM `grados`
LEFT JOIN `secciones` ON `secciones`.`id_grado` = `grados`.`id`
LEFT JOIN `cursos` ON `cursos`.`id_seccion` = `secciones`.`id`
WHERE `grados`.`activo` = 1', 0)
 2 SYSTEMPATH\Database\BaseConnection.php(734): CodeIgniter\Database\MySQLi\Connection->execute('SELECT `grados`.`id` AS `id_grado`, `grados`.`nombre` AS `grado_nombre`, `secciones`.`nombre` AS `seccion`, `cursos`.`nombreCurso` AS `curso`, `cursos`.`codigoCurso`
FROM `grados`
LEFT JOIN `secciones` ON `secciones`.`id_grado` = `grados`.`id`
LEFT JOIN `cursos` ON `cursos`.`id_seccion` = `secciones`.`id`
WHERE `grados`.`activo` = 1')
 3 SYSTEMPATH\Database\BaseConnection.php(648): CodeIgniter\Database\BaseConnection->simpleQuery('SELECT `grados`.`id` AS `id_grado`, `grados`.`nombre` AS `grado_nombre`, `secciones`.`nombre` AS `seccion`, `cursos`.`nombreCurso` AS `curso`, `cursos`.`codigoCurso`
FROM `grados`
LEFT JOIN `secciones` ON `secciones`.`id_grado` = `grados`.`id`
LEFT JOIN `cursos` ON `cursos`.`id_seccion` = `secciones`.`id`
WHERE `grados`.`activo` = 1')
 4 SYSTEMPATH\Database\BaseBuilder.php(1644): CodeIgniter\Database\BaseConnection->query('SELECT `grados`.`id` AS `id_grado`, `grados`.`nombre` AS `grado_nombre`, `secciones`.`nombre` AS `seccion`, `cursos`.`nombreCurso` AS `curso`, `cursos`.`codigoCurso`
FROM `grados`
LEFT JOIN `secciones` ON `secciones`.`id_grado` = `grados`.`id`
LEFT JOIN `cursos` ON `cursos`.`id_seccion` = `secciones`.`id`
WHERE `grados`.`activo` = :grados.activo:', [...], false)
 5 SYSTEMPATH\Model.php(286): CodeIgniter\Database\BaseBuilder->get()
 6 SYSTEMPATH\BaseModel.php(676): CodeIgniter\Model->doFindAll(0, 0)
 7 APPPATH\Controllers\Grados.php(28): CodeIgniter\BaseModel->findAll()
 8 SYSTEMPATH\CodeIgniter.php(933): App\Controllers\Grados->index()
 9 SYSTEMPATH\CodeIgniter.php(509): CodeIgniter\CodeIgniter->runController(Object(App\Controllers\Grados))
10 SYSTEMPATH\CodeIgniter.php(355): CodeIgniter\CodeIgniter->handleRequest(null, Object(Config\Cache), false)
11 SYSTEMPATH\Boot.php(325): CodeIgniter\CodeIgniter->run()
12 SYSTEMPATH\Boot.php(67): CodeIgniter\Boot::runCodeIgniter(Object(CodeIgniter\CodeIgniter))
13 FCPATH\index.php(56): CodeIgniter\Boot::bootWeb(Object(Config\Paths))
ERROR - 2025-01-28 14:24:59 --> mysqli_sql_exception: Unknown column 'cursos.id_seccion' in 'on clause' in C:\xampp\htdocs\edsn\system\Database\MySQLi\Connection.php:312
Stack trace:
#0 C:\xampp\htdocs\edsn\system\Database\MySQLi\Connection.php(312): mysqli->query('SELECT `grados`...', 0)
#1 C:\xampp\htdocs\edsn\system\Database\BaseConnection.php(734): CodeIgniter\Database\MySQLi\Connection->execute('SELECT `grados`...')
#2 C:\xampp\htdocs\edsn\system\Database\BaseConnection.php(648): CodeIgniter\Database\BaseConnection->simpleQuery('SELECT `grados`...')
#3 C:\xampp\htdocs\edsn\system\Database\BaseBuilder.php(1644): CodeIgniter\Database\BaseConnection->query('SELECT `grados`...', Array, false)
#4 C:\xampp\htdocs\edsn\system\Model.php(286): CodeIgniter\Database\BaseBuilder->get()
#5 C:\xampp\htdocs\edsn\system\BaseModel.php(676): CodeIgniter\Model->doFindAll(0, 0)
#6 C:\xampp\htdocs\edsn\app\Controllers\Grados.php(28): CodeIgniter\BaseModel->findAll()
#7 C:\xampp\htdocs\edsn\system\CodeIgniter.php(933): App\Controllers\Grados->index()
#8 C:\xampp\htdocs\edsn\system\CodeIgniter.php(509): CodeIgniter\CodeIgniter->runController(Object(App\Controllers\Grados))
#9 C:\xampp\htdocs\edsn\system\CodeIgniter.php(355): CodeIgniter\CodeIgniter->handleRequest(NULL, Object(Config\Cache), false)
#10 C:\xampp\htdocs\edsn\system\Boot.php(325): CodeIgniter\CodeIgniter->run()
#11 C:\xampp\htdocs\edsn\system\Boot.php(67): CodeIgniter\Boot::runCodeIgniter(Object(CodeIgniter\CodeIgniter))
#12 C:\xampp\htdocs\edsn\public\index.php(56): CodeIgniter\Boot::bootWeb(Object(Config\Paths))
#13 {main}
CRITICAL - 2025-01-28 14:24:59 --> CodeIgniter\Database\Exceptions\DatabaseException: Unknown column 'cursos.id_seccion' in 'on clause'
[Method: GET, Route: grados]
in SYSTEMPATH\Database\BaseConnection.php on line 688.
 1 SYSTEMPATH\Database\BaseBuilder.php(1644): CodeIgniter\Database\BaseConnection->query('SELECT `grados`.`id` AS `id_grado`, `grados`.`nombre` AS `grado_nombre`, `secciones`.`nombre` AS `seccion`, `cursos`.`nombreCurso` AS `curso`, `cursos`.`codigoCurso`
FROM `grados`
LEFT JOIN `cursos` ON `cursos`.`id_grado` = `grados`.`id`
LEFT JOIN `secciones` ON `secciones`.`id` = `cursos`.`id_seccion`
WHERE `cursos`.`activo` = :cursos.activo:', [...], false)
 2 SYSTEMPATH\Model.php(286): CodeIgniter\Database\BaseBuilder->get()
 3 SYSTEMPATH\BaseModel.php(676): CodeIgniter\Model->doFindAll(0, 0)
 4 APPPATH\Controllers\Grados.php(28): CodeIgniter\BaseModel->findAll()
 5 SYSTEMPATH\CodeIgniter.php(933): App\Controllers\Grados->index()
 6 SYSTEMPATH\CodeIgniter.php(509): CodeIgniter\CodeIgniter->runController(Object(App\Controllers\Grados))
 7 SYSTEMPATH\CodeIgniter.php(355): CodeIgniter\CodeIgniter->handleRequest(null, Object(Config\Cache), false)
 8 SYSTEMPATH\Boot.php(325): CodeIgniter\CodeIgniter->run()
 9 SYSTEMPATH\Boot.php(67): CodeIgniter\Boot::runCodeIgniter(Object(CodeIgniter\CodeIgniter))
10 FCPATH\index.php(56): CodeIgniter\Boot::bootWeb(Object(Config\Paths))
CRITICAL - 2025-01-28 14:24:59 --> [Caused by] CodeIgniter\Database\Exceptions\DatabaseException: Unknown column 'cursos.id_seccion' in 'on clause'
in SYSTEMPATH\Database\MySQLi\Connection.php on line 317.
 1 SYSTEMPATH\Database\BaseConnection.php(734): CodeIgniter\Database\MySQLi\Connection->execute('SELECT `grados`.`id` AS `id_grado`, `grados`.`nombre` AS `grado_nombre`, `secciones`.`nombre` AS `seccion`, `cursos`.`nombreCurso` AS `curso`, `cursos`.`codigoCurso`
FROM `grados`
LEFT JOIN `cursos` ON `cursos`.`id_grado` = `grados`.`id`
LEFT JOIN `secciones` ON `secciones`.`id` = `cursos`.`id_seccion`
WHERE `cursos`.`activo` = 1')
 2 SYSTEMPATH\Database\BaseConnection.php(648): CodeIgniter\Database\BaseConnection->simpleQuery('SELECT `grados`.`id` AS `id_grado`, `grados`.`nombre` AS `grado_nombre`, `secciones`.`nombre` AS `seccion`, `cursos`.`nombreCurso` AS `curso`, `cursos`.`codigoCurso`
FROM `grados`
LEFT JOIN `cursos` ON `cursos`.`id_grado` = `grados`.`id`
LEFT JOIN `secciones` ON `secciones`.`id` = `cursos`.`id_seccion`
WHERE `cursos`.`activo` = 1')
 3 SYSTEMPATH\Database\BaseBuilder.php(1644): CodeIgniter\Database\BaseConnection->query('SELECT `grados`.`id` AS `id_grado`, `grados`.`nombre` AS `grado_nombre`, `secciones`.`nombre` AS `seccion`, `cursos`.`nombreCurso` AS `curso`, `cursos`.`codigoCurso`
FROM `grados`
LEFT JOIN `cursos` ON `cursos`.`id_grado` = `grados`.`id`
LEFT JOIN `secciones` ON `secciones`.`id` = `cursos`.`id_seccion`
WHERE `cursos`.`activo` = :cursos.activo:', [...], false)
 4 SYSTEMPATH\Model.php(286): CodeIgniter\Database\BaseBuilder->get()
 5 SYSTEMPATH\BaseModel.php(676): CodeIgniter\Model->doFindAll(0, 0)
 6 APPPATH\Controllers\Grados.php(28): CodeIgniter\BaseModel->findAll()
 7 SYSTEMPATH\CodeIgniter.php(933): App\Controllers\Grados->index()
 8 SYSTEMPATH\CodeIgniter.php(509): CodeIgniter\CodeIgniter->runController(Object(App\Controllers\Grados))
 9 SYSTEMPATH\CodeIgniter.php(355): CodeIgniter\CodeIgniter->handleRequest(null, Object(Config\Cache), false)
10 SYSTEMPATH\Boot.php(325): CodeIgniter\CodeIgniter->run()
11 SYSTEMPATH\Boot.php(67): CodeIgniter\Boot::runCodeIgniter(Object(CodeIgniter\CodeIgniter))
12 FCPATH\index.php(56): CodeIgniter\Boot::bootWeb(Object(Config\Paths))
CRITICAL - 2025-01-28 14:24:59 --> [Caused by] mysqli_sql_exception: Unknown column 'cursos.id_seccion' in 'on clause'
in SYSTEMPATH\Database\MySQLi\Connection.php on line 312.
 1 SYSTEMPATH\Database\MySQLi\Connection.php(312): mysqli->query('SELECT `grados`.`id` AS `id_grado`, `grados`.`nombre` AS `grado_nombre`, `secciones`.`nombre` AS `seccion`, `cursos`.`nombreCurso` AS `curso`, `cursos`.`codigoCurso`
FROM `grados`
LEFT JOIN `cursos` ON `cursos`.`id_grado` = `grados`.`id`
LEFT JOIN `secciones` ON `secciones`.`id` = `cursos`.`id_seccion`
WHERE `cursos`.`activo` = 1', 0)
 2 SYSTEMPATH\Database\BaseConnection.php(734): CodeIgniter\Database\MySQLi\Connection->execute('SELECT `grados`.`id` AS `id_grado`, `grados`.`nombre` AS `grado_nombre`, `secciones`.`nombre` AS `seccion`, `cursos`.`nombreCurso` AS `curso`, `cursos`.`codigoCurso`
FROM `grados`
LEFT JOIN `cursos` ON `cursos`.`id_grado` = `grados`.`id`
LEFT JOIN `secciones` ON `secciones`.`id` = `cursos`.`id_seccion`
WHERE `cursos`.`activo` = 1')
 3 SYSTEMPATH\Database\BaseConnection.php(648): CodeIgniter\Database\BaseConnection->simpleQuery('SELECT `grados`.`id` AS `id_grado`, `grados`.`nombre` AS `grado_nombre`, `secciones`.`nombre` AS `seccion`, `cursos`.`nombreCurso` AS `curso`, `cursos`.`codigoCurso`
FROM `grados`
LEFT JOIN `cursos` ON `cursos`.`id_grado` = `grados`.`id`
LEFT JOIN `secciones` ON `secciones`.`id` = `cursos`.`id_seccion`
WHERE `cursos`.`activo` = 1')
 4 SYSTEMPATH\Database\BaseBuilder.php(1644): CodeIgniter\Database\BaseConnection->query('SELECT `grados`.`id` AS `id_grado`, `grados`.`nombre` AS `grado_nombre`, `secciones`.`nombre` AS `seccion`, `cursos`.`nombreCurso` AS `curso`, `cursos`.`codigoCurso`
FROM `grados`
LEFT JOIN `cursos` ON `cursos`.`id_grado` = `grados`.`id`
LEFT JOIN `secciones` ON `secciones`.`id` = `cursos`.`id_seccion`
WHERE `cursos`.`activo` = :cursos.activo:', [...], false)
 5 SYSTEMPATH\Model.php(286): CodeIgniter\Database\BaseBuilder->get()
 6 SYSTEMPATH\BaseModel.php(676): CodeIgniter\Model->doFindAll(0, 0)
 7 APPPATH\Controllers\Grados.php(28): CodeIgniter\BaseModel->findAll()
 8 SYSTEMPATH\CodeIgniter.php(933): App\Controllers\Grados->index()
 9 SYSTEMPATH\CodeIgniter.php(509): CodeIgniter\CodeIgniter->runController(Object(App\Controllers\Grados))
10 SYSTEMPATH\CodeIgniter.php(355): CodeIgniter\CodeIgniter->handleRequest(null, Object(Config\Cache), false)
11 SYSTEMPATH\Boot.php(325): CodeIgniter\CodeIgniter->run()
12 SYSTEMPATH\Boot.php(67): CodeIgniter\Boot::runCodeIgniter(Object(CodeIgniter\CodeIgniter))
13 FCPATH\index.php(56): CodeIgniter\Boot::bootWeb(Object(Config\Paths))
ERROR - 2025-01-28 14:25:01 --> mysqli_sql_exception: Unknown column 'cursos.id_seccion' in 'on clause' in C:\xampp\htdocs\edsn\system\Database\MySQLi\Connection.php:312
Stack trace:
#0 C:\xampp\htdocs\edsn\system\Database\MySQLi\Connection.php(312): mysqli->query('SELECT `grados`...', 0)
#1 C:\xampp\htdocs\edsn\system\Database\BaseConnection.php(734): CodeIgniter\Database\MySQLi\Connection->execute('SELECT `grados`...')
#2 C:\xampp\htdocs\edsn\system\Database\BaseConnection.php(648): CodeIgniter\Database\BaseConnection->simpleQuery('SELECT `grados`...')
#3 C:\xampp\htdocs\edsn\system\Database\BaseBuilder.php(1644): CodeIgniter\Database\BaseConnection->query('SELECT `grados`...', Array, false)
#4 C:\xampp\htdocs\edsn\system\Model.php(286): CodeIgniter\Database\BaseBuilder->get()
#5 C:\xampp\htdocs\edsn\system\BaseModel.php(676): CodeIgniter\Model->doFindAll(0, 0)
#6 C:\xampp\htdocs\edsn\app\Controllers\Grados.php(28): CodeIgniter\BaseModel->findAll()
#7 C:\xampp\htdocs\edsn\system\CodeIgniter.php(933): App\Controllers\Grados->index()
#8 C:\xampp\htdocs\edsn\system\CodeIgniter.php(509): CodeIgniter\CodeIgniter->runController(Object(App\Controllers\Grados))
#9 C:\xampp\htdocs\edsn\system\CodeIgniter.php(355): CodeIgniter\CodeIgniter->handleRequest(NULL, Object(Config\Cache), false)
#10 C:\xampp\htdocs\edsn\system\Boot.php(325): CodeIgniter\CodeIgniter->run()
#11 C:\xampp\htdocs\edsn\system\Boot.php(67): CodeIgniter\Boot::runCodeIgniter(Object(CodeIgniter\CodeIgniter))
#12 C:\xampp\htdocs\edsn\public\index.php(56): CodeIgniter\Boot::bootWeb(Object(Config\Paths))
#13 {main}
CRITICAL - 2025-01-28 14:25:01 --> CodeIgniter\Database\Exceptions\DatabaseException: Unknown column 'cursos.id_seccion' in 'on clause'
[Method: GET, Route: grados]
in SYSTEMPATH\Database\BaseConnection.php on line 688.
 1 SYSTEMPATH\Database\BaseBuilder.php(1644): CodeIgniter\Database\BaseConnection->query('SELECT `grados`.`id` AS `id_grado`, `grados`.`nombre` AS `grado_nombre`, `secciones`.`nombre` AS `seccion`, `cursos`.`nombreCurso` AS `curso`, `cursos`.`codigoCurso`
FROM `grados`
LEFT JOIN `cursos` ON `cursos`.`id_grado` = `grados`.`id`
LEFT JOIN `secciones` ON `secciones`.`id` = `cursos`.`id_seccion`
WHERE `cursos`.`activo` = :cursos.activo:', [...], false)
 2 SYSTEMPATH\Model.php(286): CodeIgniter\Database\BaseBuilder->get()
 3 SYSTEMPATH\BaseModel.php(676): CodeIgniter\Model->doFindAll(0, 0)
 4 APPPATH\Controllers\Grados.php(28): CodeIgniter\BaseModel->findAll()
 5 SYSTEMPATH\CodeIgniter.php(933): App\Controllers\Grados->index()
 6 SYSTEMPATH\CodeIgniter.php(509): CodeIgniter\CodeIgniter->runController(Object(App\Controllers\Grados))
 7 SYSTEMPATH\CodeIgniter.php(355): CodeIgniter\CodeIgniter->handleRequest(null, Object(Config\Cache), false)
 8 SYSTEMPATH\Boot.php(325): CodeIgniter\CodeIgniter->run()
 9 SYSTEMPATH\Boot.php(67): CodeIgniter\Boot::runCodeIgniter(Object(CodeIgniter\CodeIgniter))
10 FCPATH\index.php(56): CodeIgniter\Boot::bootWeb(Object(Config\Paths))
CRITICAL - 2025-01-28 14:25:01 --> [Caused by] CodeIgniter\Database\Exceptions\DatabaseException: Unknown column 'cursos.id_seccion' in 'on clause'
in SYSTEMPATH\Database\MySQLi\Connection.php on line 317.
 1 SYSTEMPATH\Database\BaseConnection.php(734): CodeIgniter\Database\MySQLi\Connection->execute('SELECT `grados`.`id` AS `id_grado`, `grados`.`nombre` AS `grado_nombre`, `secciones`.`nombre` AS `seccion`, `cursos`.`nombreCurso` AS `curso`, `cursos`.`codigoCurso`
FROM `grados`
LEFT JOIN `cursos` ON `cursos`.`id_grado` = `grados`.`id`
LEFT JOIN `secciones` ON `secciones`.`id` = `cursos`.`id_seccion`
WHERE `cursos`.`activo` = 1')
 2 SYSTEMPATH\Database\BaseConnection.php(648): CodeIgniter\Database\BaseConnection->simpleQuery('SELECT `grados`.`id` AS `id_grado`, `grados`.`nombre` AS `grado_nombre`, `secciones`.`nombre` AS `seccion`, `cursos`.`nombreCurso` AS `curso`, `cursos`.`codigoCurso`
FROM `grados`
LEFT JOIN `cursos` ON `cursos`.`id_grado` = `grados`.`id`
LEFT JOIN `secciones` ON `secciones`.`id` = `cursos`.`id_seccion`
WHERE `cursos`.`activo` = 1')
 3 SYSTEMPATH\Database\BaseBuilder.php(1644): CodeIgniter\Database\BaseConnection->query('SELECT `grados`.`id` AS `id_grado`, `grados`.`nombre` AS `grado_nombre`, `secciones`.`nombre` AS `seccion`, `cursos`.`nombreCurso` AS `curso`, `cursos`.`codigoCurso`
FROM `grados`
LEFT JOIN `cursos` ON `cursos`.`id_grado` = `grados`.`id`
LEFT JOIN `secciones` ON `secciones`.`id` = `cursos`.`id_seccion`
WHERE `cursos`.`activo` = :cursos.activo:', [...], false)
 4 SYSTEMPATH\Model.php(286): CodeIgniter\Database\BaseBuilder->get()
 5 SYSTEMPATH\BaseModel.php(676): CodeIgniter\Model->doFindAll(0, 0)
 6 APPPATH\Controllers\Grados.php(28): CodeIgniter\BaseModel->findAll()
 7 SYSTEMPATH\CodeIgniter.php(933): App\Controllers\Grados->index()
 8 SYSTEMPATH\CodeIgniter.php(509): CodeIgniter\CodeIgniter->runController(Object(App\Controllers\Grados))
 9 SYSTEMPATH\CodeIgniter.php(355): CodeIgniter\CodeIgniter->handleRequest(null, Object(Config\Cache), false)
10 SYSTEMPATH\Boot.php(325): CodeIgniter\CodeIgniter->run()
11 SYSTEMPATH\Boot.php(67): CodeIgniter\Boot::runCodeIgniter(Object(CodeIgniter\CodeIgniter))
12 FCPATH\index.php(56): CodeIgniter\Boot::bootWeb(Object(Config\Paths))
CRITICAL - 2025-01-28 14:25:01 --> [Caused by] mysqli_sql_exception: Unknown column 'cursos.id_seccion' in 'on clause'
in SYSTEMPATH\Database\MySQLi\Connection.php on line 312.
 1 SYSTEMPATH\Database\MySQLi\Connection.php(312): mysqli->query('SELECT `grados`.`id` AS `id_grado`, `grados`.`nombre` AS `grado_nombre`, `secciones`.`nombre` AS `seccion`, `cursos`.`nombreCurso` AS `curso`, `cursos`.`codigoCurso`
FROM `grados`
LEFT JOIN `cursos` ON `cursos`.`id_grado` = `grados`.`id`
LEFT JOIN `secciones` ON `secciones`.`id` = `cursos`.`id_seccion`
WHERE `cursos`.`activo` = 1', 0)
 2 SYSTEMPATH\Database\BaseConnection.php(734): CodeIgniter\Database\MySQLi\Connection->execute('SELECT `grados`.`id` AS `id_grado`, `grados`.`nombre` AS `grado_nombre`, `secciones`.`nombre` AS `seccion`, `cursos`.`nombreCurso` AS `curso`, `cursos`.`codigoCurso`
FROM `grados`
LEFT JOIN `cursos` ON `cursos`.`id_grado` = `grados`.`id`
LEFT JOIN `secciones` ON `secciones`.`id` = `cursos`.`id_seccion`
WHERE `cursos`.`activo` = 1')
 3 SYSTEMPATH\Database\BaseConnection.php(648): CodeIgniter\Database\BaseConnection->simpleQuery('SELECT `grados`.`id` AS `id_grado`, `grados`.`nombre` AS `grado_nombre`, `secciones`.`nombre` AS `seccion`, `cursos`.`nombreCurso` AS `curso`, `cursos`.`codigoCurso`
FROM `grados`
LEFT JOIN `cursos` ON `cursos`.`id_grado` = `grados`.`id`
LEFT JOIN `secciones` ON `secciones`.`id` = `cursos`.`id_seccion`
WHERE `cursos`.`activo` = 1')
 4 SYSTEMPATH\Database\BaseBuilder.php(1644): CodeIgniter\Database\BaseConnection->query('SELECT `grados`.`id` AS `id_grado`, `grados`.`nombre` AS `grado_nombre`, `secciones`.`nombre` AS `seccion`, `cursos`.`nombreCurso` AS `curso`, `cursos`.`codigoCurso`
FROM `grados`
LEFT JOIN `cursos` ON `cursos`.`id_grado` = `grados`.`id`
LEFT JOIN `secciones` ON `secciones`.`id` = `cursos`.`id_seccion`
WHERE `cursos`.`activo` = :cursos.activo:', [...], false)
 5 SYSTEMPATH\Model.php(286): CodeIgniter\Database\BaseBuilder->get()
 6 SYSTEMPATH\BaseModel.php(676): CodeIgniter\Model->doFindAll(0, 0)
 7 APPPATH\Controllers\Grados.php(28): CodeIgniter\BaseModel->findAll()
 8 SYSTEMPATH\CodeIgniter.php(933): App\Controllers\Grados->index()
 9 SYSTEMPATH\CodeIgniter.php(509): CodeIgniter\CodeIgniter->runController(Object(App\Controllers\Grados))
10 SYSTEMPATH\CodeIgniter.php(355): CodeIgniter\CodeIgniter->handleRequest(null, Object(Config\Cache), false)
11 SYSTEMPATH\Boot.php(325): CodeIgniter\CodeIgniter->run()
12 SYSTEMPATH\Boot.php(67): CodeIgniter\Boot::runCodeIgniter(Object(CodeIgniter\CodeIgniter))
13 FCPATH\index.php(56): CodeIgniter\Boot::bootWeb(Object(Config\Paths))
INFO - 2025-01-28 14:44:34 --> Session: Class initialized using 'CodeIgniter\Session\Handlers\FileHandler' driver.
INFO - 2025-01-28 14:44:39 --> Session: Class initialized using 'CodeIgniter\Session\Handlers\FileHandler' driver.
INFO - 2025-01-28 14:46:02 --> Session: Class initialized using 'CodeIgniter\Session\Handlers\FileHandler' driver.
INFO - 2025-01-28 14:46:07 --> Session: Class initialized using 'CodeIgniter\Session\Handlers\FileHandler' driver.
INFO - 2025-01-28 14:46:10 --> Session: Class initialized using 'CodeIgniter\Session\Handlers\FileHandler' driver.
INFO - 2025-01-28 14:46:14 --> Session: Class initialized using 'CodeIgniter\Session\Handlers\FileHandler' driver.
INFO - 2025-01-28 14:46:17 --> Session: Class initialized using 'CodeIgniter\Session\Handlers\FileHandler' driver.
INFO - 2025-01-28 14:46:21 --> Session: Class initialized using 'CodeIgniter\Session\Handlers\FileHandler' driver.
INFO - 2025-01-28 14:46:24 --> Session: Class initialized using 'CodeIgniter\Session\Handlers\FileHandler' driver.
INFO - 2025-01-28 14:46:28 --> Session: Class initialized using 'CodeIgniter\Session\Handlers\FileHandler' driver.
INFO - 2025-01-28 14:46:45 --> Session: Class initialized using 'CodeIgniter\Session\Handlers\FileHandler' driver.
INFO - 2025-01-28 14:46:49 --> Session: Class initialized using 'CodeIgniter\Session\Handlers\FileHandler' driver.
INFO - 2025-01-28 14:53:40 --> Session: Class initialized using 'CodeIgniter\Session\Handlers\FileHandler' driver.
INFO - 2025-01-28 14:53:45 --> Session: Class initialized using 'CodeIgniter\Session\Handlers\FileHandler' driver.
INFO - 2025-01-28 14:53:48 --> Session: Class initialized using 'CodeIgniter\Session\Handlers\FileHandler' driver.
INFO - 2025-01-28 14:53:52 --> Session: Class initialized using 'CodeIgniter\Session\Handlers\FileHandler' driver.
ERROR - 2025-01-28 15:10:13 --> mysqli_sql_exception: Unknown column 'cursos.id_seccion' in 'on clause' in C:\xampp\htdocs\edsn\system\Database\MySQLi\Connection.php:312
Stack trace:
#0 C:\xampp\htdocs\edsn\system\Database\MySQLi\Connection.php(312): mysqli->query('SELECT `grados`...', 0)
#1 C:\xampp\htdocs\edsn\system\Database\BaseConnection.php(734): CodeIgniter\Database\MySQLi\Connection->execute('SELECT `grados`...')
#2 C:\xampp\htdocs\edsn\system\Database\BaseConnection.php(648): CodeIgniter\Database\BaseConnection->simpleQuery('SELECT `grados`...')
#3 C:\xampp\htdocs\edsn\system\Database\BaseBuilder.php(1644): CodeIgniter\Database\BaseConnection->query('SELECT `grados`...', Array, false)
#4 C:\xampp\htdocs\edsn\system\Model.php(286): CodeIgniter\Database\BaseBuilder->get()
#5 C:\xampp\htdocs\edsn\system\BaseModel.php(676): CodeIgniter\Model->doFindAll(0, 0)
#6 C:\xampp\htdocs\edsn\app\Controllers\Grados.php(30): CodeIgniter\BaseModel->findAll()
#7 C:\xampp\htdocs\edsn\system\CodeIgniter.php(933): App\Controllers\Grados->index()
#8 C:\xampp\htdocs\edsn\system\CodeIgniter.php(509): CodeIgniter\CodeIgniter->runController(Object(App\Controllers\Grados))
#9 C:\xampp\htdocs\edsn\system\CodeIgniter.php(355): CodeIgniter\CodeIgniter->handleRequest(NULL, Object(Config\Cache), false)
#10 C:\xampp\htdocs\edsn\system\Boot.php(325): CodeIgniter\CodeIgniter->run()
#11 C:\xampp\htdocs\edsn\system\Boot.php(67): CodeIgniter\Boot::runCodeIgniter(Object(CodeIgniter\CodeIgniter))
#12 C:\xampp\htdocs\edsn\public\index.php(56): CodeIgniter\Boot::bootWeb(Object(Config\Paths))
#13 {main}
CRITICAL - 2025-01-28 15:10:13 --> CodeIgniter\Database\Exceptions\DatabaseException: Unknown column 'cursos.id_seccion' in 'on clause'
[Method: GET, Route: grados]
in SYSTEMPATH\Database\BaseConnection.php on line 688.
 1 SYSTEMPATH\Database\BaseBuilder.php(1644): CodeIgniter\Database\BaseConnection->query('SELECT `grados`.`id` AS `id_grado`, `grados`.`nombre` AS `grado_nombre`, `secciones`.`nombre` AS `seccion`, `cursos`.`nombreCurso` AS `curso`, `cursos`.`codigoCurso`
FROM `grados`
INNER JOIN `cursos` ON `cursos`.`id_grado` = `grados`.`id`
INNER JOIN `secciones` ON `secciones`.`id` = `cursos`.`id_seccion`
WHERE `grados`.`activo` = :grados.activo:
ORDER BY `grados`.`nombre` ASC, `secciones`.`nombre` ASC', [...], false)
 2 SYSTEMPATH\Model.php(286): CodeIgniter\Database\BaseBuilder->get()
 3 SYSTEMPATH\BaseModel.php(676): CodeIgniter\Model->doFindAll(0, 0)
 4 APPPATH\Controllers\Grados.php(30): CodeIgniter\BaseModel->findAll()
 5 SYSTEMPATH\CodeIgniter.php(933): App\Controllers\Grados->index()
 6 SYSTEMPATH\CodeIgniter.php(509): CodeIgniter\CodeIgniter->runController(Object(App\Controllers\Grados))
 7 SYSTEMPATH\CodeIgniter.php(355): CodeIgniter\CodeIgniter->handleRequest(null, Object(Config\Cache), false)
 8 SYSTEMPATH\Boot.php(325): CodeIgniter\CodeIgniter->run()
 9 SYSTEMPATH\Boot.php(67): CodeIgniter\Boot::runCodeIgniter(Object(CodeIgniter\CodeIgniter))
10 FCPATH\index.php(56): CodeIgniter\Boot::bootWeb(Object(Config\Paths))
CRITICAL - 2025-01-28 15:10:13 --> [Caused by] CodeIgniter\Database\Exceptions\DatabaseException: Unknown column 'cursos.id_seccion' in 'on clause'
in SYSTEMPATH\Database\MySQLi\Connection.php on line 317.
 1 SYSTEMPATH\Database\BaseConnection.php(734): CodeIgniter\Database\MySQLi\Connection->execute('SELECT `grados`.`id` AS `id_grado`, `grados`.`nombre` AS `grado_nombre`, `secciones`.`nombre` AS `seccion`, `cursos`.`nombreCurso` AS `curso`, `cursos`.`codigoCurso`
FROM `grados`
INNER JOIN `cursos` ON `cursos`.`id_grado` = `grados`.`id`
INNER JOIN `secciones` ON `secciones`.`id` = `cursos`.`id_seccion`
WHERE `grados`.`activo` = 1
ORDER BY `grados`.`nombre` ASC, `secciones`.`nombre` ASC')
 2 SYSTEMPATH\Database\BaseConnection.php(648): CodeIgniter\Database\BaseConnection->simpleQuery('SELECT `grados`.`id` AS `id_grado`, `grados`.`nombre` AS `grado_nombre`, `secciones`.`nombre` AS `seccion`, `cursos`.`nombreCurso` AS `curso`, `cursos`.`codigoCurso`
FROM `grados`
INNER JOIN `cursos` ON `cursos`.`id_grado` = `grados`.`id`
INNER JOIN `secciones` ON `secciones`.`id` = `cursos`.`id_seccion`
WHERE `grados`.`activo` = 1
ORDER BY `grados`.`nombre` ASC, `secciones`.`nombre` ASC')
 3 SYSTEMPATH\Database\BaseBuilder.php(1644): CodeIgniter\Database\BaseConnection->query('SELECT `grados`.`id` AS `id_grado`, `grados`.`nombre` AS `grado_nombre`, `secciones`.`nombre` AS `seccion`, `cursos`.`nombreCurso` AS `curso`, `cursos`.`codigoCurso`
FROM `grados`
INNER JOIN `cursos` ON `cursos`.`id_grado` = `grados`.`id`
INNER JOIN `secciones` ON `secciones`.`id` = `cursos`.`id_seccion`
WHERE `grados`.`activo` = :grados.activo:
ORDER BY `grados`.`nombre` ASC, `secciones`.`nombre` ASC', [...], false)
 4 SYSTEMPATH\Model.php(286): CodeIgniter\Database\BaseBuilder->get()
 5 SYSTEMPATH\BaseModel.php(676): CodeIgniter\Model->doFindAll(0, 0)
 6 APPPATH\Controllers\Grados.php(30): CodeIgniter\BaseModel->findAll()
 7 SYSTEMPATH\CodeIgniter.php(933): App\Controllers\Grados->index()
 8 SYSTEMPATH\CodeIgniter.php(509): CodeIgniter\CodeIgniter->runController(Object(App\Controllers\Grados))
 9 SYSTEMPATH\CodeIgniter.php(355): CodeIgniter\CodeIgniter->handleRequest(null, Object(Config\Cache), false)
10 SYSTEMPATH\Boot.php(325): CodeIgniter\CodeIgniter->run()
11 SYSTEMPATH\Boot.php(67): CodeIgniter\Boot::runCodeIgniter(Object(CodeIgniter\CodeIgniter))
12 FCPATH\index.php(56): CodeIgniter\Boot::bootWeb(Object(Config\Paths))
CRITICAL - 2025-01-28 15:10:13 --> [Caused by] mysqli_sql_exception: Unknown column 'cursos.id_seccion' in 'on clause'
in SYSTEMPATH\Database\MySQLi\Connection.php on line 312.
 1 SYSTEMPATH\Database\MySQLi\Connection.php(312): mysqli->query('SELECT `grados`.`id` AS `id_grado`, `grados`.`nombre` AS `grado_nombre`, `secciones`.`nombre` AS `seccion`, `cursos`.`nombreCurso` AS `curso`, `cursos`.`codigoCurso`
FROM `grados`
INNER JOIN `cursos` ON `cursos`.`id_grado` = `grados`.`id`
INNER JOIN `secciones` ON `secciones`.`id` = `cursos`.`id_seccion`
WHERE `grados`.`activo` = 1
ORDER BY `grados`.`nombre` ASC, `secciones`.`nombre` ASC', 0)
 2 SYSTEMPATH\Database\BaseConnection.php(734): CodeIgniter\Database\MySQLi\Connection->execute('SELECT `grados`.`id` AS `id_grado`, `grados`.`nombre` AS `grado_nombre`, `secciones`.`nombre` AS `seccion`, `cursos`.`nombreCurso` AS `curso`, `cursos`.`codigoCurso`
FROM `grados`
INNER JOIN `cursos` ON `cursos`.`id_grado` = `grados`.`id`
INNER JOIN `secciones` ON `secciones`.`id` = `cursos`.`id_seccion`
WHERE `grados`.`activo` = 1
ORDER BY `grados`.`nombre` ASC, `secciones`.`nombre` ASC')
 3 SYSTEMPATH\Database\BaseConnection.php(648): CodeIgniter\Database\BaseConnection->simpleQuery('SELECT `grados`.`id` AS `id_grado`, `grados`.`nombre` AS `grado_nombre`, `secciones`.`nombre` AS `seccion`, `cursos`.`nombreCurso` AS `curso`, `cursos`.`codigoCurso`
FROM `grados`
INNER JOIN `cursos` ON `cursos`.`id_grado` = `grados`.`id`
INNER JOIN `secciones` ON `secciones`.`id` = `cursos`.`id_seccion`
WHERE `grados`.`activo` = 1
ORDER BY `grados`.`nombre` ASC, `secciones`.`nombre` ASC')
 4 SYSTEMPATH\Database\BaseBuilder.php(1644): CodeIgniter\Database\BaseConnection->query('SELECT `grados`.`id` AS `id_grado`, `grados`.`nombre` AS `grado_nombre`, `secciones`.`nombre` AS `seccion`, `cursos`.`nombreCurso` AS `curso`, `cursos`.`codigoCurso`
FROM `grados`
INNER JOIN `cursos` ON `cursos`.`id_grado` = `grados`.`id`
INNER JOIN `secciones` ON `secciones`.`id` = `cursos`.`id_seccion`
WHERE `grados`.`activo` = :grados.activo:
ORDER BY `grados`.`nombre` ASC, `secciones`.`nombre` ASC', [...], false)
 5 SYSTEMPATH\Model.php(286): CodeIgniter\Database\BaseBuilder->get()
 6 SYSTEMPATH\BaseModel.php(676): CodeIgniter\Model->doFindAll(0, 0)
 7 APPPATH\Controllers\Grados.php(30): CodeIgniter\BaseModel->findAll()
 8 SYSTEMPATH\CodeIgniter.php(933): App\Controllers\Grados->index()
 9 SYSTEMPATH\CodeIgniter.php(509): CodeIgniter\CodeIgniter->runController(Object(App\Controllers\Grados))
10 SYSTEMPATH\CodeIgniter.php(355): CodeIgniter\CodeIgniter->handleRequest(null, Object(Config\Cache), false)
11 SYSTEMPATH\Boot.php(325): CodeIgniter\CodeIgniter->run()
12 SYSTEMPATH\Boot.php(67): CodeIgniter\Boot::runCodeIgniter(Object(CodeIgniter\CodeIgniter))
13 FCPATH\index.php(56): CodeIgniter\Boot::bootWeb(Object(Config\Paths))
INFO - 2025-01-28 15:11:30 --> Session: Class initialized using 'CodeIgniter\Session\Handlers\FileHandler' driver.
INFO - 2025-01-28 15:11:39 --> Session: Class initialized using 'CodeIgniter\Session\Handlers\FileHandler' driver.
INFO - 2025-01-28 15:11:41 --> Session: Class initialized using 'CodeIgniter\Session\Handlers\FileHandler' driver.
INFO - 2025-01-28 15:11:45 --> Session: Class initialized using 'CodeIgniter\Session\Handlers\FileHandler' driver.
INFO - 2025-01-28 15:11:59 --> Session: Class initialized using 'CodeIgniter\Session\Handlers\FileHandler' driver.
INFO - 2025-01-28 15:12:03 --> Session: Class initialized using 'CodeIgniter\Session\Handlers\FileHandler' driver.
INFO - 2025-01-28 15:12:50 --> Session: Class initialized using 'CodeIgniter\Session\Handlers\FileHandler' driver.
INFO - 2025-01-28 15:12:55 --> Session: Class initialized using 'CodeIgniter\Session\Handlers\FileHandler' driver.
INFO - 2025-01-28 15:13:00 --> Session: Class initialized using 'CodeIgniter\Session\Handlers\FileHandler' driver.
INFO - 2025-01-28 15:13:06 --> Session: Class initialized using 'CodeIgniter\Session\Handlers\FileHandler' driver.
INFO - 2025-01-28 15:14:47 --> Session: Class initialized using 'CodeIgniter\Session\Handlers\FileHandler' driver.
INFO - 2025-01-28 15:14:51 --> Session: Class initialized using 'CodeIgniter\Session\Handlers\FileHandler' driver.
INFO - 2025-01-28 15:26:41 --> Session: Class initialized using 'CodeIgniter\Session\Handlers\FileHandler' driver.
INFO - 2025-01-28 15:26:46 --> Session: Class initialized using 'CodeIgniter\Session\Handlers\FileHandler' driver.
INFO - 2025-01-28 15:26:49 --> Session: Class initialized using 'CodeIgniter\Session\Handlers\FileHandler' driver.
INFO - 2025-01-28 15:26:53 --> Session: Class initialized using 'CodeIgniter\Session\Handlers\FileHandler' driver.
ERROR - 2025-01-28 18:00:00 --> mysqli_sql_exception: Unknown column 'cursos.id_seccionesF' in 'on clause' in C:\xampp\htdocs\edsn\system\Database\MySQLi\Connection.php:312
Stack trace:
#0 C:\xampp\htdocs\edsn\system\Database\MySQLi\Connection.php(312): mysqli->query('SELECT `grados`...', 0)
#1 C:\xampp\htdocs\edsn\system\Database\BaseConnection.php(734): CodeIgniter\Database\MySQLi\Connection->execute('SELECT `grados`...')
#2 C:\xampp\htdocs\edsn\system\Database\BaseConnection.php(648): CodeIgniter\Database\BaseConnection->simpleQuery('SELECT `grados`...')
#3 C:\xampp\htdocs\edsn\system\Database\BaseBuilder.php(1644): CodeIgniter\Database\BaseConnection->query('SELECT `grados`...', Array, false)
#4 C:\xampp\htdocs\edsn\system\Model.php(286): CodeIgniter\Database\BaseBuilder->get()
#5 C:\xampp\htdocs\edsn\system\BaseModel.php(676): CodeIgniter\Model->doFindAll(0, 0)
#6 C:\xampp\htdocs\edsn\app\Controllers\Grados.php(29): CodeIgniter\BaseModel->findAll()
#7 C:\xampp\htdocs\edsn\system\CodeIgniter.php(933): App\Controllers\Grados->index()
#8 C:\xampp\htdocs\edsn\system\CodeIgniter.php(509): CodeIgniter\CodeIgniter->runController(Object(App\Controllers\Grados))
#9 C:\xampp\htdocs\edsn\system\CodeIgniter.php(355): CodeIgniter\CodeIgniter->handleRequest(NULL, Object(Config\Cache), false)
#10 C:\xampp\htdocs\edsn\system\Boot.php(325): CodeIgniter\CodeIgniter->run()
#11 C:\xampp\htdocs\edsn\system\Boot.php(67): CodeIgniter\Boot::runCodeIgniter(Object(CodeIgniter\CodeIgniter))
#12 C:\xampp\htdocs\edsn\public\index.php(56): CodeIgniter\Boot::bootWeb(Object(Config\Paths))
#13 {main}
CRITICAL - 2025-01-28 18:00:00 --> CodeIgniter\Database\Exceptions\DatabaseException: Unknown column 'cursos.id_seccionesF' in 'on clause'
[Method: GET, Route: grados]
in SYSTEMPATH\Database\BaseConnection.php on line 688.
 1 SYSTEMPATH\Database\BaseBuilder.php(1644): CodeIgniter\Database\BaseConnection->query('SELECT `grados`.`id` AS `id_grado`, `grados`.`nombre` AS `grado_nombre`, `secciones`.`nombre` AS `seccion`, `cursos`.`nombreCurso` AS `curso`, `cursos`.`codigoCurso`
FROM `grados`
INNER JOIN `cursos` ON `cursos`.`id_grado` = `grados`.`id`
INNER JOIN `secciones` ON `secciones`.`id` = `cursos`.`id_seccionesF`
WHERE `grados`.`activo` = :grados.activo:
ORDER BY `grados`.`nombre` ASC, `secciones`.`nombre` ASC', [...], false)
 2 SYSTEMPATH\Model.php(286): CodeIgniter\Database\BaseBuilder->get()
 3 SYSTEMPATH\BaseModel.php(676): CodeIgniter\Model->doFindAll(0, 0)
 4 APPPATH\Controllers\Grados.php(29): CodeIgniter\BaseModel->findAll()
 5 SYSTEMPATH\CodeIgniter.php(933): App\Controllers\Grados->index()
 6 SYSTEMPATH\CodeIgniter.php(509): CodeIgniter\CodeIgniter->runController(Object(App\Controllers\Grados))
 7 SYSTEMPATH\CodeIgniter.php(355): CodeIgniter\CodeIgniter->handleRequest(null, Object(Config\Cache), false)
 8 SYSTEMPATH\Boot.php(325): CodeIgniter\CodeIgniter->run()
 9 SYSTEMPATH\Boot.php(67): CodeIgniter\Boot::runCodeIgniter(Object(CodeIgniter\CodeIgniter))
10 FCPATH\index.php(56): CodeIgniter\Boot::bootWeb(Object(Config\Paths))
CRITICAL - 2025-01-28 18:00:00 --> [Caused by] CodeIgniter\Database\Exceptions\DatabaseException: Unknown column 'cursos.id_seccionesF' in 'on clause'
in SYSTEMPATH\Database\MySQLi\Connection.php on line 317.
 1 SYSTEMPATH\Database\BaseConnection.php(734): CodeIgniter\Database\MySQLi\Connection->execute('SELECT `grados`.`id` AS `id_grado`, `grados`.`nombre` AS `grado_nombre`, `secciones`.`nombre` AS `seccion`, `cursos`.`nombreCurso` AS `curso`, `cursos`.`codigoCurso`
FROM `grados`
INNER JOIN `cursos` ON `cursos`.`id_grado` = `grados`.`id`
INNER JOIN `secciones` ON `secciones`.`id` = `cursos`.`id_seccionesF`
WHERE `grados`.`activo` = 1
ORDER BY `grados`.`nombre` ASC, `secciones`.`nombre` ASC')
 2 SYSTEMPATH\Database\BaseConnection.php(648): CodeIgniter\Database\BaseConnection->simpleQuery('SELECT `grados`.`id` AS `id_grado`, `grados`.`nombre` AS `grado_nombre`, `secciones`.`nombre` AS `seccion`, `cursos`.`nombreCurso` AS `curso`, `cursos`.`codigoCurso`
FROM `grados`
INNER JOIN `cursos` ON `cursos`.`id_grado` = `grados`.`id`
INNER JOIN `secciones` ON `secciones`.`id` = `cursos`.`id_seccionesF`
WHERE `grados`.`activo` = 1
ORDER BY `grados`.`nombre` ASC, `secciones`.`nombre` ASC')
 3 SYSTEMPATH\Database\BaseBuilder.php(1644): CodeIgniter\Database\BaseConnection->query('SELECT `grados`.`id` AS `id_grado`, `grados`.`nombre` AS `grado_nombre`, `secciones`.`nombre` AS `seccion`, `cursos`.`nombreCurso` AS `curso`, `cursos`.`codigoCurso`
FROM `grados`
INNER JOIN `cursos` ON `cursos`.`id_grado` = `grados`.`id`
INNER JOIN `secciones` ON `secciones`.`id` = `cursos`.`id_seccionesF`
WHERE `grados`.`activo` = :grados.activo:
ORDER BY `grados`.`nombre` ASC, `secciones`.`nombre` ASC', [...], false)
 4 SYSTEMPATH\Model.php(286): CodeIgniter\Database\BaseBuilder->get()
 5 SYSTEMPATH\BaseModel.php(676): CodeIgniter\Model->doFindAll(0, 0)
 6 APPPATH\Controllers\Grados.php(29): CodeIgniter\BaseModel->findAll()
 7 SYSTEMPATH\CodeIgniter.php(933): App\Controllers\Grados->index()
 8 SYSTEMPATH\CodeIgniter.php(509): CodeIgniter\CodeIgniter->runController(Object(App\Controllers\Grados))
 9 SYSTEMPATH\CodeIgniter.php(355): CodeIgniter\CodeIgniter->handleRequest(null, Object(Config\Cache), false)
10 SYSTEMPATH\Boot.php(325): CodeIgniter\CodeIgniter->run()
11 SYSTEMPATH\Boot.php(67): CodeIgniter\Boot::runCodeIgniter(Object(CodeIgniter\CodeIgniter))
12 FCPATH\index.php(56): CodeIgniter\Boot::bootWeb(Object(Config\Paths))
CRITICAL - 2025-01-28 18:00:00 --> [Caused by] mysqli_sql_exception: Unknown column 'cursos.id_seccionesF' in 'on clause'
in SYSTEMPATH\Database\MySQLi\Connection.php on line 312.
 1 SYSTEMPATH\Database\MySQLi\Connection.php(312): mysqli->query('SELECT `grados`.`id` AS `id_grado`, `grados`.`nombre` AS `grado_nombre`, `secciones`.`nombre` AS `seccion`, `cursos`.`nombreCurso` AS `curso`, `cursos`.`codigoCurso`
FROM `grados`
INNER JOIN `cursos` ON `cursos`.`id_grado` = `grados`.`id`
INNER JOIN `secciones` ON `secciones`.`id` = `cursos`.`id_seccionesF`
WHERE `grados`.`activo` = 1
ORDER BY `grados`.`nombre` ASC, `secciones`.`nombre` ASC', 0)
 2 SYSTEMPATH\Database\BaseConnection.php(734): CodeIgniter\Database\MySQLi\Connection->execute('SELECT `grados`.`id` AS `id_grado`, `grados`.`nombre` AS `grado_nombre`, `secciones`.`nombre` AS `seccion`, `cursos`.`nombreCurso` AS `curso`, `cursos`.`codigoCurso`
FROM `grados`
INNER JOIN `cursos` ON `cursos`.`id_grado` = `grados`.`id`
INNER JOIN `secciones` ON `secciones`.`id` = `cursos`.`id_seccionesF`
WHERE `grados`.`activo` = 1
ORDER BY `grados`.`nombre` ASC, `secciones`.`nombre` ASC')
 3 SYSTEMPATH\Database\BaseConnection.php(648): CodeIgniter\Database\BaseConnection->simpleQuery('SELECT `grados`.`id` AS `id_grado`, `grados`.`nombre` AS `grado_nombre`, `secciones`.`nombre` AS `seccion`, `cursos`.`nombreCurso` AS `curso`, `cursos`.`codigoCurso`
FROM `grados`
INNER JOIN `cursos` ON `cursos`.`id_grado` = `grados`.`id`
INNER JOIN `secciones` ON `secciones`.`id` = `cursos`.`id_seccionesF`
WHERE `grados`.`activo` = 1
ORDER BY `grados`.`nombre` ASC, `secciones`.`nombre` ASC')
 4 SYSTEMPATH\Database\BaseBuilder.php(1644): CodeIgniter\Database\BaseConnection->query('SELECT `grados`.`id` AS `id_grado`, `grados`.`nombre` AS `grado_nombre`, `secciones`.`nombre` AS `seccion`, `cursos`.`nombreCurso` AS `curso`, `cursos`.`codigoCurso`
FROM `grados`
INNER JOIN `cursos` ON `cursos`.`id_grado` = `grados`.`id`
INNER JOIN `secciones` ON `secciones`.`id` = `cursos`.`id_seccionesF`
WHERE `grados`.`activo` = :grados.activo:
ORDER BY `grados`.`nombre` ASC, `secciones`.`nombre` ASC', [...], false)
 5 SYSTEMPATH\Model.php(286): CodeIgniter\Database\BaseBuilder->get()
 6 SYSTEMPATH\BaseModel.php(676): CodeIgniter\Model->doFindAll(0, 0)
 7 APPPATH\Controllers\Grados.php(29): CodeIgniter\BaseModel->findAll()
 8 SYSTEMPATH\CodeIgniter.php(933): App\Controllers\Grados->index()
 9 SYSTEMPATH\CodeIgniter.php(509): CodeIgniter\CodeIgniter->runController(Object(App\Controllers\Grados))
10 SYSTEMPATH\CodeIgniter.php(355): CodeIgniter\CodeIgniter->handleRequest(null, Object(Config\Cache), false)
11 SYSTEMPATH\Boot.php(325): CodeIgniter\CodeIgniter->run()
12 SYSTEMPATH\Boot.php(67): CodeIgniter\Boot::runCodeIgniter(Object(CodeIgniter\CodeIgniter))
13 FCPATH\index.php(56): CodeIgniter\Boot::bootWeb(Object(Config\Paths))
DEBUG - 2025-01-28 19:30:39 --> Editando asignatura con ID: 1
INFO - 2025-01-28 19:52:53 --> Session: Class initialized using 'CodeIgniter\Session\Handlers\FileHandler' driver.
INFO - 2025-01-28 19:52:59 --> Session: Class initialized using 'CodeIgniter\Session\Handlers\FileHandler' driver.
INFO - 2025-01-28 19:53:07 --> Session: Class initialized using 'CodeIgniter\Session\Handlers\FileHandler' driver.
INFO - 2025-01-28 19:53:17 --> Session: Class initialized using 'CodeIgniter\Session\Handlers\FileHandler' driver.
INFO - 2025-01-28 19:53:21 --> Session: Class initialized using 'CodeIgniter\Session\Handlers\FileHandler' driver.
INFO - 2025-01-28 19:53:26 --> Session: Class initialized using 'CodeIgniter\Session\Handlers\FileHandler' driver.
INFO - 2025-01-28 19:53:28 --> Session: Class initialized using 'CodeIgniter\Session\Handlers\FileHandler' driver.
INFO - 2025-01-28 19:53:34 --> Session: Class initialized using 'CodeIgniter\Session\Handlers\FileHandler' driver.
INFO - 2025-01-28 22:53:02 --> Session: Class initialized using 'CodeIgniter\Session\Handlers\FileHandler' driver.
INFO - 2025-01-28 22:53:06 --> Session: Class initialized using 'CodeIgniter\Session\Handlers\FileHandler' driver.
INFO - 2025-01-28 22:53:43 --> Session: Class initialized using 'CodeIgniter\Session\Handlers\FileHandler' driver.
INFO - 2025-01-28 22:53:47 --> Session: Class initialized using 'CodeIgniter\Session\Handlers\FileHandler' driver.
INFO - 2025-01-28 22:54:39 --> Session: Class initialized using 'CodeIgniter\Session\Handlers\FileHandler' driver.
INFO - 2025-01-28 22:54:50 --> Session: Class initialized using 'CodeIgniter\Session\Handlers\FileHandler' driver.
INFO - 2025-01-28 22:54:53 --> Session: Class initialized using 'CodeIgniter\Session\Handlers\FileHandler' driver.
INFO - 2025-01-28 22:54:58 --> Session: Class initialized using 'CodeIgniter\Session\Handlers\FileHandler' driver.
INFO - 2025-01-28 22:55:17 --> Session: Class initialized using 'CodeIgniter\Session\Handlers\FileHandler' driver.
INFO - 2025-01-28 22:55:22 --> Session: Class initialized using 'CodeIgniter\Session\Handlers\FileHandler' driver.
INFO - 2025-01-28 22:55:36 --> Session: Class initialized using 'CodeIgniter\Session\Handlers\FileHandler' driver.
DEBUG - 2025-01-28 22:55:54 --> Editando escuela con ID: 1
DEBUG - 2025-01-28 22:55:58 --> Editando escuela con ID: 1
CRITICAL - 2025-01-28 23:21:16 --> ArgumentCountError: Too few arguments to function App\Controllers\Schoolyear::eliminados(), 0 passed in C:\xampp\htdocs\edsn\system\CodeIgniter.php on line 933 and exactly 1 expected
[Method: GET, Route: schoolyear/eliminados]
in APPPATH\Controllers\Schoolyear.php on line 35.
 1 SYSTEMPATH\CodeIgniter.php(933): App\Controllers\Schoolyear->eliminados()
 2 SYSTEMPATH\CodeIgniter.php(509): CodeIgniter\CodeIgniter->runController(Object(App\Controllers\Schoolyear))
 3 SYSTEMPATH\CodeIgniter.php(355): CodeIgniter\CodeIgniter->handleRequest(null, Object(Config\Cache), false)
 4 SYSTEMPATH\Boot.php(325): CodeIgniter\CodeIgniter->run()
 5 SYSTEMPATH\Boot.php(67): CodeIgniter\Boot::runCodeIgniter(Object(CodeIgniter\CodeIgniter))
 6 FCPATH\index.php(56): CodeIgniter\Boot::bootWeb(Object(Config\Paths))
