INFO - 2026-05-01 14:37:47 --> Session: Class initialized using 'CodeIgniter\Session\Handlers\FileHandler' driver.
INFO - 2026-05-01 14:37:47 --> Session: Class initialized using 'CodeIgniter\Session\Handlers\FileHandler' driver.
WARNING - 2026-05-01 14:37:47 --> [DEPRECATED] Optional parameter $term declared before required parameter $idEscuela is implicitly treated as a required parameter in APPPATH\Models\PersonalModel.php on line 122.
 1 SYSTEMPATH\Autoloader\Autoloader.php(317): include_once('C:\\xampp\\htdocs\\censa-prueba\\system\\Debug\\Exceptions.php')
 2 SYSTEMPATH\Autoloader\Autoloader.php(296): CodeIgniter\Autoloader\Autoloader->includeFile('C:\\xampp\\htdocs\\censa-prueba\\app\\Models\\PersonalModel.php')
 3 SYSTEMPATH\Autoloader\Autoloader.php(272): CodeIgniter\Autoloader\Autoloader->loadInNamespace('App\\Models\\PersonalModel')
 4 APPPATH\Controllers\Usuarios.php(24): CodeIgniter\Autoloader\Autoloader->loadClass('App\\Models\\PersonalModel')
 5 SYSTEMPATH\CodeIgniter.php(903): App\Controllers\Usuarios->__construct()
 6 SYSTEMPATH\CodeIgniter.php(500): CodeIgniter\CodeIgniter->createController()
 7 SYSTEMPATH\CodeIgniter.php(355): CodeIgniter\CodeIgniter->handleRequest(null, Object(Config\Cache), false)
 8 SYSTEMPATH\Boot.php(325): CodeIgniter\CodeIgniter->run()
 9 SYSTEMPATH\Boot.php(67): CodeIgniter\Boot::runCodeIgniter(Object(CodeIgniter\CodeIgniter))
10 FCPATH\index.php(56): CodeIgniter\Boot::bootWeb(Object(Config\Paths))
INFO - 2026-05-01 14:37:55 --> Session: Class initialized using 'CodeIgniter\Session\Handlers\FileHandler' driver.
WARNING - 2026-05-01 14:37:55 --> [DEPRECATED] Optional parameter $term declared before required parameter $idEscuela is implicitly treated as a required parameter in APPPATH\Models\PersonalModel.php on line 122.
 1 SYSTEMPATH\Autoloader\Autoloader.php(317): include_once('C:\\xampp\\htdocs\\censa-prueba\\system\\Debug\\Exceptions.php')
 2 SYSTEMPATH\Autoloader\Autoloader.php(296): CodeIgniter\Autoloader\Autoloader->includeFile('C:\\xampp\\htdocs\\censa-prueba\\app\\Models\\PersonalModel.php')
 3 SYSTEMPATH\Autoloader\Autoloader.php(272): CodeIgniter\Autoloader\Autoloader->loadInNamespace('App\\Models\\PersonalModel')
 4 APPPATH\Controllers\Usuarios.php(24): CodeIgniter\Autoloader\Autoloader->loadClass('App\\Models\\PersonalModel')
 5 SYSTEMPATH\CodeIgniter.php(903): App\Controllers\Usuarios->__construct()
 6 SYSTEMPATH\CodeIgniter.php(500): CodeIgniter\CodeIgniter->createController()
 7 SYSTEMPATH\CodeIgniter.php(355): CodeIgniter\CodeIgniter->handleRequest(null, Object(Config\Cache), false)
 8 SYSTEMPATH\Boot.php(325): CodeIgniter\CodeIgniter->run()
 9 SYSTEMPATH\Boot.php(67): CodeIgniter\Boot::runCodeIgniter(Object(CodeIgniter\CodeIgniter))
10 FCPATH\index.php(56): CodeIgniter\Boot::bootWeb(Object(Config\Paths))
DEBUG - 2026-05-01 14:37:56 --> Datos usuario: Array
(
    [id] => 12
    [usuario] => rdmorontag
    [clave] => $2y$10$HcB20FQFTn/DZkwYD4TtIOtxcgd5855tTd6qS6Mg3ahkON8.LVAXy
    [id_tipo_usuario] => 1
    [personal_id] => 5
    [estudiantes_id] => 
    [activo] => 1
    [cambio_clave] => 0
    [id_escuela] => 2
    [fecha_alta] => 2025-05-31 21:06:33
    [fecha_edit] => 2025-05-31 21:07:23
)

INFO - 2026-05-01 14:37:56 --> Session: Class initialized using 'CodeIgniter\Session\Handlers\FileHandler' driver.
WARNING - 2026-05-01 14:37:56 --> [DEPRECATED] Optional parameter $term declared before required parameter $idEscuela is implicitly treated as a required parameter in APPPATH\Models\PersonalModel.php on line 122.
 1 SYSTEMPATH\Autoloader\Autoloader.php(317): include_once('C:\\xampp\\htdocs\\censa-prueba\\system\\Debug\\Exceptions.php')
 2 SYSTEMPATH\Autoloader\Autoloader.php(296): CodeIgniter\Autoloader\Autoloader->includeFile('C:\\xampp\\htdocs\\censa-prueba\\app\\Models\\PersonalModel.php')
 3 SYSTEMPATH\Autoloader\Autoloader.php(272): CodeIgniter\Autoloader\Autoloader->loadInNamespace('App\\Models\\PersonalModel')
 4 APPPATH\Controllers\Home.php(17): CodeIgniter\Autoloader\Autoloader->loadClass('App\\Models\\PersonalModel')
 5 SYSTEMPATH\CodeIgniter.php(903): App\Controllers\Home->__construct()
 6 SYSTEMPATH\CodeIgniter.php(500): CodeIgniter\CodeIgniter->createController()
 7 SYSTEMPATH\CodeIgniter.php(355): CodeIgniter\CodeIgniter->handleRequest(null, Object(Config\Cache), false)
 8 SYSTEMPATH\Boot.php(325): CodeIgniter\CodeIgniter->run()
 9 SYSTEMPATH\Boot.php(67): CodeIgniter\Boot::runCodeIgniter(Object(CodeIgniter\CodeIgniter))
10 FCPATH\index.php(56): CodeIgniter\Boot::bootWeb(Object(Config\Paths))
INFO - 2026-05-01 14:38:07 --> Session: Class initialized using 'CodeIgniter\Session\Handlers\FileHandler' driver.
INFO - 2026-05-01 14:38:18 --> Session: Class initialized using 'CodeIgniter\Session\Handlers\FileHandler' driver.
INFO - 2026-05-01 14:38:23 --> Session: Class initialized using 'CodeIgniter\Session\Handlers\FileHandler' driver.
INFO - 2026-05-01 14:38:23 --> obtenerEstudiantes -> idResponsable recibido: 3
INFO - 2026-05-01 14:38:23 --> obtenerEstudiantes -> Estudiantes crudos obtenidos: [{"id":"9","nombre":"Milo","apellido":"Russo","matricula":"2025-EDS-0006","id_grado_nivel":"9","id_escuela":"1","grado_nombre":"Sexto","nivel_nombre":"Primaria"},{"id":"4","nombre":"Roman","apellido":"Russo","matricula":"2025-EDS-0004","id_grado_nivel":"12","id_escuela":"2","grado_nombre":"Tercero","nivel_nombre":"Secundaria"}]
INFO - 2026-05-01 14:38:23 --> Procesando estudiante: {"id":"9","nombre":"Milo","apellido":"Russo","matricula":"2025-EDS-0006","id_grado_nivel":"9","id_escuela":"1","grado_nombre":"Sexto","nivel_nombre":"Primaria"}
INFO - 2026-05-01 14:38:23 --> Servicios+salidas crudos (escuela 1): [{"id_servicio":"1","servicio_nombre":"Inicial","servicio_activo":"1","salida_id":null,"salida_nombre":null},{"id_servicio":"2","servicio_nombre":"Primario","servicio_activo":"1","salida_id":null,"salida_nombre":null}]
INFO - 2026-05-01 14:38:23 --> Estudiante 9 -> servicios mapeados: [{"id_servicio":1,"nombre":"Inicial","salida_id":null,"salida_nombre":null,"es_tecnico":0},{"id_servicio":2,"nombre":"Primario","salida_id":null,"salida_nombre":null,"es_tecnico":0}]
INFO - 2026-05-01 14:38:23 --> Procesando estudiante: {"id":"4","nombre":"Roman","apellido":"Russo","matricula":"2025-EDS-0004","id_grado_nivel":"12","id_escuela":"2","grado_nombre":"Tercero","nivel_nombre":"Secundaria"}
INFO - 2026-05-01 14:38:23 --> Servicios+salidas crudos (escuela 2): [{"id_servicio":"3","servicio_nombre":"Secundario","servicio_activo":"1","salida_id":null,"salida_nombre":null},{"id_servicio":"4","servicio_nombre":"T\u00e9cnico Profesional","servicio_activo":"1","salida_id":"1","salida_nombre":"Comercio y Mercadeo"},{"id_servicio":"4","servicio_nombre":"T\u00e9cnico Profesional","servicio_activo":"1","salida_id":"2","salida_nombre":"Desarrollo y Administraci\u00f3n de Aplicaciones Inform\u00e1ticas"}]
INFO - 2026-05-01 14:38:23 --> Estudiante 4 -> servicios mapeados: [{"id_servicio":3,"nombre":"Secundario","salida_id":null,"salida_nombre":null,"es_tecnico":0},{"id_servicio":4,"nombre":"T\u00e9cnico Profesional - Comercio y Mercadeo","salida_id":1,"salida_nombre":"Comercio y Mercadeo","es_tecnico":1},{"id_servicio":4,"nombre":"T\u00e9cnico Profesional - Desarrollo y Administraci\u00f3n de Aplicaciones Inform\u00e1ticas","salida_id":2,"salida_nombre":"Desarrollo y Administraci\u00f3n de Aplicaciones Inform\u00e1ticas","es_tecnico":1}]
INFO - 2026-05-01 14:38:23 --> obtenerEstudiantes -> Estudiantes procesados: [{"id":"9","nombre":"Milo","apellido":"Russo","matricula":"2025-EDS-0006","id_grado_nivel":"9","id_escuela":"1","grado_nombre":"Sexto","nivel_nombre":"Primaria","grado_nivel":"Sexto - Primaria","inscrito":true,"servicios":[{"id_servicio":1,"nombre":"Inicial","salida_id":null,"salida_nombre":null,"es_tecnico":0},{"id_servicio":2,"nombre":"Primario","salida_id":null,"salida_nombre":null,"es_tecnico":0}]},{"id":"4","nombre":"Roman","apellido":"Russo","matricula":"2025-EDS-0004","id_grado_nivel":"12","id_escuela":"2","grado_nombre":"Tercero","nivel_nombre":"Secundaria","grado_nivel":"Tercero - Secundaria","inscrito":true,"servicios":[{"id_servicio":3,"nombre":"Secundario","salida_id":null,"salida_nombre":null,"es_tecnico":0},{"id_servicio":4,"nombre":"T\u00e9cnico Profesional - Comercio y Mercadeo","salida_id":1,"salida_nombre":"Comercio y Mercadeo","es_tecnico":1},{"id_servicio":4,"nombre":"T\u00e9cnico Profesional - Desarrollo y Administraci\u00f3n de Aplicaciones Inform\u00e1ticas","salida_id":2,"salida_nombre":"Desarrollo y Administraci\u00f3n de Aplicaciones Inform\u00e1ticas","es_tecnico":1}]}]
INFO - 2026-05-01 14:39:09 --> Session: Class initialized using 'CodeIgniter\Session\Handlers\FileHandler' driver.
INFO - 2026-05-01 14:39:09 --> obtenerEstudiantes -> idResponsable recibido: 5
INFO - 2026-05-01 14:39:09 --> obtenerEstudiantes -> Estudiantes crudos obtenidos: [{"id":"16","nombre":"Patrick Jones","apellido":"Duncan","matricula":"2026-EDS-0010","id_grado_nivel":"10","id_escuela":"2","grado_nombre":"Primero","nivel_nombre":"Secundaria"},{"id":"5","nombre":"Gabriel Benjamin","apellido":"Duncan Blankenhooper","matricula":"2025-EDS-0005","id_grado_nivel":"12","id_escuela":"2","grado_nombre":"Tercero","nivel_nombre":"Secundaria"}]
INFO - 2026-05-01 14:39:09 --> Procesando estudiante: {"id":"16","nombre":"Patrick Jones","apellido":"Duncan","matricula":"2026-EDS-0010","id_grado_nivel":"10","id_escuela":"2","grado_nombre":"Primero","nivel_nombre":"Secundaria"}
INFO - 2026-05-01 14:39:09 --> Servicios+salidas crudos (escuela 2): [{"id_servicio":"3","servicio_nombre":"Secundario","servicio_activo":"1","salida_id":null,"salida_nombre":null},{"id_servicio":"4","servicio_nombre":"T\u00e9cnico Profesional","servicio_activo":"1","salida_id":"1","salida_nombre":"Comercio y Mercadeo"},{"id_servicio":"4","servicio_nombre":"T\u00e9cnico Profesional","servicio_activo":"1","salida_id":"2","salida_nombre":"Desarrollo y Administraci\u00f3n de Aplicaciones Inform\u00e1ticas"}]
INFO - 2026-05-01 14:39:09 --> Estudiante 16 -> servicios mapeados: [{"id_servicio":3,"nombre":"Secundario","salida_id":null,"salida_nombre":null,"es_tecnico":0},{"id_servicio":4,"nombre":"T\u00e9cnico Profesional - Comercio y Mercadeo","salida_id":1,"salida_nombre":"Comercio y Mercadeo","es_tecnico":1},{"id_servicio":4,"nombre":"T\u00e9cnico Profesional - Desarrollo y Administraci\u00f3n de Aplicaciones Inform\u00e1ticas","salida_id":2,"salida_nombre":"Desarrollo y Administraci\u00f3n de Aplicaciones Inform\u00e1ticas","es_tecnico":1}]
INFO - 2026-05-01 14:39:09 --> Procesando estudiante: {"id":"5","nombre":"Gabriel Benjamin","apellido":"Duncan Blankenhooper","matricula":"2025-EDS-0005","id_grado_nivel":"12","id_escuela":"2","grado_nombre":"Tercero","nivel_nombre":"Secundaria"}
INFO - 2026-05-01 14:39:09 --> Servicios+salidas crudos (escuela 2): [{"id_servicio":"3","servicio_nombre":"Secundario","servicio_activo":"1","salida_id":null,"salida_nombre":null},{"id_servicio":"4","servicio_nombre":"T\u00e9cnico Profesional","servicio_activo":"1","salida_id":"1","salida_nombre":"Comercio y Mercadeo"},{"id_servicio":"4","servicio_nombre":"T\u00e9cnico Profesional","servicio_activo":"1","salida_id":"2","salida_nombre":"Desarrollo y Administraci\u00f3n de Aplicaciones Inform\u00e1ticas"}]
INFO - 2026-05-01 14:39:09 --> Estudiante 5 -> servicios mapeados: [{"id_servicio":3,"nombre":"Secundario","salida_id":null,"salida_nombre":null,"es_tecnico":0},{"id_servicio":4,"nombre":"T\u00e9cnico Profesional - Comercio y Mercadeo","salida_id":1,"salida_nombre":"Comercio y Mercadeo","es_tecnico":1},{"id_servicio":4,"nombre":"T\u00e9cnico Profesional - Desarrollo y Administraci\u00f3n de Aplicaciones Inform\u00e1ticas","salida_id":2,"salida_nombre":"Desarrollo y Administraci\u00f3n de Aplicaciones Inform\u00e1ticas","es_tecnico":1}]
INFO - 2026-05-01 14:39:09 --> obtenerEstudiantes -> Estudiantes procesados: [{"id":"16","nombre":"Patrick Jones","apellido":"Duncan","matricula":"2026-EDS-0010","id_grado_nivel":"10","id_escuela":"2","grado_nombre":"Primero","nivel_nombre":"Secundaria","grado_nivel":"Primero - Secundaria","inscrito":false,"servicios":[{"id_servicio":3,"nombre":"Secundario","salida_id":null,"salida_nombre":null,"es_tecnico":0},{"id_servicio":4,"nombre":"T\u00e9cnico Profesional - Comercio y Mercadeo","salida_id":1,"salida_nombre":"Comercio y Mercadeo","es_tecnico":1},{"id_servicio":4,"nombre":"T\u00e9cnico Profesional - Desarrollo y Administraci\u00f3n de Aplicaciones Inform\u00e1ticas","salida_id":2,"salida_nombre":"Desarrollo y Administraci\u00f3n de Aplicaciones Inform\u00e1ticas","es_tecnico":1}]},{"id":"5","nombre":"Gabriel Benjamin","apellido":"Duncan Blankenhooper","matricula":"2025-EDS-0005","id_grado_nivel":"12","id_escuela":"2","grado_nombre":"Tercero","nivel_nombre":"Secundaria","grado_nivel":"Tercero - Secundaria","inscrito":false,"servicios":[{"id_servicio":3,"nombre":"Secundario","salida_id":null,"salida_nombre":null,"es_tecnico":0},{"id_servicio":4,"nombre":"T\u00e9cnico Profesional - Comercio y Mercadeo","salida_id":1,"salida_nombre":"Comercio y Mercadeo","es_tecnico":1},{"id_servicio":4,"nombre":"T\u00e9cnico Profesional - Desarrollo y Administraci\u00f3n de Aplicaciones Inform\u00e1ticas","salida_id":2,"salida_nombre":"Desarrollo y Administraci\u00f3n de Aplicaciones Inform\u00e1ticas","es_tecnico":1}]}]
INFO - 2026-05-01 14:41:04 --> Session: Class initialized using 'CodeIgniter\Session\Handlers\FileHandler' driver.
INFO - 2026-05-01 14:41:05 --> [INSCRIP] (FORZADO SQL) binds=[1,1,10,3,2]
INFO - 2026-05-01 14:41:05 --> [INSCRIP] (FORZADO SQL) 

        SELECT
            c.id,
            cb.nombre_curso AS nombre_curso,
            c.capacidad,
            SUM(CASE WHEN i.id IS NOT NULL
                     AND i.id_schoolYear = ?
                     AND i.estado <> 'ANULADA'
                     THEN 1 ELSE 0 END) AS ocupados
        FROM cursos c
        JOIN cursos_base cb ON cb.id = c.id_cursos_base
        LEFT JOIN inscripciones i ON i.id_curso = c.id
        WHERE c.activo = 1
          AND c.id_schoolyear = ?
          AND cb.id_grado = ?
          AND cb.id_servicio = ?
           AND cb.id_escuela = ? 
          
        GROUP BY c.id, cb.nombre_curso, c.capacidad
        ORDER BY cb.nombre_curso ASC
    
INFO - 2026-05-01 14:41:05 --> [INSCRIP] (FORZADO SQL) rows=[{"id":"1","nombre_curso":"1ro Secundaria A","capacidad":30,"ocupados":0,"disponibilidad":"0\/30","disponibilidad_num":30},{"id":"2","nombre_curso":"1ro Secundaria B","capacidad":30,"ocupados":0,"disponibilidad":"0\/30","disponibilidad_num":30}]
INFO - 2026-05-01 14:41:25 --> Session: Class initialized using 'CodeIgniter\Session\Handlers\FileHandler' driver.
INFO - 2026-05-01 14:41:25 --> [INSCRIP] (FORZADO SQL) binds=[1,1,12,3,2]
INFO - 2026-05-01 14:41:25 --> [INSCRIP] (FORZADO SQL) 

        SELECT
            c.id,
            cb.nombre_curso AS nombre_curso,
            c.capacidad,
            SUM(CASE WHEN i.id IS NOT NULL
                     AND i.id_schoolYear = ?
                     AND i.estado <> 'ANULADA'
                     THEN 1 ELSE 0 END) AS ocupados
        FROM cursos c
        JOIN cursos_base cb ON cb.id = c.id_cursos_base
        LEFT JOIN inscripciones i ON i.id_curso = c.id
        WHERE c.activo = 1
          AND c.id_schoolyear = ?
          AND cb.id_grado = ?
          AND cb.id_servicio = ?
           AND cb.id_escuela = ? 
          
        GROUP BY c.id, cb.nombre_curso, c.capacidad
        ORDER BY cb.nombre_curso ASC
    
INFO - 2026-05-01 14:41:25 --> [INSCRIP] (FORZADO SQL) rows=[{"id":"5","nombre_curso":"3ro Secundaria A","capacidad":30,"ocupados":1,"disponibilidad":"1\/30","disponibilidad_num":29},{"id":"6","nombre_curso":"3ro Secundaria B","capacidad":30,"ocupados":0,"disponibilidad":"0\/30","disponibilidad_num":30},{"id":"7","nombre_curso":"3ro Secundaria C","capacidad":30,"ocupados":0,"disponibilidad":"0\/30","disponibilidad_num":30}]
INFO - 2026-05-01 14:41:28 --> Session: Class initialized using 'CodeIgniter\Session\Handlers\FileHandler' driver.
INFO - 2026-05-01 14:41:28 --> [INSCRIP] (FORZADO SQL) binds=[1,1,12,4,2]
INFO - 2026-05-01 14:41:28 --> [INSCRIP] (FORZADO SQL) 

        SELECT
            c.id,
            cb.nombre_curso AS nombre_curso,
            c.capacidad,
            SUM(CASE WHEN i.id IS NOT NULL
                     AND i.id_schoolYear = ?
                     AND i.estado <> 'ANULADA'
                     THEN 1 ELSE 0 END) AS ocupados
        FROM cursos c
        JOIN cursos_base cb ON cb.id = c.id_cursos_base
        LEFT JOIN inscripciones i ON i.id_curso = c.id
        WHERE c.activo = 1
          AND c.id_schoolyear = ?
          AND cb.id_grado = ?
          AND cb.id_servicio = ?
           AND cb.id_escuela = ? 
          
        GROUP BY c.id, cb.nombre_curso, c.capacidad
        ORDER BY cb.nombre_curso ASC
    
INFO - 2026-05-01 14:41:28 --> [INSCRIP] (FORZADO SQL) rows=[]
INFO - 2026-05-01 14:41:33 --> Session: Class initialized using 'CodeIgniter\Session\Handlers\FileHandler' driver.
INFO - 2026-05-01 14:41:33 --> [INSCRIP] (FORZADO SQL) binds=[1,1,12,3,2]
INFO - 2026-05-01 14:41:33 --> [INSCRIP] (FORZADO SQL) 

        SELECT
            c.id,
            cb.nombre_curso AS nombre_curso,
            c.capacidad,
            SUM(CASE WHEN i.id IS NOT NULL
                     AND i.id_schoolYear = ?
                     AND i.estado <> 'ANULADA'
                     THEN 1 ELSE 0 END) AS ocupados
        FROM cursos c
        JOIN cursos_base cb ON cb.id = c.id_cursos_base
        LEFT JOIN inscripciones i ON i.id_curso = c.id
        WHERE c.activo = 1
          AND c.id_schoolyear = ?
          AND cb.id_grado = ?
          AND cb.id_servicio = ?
           AND cb.id_escuela = ? 
          
        GROUP BY c.id, cb.nombre_curso, c.capacidad
        ORDER BY cb.nombre_curso ASC
    
INFO - 2026-05-01 14:41:33 --> [INSCRIP] (FORZADO SQL) rows=[{"id":"5","nombre_curso":"3ro Secundaria A","capacidad":30,"ocupados":1,"disponibilidad":"1\/30","disponibilidad_num":29},{"id":"6","nombre_curso":"3ro Secundaria B","capacidad":30,"ocupados":0,"disponibilidad":"0\/30","disponibilidad_num":30},{"id":"7","nombre_curso":"3ro Secundaria C","capacidad":30,"ocupados":0,"disponibilidad":"0\/30","disponibilidad_num":30}]
INFO - 2026-05-01 14:41:45 --> Session: Class initialized using 'CodeIgniter\Session\Handlers\FileHandler' driver.
DEBUG - 2026-05-01 14:41:45 --> --- Generando nueva factura ---
DEBUG - 2026-05-01 14:41:45 --> Responsable ID: 5
DEBUG - 2026-05-01 14:41:45 --> Pagos: [27,28]
DEBUG - 2026-05-01 14:41:45 --> Total: 3000
DEBUG - 2026-05-01 14:41:45 --> Detalles: [{"concepto":"Inscripci\u00f3n","estudiante":"Patrick Jones Duncan","monto":"1500.00"},{"concepto":"Inscripci\u00f3n","estudiante":"Gabriel Benjamin Duncan Blankenhooper","monto":"1500.00"}]
DEBUG - 2026-05-01 14:41:45 --> Datos de factura a guardar: {"numero_factura":"FAC-20260501-69f4bba97e8d2","id_responsable":"5","nombre_responsable":"Robert Duncan","fecha_emision":"2026-05-01","total":3000,"estado":"Pago","detalles":"[{\"concepto\":\"Inscripci\\u00f3n\",\"estudiante\":\"Patrick Jones Duncan\",\"monto\":\"1500.00\"},{\"concepto\":\"Inscripci\\u00f3n\",\"estudiante\":\"Gabriel Benjamin Duncan Blankenhooper\",\"monto\":\"1500.00\"}]","pagos_relacionados":"[27,28]"}
DEBUG - 2026-05-01 14:41:45 --> ✅ Factura guardada correctamente. ID generado: 13
DEBUG - 2026-05-01 14:41:45 --> 🧾 Pago 27 vinculado a factura 13
DEBUG - 2026-05-01 14:41:45 --> 🧾 Pago 28 vinculado a factura 13
DEBUG - 2026-05-01 14:41:45 --> --- Fin del proceso de generación de factura ---
INFO - 2026-05-01 14:41:46 --> Session: Class initialized using 'CodeIgniter\Session\Handlers\FileHandler' driver.
INFO - 2026-05-01 14:41:53 --> Session: Class initialized using 'CodeIgniter\Session\Handlers\FileHandler' driver.
INFO - 2026-05-01 14:41:59 --> Session: Class initialized using 'CodeIgniter\Session\Handlers\FileHandler' driver.
INFO - 2026-05-01 14:42:01 --> Session: Class initialized using 'CodeIgniter\Session\Handlers\FileHandler' driver.
INFO - 2026-05-01 14:42:10 --> Session: Class initialized using 'CodeIgniter\Session\Handlers\FileHandler' driver.
DEBUG - 2026-05-01 14:42:10 --> 👤 Estudiante 5
WARNING - 2026-05-01 14:42:10 --> [DEPRECATED] trim(): Passing null to parameter #1 ($string) of type string is deprecated in APPPATH\Controllers\Pagos.php on line 763.
 1 APPPATH\Controllers\Pagos.php(763): trim(null)
 2 [internal function]: App\Controllers\Pagos->App\Controllers\{closure}([...])
 3 APPPATH\Controllers\Pagos.php(762): array_map(Object(Closure), [...])
 4 SYSTEMPATH\CodeIgniter.php(933): App\Controllers\Pagos->obtenerMensualidadesPendientes()
 5 SYSTEMPATH\CodeIgniter.php(509): CodeIgniter\CodeIgniter->runController(Object(App\Controllers\Pagos))
 6 SYSTEMPATH\CodeIgniter.php(355): CodeIgniter\CodeIgniter->handleRequest(null, Object(Config\Cache), false)
 7 SYSTEMPATH\Boot.php(325): CodeIgniter\CodeIgniter->run()
 8 SYSTEMPATH\Boot.php(67): CodeIgniter\Boot::runCodeIgniter(Object(CodeIgniter\CodeIgniter))
 9 FCPATH\index.php(56): CodeIgniter\Boot::bootWeb(Object(Config\Paths))
DEBUG - 2026-05-01 14:42:10 --> 💰 Meses pagados: [""]
DEBUG - 2026-05-01 14:42:10 --> 📊 Pendientes: [{"numero":1,"nombre":"Enero","monto":"800.00"},{"numero":2,"nombre":"Febrero","monto":"800.00"},{"numero":3,"nombre":"Marzo","monto":"800.00"},{"numero":4,"nombre":"Abril","monto":"800.00"},{"numero":5,"nombre":"Mayo","monto":"800.00"},{"numero":6,"nombre":"Junio","monto":"800.00"},{"numero":7,"nombre":"Julio","monto":"800.00"},{"numero":8,"nombre":"Agosto","monto":"800.00"},{"numero":9,"nombre":"Septiembre","monto":"800.00"},{"numero":10,"nombre":"Octubre","monto":"800.00"},{"numero":11,"nombre":"Noviembre","monto":"800.00"},{"numero":12,"nombre":"Diciembre","monto":"800.00"}]
DEBUG - 2026-05-01 14:42:10 --> 👤 Estudiante 16
WARNING - 2026-05-01 14:42:10 --> [DEPRECATED] trim(): Passing null to parameter #1 ($string) of type string is deprecated in APPPATH\Controllers\Pagos.php on line 763.
 1 APPPATH\Controllers\Pagos.php(763): trim(null)
 2 [internal function]: App\Controllers\Pagos->App\Controllers\{closure}([...])
 3 APPPATH\Controllers\Pagos.php(762): array_map(Object(Closure), [...])
 4 SYSTEMPATH\CodeIgniter.php(933): App\Controllers\Pagos->obtenerMensualidadesPendientes()
 5 SYSTEMPATH\CodeIgniter.php(509): CodeIgniter\CodeIgniter->runController(Object(App\Controllers\Pagos))
 6 SYSTEMPATH\CodeIgniter.php(355): CodeIgniter\CodeIgniter->handleRequest(null, Object(Config\Cache), false)
 7 SYSTEMPATH\Boot.php(325): CodeIgniter\CodeIgniter->run()
 8 SYSTEMPATH\Boot.php(67): CodeIgniter\Boot::runCodeIgniter(Object(CodeIgniter\CodeIgniter))
 9 FCPATH\index.php(56): CodeIgniter\Boot::bootWeb(Object(Config\Paths))
DEBUG - 2026-05-01 14:42:10 --> 💰 Meses pagados: [""]
DEBUG - 2026-05-01 14:42:10 --> 📊 Pendientes: [{"numero":1,"nombre":"Enero","monto":"800.00"},{"numero":2,"nombre":"Febrero","monto":"800.00"},{"numero":3,"nombre":"Marzo","monto":"800.00"},{"numero":4,"nombre":"Abril","monto":"800.00"},{"numero":5,"nombre":"Mayo","monto":"800.00"},{"numero":6,"nombre":"Junio","monto":"800.00"},{"numero":7,"nombre":"Julio","monto":"800.00"},{"numero":8,"nombre":"Agosto","monto":"800.00"},{"numero":9,"nombre":"Septiembre","monto":"800.00"},{"numero":10,"nombre":"Octubre","monto":"800.00"},{"numero":11,"nombre":"Noviembre","monto":"800.00"},{"numero":12,"nombre":"Diciembre","monto":"800.00"}]
INFO - 2026-05-01 14:42:36 --> Session: Class initialized using 'CodeIgniter\Session\Handlers\FileHandler' driver.
DEBUG - 2026-05-01 14:42:36 --> === 🚀 INICIO registrarPagoMensualidad ===
DEBUG - 2026-05-01 14:42:36 --> 📥 RAW INPUT: {"id_responsable":"5","id_schoolYear":"1","metodo_pago":"Efectivo","meses":{"5":["Enero"],"16":["Enero"]}}
DEBUG - 2026-05-01 14:42:36 --> 🧩 Estudiantes derivados (sin filtrar): [5,16]
DEBUG - 2026-05-01 14:42:36 --> 🧼 Estudiantes únicos: [5,16]
DEBUG - 2026-05-01 14:42:36 --> ➡️ Estudiante: 5
DEBUG - 2026-05-01 14:42:36 -->    📅 Mes procesado: Enero
DEBUG - 2026-05-01 14:42:36 -->    ✅ Pago guardado ID: 29
DEBUG - 2026-05-01 14:42:36 --> ➡️ Estudiante: 16
DEBUG - 2026-05-01 14:42:36 -->    📅 Mes procesado: Enero
DEBUG - 2026-05-01 14:42:36 -->    ✅ Pago guardado ID: 30
DEBUG - 2026-05-01 14:42:36 --> 💰 Total factura: 1600
DEBUG - 2026-05-01 14:42:36 --> 🧾 Pagos incluidos: [29,30]
DEBUG - 2026-05-01 14:42:36 --> --- Generando nueva factura ---
DEBUG - 2026-05-01 14:42:36 --> Responsable ID: 5
DEBUG - 2026-05-01 14:42:36 --> Pagos: [29,30]
DEBUG - 2026-05-01 14:42:36 --> Total: 1600
DEBUG - 2026-05-01 14:42:36 --> Detalles: [{"concepto":"Mensualidad - Enero","estudiante":"Gabriel Benjamin Duncan Blankenhooper","monto":"800.00"},{"concepto":"Mensualidad - Enero","estudiante":"Patrick Jones Duncan","monto":"800.00"}]
DEBUG - 2026-05-01 14:42:36 --> Datos de factura a guardar: {"numero_factura":"FAC-20260501-69f4bbdc8d39a","id_responsable":"5","nombre_responsable":"Robert Duncan","fecha_emision":"2026-05-01","total":1600,"estado":"Pago","detalles":"[{\"concepto\":\"Mensualidad - Enero\",\"estudiante\":\"Gabriel Benjamin Duncan Blankenhooper\",\"monto\":\"800.00\"},{\"concepto\":\"Mensualidad - Enero\",\"estudiante\":\"Patrick Jones Duncan\",\"monto\":\"800.00\"}]","pagos_relacionados":"[29,30]"}
DEBUG - 2026-05-01 14:42:36 --> ✅ Factura guardada correctamente. ID generado: 14
DEBUG - 2026-05-01 14:42:36 --> 🧾 Pago 29 vinculado a factura 14
DEBUG - 2026-05-01 14:42:36 --> 🧾 Pago 30 vinculado a factura 14
DEBUG - 2026-05-01 14:42:36 --> --- Fin del proceso de generación de factura ---
DEBUG - 2026-05-01 14:42:36 --> 🎉 Factura generada ID: 14
INFO - 2026-05-01 14:42:37 --> Session: Class initialized using 'CodeIgniter\Session\Handlers\FileHandler' driver.
INFO - 2026-05-01 14:42:44 --> Session: Class initialized using 'CodeIgniter\Session\Handlers\FileHandler' driver.
INFO - 2026-05-01 14:42:52 --> Session: Class initialized using 'CodeIgniter\Session\Handlers\FileHandler' driver.
INFO - 2026-05-01 14:42:59 --> Session: Class initialized using 'CodeIgniter\Session\Handlers\FileHandler' driver.
DEBUG - 2026-05-01 14:42:59 --> 👤 Estudiante 5
WARNING - 2026-05-01 14:42:59 --> [DEPRECATED] trim(): Passing null to parameter #1 ($string) of type string is deprecated in APPPATH\Controllers\Pagos.php on line 763.
 1 APPPATH\Controllers\Pagos.php(763): trim(null)
 2 [internal function]: App\Controllers\Pagos->App\Controllers\{closure}([...])
 3 APPPATH\Controllers\Pagos.php(762): array_map(Object(Closure), [...])
 4 SYSTEMPATH\CodeIgniter.php(933): App\Controllers\Pagos->obtenerMensualidadesPendientes()
 5 SYSTEMPATH\CodeIgniter.php(509): CodeIgniter\CodeIgniter->runController(Object(App\Controllers\Pagos))
 6 SYSTEMPATH\CodeIgniter.php(355): CodeIgniter\CodeIgniter->handleRequest(null, Object(Config\Cache), false)
 7 SYSTEMPATH\Boot.php(325): CodeIgniter\CodeIgniter->run()
 8 SYSTEMPATH\Boot.php(67): CodeIgniter\Boot::runCodeIgniter(Object(CodeIgniter\CodeIgniter))
 9 FCPATH\index.php(56): CodeIgniter\Boot::bootWeb(Object(Config\Paths))
DEBUG - 2026-05-01 14:42:59 --> 💰 Meses pagados: ["","enero"]
DEBUG - 2026-05-01 14:42:59 --> 📊 Pendientes: [{"numero":1,"nombre":"Enero","monto":"800.00"},{"numero":2,"nombre":"Febrero","monto":"800.00"},{"numero":3,"nombre":"Marzo","monto":"800.00"},{"numero":4,"nombre":"Abril","monto":"800.00"},{"numero":5,"nombre":"Mayo","monto":"800.00"},{"numero":6,"nombre":"Junio","monto":"800.00"},{"numero":7,"nombre":"Julio","monto":"800.00"},{"numero":8,"nombre":"Agosto","monto":"800.00"},{"numero":9,"nombre":"Septiembre","monto":"800.00"},{"numero":10,"nombre":"Octubre","monto":"800.00"},{"numero":11,"nombre":"Noviembre","monto":"800.00"},{"numero":12,"nombre":"Diciembre","monto":"800.00"}]
DEBUG - 2026-05-01 14:42:59 --> 👤 Estudiante 16
WARNING - 2026-05-01 14:42:59 --> [DEPRECATED] trim(): Passing null to parameter #1 ($string) of type string is deprecated in APPPATH\Controllers\Pagos.php on line 763.
 1 APPPATH\Controllers\Pagos.php(763): trim(null)
 2 [internal function]: App\Controllers\Pagos->App\Controllers\{closure}([...])
 3 APPPATH\Controllers\Pagos.php(762): array_map(Object(Closure), [...])
 4 SYSTEMPATH\CodeIgniter.php(933): App\Controllers\Pagos->obtenerMensualidadesPendientes()
 5 SYSTEMPATH\CodeIgniter.php(509): CodeIgniter\CodeIgniter->runController(Object(App\Controllers\Pagos))
 6 SYSTEMPATH\CodeIgniter.php(355): CodeIgniter\CodeIgniter->handleRequest(null, Object(Config\Cache), false)
 7 SYSTEMPATH\Boot.php(325): CodeIgniter\CodeIgniter->run()
 8 SYSTEMPATH\Boot.php(67): CodeIgniter\Boot::runCodeIgniter(Object(CodeIgniter\CodeIgniter))
 9 FCPATH\index.php(56): CodeIgniter\Boot::bootWeb(Object(Config\Paths))
DEBUG - 2026-05-01 14:42:59 --> 💰 Meses pagados: ["","enero"]
DEBUG - 2026-05-01 14:42:59 --> 📊 Pendientes: [{"numero":1,"nombre":"Enero","monto":"800.00"},{"numero":2,"nombre":"Febrero","monto":"800.00"},{"numero":3,"nombre":"Marzo","monto":"800.00"},{"numero":4,"nombre":"Abril","monto":"800.00"},{"numero":5,"nombre":"Mayo","monto":"800.00"},{"numero":6,"nombre":"Junio","monto":"800.00"},{"numero":7,"nombre":"Julio","monto":"800.00"},{"numero":8,"nombre":"Agosto","monto":"800.00"},{"numero":9,"nombre":"Septiembre","monto":"800.00"},{"numero":10,"nombre":"Octubre","monto":"800.00"},{"numero":11,"nombre":"Noviembre","monto":"800.00"},{"numero":12,"nombre":"Diciembre","monto":"800.00"}]
INFO - 2026-05-01 14:45:41 --> Session: Class initialized using 'CodeIgniter\Session\Handlers\FileHandler' driver.
WARNING - 2026-05-01 14:45:41 --> [DEPRECATED] Optional parameter $term declared before required parameter $idEscuela is implicitly treated as a required parameter in APPPATH\Models\PersonalModel.php on line 122.
 1 SYSTEMPATH\Autoloader\Autoloader.php(317): include_once('C:\\xampp\\htdocs\\censa-prueba\\system\\Debug\\Exceptions.php')
 2 SYSTEMPATH\Autoloader\Autoloader.php(296): CodeIgniter\Autoloader\Autoloader->includeFile('C:\\xampp\\htdocs\\censa-prueba\\app\\Models\\PersonalModel.php')
 3 SYSTEMPATH\Autoloader\Autoloader.php(272): CodeIgniter\Autoloader\Autoloader->loadInNamespace('App\\Models\\PersonalModel')
 4 APPPATH\Controllers\Home.php(17): CodeIgniter\Autoloader\Autoloader->loadClass('App\\Models\\PersonalModel')
 5 SYSTEMPATH\CodeIgniter.php(903): App\Controllers\Home->__construct()
 6 SYSTEMPATH\CodeIgniter.php(500): CodeIgniter\CodeIgniter->createController()
 7 SYSTEMPATH\CodeIgniter.php(355): CodeIgniter\CodeIgniter->handleRequest(null, Object(Config\Cache), false)
 8 SYSTEMPATH\Boot.php(325): CodeIgniter\CodeIgniter->run()
 9 SYSTEMPATH\Boot.php(67): CodeIgniter\Boot::runCodeIgniter(Object(CodeIgniter\CodeIgniter))
10 FCPATH\index.php(56): CodeIgniter\Boot::bootWeb(Object(Config\Paths))
INFO - 2026-05-01 14:46:35 --> Session: Class initialized using 'CodeIgniter\Session\Handlers\FileHandler' driver.
INFO - 2026-05-01 14:46:39 --> Session: Class initialized using 'CodeIgniter\Session\Handlers\FileHandler' driver.
INFO - 2026-05-01 14:46:52 --> Session: Class initialized using 'CodeIgniter\Session\Handlers\FileHandler' driver.
DEBUG - 2026-05-01 14:46:52 --> 👤 Estudiante 5
WARNING - 2026-05-01 14:46:52 --> [DEPRECATED] trim(): Passing null to parameter #1 ($string) of type string is deprecated in APPPATH\Controllers\Pagos.php on line 763.
 1 APPPATH\Controllers\Pagos.php(763): trim(null)
 2 [internal function]: App\Controllers\Pagos->App\Controllers\{closure}([...])
 3 APPPATH\Controllers\Pagos.php(762): array_map(Object(Closure), [...])
 4 SYSTEMPATH\CodeIgniter.php(933): App\Controllers\Pagos->obtenerMensualidadesPendientes()
 5 SYSTEMPATH\CodeIgniter.php(509): CodeIgniter\CodeIgniter->runController(Object(App\Controllers\Pagos))
 6 SYSTEMPATH\CodeIgniter.php(355): CodeIgniter\CodeIgniter->handleRequest(null, Object(Config\Cache), false)
 7 SYSTEMPATH\Boot.php(325): CodeIgniter\CodeIgniter->run()
 8 SYSTEMPATH\Boot.php(67): CodeIgniter\Boot::runCodeIgniter(Object(CodeIgniter\CodeIgniter))
 9 FCPATH\index.php(56): CodeIgniter\Boot::bootWeb(Object(Config\Paths))
DEBUG - 2026-05-01 14:46:52 --> 💰 Meses pagados: ["","enero"]
DEBUG - 2026-05-01 14:46:52 --> 📊 Pendientes: [{"numero":1,"nombre":"Enero","monto":"800.00"},{"numero":2,"nombre":"Febrero","monto":"800.00"},{"numero":3,"nombre":"Marzo","monto":"800.00"},{"numero":4,"nombre":"Abril","monto":"800.00"},{"numero":5,"nombre":"Mayo","monto":"800.00"},{"numero":6,"nombre":"Junio","monto":"800.00"},{"numero":7,"nombre":"Julio","monto":"800.00"},{"numero":8,"nombre":"Agosto","monto":"800.00"},{"numero":9,"nombre":"Septiembre","monto":"800.00"},{"numero":10,"nombre":"Octubre","monto":"800.00"},{"numero":11,"nombre":"Noviembre","monto":"800.00"},{"numero":12,"nombre":"Diciembre","monto":"800.00"}]
DEBUG - 2026-05-01 14:46:52 --> 👤 Estudiante 16
WARNING - 2026-05-01 14:46:52 --> [DEPRECATED] trim(): Passing null to parameter #1 ($string) of type string is deprecated in APPPATH\Controllers\Pagos.php on line 763.
 1 APPPATH\Controllers\Pagos.php(763): trim(null)
 2 [internal function]: App\Controllers\Pagos->App\Controllers\{closure}([...])
 3 APPPATH\Controllers\Pagos.php(762): array_map(Object(Closure), [...])
 4 SYSTEMPATH\CodeIgniter.php(933): App\Controllers\Pagos->obtenerMensualidadesPendientes()
 5 SYSTEMPATH\CodeIgniter.php(509): CodeIgniter\CodeIgniter->runController(Object(App\Controllers\Pagos))
 6 SYSTEMPATH\CodeIgniter.php(355): CodeIgniter\CodeIgniter->handleRequest(null, Object(Config\Cache), false)
 7 SYSTEMPATH\Boot.php(325): CodeIgniter\CodeIgniter->run()
 8 SYSTEMPATH\Boot.php(67): CodeIgniter\Boot::runCodeIgniter(Object(CodeIgniter\CodeIgniter))
 9 FCPATH\index.php(56): CodeIgniter\Boot::bootWeb(Object(Config\Paths))
DEBUG - 2026-05-01 14:46:52 --> 💰 Meses pagados: ["","enero"]
DEBUG - 2026-05-01 14:46:52 --> 📊 Pendientes: [{"numero":1,"nombre":"Enero","monto":"800.00"},{"numero":2,"nombre":"Febrero","monto":"800.00"},{"numero":3,"nombre":"Marzo","monto":"800.00"},{"numero":4,"nombre":"Abril","monto":"800.00"},{"numero":5,"nombre":"Mayo","monto":"800.00"},{"numero":6,"nombre":"Junio","monto":"800.00"},{"numero":7,"nombre":"Julio","monto":"800.00"},{"numero":8,"nombre":"Agosto","monto":"800.00"},{"numero":9,"nombre":"Septiembre","monto":"800.00"},{"numero":10,"nombre":"Octubre","monto":"800.00"},{"numero":11,"nombre":"Noviembre","monto":"800.00"},{"numero":12,"nombre":"Diciembre","monto":"800.00"}]
INFO - 2026-05-01 14:50:56 --> Session: Class initialized using 'CodeIgniter\Session\Handlers\FileHandler' driver.
INFO - 2026-05-01 14:51:01 --> Session: Class initialized using 'CodeIgniter\Session\Handlers\FileHandler' driver.
INFO - 2026-05-01 14:51:04 --> Session: Class initialized using 'CodeIgniter\Session\Handlers\FileHandler' driver.
INFO - 2026-05-01 14:51:07 --> Session: Class initialized using 'CodeIgniter\Session\Handlers\FileHandler' driver.
INFO - 2026-05-01 14:52:15 --> Session: Class initialized using 'CodeIgniter\Session\Handlers\FileHandler' driver.
WARNING - 2026-05-01 14:52:15 --> [DEPRECATED] Optional parameter $term declared before required parameter $idEscuela is implicitly treated as a required parameter in APPPATH\Models\PersonalModel.php on line 122.
 1 SYSTEMPATH\Autoloader\Autoloader.php(317): include_once('C:\\xampp\\htdocs\\censa-prueba\\system\\Debug\\Exceptions.php')
 2 SYSTEMPATH\Autoloader\Autoloader.php(296): CodeIgniter\Autoloader\Autoloader->includeFile('C:\\xampp\\htdocs\\censa-prueba\\app\\Models\\PersonalModel.php')
 3 SYSTEMPATH\Autoloader\Autoloader.php(272): CodeIgniter\Autoloader\Autoloader->loadInNamespace('App\\Models\\PersonalModel')
 4 APPPATH\Controllers\Home.php(17): CodeIgniter\Autoloader\Autoloader->loadClass('App\\Models\\PersonalModel')
 5 SYSTEMPATH\CodeIgniter.php(903): App\Controllers\Home->__construct()
 6 SYSTEMPATH\CodeIgniter.php(500): CodeIgniter\CodeIgniter->createController()
 7 SYSTEMPATH\CodeIgniter.php(355): CodeIgniter\CodeIgniter->handleRequest(null, Object(Config\Cache), false)
 8 SYSTEMPATH\Boot.php(325): CodeIgniter\CodeIgniter->run()
 9 SYSTEMPATH\Boot.php(67): CodeIgniter\Boot::runCodeIgniter(Object(CodeIgniter\CodeIgniter))
10 FCPATH\index.php(56): CodeIgniter\Boot::bootWeb(Object(Config\Paths))
INFO - 2026-05-01 14:54:16 --> Session: Class initialized using 'CodeIgniter\Session\Handlers\FileHandler' driver.
INFO - 2026-05-01 14:54:16 --> Session: Class initialized using 'CodeIgniter\Session\Handlers\FileHandler' driver.
WARNING - 2026-05-01 14:54:16 --> [DEPRECATED] Optional parameter $term declared before required parameter $idEscuela is implicitly treated as a required parameter in APPPATH\Models\PersonalModel.php on line 122.
 1 SYSTEMPATH\Autoloader\Autoloader.php(317): include_once('C:\\xampp\\htdocs\\censa-prueba\\system\\Debug\\Exceptions.php')
 2 SYSTEMPATH\Autoloader\Autoloader.php(296): CodeIgniter\Autoloader\Autoloader->includeFile('C:\\xampp\\htdocs\\censa-prueba\\app\\Models\\PersonalModel.php')
 3 SYSTEMPATH\Autoloader\Autoloader.php(272): CodeIgniter\Autoloader\Autoloader->loadInNamespace('App\\Models\\PersonalModel')
 4 APPPATH\Controllers\Usuarios.php(24): CodeIgniter\Autoloader\Autoloader->loadClass('App\\Models\\PersonalModel')
 5 SYSTEMPATH\CodeIgniter.php(903): App\Controllers\Usuarios->__construct()
 6 SYSTEMPATH\CodeIgniter.php(500): CodeIgniter\CodeIgniter->createController()
 7 SYSTEMPATH\CodeIgniter.php(355): CodeIgniter\CodeIgniter->handleRequest(null, Object(Config\Cache), false)
 8 SYSTEMPATH\Boot.php(325): CodeIgniter\CodeIgniter->run()
 9 SYSTEMPATH\Boot.php(67): CodeIgniter\Boot::runCodeIgniter(Object(CodeIgniter\CodeIgniter))
10 FCPATH\index.php(56): CodeIgniter\Boot::bootWeb(Object(Config\Paths))
INFO - 2026-05-01 14:56:53 --> Session: Class initialized using 'CodeIgniter\Session\Handlers\FileHandler' driver.
WARNING - 2026-05-01 14:56:53 --> [DEPRECATED] Optional parameter $term declared before required parameter $idEscuela is implicitly treated as a required parameter in APPPATH\Models\PersonalModel.php on line 122.
 1 SYSTEMPATH\Autoloader\Autoloader.php(317): include_once('C:\\xampp\\htdocs\\censa-prueba\\system\\Debug\\Exceptions.php')
 2 SYSTEMPATH\Autoloader\Autoloader.php(296): CodeIgniter\Autoloader\Autoloader->includeFile('C:\\xampp\\htdocs\\censa-prueba\\app\\Models\\PersonalModel.php')
 3 SYSTEMPATH\Autoloader\Autoloader.php(272): CodeIgniter\Autoloader\Autoloader->loadInNamespace('App\\Models\\PersonalModel')
 4 APPPATH\Controllers\Usuarios.php(24): CodeIgniter\Autoloader\Autoloader->loadClass('App\\Models\\PersonalModel')
 5 SYSTEMPATH\CodeIgniter.php(903): App\Controllers\Usuarios->__construct()
 6 SYSTEMPATH\CodeIgniter.php(500): CodeIgniter\CodeIgniter->createController()
 7 SYSTEMPATH\CodeIgniter.php(355): CodeIgniter\CodeIgniter->handleRequest(null, Object(Config\Cache), false)
 8 SYSTEMPATH\Boot.php(325): CodeIgniter\CodeIgniter->run()
 9 SYSTEMPATH\Boot.php(67): CodeIgniter\Boot::runCodeIgniter(Object(CodeIgniter\CodeIgniter))
10 FCPATH\index.php(56): CodeIgniter\Boot::bootWeb(Object(Config\Paths))
DEBUG - 2026-05-01 14:56:54 --> Datos usuario: Array
(
    [id] => 9
    [usuario] => admin
    [clave] => $2y$10$yCA72j.suB8ZUEJVl0SicOrUFyA0H1dovVhGPr505rVbOo3t1mx9K
    [id_tipo_usuario] => 5
    [personal_id] => 
    [estudiantes_id] => 
    [activo] => 1
    [cambio_clave] => 0
    [id_escuela] => 
    [fecha_alta] => 2025-03-16 18:17:14
    [fecha_edit] => 2025-05-04 23:18:30
)

INFO - 2026-05-01 14:56:54 --> Session: Class initialized using 'CodeIgniter\Session\Handlers\FileHandler' driver.
WARNING - 2026-05-01 14:56:55 --> [DEPRECATED] Optional parameter $term declared before required parameter $idEscuela is implicitly treated as a required parameter in APPPATH\Models\PersonalModel.php on line 122.
 1 SYSTEMPATH\Autoloader\Autoloader.php(317): include_once('C:\\xampp\\htdocs\\censa-prueba\\system\\Debug\\Exceptions.php')
 2 SYSTEMPATH\Autoloader\Autoloader.php(296): CodeIgniter\Autoloader\Autoloader->includeFile('C:\\xampp\\htdocs\\censa-prueba\\app\\Models\\PersonalModel.php')
 3 SYSTEMPATH\Autoloader\Autoloader.php(272): CodeIgniter\Autoloader\Autoloader->loadInNamespace('App\\Models\\PersonalModel')
 4 APPPATH\Controllers\Home.php(17): CodeIgniter\Autoloader\Autoloader->loadClass('App\\Models\\PersonalModel')
 5 SYSTEMPATH\CodeIgniter.php(903): App\Controllers\Home->__construct()
 6 SYSTEMPATH\CodeIgniter.php(500): CodeIgniter\CodeIgniter->createController()
 7 SYSTEMPATH\CodeIgniter.php(355): CodeIgniter\CodeIgniter->handleRequest(null, Object(Config\Cache), false)
 8 SYSTEMPATH\Boot.php(325): CodeIgniter\CodeIgniter->run()
 9 SYSTEMPATH\Boot.php(67): CodeIgniter\Boot::runCodeIgniter(Object(CodeIgniter\CodeIgniter))
10 FCPATH\index.php(56): CodeIgniter\Boot::bootWeb(Object(Config\Paths))
INFO - 2026-05-01 14:57:02 --> Session: Class initialized using 'CodeIgniter\Session\Handlers\FileHandler' driver.
WARNING - 2026-05-01 14:57:02 --> [DEPRECATED] Optional parameter $term declared before required parameter $idEscuela is implicitly treated as a required parameter in APPPATH\Models\PersonalModel.php on line 122.
 1 SYSTEMPATH\Autoloader\Autoloader.php(317): include_once('C:\\xampp\\htdocs\\censa-prueba\\system\\Debug\\Exceptions.php')
 2 SYSTEMPATH\Autoloader\Autoloader.php(296): CodeIgniter\Autoloader\Autoloader->includeFile('C:\\xampp\\htdocs\\censa-prueba\\app\\Models\\PersonalModel.php')
 3 SYSTEMPATH\Autoloader\Autoloader.php(272): CodeIgniter\Autoloader\Autoloader->loadInNamespace('App\\Models\\PersonalModel')
 4 APPPATH\Controllers\Usuarios.php(24): CodeIgniter\Autoloader\Autoloader->loadClass('App\\Models\\PersonalModel')
 5 SYSTEMPATH\CodeIgniter.php(903): App\Controllers\Usuarios->__construct()
 6 SYSTEMPATH\CodeIgniter.php(500): CodeIgniter\CodeIgniter->createController()
 7 SYSTEMPATH\CodeIgniter.php(355): CodeIgniter\CodeIgniter->handleRequest(null, Object(Config\Cache), false)
 8 SYSTEMPATH\Boot.php(325): CodeIgniter\CodeIgniter->run()
 9 SYSTEMPATH\Boot.php(67): CodeIgniter\Boot::runCodeIgniter(Object(CodeIgniter\CodeIgniter))
10 FCPATH\index.php(56): CodeIgniter\Boot::bootWeb(Object(Config\Paths))
INFO - 2026-05-01 14:57:03 --> Session: Class initialized using 'CodeIgniter\Session\Handlers\FileHandler' driver.
WARNING - 2026-05-01 14:57:03 --> [DEPRECATED] Optional parameter $term declared before required parameter $idEscuela is implicitly treated as a required parameter in APPPATH\Models\PersonalModel.php on line 122.
 1 SYSTEMPATH\Autoloader\Autoloader.php(317): include_once('C:\\xampp\\htdocs\\censa-prueba\\system\\Debug\\Exceptions.php')
 2 SYSTEMPATH\Autoloader\Autoloader.php(296): CodeIgniter\Autoloader\Autoloader->includeFile('C:\\xampp\\htdocs\\censa-prueba\\app\\Models\\PersonalModel.php')
 3 SYSTEMPATH\Autoloader\Autoloader.php(272): CodeIgniter\Autoloader\Autoloader->loadInNamespace('App\\Models\\PersonalModel')
 4 APPPATH\Controllers\Usuarios.php(24): CodeIgniter\Autoloader\Autoloader->loadClass('App\\Models\\PersonalModel')
 5 SYSTEMPATH\CodeIgniter.php(903): App\Controllers\Usuarios->__construct()
 6 SYSTEMPATH\CodeIgniter.php(500): CodeIgniter\CodeIgniter->createController()
 7 SYSTEMPATH\CodeIgniter.php(355): CodeIgniter\CodeIgniter->handleRequest(null, Object(Config\Cache), false)
 8 SYSTEMPATH\Boot.php(325): CodeIgniter\CodeIgniter->run()
 9 SYSTEMPATH\Boot.php(67): CodeIgniter\Boot::runCodeIgniter(Object(CodeIgniter\CodeIgniter))
10 FCPATH\index.php(56): CodeIgniter\Boot::bootWeb(Object(Config\Paths))
INFO - 2026-05-01 14:57:05 --> Session: Class initialized using 'CodeIgniter\Session\Handlers\FileHandler' driver.
WARNING - 2026-05-01 14:57:05 --> [DEPRECATED] Optional parameter $term declared before required parameter $idEscuela is implicitly treated as a required parameter in APPPATH\Models\PersonalModel.php on line 122.
 1 SYSTEMPATH\Autoloader\Autoloader.php(317): include_once('C:\\xampp\\htdocs\\censa-prueba\\system\\Debug\\Exceptions.php')
 2 SYSTEMPATH\Autoloader\Autoloader.php(296): CodeIgniter\Autoloader\Autoloader->includeFile('C:\\xampp\\htdocs\\censa-prueba\\app\\Models\\PersonalModel.php')
 3 SYSTEMPATH\Autoloader\Autoloader.php(272): CodeIgniter\Autoloader\Autoloader->loadInNamespace('App\\Models\\PersonalModel')
 4 APPPATH\Controllers\Home.php(17): CodeIgniter\Autoloader\Autoloader->loadClass('App\\Models\\PersonalModel')
 5 SYSTEMPATH\CodeIgniter.php(903): App\Controllers\Home->__construct()
 6 SYSTEMPATH\CodeIgniter.php(500): CodeIgniter\CodeIgniter->createController()
 7 SYSTEMPATH\CodeIgniter.php(355): CodeIgniter\CodeIgniter->handleRequest(null, Object(Config\Cache), false)
 8 SYSTEMPATH\Boot.php(325): CodeIgniter\CodeIgniter->run()
 9 SYSTEMPATH\Boot.php(67): CodeIgniter\Boot::runCodeIgniter(Object(CodeIgniter\CodeIgniter))
10 FCPATH\index.php(56): CodeIgniter\Boot::bootWeb(Object(Config\Paths))
INFO - 2026-05-01 14:57:27 --> Session: Class initialized using 'CodeIgniter\Session\Handlers\FileHandler' driver.
INFO - 2026-05-01 14:57:30 --> Session: Class initialized using 'CodeIgniter\Session\Handlers\FileHandler' driver.
INFO - 2026-05-01 14:59:09 --> Session: Class initialized using 'CodeIgniter\Session\Handlers\FileHandler' driver.
WARNING - 2026-05-01 14:59:09 --> [DEPRECATED] Optional parameter $term declared before required parameter $idEscuela is implicitly treated as a required parameter in APPPATH\Models\PersonalModel.php on line 122.
 1 SYSTEMPATH\Autoloader\Autoloader.php(317): include_once('C:\\xampp\\htdocs\\censa-prueba\\system\\Debug\\Exceptions.php')
 2 SYSTEMPATH\Autoloader\Autoloader.php(296): CodeIgniter\Autoloader\Autoloader->includeFile('C:\\xampp\\htdocs\\censa-prueba\\app\\Models\\PersonalModel.php')
 3 SYSTEMPATH\Autoloader\Autoloader.php(272): CodeIgniter\Autoloader\Autoloader->loadInNamespace('App\\Models\\PersonalModel')
 4 APPPATH\Controllers\Usuarios.php(24): CodeIgniter\Autoloader\Autoloader->loadClass('App\\Models\\PersonalModel')
 5 SYSTEMPATH\CodeIgniter.php(903): App\Controllers\Usuarios->__construct()
 6 SYSTEMPATH\CodeIgniter.php(500): CodeIgniter\CodeIgniter->createController()
 7 SYSTEMPATH\CodeIgniter.php(355): CodeIgniter\CodeIgniter->handleRequest(null, Object(Config\Cache), false)
 8 SYSTEMPATH\Boot.php(325): CodeIgniter\CodeIgniter->run()
 9 SYSTEMPATH\Boot.php(67): CodeIgniter\Boot::runCodeIgniter(Object(CodeIgniter\CodeIgniter))
10 FCPATH\index.php(56): CodeIgniter\Boot::bootWeb(Object(Config\Paths))
INFO - 2026-05-01 14:59:10 --> Session: Class initialized using 'CodeIgniter\Session\Handlers\FileHandler' driver.
WARNING - 2026-05-01 14:59:11 --> [DEPRECATED] Optional parameter $term declared before required parameter $idEscuela is implicitly treated as a required parameter in APPPATH\Models\PersonalModel.php on line 122.
 1 SYSTEMPATH\Autoloader\Autoloader.php(317): include_once('C:\\xampp\\htdocs\\censa-prueba\\system\\Debug\\Exceptions.php')
 2 SYSTEMPATH\Autoloader\Autoloader.php(296): CodeIgniter\Autoloader\Autoloader->includeFile('C:\\xampp\\htdocs\\censa-prueba\\app\\Models\\PersonalModel.php')
 3 SYSTEMPATH\Autoloader\Autoloader.php(272): CodeIgniter\Autoloader\Autoloader->loadInNamespace('App\\Models\\PersonalModel')
 4 APPPATH\Controllers\Usuarios.php(24): CodeIgniter\Autoloader\Autoloader->loadClass('App\\Models\\PersonalModel')
 5 SYSTEMPATH\CodeIgniter.php(903): App\Controllers\Usuarios->__construct()
 6 SYSTEMPATH\CodeIgniter.php(500): CodeIgniter\CodeIgniter->createController()
 7 SYSTEMPATH\CodeIgniter.php(355): CodeIgniter\CodeIgniter->handleRequest(null, Object(Config\Cache), false)
 8 SYSTEMPATH\Boot.php(325): CodeIgniter\CodeIgniter->run()
 9 SYSTEMPATH\Boot.php(67): CodeIgniter\Boot::runCodeIgniter(Object(CodeIgniter\CodeIgniter))
10 FCPATH\index.php(56): CodeIgniter\Boot::bootWeb(Object(Config\Paths))
INFO - 2026-05-01 14:59:13 --> Session: Class initialized using 'CodeIgniter\Session\Handlers\FileHandler' driver.
INFO - 2026-05-01 14:59:20 --> Session: Class initialized using 'CodeIgniter\Session\Handlers\FileHandler' driver.
WARNING - 2026-05-01 14:59:20 --> [DEPRECATED] Optional parameter $term declared before required parameter $idEscuela is implicitly treated as a required parameter in APPPATH\Models\PersonalModel.php on line 122.
 1 SYSTEMPATH\Autoloader\Autoloader.php(317): include_once('C:\\xampp\\htdocs\\censa-prueba\\system\\Debug\\Exceptions.php')
 2 SYSTEMPATH\Autoloader\Autoloader.php(296): CodeIgniter\Autoloader\Autoloader->includeFile('C:\\xampp\\htdocs\\censa-prueba\\app\\Models\\PersonalModel.php')
 3 SYSTEMPATH\Autoloader\Autoloader.php(272): CodeIgniter\Autoloader\Autoloader->loadInNamespace('App\\Models\\PersonalModel')
 4 APPPATH\Controllers\Calificaciones.php(48): CodeIgniter\Autoloader\Autoloader->loadClass('App\\Models\\PersonalModel')
 5 SYSTEMPATH\CodeIgniter.php(903): App\Controllers\Calificaciones->__construct()
 6 SYSTEMPATH\CodeIgniter.php(500): CodeIgniter\CodeIgniter->createController()
 7 SYSTEMPATH\CodeIgniter.php(355): CodeIgniter\CodeIgniter->handleRequest(null, Object(Config\Cache), false)
 8 SYSTEMPATH\Boot.php(325): CodeIgniter\CodeIgniter->run()
 9 SYSTEMPATH\Boot.php(67): CodeIgniter\Boot::runCodeIgniter(Object(CodeIgniter\CodeIgniter))
10 FCPATH\index.php(56): CodeIgniter\Boot::bootWeb(Object(Config\Paths))
INFO - 2026-05-01 14:59:22 --> Session: Class initialized using 'CodeIgniter\Session\Handlers\FileHandler' driver.
WARNING - 2026-05-01 14:59:22 --> [DEPRECATED] Optional parameter $term declared before required parameter $idEscuela is implicitly treated as a required parameter in APPPATH\Models\PersonalModel.php on line 122.
 1 SYSTEMPATH\Autoloader\Autoloader.php(317): include_once('C:\\xampp\\htdocs\\censa-prueba\\system\\Debug\\Exceptions.php')
 2 SYSTEMPATH\Autoloader\Autoloader.php(296): CodeIgniter\Autoloader\Autoloader->includeFile('C:\\xampp\\htdocs\\censa-prueba\\app\\Models\\PersonalModel.php')
 3 SYSTEMPATH\Autoloader\Autoloader.php(272): CodeIgniter\Autoloader\Autoloader->loadInNamespace('App\\Models\\PersonalModel')
 4 APPPATH\Controllers\Calificaciones.php(48): CodeIgniter\Autoloader\Autoloader->loadClass('App\\Models\\PersonalModel')
 5 SYSTEMPATH\CodeIgniter.php(903): App\Controllers\Calificaciones->__construct()
 6 SYSTEMPATH\CodeIgniter.php(500): CodeIgniter\CodeIgniter->createController()
 7 SYSTEMPATH\CodeIgniter.php(355): CodeIgniter\CodeIgniter->handleRequest(null, Object(Config\Cache), false)
 8 SYSTEMPATH\Boot.php(325): CodeIgniter\CodeIgniter->run()
 9 SYSTEMPATH\Boot.php(67): CodeIgniter\Boot::runCodeIgniter(Object(CodeIgniter\CodeIgniter))
10 FCPATH\index.php(56): CodeIgniter\Boot::bootWeb(Object(Config\Paths))
DEBUG - 2026-05-01 14:59:22 --> ➡️ Entrando al método REGISTRO
DEBUG - 2026-05-01 14:59:22 -->  Usuario autenticado: ID= | Tipo=5 | Función=
DEBUG - 2026-05-01 14:59:22 --> ⚠️ No se encontró configuración para P1. Se establecerá como bloqueado por defecto.
DEBUG - 2026-05-01 14:59:22 --> ⚠️ No se encontró configuración para P2. Se establecerá como bloqueado por defecto.
DEBUG - 2026-05-01 14:59:22 --> ⚠️ No se encontró configuración para P3. Se establecerá como bloqueado por defecto.
DEBUG - 2026-05-01 14:59:22 --> ⚠️ No se encontró configuración para P4. Se establecerá como bloqueado por defecto.
DEBUG - 2026-05-01 14:59:22 --> 📦 Estado final de periodos: {"P1":{"bloqueado":true},"P2":{"bloqueado":true},"P3":{"bloqueado":true},"P4":{"bloqueado":true}}
INFO - 2026-05-01 14:59:25 --> Session: Class initialized using 'CodeIgniter\Session\Handlers\FileHandler' driver.
WARNING - 2026-05-01 14:59:25 --> [DEPRECATED] Optional parameter $term declared before required parameter $idEscuela is implicitly treated as a required parameter in APPPATH\Models\PersonalModel.php on line 122.
 1 SYSTEMPATH\Autoloader\Autoloader.php(317): include_once('C:\\xampp\\htdocs\\censa-prueba\\system\\Debug\\Exceptions.php')
 2 SYSTEMPATH\Autoloader\Autoloader.php(296): CodeIgniter\Autoloader\Autoloader->includeFile('C:\\xampp\\htdocs\\censa-prueba\\app\\Models\\PersonalModel.php')
 3 SYSTEMPATH\Autoloader\Autoloader.php(272): CodeIgniter\Autoloader\Autoloader->loadInNamespace('App\\Models\\PersonalModel')
 4 APPPATH\Controllers\Calificaciones.php(48): CodeIgniter\Autoloader\Autoloader->loadClass('App\\Models\\PersonalModel')
 5 SYSTEMPATH\CodeIgniter.php(903): App\Controllers\Calificaciones->__construct()
 6 SYSTEMPATH\CodeIgniter.php(500): CodeIgniter\CodeIgniter->createController()
 7 SYSTEMPATH\CodeIgniter.php(355): CodeIgniter\CodeIgniter->handleRequest(null, Object(Config\Cache), false)
 8 SYSTEMPATH\Boot.php(325): CodeIgniter\CodeIgniter->run()
 9 SYSTEMPATH\Boot.php(67): CodeIgniter\Boot::runCodeIgniter(Object(CodeIgniter\CodeIgniter))
10 FCPATH\index.php(56): CodeIgniter\Boot::bootWeb(Object(Config\Paths))
INFO - 2026-05-01 14:59:26 --> Session: Class initialized using 'CodeIgniter\Session\Handlers\FileHandler' driver.
WARNING - 2026-05-01 14:59:26 --> [DEPRECATED] Optional parameter $term declared before required parameter $idEscuela is implicitly treated as a required parameter in APPPATH\Models\PersonalModel.php on line 122.
 1 SYSTEMPATH\Autoloader\Autoloader.php(317): include_once('C:\\xampp\\htdocs\\censa-prueba\\system\\Debug\\Exceptions.php')
 2 SYSTEMPATH\Autoloader\Autoloader.php(296): CodeIgniter\Autoloader\Autoloader->includeFile('C:\\xampp\\htdocs\\censa-prueba\\app\\Models\\PersonalModel.php')
 3 SYSTEMPATH\Autoloader\Autoloader.php(272): CodeIgniter\Autoloader\Autoloader->loadInNamespace('App\\Models\\PersonalModel')
 4 APPPATH\Controllers\Calificaciones.php(48): CodeIgniter\Autoloader\Autoloader->loadClass('App\\Models\\PersonalModel')
 5 SYSTEMPATH\CodeIgniter.php(903): App\Controllers\Calificaciones->__construct()
 6 SYSTEMPATH\CodeIgniter.php(500): CodeIgniter\CodeIgniter->createController()
 7 SYSTEMPATH\CodeIgniter.php(355): CodeIgniter\CodeIgniter->handleRequest(null, Object(Config\Cache), false)
 8 SYSTEMPATH\Boot.php(325): CodeIgniter\CodeIgniter->run()
 9 SYSTEMPATH\Boot.php(67): CodeIgniter\Boot::runCodeIgniter(Object(CodeIgniter\CodeIgniter))
10 FCPATH\index.php(56): CodeIgniter\Boot::bootWeb(Object(Config\Paths))
INFO - 2026-05-01 14:59:31 --> Session: Class initialized using 'CodeIgniter\Session\Handlers\FileHandler' driver.
WARNING - 2026-05-01 14:59:31 --> [DEPRECATED] Optional parameter $term declared before required parameter $idEscuela is implicitly treated as a required parameter in APPPATH\Models\PersonalModel.php on line 122.
 1 SYSTEMPATH\Autoloader\Autoloader.php(317): include_once('C:\\xampp\\htdocs\\censa-prueba\\system\\Debug\\Exceptions.php')
 2 SYSTEMPATH\Autoloader\Autoloader.php(296): CodeIgniter\Autoloader\Autoloader->includeFile('C:\\xampp\\htdocs\\censa-prueba\\app\\Models\\PersonalModel.php')
 3 SYSTEMPATH\Autoloader\Autoloader.php(272): CodeIgniter\Autoloader\Autoloader->loadInNamespace('App\\Models\\PersonalModel')
 4 APPPATH\Controllers\Usuarios.php(24): CodeIgniter\Autoloader\Autoloader->loadClass('App\\Models\\PersonalModel')
 5 SYSTEMPATH\CodeIgniter.php(903): App\Controllers\Usuarios->__construct()
 6 SYSTEMPATH\CodeIgniter.php(500): CodeIgniter\CodeIgniter->createController()
 7 SYSTEMPATH\CodeIgniter.php(355): CodeIgniter\CodeIgniter->handleRequest(null, Object(Config\Cache), false)
 8 SYSTEMPATH\Boot.php(325): CodeIgniter\CodeIgniter->run()
 9 SYSTEMPATH\Boot.php(67): CodeIgniter\Boot::runCodeIgniter(Object(CodeIgniter\CodeIgniter))
10 FCPATH\index.php(56): CodeIgniter\Boot::bootWeb(Object(Config\Paths))
INFO - 2026-05-01 14:59:32 --> Session: Class initialized using 'CodeIgniter\Session\Handlers\FileHandler' driver.
WARNING - 2026-05-01 14:59:32 --> [DEPRECATED] Optional parameter $term declared before required parameter $idEscuela is implicitly treated as a required parameter in APPPATH\Models\PersonalModel.php on line 122.
 1 SYSTEMPATH\Autoloader\Autoloader.php(317): include_once('C:\\xampp\\htdocs\\censa-prueba\\system\\Debug\\Exceptions.php')
 2 SYSTEMPATH\Autoloader\Autoloader.php(296): CodeIgniter\Autoloader\Autoloader->includeFile('C:\\xampp\\htdocs\\censa-prueba\\app\\Models\\PersonalModel.php')
 3 SYSTEMPATH\Autoloader\Autoloader.php(272): CodeIgniter\Autoloader\Autoloader->loadInNamespace('App\\Models\\PersonalModel')
 4 APPPATH\Controllers\Usuarios.php(24): CodeIgniter\Autoloader\Autoloader->loadClass('App\\Models\\PersonalModel')
 5 SYSTEMPATH\CodeIgniter.php(903): App\Controllers\Usuarios->__construct()
 6 SYSTEMPATH\CodeIgniter.php(500): CodeIgniter\CodeIgniter->createController()
 7 SYSTEMPATH\CodeIgniter.php(355): CodeIgniter\CodeIgniter->handleRequest(null, Object(Config\Cache), false)
 8 SYSTEMPATH\Boot.php(325): CodeIgniter\CodeIgniter->run()
 9 SYSTEMPATH\Boot.php(67): CodeIgniter\Boot::runCodeIgniter(Object(CodeIgniter\CodeIgniter))
10 FCPATH\index.php(56): CodeIgniter\Boot::bootWeb(Object(Config\Paths))
INFO - 2026-05-01 14:59:35 --> Session: Class initialized using 'CodeIgniter\Session\Handlers\FileHandler' driver.
WARNING - 2026-05-01 14:59:35 --> [DEPRECATED] Optional parameter $term declared before required parameter $idEscuela is implicitly treated as a required parameter in APPPATH\Models\PersonalModel.php on line 122.
 1 SYSTEMPATH\Autoloader\Autoloader.php(317): include_once('C:\\xampp\\htdocs\\censa-prueba\\system\\Debug\\Exceptions.php')
 2 SYSTEMPATH\Autoloader\Autoloader.php(296): CodeIgniter\Autoloader\Autoloader->includeFile('C:\\xampp\\htdocs\\censa-prueba\\app\\Models\\PersonalModel.php')
 3 SYSTEMPATH\Autoloader\Autoloader.php(272): CodeIgniter\Autoloader\Autoloader->loadInNamespace('App\\Models\\PersonalModel')
 4 APPPATH\Controllers\Calificaciones.php(48): CodeIgniter\Autoloader\Autoloader->loadClass('App\\Models\\PersonalModel')
 5 SYSTEMPATH\CodeIgniter.php(903): App\Controllers\Calificaciones->__construct()
 6 SYSTEMPATH\CodeIgniter.php(500): CodeIgniter\CodeIgniter->createController()
 7 SYSTEMPATH\CodeIgniter.php(355): CodeIgniter\CodeIgniter->handleRequest(null, Object(Config\Cache), false)
 8 SYSTEMPATH\Boot.php(325): CodeIgniter\CodeIgniter->run()
 9 SYSTEMPATH\Boot.php(67): CodeIgniter\Boot::runCodeIgniter(Object(CodeIgniter\CodeIgniter))
10 FCPATH\index.php(56): CodeIgniter\Boot::bootWeb(Object(Config\Paths))
DEBUG - 2026-05-01 14:59:35 --> ➡️ Entrando al método REGISTRO
DEBUG - 2026-05-01 14:59:35 -->  Usuario autenticado: ID= | Tipo=5 | Función=
DEBUG - 2026-05-01 14:59:35 --> ⚠️ No se encontró configuración para P1. Se establecerá como bloqueado por defecto.
DEBUG - 2026-05-01 14:59:35 --> ⚠️ No se encontró configuración para P2. Se establecerá como bloqueado por defecto.
DEBUG - 2026-05-01 14:59:35 --> ⚠️ No se encontró configuración para P3. Se establecerá como bloqueado por defecto.
DEBUG - 2026-05-01 14:59:35 --> ⚠️ No se encontró configuración para P4. Se establecerá como bloqueado por defecto.
DEBUG - 2026-05-01 14:59:35 --> 📦 Estado final de periodos: {"P1":{"bloqueado":true},"P2":{"bloqueado":true},"P3":{"bloqueado":true},"P4":{"bloqueado":true}}
INFO - 2026-05-01 14:59:36 --> Session: Class initialized using 'CodeIgniter\Session\Handlers\FileHandler' driver.
WARNING - 2026-05-01 14:59:36 --> [DEPRECATED] Optional parameter $term declared before required parameter $idEscuela is implicitly treated as a required parameter in APPPATH\Models\PersonalModel.php on line 122.
 1 SYSTEMPATH\Autoloader\Autoloader.php(317): include_once('C:\\xampp\\htdocs\\censa-prueba\\system\\Debug\\Exceptions.php')
 2 SYSTEMPATH\Autoloader\Autoloader.php(296): CodeIgniter\Autoloader\Autoloader->includeFile('C:\\xampp\\htdocs\\censa-prueba\\app\\Models\\PersonalModel.php')
 3 SYSTEMPATH\Autoloader\Autoloader.php(272): CodeIgniter\Autoloader\Autoloader->loadInNamespace('App\\Models\\PersonalModel')
 4 APPPATH\Controllers\Calificaciones.php(48): CodeIgniter\Autoloader\Autoloader->loadClass('App\\Models\\PersonalModel')
 5 SYSTEMPATH\CodeIgniter.php(903): App\Controllers\Calificaciones->__construct()
 6 SYSTEMPATH\CodeIgniter.php(500): CodeIgniter\CodeIgniter->createController()
 7 SYSTEMPATH\CodeIgniter.php(355): CodeIgniter\CodeIgniter->handleRequest(null, Object(Config\Cache), false)
 8 SYSTEMPATH\Boot.php(325): CodeIgniter\CodeIgniter->run()
 9 SYSTEMPATH\Boot.php(67): CodeIgniter\Boot::runCodeIgniter(Object(CodeIgniter\CodeIgniter))
10 FCPATH\index.php(56): CodeIgniter\Boot::bootWeb(Object(Config\Paths))
INFO - 2026-05-01 14:59:37 --> Session: Class initialized using 'CodeIgniter\Session\Handlers\FileHandler' driver.
WARNING - 2026-05-01 14:59:37 --> [DEPRECATED] Optional parameter $term declared before required parameter $idEscuela is implicitly treated as a required parameter in APPPATH\Models\PersonalModel.php on line 122.
 1 SYSTEMPATH\Autoloader\Autoloader.php(317): include_once('C:\\xampp\\htdocs\\censa-prueba\\system\\Debug\\Exceptions.php')
 2 SYSTEMPATH\Autoloader\Autoloader.php(296): CodeIgniter\Autoloader\Autoloader->includeFile('C:\\xampp\\htdocs\\censa-prueba\\app\\Models\\PersonalModel.php')
 3 SYSTEMPATH\Autoloader\Autoloader.php(272): CodeIgniter\Autoloader\Autoloader->loadInNamespace('App\\Models\\PersonalModel')
 4 APPPATH\Controllers\Calificaciones.php(48): CodeIgniter\Autoloader\Autoloader->loadClass('App\\Models\\PersonalModel')
 5 SYSTEMPATH\CodeIgniter.php(903): App\Controllers\Calificaciones->__construct()
 6 SYSTEMPATH\CodeIgniter.php(500): CodeIgniter\CodeIgniter->createController()
 7 SYSTEMPATH\CodeIgniter.php(355): CodeIgniter\CodeIgniter->handleRequest(null, Object(Config\Cache), false)
 8 SYSTEMPATH\Boot.php(325): CodeIgniter\CodeIgniter->run()
 9 SYSTEMPATH\Boot.php(67): CodeIgniter\Boot::runCodeIgniter(Object(CodeIgniter\CodeIgniter))
10 FCPATH\index.php(56): CodeIgniter\Boot::bootWeb(Object(Config\Paths))
INFO - 2026-05-01 14:59:39 --> Session: Class initialized using 'CodeIgniter\Session\Handlers\FileHandler' driver.
WARNING - 2026-05-01 14:59:39 --> [DEPRECATED] Optional parameter $term declared before required parameter $idEscuela is implicitly treated as a required parameter in APPPATH\Models\PersonalModel.php on line 122.
 1 SYSTEMPATH\Autoloader\Autoloader.php(317): include_once('C:\\xampp\\htdocs\\censa-prueba\\system\\Debug\\Exceptions.php')
 2 SYSTEMPATH\Autoloader\Autoloader.php(296): CodeIgniter\Autoloader\Autoloader->includeFile('C:\\xampp\\htdocs\\censa-prueba\\app\\Models\\PersonalModel.php')
 3 SYSTEMPATH\Autoloader\Autoloader.php(272): CodeIgniter\Autoloader\Autoloader->loadInNamespace('App\\Models\\PersonalModel')
 4 APPPATH\Controllers\Calificaciones.php(48): CodeIgniter\Autoloader\Autoloader->loadClass('App\\Models\\PersonalModel')
 5 SYSTEMPATH\CodeIgniter.php(903): App\Controllers\Calificaciones->__construct()
 6 SYSTEMPATH\CodeIgniter.php(500): CodeIgniter\CodeIgniter->createController()
 7 SYSTEMPATH\CodeIgniter.php(355): CodeIgniter\CodeIgniter->handleRequest(null, Object(Config\Cache), false)
 8 SYSTEMPATH\Boot.php(325): CodeIgniter\CodeIgniter->run()
 9 SYSTEMPATH\Boot.php(67): CodeIgniter\Boot::runCodeIgniter(Object(CodeIgniter\CodeIgniter))
10 FCPATH\index.php(56): CodeIgniter\Boot::bootWeb(Object(Config\Paths))
INFO - 2026-05-01 14:59:42 --> Session: Class initialized using 'CodeIgniter\Session\Handlers\FileHandler' driver.
WARNING - 2026-05-01 14:59:42 --> [DEPRECATED] Optional parameter $term declared before required parameter $idEscuela is implicitly treated as a required parameter in APPPATH\Models\PersonalModel.php on line 122.
 1 SYSTEMPATH\Autoloader\Autoloader.php(317): include_once('C:\\xampp\\htdocs\\censa-prueba\\system\\Debug\\Exceptions.php')
 2 SYSTEMPATH\Autoloader\Autoloader.php(296): CodeIgniter\Autoloader\Autoloader->includeFile('C:\\xampp\\htdocs\\censa-prueba\\app\\Models\\PersonalModel.php')
 3 SYSTEMPATH\Autoloader\Autoloader.php(272): CodeIgniter\Autoloader\Autoloader->loadInNamespace('App\\Models\\PersonalModel')
 4 APPPATH\Controllers\Calificaciones.php(48): CodeIgniter\Autoloader\Autoloader->loadClass('App\\Models\\PersonalModel')
 5 SYSTEMPATH\CodeIgniter.php(903): App\Controllers\Calificaciones->__construct()
 6 SYSTEMPATH\CodeIgniter.php(500): CodeIgniter\CodeIgniter->createController()
 7 SYSTEMPATH\CodeIgniter.php(355): CodeIgniter\CodeIgniter->handleRequest(null, Object(Config\Cache), false)
 8 SYSTEMPATH\Boot.php(325): CodeIgniter\CodeIgniter->run()
 9 SYSTEMPATH\Boot.php(67): CodeIgniter\Boot::runCodeIgniter(Object(CodeIgniter\CodeIgniter))
10 FCPATH\index.php(56): CodeIgniter\Boot::bootWeb(Object(Config\Paths))
INFO - 2026-05-01 14:59:42 --> Session: Class initialized using 'CodeIgniter\Session\Handlers\FileHandler' driver.
WARNING - 2026-05-01 14:59:42 --> [DEPRECATED] Optional parameter $term declared before required parameter $idEscuela is implicitly treated as a required parameter in APPPATH\Models\PersonalModel.php on line 122.
 1 SYSTEMPATH\Autoloader\Autoloader.php(317): include_once('C:\\xampp\\htdocs\\censa-prueba\\system\\Debug\\Exceptions.php')
 2 SYSTEMPATH\Autoloader\Autoloader.php(296): CodeIgniter\Autoloader\Autoloader->includeFile('C:\\xampp\\htdocs\\censa-prueba\\app\\Models\\PersonalModel.php')
 3 SYSTEMPATH\Autoloader\Autoloader.php(272): CodeIgniter\Autoloader\Autoloader->loadInNamespace('App\\Models\\PersonalModel')
 4 APPPATH\Controllers\Calificaciones.php(48): CodeIgniter\Autoloader\Autoloader->loadClass('App\\Models\\PersonalModel')
 5 SYSTEMPATH\CodeIgniter.php(903): App\Controllers\Calificaciones->__construct()
 6 SYSTEMPATH\CodeIgniter.php(500): CodeIgniter\CodeIgniter->createController()
 7 SYSTEMPATH\CodeIgniter.php(355): CodeIgniter\CodeIgniter->handleRequest(null, Object(Config\Cache), false)
 8 SYSTEMPATH\Boot.php(325): CodeIgniter\CodeIgniter->run()
 9 SYSTEMPATH\Boot.php(67): CodeIgniter\Boot::runCodeIgniter(Object(CodeIgniter\CodeIgniter))
10 FCPATH\index.php(56): CodeIgniter\Boot::bootWeb(Object(Config\Paths))
INFO - 2026-05-01 14:59:42 --> Session: Class initialized using 'CodeIgniter\Session\Handlers\FileHandler' driver.
WARNING - 2026-05-01 14:59:42 --> [DEPRECATED] Optional parameter $term declared before required parameter $idEscuela is implicitly treated as a required parameter in APPPATH\Models\PersonalModel.php on line 122.
 1 SYSTEMPATH\Autoloader\Autoloader.php(317): include_once('C:\\xampp\\htdocs\\censa-prueba\\system\\Debug\\Exceptions.php')
 2 SYSTEMPATH\Autoloader\Autoloader.php(296): CodeIgniter\Autoloader\Autoloader->includeFile('C:\\xampp\\htdocs\\censa-prueba\\app\\Models\\PersonalModel.php')
 3 SYSTEMPATH\Autoloader\Autoloader.php(272): CodeIgniter\Autoloader\Autoloader->loadInNamespace('App\\Models\\PersonalModel')
 4 APPPATH\Controllers\Calificaciones.php(48): CodeIgniter\Autoloader\Autoloader->loadClass('App\\Models\\PersonalModel')
 5 SYSTEMPATH\CodeIgniter.php(903): App\Controllers\Calificaciones->__construct()
 6 SYSTEMPATH\CodeIgniter.php(500): CodeIgniter\CodeIgniter->createController()
 7 SYSTEMPATH\CodeIgniter.php(355): CodeIgniter\CodeIgniter->handleRequest(null, Object(Config\Cache), false)
 8 SYSTEMPATH\Boot.php(325): CodeIgniter\CodeIgniter->run()
 9 SYSTEMPATH\Boot.php(67): CodeIgniter\Boot::runCodeIgniter(Object(CodeIgniter\CodeIgniter))
10 FCPATH\index.php(56): CodeIgniter\Boot::bootWeb(Object(Config\Paths))
DEBUG - 2026-05-01 14:59:42 --> Notas obtenidas: Array
(
)

INFO - 2026-05-01 14:59:43 --> Session: Class initialized using 'CodeIgniter\Session\Handlers\FileHandler' driver.
WARNING - 2026-05-01 14:59:43 --> [DEPRECATED] Optional parameter $term declared before required parameter $idEscuela is implicitly treated as a required parameter in APPPATH\Models\PersonalModel.php on line 122.
 1 SYSTEMPATH\Autoloader\Autoloader.php(317): include_once('C:\\xampp\\htdocs\\censa-prueba\\system\\Debug\\Exceptions.php')
 2 SYSTEMPATH\Autoloader\Autoloader.php(296): CodeIgniter\Autoloader\Autoloader->includeFile('C:\\xampp\\htdocs\\censa-prueba\\app\\Models\\PersonalModel.php')
 3 SYSTEMPATH\Autoloader\Autoloader.php(272): CodeIgniter\Autoloader\Autoloader->loadInNamespace('App\\Models\\PersonalModel')
 4 APPPATH\Controllers\Calificaciones.php(48): CodeIgniter\Autoloader\Autoloader->loadClass('App\\Models\\PersonalModel')
 5 SYSTEMPATH\CodeIgniter.php(903): App\Controllers\Calificaciones->__construct()
 6 SYSTEMPATH\CodeIgniter.php(500): CodeIgniter\CodeIgniter->createController()
 7 SYSTEMPATH\CodeIgniter.php(355): CodeIgniter\CodeIgniter->handleRequest(null, Object(Config\Cache), false)
 8 SYSTEMPATH\Boot.php(325): CodeIgniter\CodeIgniter->run()
 9 SYSTEMPATH\Boot.php(67): CodeIgniter\Boot::runCodeIgniter(Object(CodeIgniter\CodeIgniter))
10 FCPATH\index.php(56): CodeIgniter\Boot::bootWeb(Object(Config\Paths))
INFO - 2026-05-01 14:59:43 --> Session: Class initialized using 'CodeIgniter\Session\Handlers\FileHandler' driver.
WARNING - 2026-05-01 14:59:43 --> [DEPRECATED] Optional parameter $term declared before required parameter $idEscuela is implicitly treated as a required parameter in APPPATH\Models\PersonalModel.php on line 122.
 1 SYSTEMPATH\Autoloader\Autoloader.php(317): include_once('C:\\xampp\\htdocs\\censa-prueba\\system\\Debug\\Exceptions.php')
 2 SYSTEMPATH\Autoloader\Autoloader.php(296): CodeIgniter\Autoloader\Autoloader->includeFile('C:\\xampp\\htdocs\\censa-prueba\\app\\Models\\PersonalModel.php')
 3 SYSTEMPATH\Autoloader\Autoloader.php(272): CodeIgniter\Autoloader\Autoloader->loadInNamespace('App\\Models\\PersonalModel')
 4 APPPATH\Controllers\Calificaciones.php(48): CodeIgniter\Autoloader\Autoloader->loadClass('App\\Models\\PersonalModel')
 5 SYSTEMPATH\CodeIgniter.php(903): App\Controllers\Calificaciones->__construct()
 6 SYSTEMPATH\CodeIgniter.php(500): CodeIgniter\CodeIgniter->createController()
 7 SYSTEMPATH\CodeIgniter.php(355): CodeIgniter\CodeIgniter->handleRequest(null, Object(Config\Cache), false)
 8 SYSTEMPATH\Boot.php(325): CodeIgniter\CodeIgniter->run()
 9 SYSTEMPATH\Boot.php(67): CodeIgniter\Boot::runCodeIgniter(Object(CodeIgniter\CodeIgniter))
10 FCPATH\index.php(56): CodeIgniter\Boot::bootWeb(Object(Config\Paths))
DEBUG - 2026-05-01 14:59:43 --> Notas obtenidas: Array
(
)

INFO - 2026-05-01 14:59:43 --> Session: Class initialized using 'CodeIgniter\Session\Handlers\FileHandler' driver.
WARNING - 2026-05-01 14:59:43 --> [DEPRECATED] Optional parameter $term declared before required parameter $idEscuela is implicitly treated as a required parameter in APPPATH\Models\PersonalModel.php on line 122.
 1 SYSTEMPATH\Autoloader\Autoloader.php(317): include_once('C:\\xampp\\htdocs\\censa-prueba\\system\\Debug\\Exceptions.php')
 2 SYSTEMPATH\Autoloader\Autoloader.php(296): CodeIgniter\Autoloader\Autoloader->includeFile('C:\\xampp\\htdocs\\censa-prueba\\app\\Models\\PersonalModel.php')
 3 SYSTEMPATH\Autoloader\Autoloader.php(272): CodeIgniter\Autoloader\Autoloader->loadInNamespace('App\\Models\\PersonalModel')
 4 APPPATH\Controllers\Calificaciones.php(48): CodeIgniter\Autoloader\Autoloader->loadClass('App\\Models\\PersonalModel')
 5 SYSTEMPATH\CodeIgniter.php(903): App\Controllers\Calificaciones->__construct()
 6 SYSTEMPATH\CodeIgniter.php(500): CodeIgniter\CodeIgniter->createController()
 7 SYSTEMPATH\CodeIgniter.php(355): CodeIgniter\CodeIgniter->handleRequest(null, Object(Config\Cache), false)
 8 SYSTEMPATH\Boot.php(325): CodeIgniter\CodeIgniter->run()
 9 SYSTEMPATH\Boot.php(67): CodeIgniter\Boot::runCodeIgniter(Object(CodeIgniter\CodeIgniter))
10 FCPATH\index.php(56): CodeIgniter\Boot::bootWeb(Object(Config\Paths))
INFO - 2026-05-01 14:59:44 --> Session: Class initialized using 'CodeIgniter\Session\Handlers\FileHandler' driver.
WARNING - 2026-05-01 14:59:44 --> [DEPRECATED] Optional parameter $term declared before required parameter $idEscuela is implicitly treated as a required parameter in APPPATH\Models\PersonalModel.php on line 122.
 1 SYSTEMPATH\Autoloader\Autoloader.php(317): include_once('C:\\xampp\\htdocs\\censa-prueba\\system\\Debug\\Exceptions.php')
 2 SYSTEMPATH\Autoloader\Autoloader.php(296): CodeIgniter\Autoloader\Autoloader->includeFile('C:\\xampp\\htdocs\\censa-prueba\\app\\Models\\PersonalModel.php')
 3 SYSTEMPATH\Autoloader\Autoloader.php(272): CodeIgniter\Autoloader\Autoloader->loadInNamespace('App\\Models\\PersonalModel')
 4 APPPATH\Controllers\Calificaciones.php(48): CodeIgniter\Autoloader\Autoloader->loadClass('App\\Models\\PersonalModel')
 5 SYSTEMPATH\CodeIgniter.php(903): App\Controllers\Calificaciones->__construct()
 6 SYSTEMPATH\CodeIgniter.php(500): CodeIgniter\CodeIgniter->createController()
 7 SYSTEMPATH\CodeIgniter.php(355): CodeIgniter\CodeIgniter->handleRequest(null, Object(Config\Cache), false)
 8 SYSTEMPATH\Boot.php(325): CodeIgniter\CodeIgniter->run()
 9 SYSTEMPATH\Boot.php(67): CodeIgniter\Boot::runCodeIgniter(Object(CodeIgniter\CodeIgniter))
10 FCPATH\index.php(56): CodeIgniter\Boot::bootWeb(Object(Config\Paths))
DEBUG - 2026-05-01 14:59:44 --> Notas obtenidas: Array
(
)

INFO - 2026-05-01 14:59:44 --> Session: Class initialized using 'CodeIgniter\Session\Handlers\FileHandler' driver.
WARNING - 2026-05-01 14:59:44 --> [DEPRECATED] Optional parameter $term declared before required parameter $idEscuela is implicitly treated as a required parameter in APPPATH\Models\PersonalModel.php on line 122.
 1 SYSTEMPATH\Autoloader\Autoloader.php(317): include_once('C:\\xampp\\htdocs\\censa-prueba\\system\\Debug\\Exceptions.php')
 2 SYSTEMPATH\Autoloader\Autoloader.php(296): CodeIgniter\Autoloader\Autoloader->includeFile('C:\\xampp\\htdocs\\censa-prueba\\app\\Models\\PersonalModel.php')
 3 SYSTEMPATH\Autoloader\Autoloader.php(272): CodeIgniter\Autoloader\Autoloader->loadInNamespace('App\\Models\\PersonalModel')
 4 APPPATH\Controllers\Calificaciones.php(48): CodeIgniter\Autoloader\Autoloader->loadClass('App\\Models\\PersonalModel')
 5 SYSTEMPATH\CodeIgniter.php(903): App\Controllers\Calificaciones->__construct()
 6 SYSTEMPATH\CodeIgniter.php(500): CodeIgniter\CodeIgniter->createController()
 7 SYSTEMPATH\CodeIgniter.php(355): CodeIgniter\CodeIgniter->handleRequest(null, Object(Config\Cache), false)
 8 SYSTEMPATH\Boot.php(325): CodeIgniter\CodeIgniter->run()
 9 SYSTEMPATH\Boot.php(67): CodeIgniter\Boot::runCodeIgniter(Object(CodeIgniter\CodeIgniter))
10 FCPATH\index.php(56): CodeIgniter\Boot::bootWeb(Object(Config\Paths))
INFO - 2026-05-01 14:59:44 --> Session: Class initialized using 'CodeIgniter\Session\Handlers\FileHandler' driver.
WARNING - 2026-05-01 14:59:44 --> [DEPRECATED] Optional parameter $term declared before required parameter $idEscuela is implicitly treated as a required parameter in APPPATH\Models\PersonalModel.php on line 122.
 1 SYSTEMPATH\Autoloader\Autoloader.php(317): include_once('C:\\xampp\\htdocs\\censa-prueba\\system\\Debug\\Exceptions.php')
 2 SYSTEMPATH\Autoloader\Autoloader.php(296): CodeIgniter\Autoloader\Autoloader->includeFile('C:\\xampp\\htdocs\\censa-prueba\\app\\Models\\PersonalModel.php')
 3 SYSTEMPATH\Autoloader\Autoloader.php(272): CodeIgniter\Autoloader\Autoloader->loadInNamespace('App\\Models\\PersonalModel')
 4 APPPATH\Controllers\Calificaciones.php(48): CodeIgniter\Autoloader\Autoloader->loadClass('App\\Models\\PersonalModel')
 5 SYSTEMPATH\CodeIgniter.php(903): App\Controllers\Calificaciones->__construct()
 6 SYSTEMPATH\CodeIgniter.php(500): CodeIgniter\CodeIgniter->createController()
 7 SYSTEMPATH\CodeIgniter.php(355): CodeIgniter\CodeIgniter->handleRequest(null, Object(Config\Cache), false)
 8 SYSTEMPATH\Boot.php(325): CodeIgniter\CodeIgniter->run()
 9 SYSTEMPATH\Boot.php(67): CodeIgniter\Boot::runCodeIgniter(Object(CodeIgniter\CodeIgniter))
10 FCPATH\index.php(56): CodeIgniter\Boot::bootWeb(Object(Config\Paths))
DEBUG - 2026-05-01 14:59:44 --> Notas obtenidas: Array
(
)

