CRITICAL - 2025-01-03 22:30:19 --> ArgumentCountError: Too few arguments to function App\Controllers\Escuela::editar(), 0 passed in C:\xampp\htdocs\edsn\system\CodeIgniter.php on line 933 and exactly 1 expected
[Method: GET, Route: escuela/editar]
in APPPATH\Controllers\Escuela.php on line 110.
 1 SYSTEMPATH\CodeIgniter.php(933): App\Controllers\Escuela->editar()
 2 SYSTEMPATH\CodeIgniter.php(509): CodeIgniter\CodeIgniter->runController(Object(App\Controllers\Escuela))
 3 SYSTEMPATH\CodeIgniter.php(355): CodeIgniter\CodeIgniter->handleRequest(null, Object(Config\Cache), false)
 4 SYSTEMPATH\Boot.php(325): CodeIgniter\CodeIgniter->run()
 5 SYSTEMPATH\Boot.php(67): CodeIgniter\Boot::runCodeIgniter(Object(CodeIgniter\CodeIgniter))
 6 FCPATH\index.php(56): CodeIgniter\Boot::bootWeb(Object(Config\Paths))
DEBUG - 2025-01-03 22:30:28 --> Editando escuela con ID: 1
DEBUG - 2025-01-03 22:30:43 --> Editando escuela con ID: 4
DEBUG - 2025-01-03 22:35:14 --> Editando escuela con ID: 1
DEBUG - 2025-01-03 22:42:06 --> Editando escuela con ID: 1
DEBUG - 2025-01-03 22:48:58 --> Editando escuela con ID: 1
DEBUG - 2025-01-03 23:26:40 --> Editando escuela con ID: 1
DEBUG - 2025-01-03 23:27:05 --> Editando escuela con ID: 1
DEBUG - 2025-01-03 23:28:18 --> Editando escuela con ID: 1
DEBUG - 2025-01-03 23:30:20 --> Editando escuela con ID: 2
DEBUG - 2025-01-03 23:31:33 --> Editando escuela con ID: 1
DEBUG - 2025-01-03 23:33:10 --> Editando escuela con ID: 1
DEBUG - 2025-01-03 23:34:14 --> Editando escuela con ID: 1
DEBUG - 2025-01-03 23:35:31 --> Editando escuela con ID: 1
DEBUG - 2025-01-03 23:37:55 --> Editando escuela con ID: 1
DEBUG - 2025-01-03 23:38:43 --> Editando escuela con ID: 1
DEBUG - 2025-01-03 23:39:23 --> Editando escuela con ID: 1
DEBUG - 2025-01-03 23:40:14 --> Editando escuela con ID: 1
DEBUG - 2025-01-03 23:41:42 --> Editando escuela con ID: 1
DEBUG - 2025-01-03 23:42:55 --> Editando escuela con ID: 1
DEBUG - 2025-01-03 23:44:34 --> Editando escuela con ID: 1
DEBUG - 2025-01-03 23:46:43 --> Editando escuela con ID: 1
