INFO - 2025-03-02 02:39:30 --> Session: Class initialized using 'CodeIgniter\Session\Handlers\FileHandler' driver.
INFO - 2025-03-02 02:39:51 --> Session: Class initialized using 'CodeIgniter\Session\Handlers\FileHandler' driver.
WARNING - 2025-03-02 02:39:55 --> [DEPRECATED] trim(): Passing null to parameter #1 ($string) of type string is deprecated in APPPATH\Controllers\Personal.php on line 54.
 1 APPPATH\Controllers\Personal.php(54): trim(null)
 2 SYSTEMPATH\CodeIgniter.php(933): App\Controllers\Personal->nuevo()
 3 SYSTEMPATH\CodeIgniter.php(509): CodeIgniter\CodeIgniter->runController(Object(App\Controllers\Personal))
 4 SYSTEMPATH\CodeIgniter.php(355): CodeIgniter\CodeIgniter->handleRequest(null, Object(Config\Cache), false)
 5 SYSTEMPATH\Boot.php(325): CodeIgniter\CodeIgniter->run()
 6 SYSTEMPATH\Boot.php(67): CodeIgniter\Boot::runCodeIgniter(Object(CodeIgniter\CodeIgniter))
 7 FCPATH\index.php(56): CodeIgniter\Boot::bootWeb(Object(Config\Paths))
INFO - 2025-03-02 02:39:56 --> Session: Class initialized using 'CodeIgniter\Session\Handlers\FileHandler' driver.
INFO - 2025-03-02 02:39:56 --> Session: Class initialized using 'CodeIgniter\Session\Handlers\FileHandler' driver.
WARNING - 2025-03-02 02:40:04 --> [DEPRECATED] trim(): Passing null to parameter #1 ($string) of type string is deprecated in APPPATH\Controllers\Personal.php on line 54.
 1 APPPATH\Controllers\Personal.php(54): trim(null)
 2 SYSTEMPATH\CodeIgniter.php(933): App\Controllers\Personal->nuevo()
 3 SYSTEMPATH\CodeIgniter.php(509): CodeIgniter\CodeIgniter->runController(Object(App\Controllers\Personal))
 4 SYSTEMPATH\CodeIgniter.php(355): CodeIgniter\CodeIgniter->handleRequest(null, Object(Config\Cache), false)
 5 SYSTEMPATH\Boot.php(325): CodeIgniter\CodeIgniter->run()
 6 SYSTEMPATH\Boot.php(67): CodeIgniter\Boot::runCodeIgniter(Object(CodeIgniter\CodeIgniter))
 7 FCPATH\index.php(56): CodeIgniter\Boot::bootWeb(Object(Config\Paths))
INFO - 2025-03-02 02:40:04 --> Session: Class initialized using 'CodeIgniter\Session\Handlers\FileHandler' driver.
INFO - 2025-03-02 02:40:04 --> Session: Class initialized using 'CodeIgniter\Session\Handlers\FileHandler' driver.
INFO - 2025-03-02 02:40:50 --> Session: Class initialized using 'CodeIgniter\Session\Handlers\FileHandler' driver.
WARNING - 2025-03-02 02:40:53 --> [DEPRECATED] trim(): Passing null to parameter #1 ($string) of type string is deprecated in APPPATH\Controllers\Personal.php on line 54.
 1 APPPATH\Controllers\Personal.php(54): trim(null)
 2 SYSTEMPATH\CodeIgniter.php(933): App\Controllers\Personal->nuevo()
 3 SYSTEMPATH\CodeIgniter.php(509): CodeIgniter\CodeIgniter->runController(Object(App\Controllers\Personal))
 4 SYSTEMPATH\CodeIgniter.php(355): CodeIgniter\CodeIgniter->handleRequest(null, Object(Config\Cache), false)
 5 SYSTEMPATH\Boot.php(325): CodeIgniter\CodeIgniter->run()
 6 SYSTEMPATH\Boot.php(67): CodeIgniter\Boot::runCodeIgniter(Object(CodeIgniter\CodeIgniter))
 7 FCPATH\index.php(56): CodeIgniter\Boot::bootWeb(Object(Config\Paths))
INFO - 2025-03-02 02:40:53 --> Session: Class initialized using 'CodeIgniter\Session\Handlers\FileHandler' driver.
INFO - 2025-03-02 02:40:54 --> Session: Class initialized using 'CodeIgniter\Session\Handlers\FileHandler' driver.
WARNING - 2025-03-02 02:41:03 --> [DEPRECATED] trim(): Passing null to parameter #1 ($string) of type string is deprecated in APPPATH\Controllers\Personal.php on line 54.
 1 APPPATH\Controllers\Personal.php(54): trim(null)
 2 SYSTEMPATH\CodeIgniter.php(933): App\Controllers\Personal->nuevo()
 3 SYSTEMPATH\CodeIgniter.php(509): CodeIgniter\CodeIgniter->runController(Object(App\Controllers\Personal))
 4 SYSTEMPATH\CodeIgniter.php(355): CodeIgniter\CodeIgniter->handleRequest(null, Object(Config\Cache), false)
 5 SYSTEMPATH\Boot.php(325): CodeIgniter\CodeIgniter->run()
 6 SYSTEMPATH\Boot.php(67): CodeIgniter\Boot::runCodeIgniter(Object(CodeIgniter\CodeIgniter))
 7 FCPATH\index.php(56): CodeIgniter\Boot::bootWeb(Object(Config\Paths))
INFO - 2025-03-02 02:41:03 --> Session: Class initialized using 'CodeIgniter\Session\Handlers\FileHandler' driver.
INFO - 2025-03-02 02:41:04 --> Session: Class initialized using 'CodeIgniter\Session\Handlers\FileHandler' driver.
INFO - 2025-03-02 02:41:37 --> Session: Class initialized using 'CodeIgniter\Session\Handlers\FileHandler' driver.
WARNING - 2025-03-02 02:41:39 --> [DEPRECATED] trim(): Passing null to parameter #1 ($string) of type string is deprecated in APPPATH\Controllers\Personal.php on line 54.
 1 APPPATH\Controllers\Personal.php(54): trim(null)
 2 SYSTEMPATH\CodeIgniter.php(933): App\Controllers\Personal->nuevo()
 3 SYSTEMPATH\CodeIgniter.php(509): CodeIgniter\CodeIgniter->runController(Object(App\Controllers\Personal))
 4 SYSTEMPATH\CodeIgniter.php(355): CodeIgniter\CodeIgniter->handleRequest(null, Object(Config\Cache), false)
 5 SYSTEMPATH\Boot.php(325): CodeIgniter\CodeIgniter->run()
 6 SYSTEMPATH\Boot.php(67): CodeIgniter\Boot::runCodeIgniter(Object(CodeIgniter\CodeIgniter))
 7 FCPATH\index.php(56): CodeIgniter\Boot::bootWeb(Object(Config\Paths))
INFO - 2025-03-02 02:41:39 --> Session: Class initialized using 'CodeIgniter\Session\Handlers\FileHandler' driver.
INFO - 2025-03-02 02:41:39 --> Session: Class initialized using 'CodeIgniter\Session\Handlers\FileHandler' driver.
WARNING - 2025-03-02 02:41:42 --> [DEPRECATED] trim(): Passing null to parameter #1 ($string) of type string is deprecated in APPPATH\Controllers\Personal.php on line 54.
 1 APPPATH\Controllers\Personal.php(54): trim(null)
 2 SYSTEMPATH\CodeIgniter.php(933): App\Controllers\Personal->nuevo()
 3 SYSTEMPATH\CodeIgniter.php(509): CodeIgniter\CodeIgniter->runController(Object(App\Controllers\Personal))
 4 SYSTEMPATH\CodeIgniter.php(355): CodeIgniter\CodeIgniter->handleRequest(null, Object(Config\Cache), false)
 5 SYSTEMPATH\Boot.php(325): CodeIgniter\CodeIgniter->run()
 6 SYSTEMPATH\Boot.php(67): CodeIgniter\Boot::runCodeIgniter(Object(CodeIgniter\CodeIgniter))
 7 FCPATH\index.php(56): CodeIgniter\Boot::bootWeb(Object(Config\Paths))
INFO - 2025-03-02 02:41:42 --> Session: Class initialized using 'CodeIgniter\Session\Handlers\FileHandler' driver.
INFO - 2025-03-02 02:41:43 --> Session: Class initialized using 'CodeIgniter\Session\Handlers\FileHandler' driver.
CRITICAL - 2025-03-02 02:43:08 --> BadMethodCallException: Call to undefined method App\Models\PersonalModel::getPersonalConDetalles
[Method: GET, Route: personal/nuevo]
in SYSTEMPATH\Model.php on line 932.
 1 APPPATH\Controllers\Personal.php(57): CodeIgniter\Model->__call('getPersonalConDetalles', [])
 2 SYSTEMPATH\CodeIgniter.php(933): App\Controllers\Personal->nuevo()
 3 SYSTEMPATH\CodeIgniter.php(509): CodeIgniter\CodeIgniter->runController(Object(App\Controllers\Personal))
 4 SYSTEMPATH\CodeIgniter.php(355): CodeIgniter\CodeIgniter->handleRequest(null, Object(Config\Cache), false)
 5 SYSTEMPATH\Boot.php(325): CodeIgniter\CodeIgniter->run()
 6 SYSTEMPATH\Boot.php(67): CodeIgniter\Boot::runCodeIgniter(Object(CodeIgniter\CodeIgniter))
 7 FCPATH\index.php(56): CodeIgniter\Boot::bootWeb(Object(Config\Paths))
INFO - 2025-03-02 02:44:26 --> Session: Class initialized using 'CodeIgniter\Session\Handlers\FileHandler' driver.
INFO - 2025-03-02 02:45:51 --> Session: Class initialized using 'CodeIgniter\Session\Handlers\FileHandler' driver.
INFO - 2025-03-02 02:45:51 --> Session: Class initialized using 'CodeIgniter\Session\Handlers\FileHandler' driver.
INFO - 2025-03-02 19:21:37 --> Session: Class initialized using 'CodeIgniter\Session\Handlers\FileHandler' driver.
INFO - 2025-03-02 19:21:45 --> Session: Class initialized using 'CodeIgniter\Session\Handlers\FileHandler' driver.
INFO - 2025-03-02 19:21:50 --> Session: Class initialized using 'CodeIgniter\Session\Handlers\FileHandler' driver.
CRITICAL - 2025-03-02 19:24:41 --> ErrorException: finfo_file(C:\xampp\tmp\phpB8A6.tmp): Failed to open stream: No such file or directory
[Method: POST, Route: personal/insertar]
in SYSTEMPATH\Files\File.php on line 115.
 1 [internal function]: CodeIgniter\Debug\Exceptions->errorHandler(2, 'finfo_file(C:\\xampp\\tmp\\phpB8A6.tmp): Failed to open stream: No such file or directory', 'C:\\xampp\\htdocs\\edsn\\system\\Files\\File.php', 115)
 2 SYSTEMPATH\Files\File.php(115): finfo_file(Object(finfo), 'C:\\xampp\\tmp\\phpB8A6.tmp')
 3 SYSTEMPATH\HTTP\Files\UploadedFile.php(316): CodeIgniter\Files\File->getMimeType()
 4 SYSTEMPATH\HTTP\Files\UploadedFile.php(305): CodeIgniter\HTTP\Files\UploadedFile->guessExtension()
 5 SYSTEMPATH\Validation\FileRules.php(145): CodeIgniter\HTTP\Files\UploadedFile->getExtension()
 6 SYSTEMPATH\Validation\Validation.php(339): CodeIgniter\Validation\FileRules->is_image('assets/img/users/personal/G-Diaz_05015468748.jpg', [], [...], null, 'foto')
 7 SYSTEMPATH\Validation\Validation.php(204): CodeIgniter\Validation\Validation->processRules('foto', 'foto', 'assets/img/users/personal/G-Diaz_05015468748.jpg', [...], [...], 'foto')
 8 SYSTEMPATH\BaseModel.php(1577): CodeIgniter\Validation\Validation->run([...], null, null)
 9 SYSTEMPATH\BaseModel.php(809): CodeIgniter\BaseModel->validate([...])
10 SYSTEMPATH\Model.php(802): CodeIgniter\BaseModel->insert([...], false)
11 SYSTEMPATH\BaseModel.php(751): CodeIgniter\Model->insert([...], false)
12 APPPATH\Controllers\Personal.php(102): CodeIgniter\BaseModel->save([...])
13 SYSTEMPATH\CodeIgniter.php(933): App\Controllers\Personal->insertar()
14 SYSTEMPATH\CodeIgniter.php(509): CodeIgniter\CodeIgniter->runController(Object(App\Controllers\Personal))
15 SYSTEMPATH\CodeIgniter.php(355): CodeIgniter\CodeIgniter->handleRequest(null, Object(Config\Cache), false)
16 SYSTEMPATH\Boot.php(325): CodeIgniter\CodeIgniter->run()
17 SYSTEMPATH\Boot.php(67): CodeIgniter\Boot::runCodeIgniter(Object(CodeIgniter\CodeIgniter))
18 FCPATH\index.php(56): CodeIgniter\Boot::bootWeb(Object(Config\Paths))
INFO - 2025-03-02 19:45:22 --> Session: Class initialized using 'CodeIgniter\Session\Handlers\FileHandler' driver.
INFO - 2025-03-02 19:45:26 --> Session: Class initialized using 'CodeIgniter\Session\Handlers\FileHandler' driver.
DEBUG - 2025-03-02 19:45:29 --> Editando escuela con ID: 1
CRITICAL - 2025-03-02 19:45:29 --> ErrorException: Undefined variable $modalidades
[Method: GET, Route: escuela/visualizar/1]
in APPPATH\Views\escuela\visualizar.php on line 24.
 1 APPPATH\Views\escuela\visualizar.php(24): CodeIgniter\Debug\Exceptions->errorHandler(2, 'Undefined variable $modalidades', 'C:\\xampp\\htdocs\\edsn\\app\\Views\\escuela\\visualizar.php', 24)
 2 SYSTEMPATH\View\View.php(234): include('C:\\xampp\\htdocs\\edsn\\app\\Views\\escuela\\visualizar.php')
 3 SYSTEMPATH\View\View.php(237): CodeIgniter\View\View->CodeIgniter\View\{closure}()
 4 SYSTEMPATH\Common.php(1171): CodeIgniter\View\View->render('escuela/visualizar', [], true)
 5 APPPATH\Controllers\Escuela.php(295): view('escuela/visualizar', [...])
 6 SYSTEMPATH\CodeIgniter.php(933): App\Controllers\Escuela->visualizar('1')
 7 SYSTEMPATH\CodeIgniter.php(509): CodeIgniter\CodeIgniter->runController(Object(App\Controllers\Escuela))
 8 SYSTEMPATH\CodeIgniter.php(355): CodeIgniter\CodeIgniter->handleRequest(null, Object(Config\Cache), false)
 9 SYSTEMPATH\Boot.php(325): CodeIgniter\CodeIgniter->run()
10 SYSTEMPATH\Boot.php(67): CodeIgniter\Boot::runCodeIgniter(Object(CodeIgniter\CodeIgniter))
11 FCPATH\index.php(56): CodeIgniter\Boot::bootWeb(Object(Config\Paths))
DEBUG - 2025-03-02 19:45:37 --> Editando escuela con ID: 2
CRITICAL - 2025-03-02 19:45:37 --> ErrorException: Undefined variable $modalidades
[Method: GET, Route: escuela/visualizar/2]
in APPPATH\Views\escuela\visualizar.php on line 24.
 1 APPPATH\Views\escuela\visualizar.php(24): CodeIgniter\Debug\Exceptions->errorHandler(2, 'Undefined variable $modalidades', 'C:\\xampp\\htdocs\\edsn\\app\\Views\\escuela\\visualizar.php', 24)
 2 SYSTEMPATH\View\View.php(234): include('C:\\xampp\\htdocs\\edsn\\app\\Views\\escuela\\visualizar.php')
 3 SYSTEMPATH\View\View.php(237): CodeIgniter\View\View->CodeIgniter\View\{closure}()
 4 SYSTEMPATH\Common.php(1171): CodeIgniter\View\View->render('escuela/visualizar', [], true)
 5 APPPATH\Controllers\Escuela.php(295): view('escuela/visualizar', [...])
 6 SYSTEMPATH\CodeIgniter.php(933): App\Controllers\Escuela->visualizar('2')
 7 SYSTEMPATH\CodeIgniter.php(509): CodeIgniter\CodeIgniter->runController(Object(App\Controllers\Escuela))
 8 SYSTEMPATH\CodeIgniter.php(355): CodeIgniter\CodeIgniter->handleRequest(null, Object(Config\Cache), false)
 9 SYSTEMPATH\Boot.php(325): CodeIgniter\CodeIgniter->run()
10 SYSTEMPATH\Boot.php(67): CodeIgniter\Boot::runCodeIgniter(Object(CodeIgniter\CodeIgniter))
11 FCPATH\index.php(56): CodeIgniter\Boot::bootWeb(Object(Config\Paths))
DEBUG - 2025-03-02 19:45:54 --> Editando escuela con ID: 1
INFO - 2025-03-02 19:45:54 --> Session: Class initialized using 'CodeIgniter\Session\Handlers\FileHandler' driver.
CRITICAL - 2025-03-02 19:45:54 --> ErrorException: Undefined variable $modalidades
[Method: GET, Route: escuela/editar/1]
in APPPATH\Views\escuela\editar.php on line 32.
 1 APPPATH\Views\escuela\editar.php(32): CodeIgniter\Debug\Exceptions->errorHandler(2, 'Undefined variable $modalidades', 'C:\\xampp\\htdocs\\edsn\\app\\Views\\escuela\\editar.php', 32)
 2 SYSTEMPATH\View\View.php(234): include('C:\\xampp\\htdocs\\edsn\\app\\Views\\escuela\\editar.php')
 3 SYSTEMPATH\View\View.php(237): CodeIgniter\View\View->CodeIgniter\View\{closure}()
 4 SYSTEMPATH\Common.php(1171): CodeIgniter\View\View->render('escuela/editar', [], true)
 5 APPPATH\Controllers\Escuela.php(127): view('escuela/editar', [...])
 6 SYSTEMPATH\CodeIgniter.php(933): App\Controllers\Escuela->editar('1')
 7 SYSTEMPATH\CodeIgniter.php(509): CodeIgniter\CodeIgniter->runController(Object(App\Controllers\Escuela))
 8 SYSTEMPATH\CodeIgniter.php(355): CodeIgniter\CodeIgniter->handleRequest(null, Object(Config\Cache), false)
 9 SYSTEMPATH\Boot.php(325): CodeIgniter\CodeIgniter->run()
10 SYSTEMPATH\Boot.php(67): CodeIgniter\Boot::runCodeIgniter(Object(CodeIgniter\CodeIgniter))
11 FCPATH\index.php(56): CodeIgniter\Boot::bootWeb(Object(Config\Paths))
INFO - 2025-03-02 19:57:47 --> Session: Class initialized using 'CodeIgniter\Session\Handlers\FileHandler' driver.
INFO - 2025-03-02 19:57:53 --> Session: Class initialized using 'CodeIgniter\Session\Handlers\FileHandler' driver.
INFO - 2025-03-02 19:57:58 --> Session: Class initialized using 'CodeIgniter\Session\Handlers\FileHandler' driver.
INFO - 2025-03-02 19:59:58 --> Session: Class initialized using 'CodeIgniter\Session\Handlers\FileHandler' driver.
INFO - 2025-03-02 19:59:59 --> Session: Class initialized using 'CodeIgniter\Session\Handlers\FileHandler' driver.
DEBUG - 2025-03-02 20:34:42 --> Editando escuela con ID: 1
ERROR - 2025-03-02 20:34:42 --> mysqli_sql_exception: Table 'censa-jar.tipo_trabajo' doesn't exist in C:\xampp\htdocs\edsn\system\Database\MySQLi\Connection.php:312
Stack trace:
#0 C:\xampp\htdocs\edsn\system\Database\MySQLi\Connection.php(312): mysqli->query('SELECT id, nomb...', 0)
#1 C:\xampp\htdocs\edsn\system\Database\BaseConnection.php(734): CodeIgniter\Database\MySQLi\Connection->execute('SELECT id, nomb...')
#2 C:\xampp\htdocs\edsn\system\Database\BaseConnection.php(648): CodeIgniter\Database\BaseConnection->simpleQuery('SELECT id, nomb...')
#3 C:\xampp\htdocs\edsn\app\Controllers\Personal.php(183): CodeIgniter\Database\BaseConnection->query('SELECT id, nomb...')
#4 C:\xampp\htdocs\edsn\system\CodeIgniter.php(933): App\Controllers\Personal->editar('1')
#5 C:\xampp\htdocs\edsn\system\CodeIgniter.php(509): CodeIgniter\CodeIgniter->runController(Object(App\Controllers\Personal))
#6 C:\xampp\htdocs\edsn\system\CodeIgniter.php(355): CodeIgniter\CodeIgniter->handleRequest(NULL, Object(Config\Cache), false)
#7 C:\xampp\htdocs\edsn\system\Boot.php(325): CodeIgniter\CodeIgniter->run()
#8 C:\xampp\htdocs\edsn\system\Boot.php(67): CodeIgniter\Boot::runCodeIgniter(Object(CodeIgniter\CodeIgniter))
#9 C:\xampp\htdocs\edsn\public\index.php(56): CodeIgniter\Boot::bootWeb(Object(Config\Paths))
#10 {main}
CRITICAL - 2025-03-02 20:34:42 --> CodeIgniter\Database\Exceptions\DatabaseException: Table 'censa-jar.tipo_trabajo' doesn't exist
[Method: GET, Route: personal/editar/1]
in SYSTEMPATH\Database\BaseConnection.php on line 688.
 1 APPPATH\Controllers\Personal.php(183): CodeIgniter\Database\BaseConnection->query('SELECT id, nombre FROM tipo_trabajo')
 2 SYSTEMPATH\CodeIgniter.php(933): App\Controllers\Personal->editar('1')
 3 SYSTEMPATH\CodeIgniter.php(509): CodeIgniter\CodeIgniter->runController(Object(App\Controllers\Personal))
 4 SYSTEMPATH\CodeIgniter.php(355): CodeIgniter\CodeIgniter->handleRequest(null, Object(Config\Cache), false)
 5 SYSTEMPATH\Boot.php(325): CodeIgniter\CodeIgniter->run()
 6 SYSTEMPATH\Boot.php(67): CodeIgniter\Boot::runCodeIgniter(Object(CodeIgniter\CodeIgniter))
 7 FCPATH\index.php(56): CodeIgniter\Boot::bootWeb(Object(Config\Paths))
CRITICAL - 2025-03-02 20:34:42 --> [Caused by] CodeIgniter\Database\Exceptions\DatabaseException: Table 'censa-jar.tipo_trabajo' doesn't exist
in SYSTEMPATH\Database\MySQLi\Connection.php on line 317.
 1 SYSTEMPATH\Database\BaseConnection.php(734): CodeIgniter\Database\MySQLi\Connection->execute('SELECT id, nombre FROM tipo_trabajo')
 2 SYSTEMPATH\Database\BaseConnection.php(648): CodeIgniter\Database\BaseConnection->simpleQuery('SELECT id, nombre FROM tipo_trabajo')
 3 APPPATH\Controllers\Personal.php(183): CodeIgniter\Database\BaseConnection->query('SELECT id, nombre FROM tipo_trabajo')
 4 SYSTEMPATH\CodeIgniter.php(933): App\Controllers\Personal->editar('1')
 5 SYSTEMPATH\CodeIgniter.php(509): CodeIgniter\CodeIgniter->runController(Object(App\Controllers\Personal))
 6 SYSTEMPATH\CodeIgniter.php(355): CodeIgniter\CodeIgniter->handleRequest(null, Object(Config\Cache), false)
 7 SYSTEMPATH\Boot.php(325): CodeIgniter\CodeIgniter->run()
 8 SYSTEMPATH\Boot.php(67): CodeIgniter\Boot::runCodeIgniter(Object(CodeIgniter\CodeIgniter))
 9 FCPATH\index.php(56): CodeIgniter\Boot::bootWeb(Object(Config\Paths))
CRITICAL - 2025-03-02 20:34:42 --> [Caused by] mysqli_sql_exception: Table 'censa-jar.tipo_trabajo' doesn't exist
in SYSTEMPATH\Database\MySQLi\Connection.php on line 312.
 1 SYSTEMPATH\Database\MySQLi\Connection.php(312): mysqli->query('SELECT id, nombre FROM tipo_trabajo', 0)
 2 SYSTEMPATH\Database\BaseConnection.php(734): CodeIgniter\Database\MySQLi\Connection->execute('SELECT id, nombre FROM tipo_trabajo')
 3 SYSTEMPATH\Database\BaseConnection.php(648): CodeIgniter\Database\BaseConnection->simpleQuery('SELECT id, nombre FROM tipo_trabajo')
 4 APPPATH\Controllers\Personal.php(183): CodeIgniter\Database\BaseConnection->query('SELECT id, nombre FROM tipo_trabajo')
 5 SYSTEMPATH\CodeIgniter.php(933): App\Controllers\Personal->editar('1')
 6 SYSTEMPATH\CodeIgniter.php(509): CodeIgniter\CodeIgniter->runController(Object(App\Controllers\Personal))
 7 SYSTEMPATH\CodeIgniter.php(355): CodeIgniter\CodeIgniter->handleRequest(null, Object(Config\Cache), false)
 8 SYSTEMPATH\Boot.php(325): CodeIgniter\CodeIgniter->run()
 9 SYSTEMPATH\Boot.php(67): CodeIgniter\Boot::runCodeIgniter(Object(CodeIgniter\CodeIgniter))
10 FCPATH\index.php(56): CodeIgniter\Boot::bootWeb(Object(Config\Paths))
DEBUG - 2025-03-02 20:35:03 --> Editando escuela con ID: 2
ERROR - 2025-03-02 20:35:03 --> mysqli_sql_exception: Table 'censa-jar.tipo_trabajo' doesn't exist in C:\xampp\htdocs\edsn\system\Database\MySQLi\Connection.php:312
Stack trace:
#0 C:\xampp\htdocs\edsn\system\Database\MySQLi\Connection.php(312): mysqli->query('SELECT id, nomb...', 0)
#1 C:\xampp\htdocs\edsn\system\Database\BaseConnection.php(734): CodeIgniter\Database\MySQLi\Connection->execute('SELECT id, nomb...')
#2 C:\xampp\htdocs\edsn\system\Database\BaseConnection.php(648): CodeIgniter\Database\BaseConnection->simpleQuery('SELECT id, nomb...')
#3 C:\xampp\htdocs\edsn\app\Controllers\Personal.php(183): CodeIgniter\Database\BaseConnection->query('SELECT id, nomb...')
#4 C:\xampp\htdocs\edsn\system\CodeIgniter.php(933): App\Controllers\Personal->editar('2')
#5 C:\xampp\htdocs\edsn\system\CodeIgniter.php(509): CodeIgniter\CodeIgniter->runController(Object(App\Controllers\Personal))
#6 C:\xampp\htdocs\edsn\system\CodeIgniter.php(355): CodeIgniter\CodeIgniter->handleRequest(NULL, Object(Config\Cache), false)
#7 C:\xampp\htdocs\edsn\system\Boot.php(325): CodeIgniter\CodeIgniter->run()
#8 C:\xampp\htdocs\edsn\system\Boot.php(67): CodeIgniter\Boot::runCodeIgniter(Object(CodeIgniter\CodeIgniter))
#9 C:\xampp\htdocs\edsn\public\index.php(56): CodeIgniter\Boot::bootWeb(Object(Config\Paths))
#10 {main}
CRITICAL - 2025-03-02 20:35:03 --> CodeIgniter\Database\Exceptions\DatabaseException: Table 'censa-jar.tipo_trabajo' doesn't exist
[Method: GET, Route: personal/editar/2]
in SYSTEMPATH\Database\BaseConnection.php on line 688.
 1 APPPATH\Controllers\Personal.php(183): CodeIgniter\Database\BaseConnection->query('SELECT id, nombre FROM tipo_trabajo')
 2 SYSTEMPATH\CodeIgniter.php(933): App\Controllers\Personal->editar('2')
 3 SYSTEMPATH\CodeIgniter.php(509): CodeIgniter\CodeIgniter->runController(Object(App\Controllers\Personal))
 4 SYSTEMPATH\CodeIgniter.php(355): CodeIgniter\CodeIgniter->handleRequest(null, Object(Config\Cache), false)
 5 SYSTEMPATH\Boot.php(325): CodeIgniter\CodeIgniter->run()
 6 SYSTEMPATH\Boot.php(67): CodeIgniter\Boot::runCodeIgniter(Object(CodeIgniter\CodeIgniter))
 7 FCPATH\index.php(56): CodeIgniter\Boot::bootWeb(Object(Config\Paths))
CRITICAL - 2025-03-02 20:35:03 --> [Caused by] CodeIgniter\Database\Exceptions\DatabaseException: Table 'censa-jar.tipo_trabajo' doesn't exist
in SYSTEMPATH\Database\MySQLi\Connection.php on line 317.
 1 SYSTEMPATH\Database\BaseConnection.php(734): CodeIgniter\Database\MySQLi\Connection->execute('SELECT id, nombre FROM tipo_trabajo')
 2 SYSTEMPATH\Database\BaseConnection.php(648): CodeIgniter\Database\BaseConnection->simpleQuery('SELECT id, nombre FROM tipo_trabajo')
 3 APPPATH\Controllers\Personal.php(183): CodeIgniter\Database\BaseConnection->query('SELECT id, nombre FROM tipo_trabajo')
 4 SYSTEMPATH\CodeIgniter.php(933): App\Controllers\Personal->editar('2')
 5 SYSTEMPATH\CodeIgniter.php(509): CodeIgniter\CodeIgniter->runController(Object(App\Controllers\Personal))
 6 SYSTEMPATH\CodeIgniter.php(355): CodeIgniter\CodeIgniter->handleRequest(null, Object(Config\Cache), false)
 7 SYSTEMPATH\Boot.php(325): CodeIgniter\CodeIgniter->run()
 8 SYSTEMPATH\Boot.php(67): CodeIgniter\Boot::runCodeIgniter(Object(CodeIgniter\CodeIgniter))
 9 FCPATH\index.php(56): CodeIgniter\Boot::bootWeb(Object(Config\Paths))
CRITICAL - 2025-03-02 20:35:03 --> [Caused by] mysqli_sql_exception: Table 'censa-jar.tipo_trabajo' doesn't exist
in SYSTEMPATH\Database\MySQLi\Connection.php on line 312.
 1 SYSTEMPATH\Database\MySQLi\Connection.php(312): mysqli->query('SELECT id, nombre FROM tipo_trabajo', 0)
 2 SYSTEMPATH\Database\BaseConnection.php(734): CodeIgniter\Database\MySQLi\Connection->execute('SELECT id, nombre FROM tipo_trabajo')
 3 SYSTEMPATH\Database\BaseConnection.php(648): CodeIgniter\Database\BaseConnection->simpleQuery('SELECT id, nombre FROM tipo_trabajo')
 4 APPPATH\Controllers\Personal.php(183): CodeIgniter\Database\BaseConnection->query('SELECT id, nombre FROM tipo_trabajo')
 5 SYSTEMPATH\CodeIgniter.php(933): App\Controllers\Personal->editar('2')
 6 SYSTEMPATH\CodeIgniter.php(509): CodeIgniter\CodeIgniter->runController(Object(App\Controllers\Personal))
 7 SYSTEMPATH\CodeIgniter.php(355): CodeIgniter\CodeIgniter->handleRequest(null, Object(Config\Cache), false)
 8 SYSTEMPATH\Boot.php(325): CodeIgniter\CodeIgniter->run()
 9 SYSTEMPATH\Boot.php(67): CodeIgniter\Boot::runCodeIgniter(Object(CodeIgniter\CodeIgniter))
10 FCPATH\index.php(56): CodeIgniter\Boot::bootWeb(Object(Config\Paths))
INFO - 2025-03-02 20:35:53 --> Session: Class initialized using 'CodeIgniter\Session\Handlers\FileHandler' driver.
INFO - 2025-03-02 20:35:55 --> Session: Class initialized using 'CodeIgniter\Session\Handlers\FileHandler' driver.
INFO - 2025-03-02 20:35:58 --> Session: Class initialized using 'CodeIgniter\Session\Handlers\FileHandler' driver.
INFO - 2025-03-02 20:36:01 --> Session: Class initialized using 'CodeIgniter\Session\Handlers\FileHandler' driver.
INFO - 2025-03-02 20:36:04 --> Session: Class initialized using 'CodeIgniter\Session\Handlers\FileHandler' driver.
INFO - 2025-03-02 20:36:07 --> Session: Class initialized using 'CodeIgniter\Session\Handlers\FileHandler' driver.
INFO - 2025-03-02 20:41:21 --> Session: Class initialized using 'CodeIgniter\Session\Handlers\FileHandler' driver.
INFO - 2025-03-02 20:41:27 --> Session: Class initialized using 'CodeIgniter\Session\Handlers\FileHandler' driver.
INFO - 2025-03-02 23:05:26 --> Session: Class initialized using 'CodeIgniter\Session\Handlers\FileHandler' driver.
INFO - 2025-03-02 23:05:39 --> Session: Class initialized using 'CodeIgniter\Session\Handlers\FileHandler' driver.
INFO - 2025-03-02 23:12:02 --> Session: Class initialized using 'CodeIgniter\Session\Handlers\FileHandler' driver.
INFO - 2025-03-02 23:12:32 --> Session: Class initialized using 'CodeIgniter\Session\Handlers\FileHandler' driver.
INFO - 2025-03-02 23:14:02 --> Session: Class initialized using 'CodeIgniter\Session\Handlers\FileHandler' driver.
INFO - 2025-03-02 23:22:06 --> Session: Class initialized using 'CodeIgniter\Session\Handlers\FileHandler' driver.
ERROR - 2025-03-02 23:22:07 --> mysqli_sql_exception: Cannot add or update a child row: a foreign key constraint fails (`censa-jar`.`usuarios`, CONSTRAINT `usuarios_ibfk_4` FOREIGN KEY (`id_escuela`) REFERENCES `escuela` (`id`)) in C:\xampp\htdocs\edsn\system\Database\MySQLi\Connection.php:312
Stack trace:
#0 C:\xampp\htdocs\edsn\system\Database\MySQLi\Connection.php(312): mysqli->query('INSERT INTO `us...', 0)
#1 C:\xampp\htdocs\edsn\system\Database\BaseConnection.php(734): CodeIgniter\Database\MySQLi\Connection->execute('INSERT INTO `us...')
#2 C:\xampp\htdocs\edsn\system\Database\BaseConnection.php(648): CodeIgniter\Database\BaseConnection->simpleQuery('INSERT INTO `us...')
#3 C:\xampp\htdocs\edsn\system\Database\BaseBuilder.php(2340): CodeIgniter\Database\BaseConnection->query('INSERT INTO `us...', Array, false)
#4 C:\xampp\htdocs\edsn\system\Model.php(394): CodeIgniter\Database\BaseBuilder->insert()
#5 C:\xampp\htdocs\edsn\system\BaseModel.php(840): CodeIgniter\Model->doInsert(Array)
#6 C:\xampp\htdocs\edsn\system\Model.php(802): CodeIgniter\BaseModel->insert(Array, false)
#7 C:\xampp\htdocs\edsn\system\BaseModel.php(751): CodeIgniter\Model->insert(Array, false)
#8 C:\xampp\htdocs\edsn\app\Controllers\Estudiantes.php(157): CodeIgniter\BaseModel->save(Array)
#9 C:\xampp\htdocs\edsn\system\CodeIgniter.php(933): App\Controllers\Estudiantes->insertar()
#10 C:\xampp\htdocs\edsn\system\CodeIgniter.php(509): CodeIgniter\CodeIgniter->runController(Object(App\Controllers\Estudiantes))
#11 C:\xampp\htdocs\edsn\system\CodeIgniter.php(355): CodeIgniter\CodeIgniter->handleRequest(NULL, Object(Config\Cache), false)
#12 C:\xampp\htdocs\edsn\system\Boot.php(325): CodeIgniter\CodeIgniter->run()
#13 C:\xampp\htdocs\edsn\system\Boot.php(67): CodeIgniter\Boot::runCodeIgniter(Object(CodeIgniter\CodeIgniter))
#14 C:\xampp\htdocs\edsn\public\index.php(56): CodeIgniter\Boot::bootWeb(Object(Config\Paths))
#15 {main}
CRITICAL - 2025-03-02 23:22:07 --> CodeIgniter\Database\Exceptions\DatabaseException: Cannot add or update a child row: a foreign key constraint fails (`censa-jar`.`usuarios`, CONSTRAINT `usuarios_ibfk_4` FOREIGN KEY (`id_escuela`) REFERENCES `escuela` (`id`))
[Method: POST, Route: estudiantes/insertar]
in SYSTEMPATH\Database\BaseConnection.php on line 688.
 1 SYSTEMPATH\Database\BaseBuilder.php(2340): CodeIgniter\Database\BaseConnection->query('INSERT INTO `usuarios` (`usuario`, `clave`, `id_tipo_usuario`, `cambio_clave`, `personal_id`, `estudiantes_id`, `fecha_alta`, `fecha_edit`) VALUES (:usuario:, :clave:, :id_tipo_usuario:, :cambio_clave:, :personal_id:, :estudiantes_id:, :fecha_alta:, :fecha_edit:)', [...], false)
 2 SYSTEMPATH\Model.php(394): CodeIgniter\Database\BaseBuilder->insert()
 3 SYSTEMPATH\BaseModel.php(840): CodeIgniter\Model->doInsert([...])
 4 SYSTEMPATH\Model.php(802): CodeIgniter\BaseModel->insert([...], false)
 5 SYSTEMPATH\BaseModel.php(751): CodeIgniter\Model->insert([...], false)
 6 APPPATH\Controllers\Estudiantes.php(157): CodeIgniter\BaseModel->save([...])
 7 SYSTEMPATH\CodeIgniter.php(933): App\Controllers\Estudiantes->insertar()
 8 SYSTEMPATH\CodeIgniter.php(509): CodeIgniter\CodeIgniter->runController(Object(App\Controllers\Estudiantes))
 9 SYSTEMPATH\CodeIgniter.php(355): CodeIgniter\CodeIgniter->handleRequest(null, Object(Config\Cache), false)
10 SYSTEMPATH\Boot.php(325): CodeIgniter\CodeIgniter->run()
11 SYSTEMPATH\Boot.php(67): CodeIgniter\Boot::runCodeIgniter(Object(CodeIgniter\CodeIgniter))
12 FCPATH\index.php(56): CodeIgniter\Boot::bootWeb(Object(Config\Paths))
CRITICAL - 2025-03-02 23:22:07 --> [Caused by] CodeIgniter\Database\Exceptions\DatabaseException: Cannot add or update a child row: a foreign key constraint fails (`censa-jar`.`usuarios`, CONSTRAINT `usuarios_ibfk_4` FOREIGN KEY (`id_escuela`) REFERENCES `escuela` (`id`))
in SYSTEMPATH\Database\MySQLi\Connection.php on line 317.
 1 SYSTEMPATH\Database\BaseConnection.php(734): CodeIgniter\Database\MySQLi\Connection->execute('INSERT INTO `usuarios` (`usuario`, `clave`, `id_tipo_usuario`, `cambio_clave`, `personal_id`, `estudiantes_id`, `fecha_alta`, `fecha_edit`) VALUES (\'2025-EDS-0001\', \'$2y$10$GqKlNe05r/zJotteV5sqpe7t/6reIUd71YKEwYJyPXa8dDtnkTBAG\', 3, 1, NULL, 1, \'2025-03-02 23:22:07\', \'2025-03-02 23:22:07\')')
 2 SYSTEMPATH\Database\BaseConnection.php(648): CodeIgniter\Database\BaseConnection->simpleQuery('INSERT INTO `usuarios` (`usuario`, `clave`, `id_tipo_usuario`, `cambio_clave`, `personal_id`, `estudiantes_id`, `fecha_alta`, `fecha_edit`) VALUES (\'2025-EDS-0001\', \'$2y$10$GqKlNe05r/zJotteV5sqpe7t/6reIUd71YKEwYJyPXa8dDtnkTBAG\', 3, 1, NULL, 1, \'2025-03-02 23:22:07\', \'2025-03-02 23:22:07\')')
 3 SYSTEMPATH\Database\BaseBuilder.php(2340): CodeIgniter\Database\BaseConnection->query('INSERT INTO `usuarios` (`usuario`, `clave`, `id_tipo_usuario`, `cambio_clave`, `personal_id`, `estudiantes_id`, `fecha_alta`, `fecha_edit`) VALUES (:usuario:, :clave:, :id_tipo_usuario:, :cambio_clave:, :personal_id:, :estudiantes_id:, :fecha_alta:, :fecha_edit:)', [...], false)
 4 SYSTEMPATH\Model.php(394): CodeIgniter\Database\BaseBuilder->insert()
 5 SYSTEMPATH\BaseModel.php(840): CodeIgniter\Model->doInsert([...])
 6 SYSTEMPATH\Model.php(802): CodeIgniter\BaseModel->insert([...], false)
 7 SYSTEMPATH\BaseModel.php(751): CodeIgniter\Model->insert([...], false)
 8 APPPATH\Controllers\Estudiantes.php(157): CodeIgniter\BaseModel->save([...])
 9 SYSTEMPATH\CodeIgniter.php(933): App\Controllers\Estudiantes->insertar()
10 SYSTEMPATH\CodeIgniter.php(509): CodeIgniter\CodeIgniter->runController(Object(App\Controllers\Estudiantes))
11 SYSTEMPATH\CodeIgniter.php(355): CodeIgniter\CodeIgniter->handleRequest(null, Object(Config\Cache), false)
12 SYSTEMPATH\Boot.php(325): CodeIgniter\CodeIgniter->run()
13 SYSTEMPATH\Boot.php(67): CodeIgniter\Boot::runCodeIgniter(Object(CodeIgniter\CodeIgniter))
14 FCPATH\index.php(56): CodeIgniter\Boot::bootWeb(Object(Config\Paths))
CRITICAL - 2025-03-02 23:22:07 --> [Caused by] mysqli_sql_exception: Cannot add or update a child row: a foreign key constraint fails (`censa-jar`.`usuarios`, CONSTRAINT `usuarios_ibfk_4` FOREIGN KEY (`id_escuela`) REFERENCES `escuela` (`id`))
in SYSTEMPATH\Database\MySQLi\Connection.php on line 312.
 1 SYSTEMPATH\Database\MySQLi\Connection.php(312): mysqli->query('INSERT INTO `usuarios` (`usuario`, `clave`, `id_tipo_usuario`, `cambio_clave`, `personal_id`, `estudiantes_id`, `fecha_alta`, `fecha_edit`) VALUES (\'2025-EDS-0001\', \'$2y$10$GqKlNe05r/zJotteV5sqpe7t/6reIUd71YKEwYJyPXa8dDtnkTBAG\', 3, 1, NULL, 1, \'2025-03-02 23:22:07\', \'2025-03-02 23:22:07\')', 0)
 2 SYSTEMPATH\Database\BaseConnection.php(734): CodeIgniter\Database\MySQLi\Connection->execute('INSERT INTO `usuarios` (`usuario`, `clave`, `id_tipo_usuario`, `cambio_clave`, `personal_id`, `estudiantes_id`, `fecha_alta`, `fecha_edit`) VALUES (\'2025-EDS-0001\', \'$2y$10$GqKlNe05r/zJotteV5sqpe7t/6reIUd71YKEwYJyPXa8dDtnkTBAG\', 3, 1, NULL, 1, \'2025-03-02 23:22:07\', \'2025-03-02 23:22:07\')')
 3 SYSTEMPATH\Database\BaseConnection.php(648): CodeIgniter\Database\BaseConnection->simpleQuery('INSERT INTO `usuarios` (`usuario`, `clave`, `id_tipo_usuario`, `cambio_clave`, `personal_id`, `estudiantes_id`, `fecha_alta`, `fecha_edit`) VALUES (\'2025-EDS-0001\', \'$2y$10$GqKlNe05r/zJotteV5sqpe7t/6reIUd71YKEwYJyPXa8dDtnkTBAG\', 3, 1, NULL, 1, \'2025-03-02 23:22:07\', \'2025-03-02 23:22:07\')')
 4 SYSTEMPATH\Database\BaseBuilder.php(2340): CodeIgniter\Database\BaseConnection->query('INSERT INTO `usuarios` (`usuario`, `clave`, `id_tipo_usuario`, `cambio_clave`, `personal_id`, `estudiantes_id`, `fecha_alta`, `fecha_edit`) VALUES (:usuario:, :clave:, :id_tipo_usuario:, :cambio_clave:, :personal_id:, :estudiantes_id:, :fecha_alta:, :fecha_edit:)', [...], false)
 5 SYSTEMPATH\Model.php(394): CodeIgniter\Database\BaseBuilder->insert()
 6 SYSTEMPATH\BaseModel.php(840): CodeIgniter\Model->doInsert([...])
 7 SYSTEMPATH\Model.php(802): CodeIgniter\BaseModel->insert([...], false)
 8 SYSTEMPATH\BaseModel.php(751): CodeIgniter\Model->insert([...], false)
 9 APPPATH\Controllers\Estudiantes.php(157): CodeIgniter\BaseModel->save([...])
10 SYSTEMPATH\CodeIgniter.php(933): App\Controllers\Estudiantes->insertar()
11 SYSTEMPATH\CodeIgniter.php(509): CodeIgniter\CodeIgniter->runController(Object(App\Controllers\Estudiantes))
12 SYSTEMPATH\CodeIgniter.php(355): CodeIgniter\CodeIgniter->handleRequest(null, Object(Config\Cache), false)
13 SYSTEMPATH\Boot.php(325): CodeIgniter\CodeIgniter->run()
14 SYSTEMPATH\Boot.php(67): CodeIgniter\Boot::runCodeIgniter(Object(CodeIgniter\CodeIgniter))
15 FCPATH\index.php(56): CodeIgniter\Boot::bootWeb(Object(Config\Paths))
INFO - 2025-03-02 23:25:07 --> Session: Class initialized using 'CodeIgniter\Session\Handlers\FileHandler' driver.
INFO - 2025-03-02 23:25:07 --> Session: Class initialized using 'CodeIgniter\Session\Handlers\FileHandler' driver.
INFO - 2025-03-02 23:25:24 --> Session: Class initialized using 'CodeIgniter\Session\Handlers\FileHandler' driver.
INFO - 2025-03-02 23:26:43 --> Session: Class initialized using 'CodeIgniter\Session\Handlers\FileHandler' driver.
INFO - 2025-03-02 23:28:35 --> Session: Class initialized using 'CodeIgniter\Session\Handlers\FileHandler' driver.
INFO - 2025-03-02 23:28:36 --> Session: Class initialized using 'CodeIgniter\Session\Handlers\FileHandler' driver.
INFO - 2025-03-02 23:41:46 --> Session: Class initialized using 'CodeIgniter\Session\Handlers\FileHandler' driver.
INFO - 2025-03-02 23:42:35 --> Session: Class initialized using 'CodeIgniter\Session\Handlers\FileHandler' driver.
INFO - 2025-03-02 23:42:39 --> Session: Class initialized using 'CodeIgniter\Session\Handlers\FileHandler' driver.
INFO - 2025-03-02 23:44:11 --> Session: Class initialized using 'CodeIgniter\Session\Handlers\FileHandler' driver.
INFO - 2025-03-02 23:44:12 --> Session: Class initialized using 'CodeIgniter\Session\Handlers\FileHandler' driver.
