INFO - 2025-04-04 02:09:01 --> Session: Class initialized using 'CodeIgniter\Session\Handlers\FileHandler' driver.
DEBUG - 2025-04-04 02:09:15 --> Usuario recibido: admin
INFO - 2025-04-04 02:11:11 --> Session: Class initialized using 'CodeIgniter\Session\Handlers\FileHandler' driver.
DEBUG - 2025-04-04 02:11:23 --> Usuario recibido: admin
DEBUG - 2025-04-04 02:14:49 --> Usuario recibido: admin
DEBUG - 2025-04-04 02:14:51 --> Usuario recibido: admin
INFO - 2025-04-04 02:15:04 --> Session: Class initialized using 'CodeIgniter\Session\Handlers\FileHandler' driver.
INFO - 2025-04-04 02:15:04 --> Session: Class initialized using 'CodeIgniter\Session\Handlers\FileHandler' driver.
INFO - 2025-04-04 02:15:08 --> Session: Class initialized using 'CodeIgniter\Session\Handlers\FileHandler' driver.
INFO - 2025-04-04 02:15:08 --> Session: Class initialized using 'CodeIgniter\Session\Handlers\FileHandler' driver.
CRITICAL - 2025-04-04 16:58:30 --> Error: Class "Locale" not found
[Method: GET, Route: /]
in SYSTEMPATH\CodeIgniter.php on line 190.
 1 SYSTEMPATH\Boot.php(312): CodeIgniter\CodeIgniter->initialize()
 2 SYSTEMPATH\Boot.php(66): CodeIgniter\Boot::initializeCodeIgniter()
 3 FCPATH\index.php(56): CodeIgniter\Boot::bootWeb(Object(Config\Paths))
CRITICAL - 2025-04-04 16:58:31 --> ErrorException: Uncaught Error: Class "Locale" not found in C:\xampp_master\htdocs\censa\system\Helpers\number_helper.php:140
Stack trace:
#0 C:\xampp_master\htdocs\censa\system\Helpers\number_helper.php(58): format_number(8.0, 2, NULL, Array)
#1 C:\xampp_master\htdocs\censa\system\Debug\BaseExceptionHandler.php(154): number_to_size(8.0, 2)
#2 C:\xampp_master\htdocs\censa\app\Views\errors\html\error_exception.php(409): CodeIgniter\Debug\BaseExceptionHandler::describeMemory(8388608)
#3 C:\xampp_master\htdocs\censa\system\Debug\BaseExceptionHandler.php(266): include('C:\\xampp_master...')
#4 C:\xampp_master\htdocs\censa\system\Debug\BaseExceptionHandler.php(269): CodeIgniter\Debug\BaseExceptionHandler->CodeIgniter\Debug\{closure}()
#5 C:\xampp_master\htdocs\censa\system\Debug\ExceptionHandler.php(114): CodeIgniter\Debug\BaseExceptionHandler->render(Object(Error), 500, 'C:\\xampp_master...')
#6 C:\xampp_master\htdocs\censa\system\Debug\Exceptions.php(163): CodeIgniter\Debug\ExceptionHandler->handle(Object(Error), Object(CodeIgniter\HTTP\IncomingRequest), Object(CodeIgniter\HTTP\Response), 500, 1)
#7 [internal function]: CodeIgniter\Debug\Exceptions->exceptionHandler(Object(Error))
#8 {main}
  thrown
【Previous Exception】
Error
Class "Locale" not found
#0 C:\xampp_master\htdocs\censa\system\Boot.php(312): CodeIgniter\CodeIgniter->initialize()
#1 C:\xampp_master\htdocs\censa\system\Boot.php(66): CodeIgniter\Boot::initializeCodeIgniter()
#2 C:\xampp_master\htdocs\censa\public\index.php(56): CodeIgniter\Boot::bootWeb(Object(Config\Paths))
#3 {main}
[Method: GET, Route: /]
in SYSTEMPATH\Helpers\number_helper.php on line 140.
 1 [internal function]: CodeIgniter\Debug\Exceptions->shutdownHandler()
INFO - 2025-04-04 15:13:37 --> Session: Class initialized using 'CodeIgniter\Session\Handlers\FileHandler' driver.
INFO - 2025-04-04 15:13:39 --> Session: Class initialized using 'CodeIgniter\Session\Handlers\FileHandler' driver.
DEBUG - 2025-04-04 15:14:29 --> Usuario recibido: admin
DEBUG - 2025-04-04 15:14:29 --> Usuario encontrado en BD: admin
INFO - 2025-04-04 15:14:29 --> Session: Class initialized using 'CodeIgniter\Session\Handlers\FileHandler' driver.
DEBUG - 2025-04-04 15:14:29 --> Sesión iniciada para el usuario: admin
DEBUG - 2025-04-04 15:14:29 --> Redirigiendo a cambio de clave
INFO - 2025-04-04 15:14:30 --> Session: Class initialized using 'CodeIgniter\Session\Handlers\FileHandler' driver.
DEBUG - 2025-04-04 15:14:30 --> Accediendo a la vista de cambio de clave
INFO - 2025-04-04 15:14:39 --> Session: Class initialized using 'CodeIgniter\Session\Handlers\FileHandler' driver.
INFO - 2025-04-04 15:28:28 --> Session: Class initialized using 'CodeIgniter\Session\Handlers\FileHandler' driver.
DEBUG - 2025-04-04 15:28:28 --> Accediendo a la vista de cambio de clave
INFO - 2025-04-04 15:28:52 --> Session: Class initialized using 'CodeIgniter\Session\Handlers\FileHandler' driver.
INFO - 2025-04-04 15:28:52 --> Session: Class initialized using 'CodeIgniter\Session\Handlers\FileHandler' driver.
DEBUG - 2025-04-04 15:28:52 --> Accediendo a la vista de cambio de clave
