INFO - 2025-10-31 00:00:06 --> Session: Class initialized using 'CodeIgniter\Session\Handlers\FileHandler' driver.
INFO - 2025-10-31 00:00:07 --> Session: Class initialized using 'CodeIgniter\Session\Handlers\FileHandler' driver.
INFO - 2025-10-31 00:00:12 --> Session: Class initialized using 'CodeIgniter\Session\Handlers\FileHandler' driver.
DEBUG - 2025-10-31 00:00:12 --> obtenerSeccionesDelMismoGrado - idCursoActual: "5"
DEBUG - 2025-10-31 00:00:12 --> obtenerSeccionesDelMismoGrado - idEscuela: "2"
DEBUG - 2025-10-31 00:00:12 --> Curso actual obtenido: {"id_grado":"12","nombre_curso_actual":"3ro Secundaria A"}
DEBUG - 2025-10-31 00:00:12 --> Secciones encontradas: [{"id":"5","nombre_curso":"3ro Secundaria A"},{"id":"6","nombre_curso":"3ro Secundaria B"},{"id":"7","nombre_curso":"3ro Secundaria C"}]
INFO - 2025-10-31 00:00:16 --> Session: Class initialized using 'CodeIgniter\Session\Handlers\FileHandler' driver.
INFO - 2025-10-31 00:00:17 --> Session: Class initialized using 'CodeIgniter\Session\Handlers\FileHandler' driver.
INFO - 2025-10-31 00:02:24 --> Session: Class initialized using 'CodeIgniter\Session\Handlers\FileHandler' driver.
INFO - 2025-10-31 00:02:27 --> Session: Class initialized using 'CodeIgniter\Session\Handlers\FileHandler' driver.
INFO - 2025-10-31 00:02:30 --> Session: Class initialized using 'CodeIgniter\Session\Handlers\FileHandler' driver.
INFO - 2025-10-31 00:06:23 --> Session: Class initialized using 'CodeIgniter\Session\Handlers\FileHandler' driver.
INFO - 2025-10-31 00:06:33 --> Session: Class initialized using 'CodeIgniter\Session\Handlers\FileHandler' driver.
INFO - 2025-10-31 00:06:40 --> Session: Class initialized using 'CodeIgniter\Session\Handlers\FileHandler' driver.
INFO - 2025-10-31 00:06:46 --> Session: Class initialized using 'CodeIgniter\Session\Handlers\FileHandler' driver.
DEBUG - 2025-10-31 00:06:46 --> obtenerSeccionesDelMismoGrado - idCursoActual: "5"
DEBUG - 2025-10-31 00:06:46 --> obtenerSeccionesDelMismoGrado - idEscuela: "2"
DEBUG - 2025-10-31 00:06:46 --> Curso actual obtenido: {"id_grado":"12","nombre_curso_actual":"3ro Secundaria A"}
DEBUG - 2025-10-31 00:06:46 --> Secciones encontradas: [{"id":"5","nombre_curso":"3ro Secundaria A"},{"id":"6","nombre_curso":"3ro Secundaria B"},{"id":"7","nombre_curso":"3ro Secundaria C"}]
INFO - 2025-10-31 00:06:52 --> Session: Class initialized using 'CodeIgniter\Session\Handlers\FileHandler' driver.
DEBUG - 2025-10-31 00:06:52 --> Actualizar inscripciones: Array
(
    [0] => Array
        (
            [id_inscripcion] => undefined
            [curso] => 6
            [estado] => Normal
            [condicion_final] => Normal
        )

)

INFO - 2025-10-31 00:06:53 --> Session: Class initialized using 'CodeIgniter\Session\Handlers\FileHandler' driver.
INFO - 2025-10-31 00:14:05 --> Session: Class initialized using 'CodeIgniter\Session\Handlers\FileHandler' driver.
INFO - 2025-10-31 00:14:12 --> Session: Class initialized using 'CodeIgniter\Session\Handlers\FileHandler' driver.
INFO - 2025-10-31 00:14:17 --> Session: Class initialized using 'CodeIgniter\Session\Handlers\FileHandler' driver.
INFO - 2025-10-31 00:14:25 --> Session: Class initialized using 'CodeIgniter\Session\Handlers\FileHandler' driver.
DEBUG - 2025-10-31 00:14:25 --> obtenerSeccionesDelMismoGrado - idCursoActual: "5"
DEBUG - 2025-10-31 00:14:25 --> obtenerSeccionesDelMismoGrado - idEscuela: "2"
DEBUG - 2025-10-31 00:14:25 --> Curso actual obtenido: {"id_grado":"12","nombre_curso_actual":"3ro Secundaria A"}
DEBUG - 2025-10-31 00:14:25 --> Secciones encontradas: [{"id":"5","nombre_curso":"3ro Secundaria A"},{"id":"6","nombre_curso":"3ro Secundaria B"},{"id":"7","nombre_curso":"3ro Secundaria C"}]
INFO - 2025-10-31 00:14:33 --> Session: Class initialized using 'CodeIgniter\Session\Handlers\FileHandler' driver.
DEBUG - 2025-10-31 00:14:33 --> Actualizar inscripciones: Array
(
    [0] => Array
        (
            [id_inscripcion] => 6
            [curso] => 6
            [estado] => Normal
            [condicion_final] => Normal
        )

)

DEBUG - 2025-10-31 00:14:33 --> Inscripcion actualizada ID 6: Array
(
    [id_curso] => 6
    [estado] => Normal
    [condicion_final] => Normal
)

INFO - 2025-10-31 00:14:33 --> Session: Class initialized using 'CodeIgniter\Session\Handlers\FileHandler' driver.
INFO - 2025-10-31 00:19:13 --> Session: Class initialized using 'CodeIgniter\Session\Handlers\FileHandler' driver.
INFO - 2025-10-31 00:19:34 --> Session: Class initialized using 'CodeIgniter\Session\Handlers\FileHandler' driver.
INFO - 2025-10-31 00:19:39 --> Session: Class initialized using 'CodeIgniter\Session\Handlers\FileHandler' driver.
INFO - 2025-10-31 00:19:44 --> Session: Class initialized using 'CodeIgniter\Session\Handlers\FileHandler' driver.
DEBUG - 2025-10-31 00:19:44 --> obtenerSeccionesDelMismoGrado - idCursoActual: "5"
DEBUG - 2025-10-31 00:19:44 --> obtenerSeccionesDelMismoGrado - idEscuela: "2"
DEBUG - 2025-10-31 00:19:44 --> Curso actual obtenido: {"id_grado":"12","nombre_curso_actual":"3ro Secundaria A"}
DEBUG - 2025-10-31 00:19:44 --> Secciones encontradas: [{"id":"5","nombre_curso":"3ro Secundaria A"},{"id":"6","nombre_curso":"3ro Secundaria B"},{"id":"7","nombre_curso":"3ro Secundaria C"}]
INFO - 2025-10-31 00:19:48 --> Session: Class initialized using 'CodeIgniter\Session\Handlers\FileHandler' driver.
DEBUG - 2025-10-31 00:19:49 --> Raw POST inscripciones: [{"id_inscripcion":6,"curso":"6","estado":"Normal","condicion_final":"Normal"}]
DEBUG - 2025-10-31 00:19:49 --> Actualizar inscripciones decodificadas: Array
(
    [0] => Array
        (
            [id_inscripcion] => 6
            [curso] => 6
            [estado] => Normal
            [condicion_final] => Normal
        )

)

DEBUG - 2025-10-31 00:19:49 --> Procesando inscripción: Array
(
    [id_inscripcion] => 6
    [curso] => 6
    [estado] => Normal
    [condicion_final] => Normal
)

DEBUG - 2025-10-31 00:19:49 --> Registro actual de inscripción: Array
(
    [id] => 6
    [id_grado] => 12
    [id_curso] => 5
    [id_estudiante] => 2
    [id_schoolYear] => 1
    [id_pago] => 30
    [id_escuela] => 2
    [condicion_inicial] => Inscrito
    [estado] => Normal
    [Condicion_final] => 
    [fecha_alta] => 2025-10-30 23:26:01
    [fecha_edit] => 2025-10-30 23:26:01
    [activo] => 1
)

DEBUG - 2025-10-31 00:19:49 --> Datos a actualizar ID 6: Array
(
    [id_curso] => 6
    [estado] => Normal
    [condicion_final] => Normal
)

DEBUG - 2025-10-31 00:19:49 --> Inscripción actualizada ID 6
INFO - 2025-10-31 00:19:49 --> Session: Class initialized using 'CodeIgniter\Session\Handlers\FileHandler' driver.
=====================================================================================================================

INFO - 2025-10-31 00:20:24 --> Session: Class initialized using 'CodeIgniter\Session\Handlers\FileHandler' driver.
INFO - 2025-10-31 00:20:30 --> Session: Class initialized using 'CodeIgniter\Session\Handlers\FileHandler' driver.
INFO - 2025-10-31 00:20:34 --> Session: Class initialized using 'CodeIgniter\Session\Handlers\FileHandler' driver.
INFO - 2025-10-31 00:20:39 --> Session: Class initialized using 'CodeIgniter\Session\Handlers\FileHandler' driver.
DEBUG - 2025-10-31 00:20:39 --> obtenerSeccionesDelMismoGrado - idCursoActual: "5"
DEBUG - 2025-10-31 00:20:39 --> obtenerSeccionesDelMismoGrado - idEscuela: "2"
DEBUG - 2025-10-31 00:20:39 --> Curso actual obtenido: {"id_grado":"12","nombre_curso_actual":"3ro Secundaria A"}
DEBUG - 2025-10-31 00:20:39 --> Secciones encontradas: [{"id":"5","nombre_curso":"3ro Secundaria A"},{"id":"6","nombre_curso":"3ro Secundaria B"},{"id":"7","nombre_curso":"3ro Secundaria C"}]
INFO - 2025-10-31 00:20:42 --> Session: Class initialized using 'CodeIgniter\Session\Handlers\FileHandler' driver.
DEBUG - 2025-10-31 00:20:42 --> Raw POST inscripciones: [{"id_inscripcion":6,"curso":"6","estado":"Normal","condicion_final":"Normal"}]
DEBUG - 2025-10-31 00:20:42 --> Actualizar inscripciones decodificadas: Array
(
    [0] => Array
        (
            [id_inscripcion] => 6
            [curso] => 6
            [estado] => Normal
            [condicion_final] => Normal
        )

)

DEBUG - 2025-10-31 00:20:42 --> Procesando inscripción: Array
(
    [id_inscripcion] => 6
    [curso] => 6
    [estado] => Normal
    [condicion_final] => Normal
)

DEBUG - 2025-10-31 00:20:42 --> Registro actual de inscripción: Array
(
    [id] => 6
    [id_grado] => 12
    [id_curso] => 5
    [id_estudiante] => 2
    [id_schoolYear] => 1
    [id_pago] => 30
    [id_escuela] => 2
    [condicion_inicial] => Inscrito
    [estado] => Normal
    [Condicion_final] => 
    [fecha_alta] => 2025-10-30 23:26:01
    [fecha_edit] => 2025-10-30 23:26:01
    [activo] => 1
)

DEBUG - 2025-10-31 00:20:42 --> Datos a actualizar ID 6: Array
(
    [id_curso] => 6
    [estado] => Normal
    [condicion_final] => Normal
)

DEBUG - 2025-10-31 00:20:42 --> Inscripción actualizada ID 6
INFO - 2025-10-31 00:20:43 --> Session: Class initialized using 'CodeIgniter\Session\Handlers\FileHandler' driver.
INFO - 2025-10-31 00:29:02 --> Session: Class initialized using 'CodeIgniter\Session\Handlers\FileHandler' driver.
INFO - 2025-10-31 00:29:28 --> Session: Class initialized using 'CodeIgniter\Session\Handlers\FileHandler' driver.
INFO - 2025-10-31 00:29:33 --> Session: Class initialized using 'CodeIgniter\Session\Handlers\FileHandler' driver.
INFO - 2025-10-31 00:29:38 --> Session: Class initialized using 'CodeIgniter\Session\Handlers\FileHandler' driver.
INFO - 2025-10-31 00:29:50 --> Session: Class initialized using 'CodeIgniter\Session\Handlers\FileHandler' driver.
INFO - 2025-10-31 00:29:56 --> Session: Class initialized using 'CodeIgniter\Session\Handlers\FileHandler' driver.
DEBUG - 2025-10-31 00:29:56 --> obtenerSeccionesDelMismoGrado - idCursoActual: "6"
DEBUG - 2025-10-31 00:29:56 --> obtenerSeccionesDelMismoGrado - idEscuela: "2"
DEBUG - 2025-10-31 00:29:56 --> Curso actual obtenido: {"id_grado":"12","nombre_curso_actual":"3ro Secundaria B"}
DEBUG - 2025-10-31 00:29:56 --> Secciones encontradas: [{"id":"5","nombre_curso":"3ro Secundaria A"},{"id":"6","nombre_curso":"3ro Secundaria B"},{"id":"7","nombre_curso":"3ro Secundaria C"}]
INFO - 2025-10-31 00:30:04 --> Session: Class initialized using 'CodeIgniter\Session\Handlers\FileHandler' driver.
DEBUG - 2025-10-31 00:30:05 --> Raw POST inscripciones: [{"id_inscripcion":3,"curso":"5","estado":"Normal","condicion_final":"Normal"}]
DEBUG - 2025-10-31 00:30:05 --> Actualizar inscripciones decodificadas: Array
(
    [0] => Array
        (
            [id_inscripcion] => 3
            [curso] => 5
            [estado] => Normal
            [condicion_final] => Normal
        )

)

DEBUG - 2025-10-31 00:30:05 --> Procesando inscripción: Array
(
    [id_inscripcion] => 3
    [curso] => 5
    [estado] => Normal
    [condicion_final] => Normal
)

DEBUG - 2025-10-31 00:30:05 --> Registro actual de inscripción: Array
(
    [id] => 3
    [id_grado] => 12
    [id_curso] => 6
    [id_estudiante] => 5
    [id_schoolYear] => 1
    [id_pago] => 27
    [id_escuela] => 2
    [condicion_inicial] => Inscrito
    [estado] => Normal
    [condicion_final] => 
    [fecha_alta] => 2025-10-26 04:44:50
    [fecha_edit] => 2025-10-26 04:44:50
    [activo] => 1
)

DEBUG - 2025-10-31 00:30:05 --> Datos a actualizar ID 3: Array
(
    [id_curso] => 5
    [estado] => Normal
    [condicion_final] => Normal
)

DEBUG - 2025-10-31 00:30:05 --> Inscripción actualizada ID 3
INFO - 2025-10-31 00:30:05 --> Session: Class initialized using 'CodeIgniter\Session\Handlers\FileHandler' driver.
INFO - 2025-10-31 00:30:10 --> Session: Class initialized using 'CodeIgniter\Session\Handlers\FileHandler' driver.
INFO - 2025-10-31 00:30:16 --> Session: Class initialized using 'CodeIgniter\Session\Handlers\FileHandler' driver.
INFO - 2025-10-31 00:30:20 --> Session: Class initialized using 'CodeIgniter\Session\Handlers\FileHandler' driver.
INFO - 2025-10-31 00:30:28 --> Session: Class initialized using 'CodeIgniter\Session\Handlers\FileHandler' driver.
INFO - 2025-10-31 00:31:58 --> Session: Class initialized using 'CodeIgniter\Session\Handlers\FileHandler' driver.
INFO - 2025-10-31 00:32:02 --> Session: Class initialized using 'CodeIgniter\Session\Handlers\FileHandler' driver.
INFO - 2025-10-31 00:32:06 --> Session: Class initialized using 'CodeIgniter\Session\Handlers\FileHandler' driver.
INFO - 2025-10-31 00:32:13 --> Session: Class initialized using 'CodeIgniter\Session\Handlers\FileHandler' driver.
INFO - 2025-10-31 00:32:15 --> Session: Class initialized using 'CodeIgniter\Session\Handlers\FileHandler' driver.
DEBUG - 2025-10-31 00:32:15 --> obtenerSeccionesDelMismoGrado - idCursoActual: "6"
DEBUG - 2025-10-31 00:32:15 --> obtenerSeccionesDelMismoGrado - idEscuela: "2"
DEBUG - 2025-10-31 00:32:15 --> Curso actual obtenido: {"id_grado":"12","nombre_curso_actual":"3ro Secundaria B"}
DEBUG - 2025-10-31 00:32:15 --> Secciones encontradas: [{"id":"5","nombre_curso":"3ro Secundaria A"},{"id":"6","nombre_curso":"3ro Secundaria B"},{"id":"7","nombre_curso":"3ro Secundaria C"}]
INFO - 2025-10-31 00:32:20 --> Session: Class initialized using 'CodeIgniter\Session\Handlers\FileHandler' driver.
DEBUG - 2025-10-31 00:32:20 --> obtenerSeccionesDelMismoGrado - idCursoActual: "6"
DEBUG - 2025-10-31 00:32:20 --> obtenerSeccionesDelMismoGrado - idEscuela: "2"
DEBUG - 2025-10-31 00:32:20 --> Curso actual obtenido: {"id_grado":"12","nombre_curso_actual":"3ro Secundaria B"}
DEBUG - 2025-10-31 00:32:20 --> Secciones encontradas: [{"id":"5","nombre_curso":"3ro Secundaria A"},{"id":"6","nombre_curso":"3ro Secundaria B"},{"id":"7","nombre_curso":"3ro Secundaria C"}]
INFO - 2025-10-31 00:32:27 --> Session: Class initialized using 'CodeIgniter\Session\Handlers\FileHandler' driver.
DEBUG - 2025-10-31 00:32:27 --> Raw POST inscripciones: [{"id_inscripcion":6,"curso":"5","estado":"Normal","condicion_final":"Normal"}]
DEBUG - 2025-10-31 00:32:27 --> Actualizar inscripciones decodificadas: Array
(
    [0] => Array
        (
            [id_inscripcion] => 6
            [curso] => 5
            [estado] => Normal
            [condicion_final] => Normal
        )

)

DEBUG - 2025-10-31 00:32:27 --> Procesando inscripción: Array
(
    [id_inscripcion] => 6
    [curso] => 5
    [estado] => Normal
    [condicion_final] => Normal
)

DEBUG - 2025-10-31 00:32:27 --> Registro actual de inscripción: Array
(
    [id] => 6
    [id_grado] => 12
    [id_curso] => 6
    [id_estudiante] => 2
    [id_schoolYear] => 1
    [id_pago] => 30
    [id_escuela] => 2
    [condicion_inicial] => Inscrito
    [estado] => Normal
    [condicion_final] => 
    [fecha_alta] => 2025-10-30 23:26:01
    [fecha_edit] => 2025-10-30 23:26:01
    [activo] => 1
)

DEBUG - 2025-10-31 00:32:27 --> Datos a actualizar ID 6: Array
(
    [id_curso] => 5
    [estado] => Normal
    [condicion_final] => Normal
)

DEBUG - 2025-10-31 00:32:27 --> Inscripción actualizada ID 6
INFO - 2025-10-31 00:32:27 --> Session: Class initialized using 'CodeIgniter\Session\Handlers\FileHandler' driver.
INFO - 2025-10-31 00:38:55 --> Session: Class initialized using 'CodeIgniter\Session\Handlers\FileHandler' driver.


=======================================================================================================================


INFO - 2025-10-31 00:42:24 --> Session: Class initialized using 'CodeIgniter\Session\Handlers\FileHandler' driver.
INFO - 2025-10-31 00:42:29 --> Session: Class initialized using 'CodeIgniter\Session\Handlers\FileHandler' driver.
INFO - 2025-10-31 00:42:35 --> Session: Class initialized using 'CodeIgniter\Session\Handlers\FileHandler' driver.
DEBUG - 2025-10-31 00:42:35 --> obtenerSeccionesDelMismoGrado - idCursoActual: "6"
DEBUG - 2025-10-31 00:42:35 --> obtenerSeccionesDelMismoGrado - idEscuela: "2"
DEBUG - 2025-10-31 00:42:35 --> Curso actual obtenido: {"id_grado":"12","nombre_curso_actual":"3ro Secundaria B"}
DEBUG - 2025-10-31 00:42:35 --> Secciones encontradas: [{"id":"5","nombre_curso":"3ro Secundaria A"},{"id":"6","nombre_curso":"3ro Secundaria B"},{"id":"7","nombre_curso":"3ro Secundaria C"}]
INFO - 2025-10-31 00:42:39 --> Session: Class initialized using 'CodeIgniter\Session\Handlers\FileHandler' driver.
DEBUG - 2025-10-31 00:42:39 --> Raw POST inscripciones: [{"id_inscripcion":6,"curso":"5","estado":"Normal","condicion_final":"Normal"}]
DEBUG - 2025-10-31 00:42:39 --> Actualizar inscripciones decodificadas: Array
(
    [0] => Array
        (
            [id_inscripcion] => 6
            [curso] => 5
            [estado] => Normal
            [condicion_final] => Normal
        )

)

DEBUG - 2025-10-31 00:42:39 --> Procesando inscripción: Array
(
    [id_inscripcion] => 6
    [curso] => 5
    [estado] => Normal
    [condicion_final] => Normal
)

DEBUG - 2025-10-31 00:42:39 --> Registro actual de inscripción: Array
(
    [id] => 6
    [id_grado] => 12
    [id_curso] => 6
    [id_estudiante] => 2
    [id_schoolYear] => 1
    [id_pago] => 30
    [id_escuela] => 2
    [condicion_inicial] => Inscrito
    [estado] => Normal
    [condicion_final] => 
    [fecha_alta] => 2025-10-30 23:26:01
    [fecha_edit] => 2025-10-30 23:26:01
    [activo] => 1
)

DEBUG - 2025-10-31 00:42:39 --> Datos a actualizar ID 6: Array
(
    [id_curso] => 5
    [estado] => Normal
    [condicion_final] => Normal
)

DEBUG - 2025-10-31 00:42:39 --> Inscripción actualizada ID 6
INFO - 2025-10-31 00:42:40 --> Session: Class initialized using 'CodeIgniter\Session\Handlers\FileHandler' driver.
INFO - 2025-10-31 00:42:53 --> Session: Class initialized using 'CodeIgniter\Session\Handlers\FileHandler' driver.
INFO - 2025-10-31 00:42:57 --> Session: Class initialized using 'CodeIgniter\Session\Handlers\FileHandler' driver.
DEBUG - 2025-10-31 00:42:57 --> obtenerSeccionesDelMismoGrado - idCursoActual: "5"
DEBUG - 2025-10-31 00:42:57 --> obtenerSeccionesDelMismoGrado - idEscuela: "2"
DEBUG - 2025-10-31 00:42:57 --> Curso actual obtenido: {"id_grado":"12","nombre_curso_actual":"3ro Secundaria A"}
DEBUG - 2025-10-31 00:42:57 --> Secciones encontradas: [{"id":"5","nombre_curso":"3ro Secundaria A"},{"id":"6","nombre_curso":"3ro Secundaria B"},{"id":"7","nombre_curso":"3ro Secundaria C"}]
INFO - 2025-10-31 00:43:03 --> Session: Class initialized using 'CodeIgniter\Session\Handlers\FileHandler' driver.
DEBUG - 2025-10-31 00:43:03 --> Raw POST inscripciones: [{"id_inscripcion":6,"curso":"7","estado":"Normal","condicion_final":"Normal"}]
DEBUG - 2025-10-31 00:43:03 --> Actualizar inscripciones decodificadas: Array
(
    [0] => Array
        (
            [id_inscripcion] => 6
            [curso] => 7
            [estado] => Normal
            [condicion_final] => Normal
        )

)

DEBUG - 2025-10-31 00:43:03 --> Procesando inscripción: Array
(
    [id_inscripcion] => 6
    [curso] => 7
    [estado] => Normal
    [condicion_final] => Normal
)

DEBUG - 2025-10-31 00:43:03 --> Registro actual de inscripción: Array
(
    [id] => 6
    [id_grado] => 12
    [id_curso] => 5
    [id_estudiante] => 2
    [id_schoolYear] => 1
    [id_pago] => 30
    [id_escuela] => 2
    [condicion_inicial] => Inscrito
    [estado] => Normal
    [condicion_final] => 
    [fecha_alta] => 2025-10-30 23:26:01
    [fecha_edit] => 2025-10-31 00:42:39
    [activo] => 1
)

DEBUG - 2025-10-31 00:43:03 --> Datos a actualizar ID 6: Array
(
    [id_curso] => 7
    [estado] => Normal
    [condicion_final] => Normal
)

DEBUG - 2025-10-31 00:43:03 --> Inscripción actualizada ID 6
INFO - 2025-10-31 00:43:04 --> Session: Class initialized using 'CodeIgniter\Session\Handlers\FileHandler' driver.
INFO - 2025-10-31 00:43:16 --> Session: Class initialized using 'CodeIgniter\Session\Handlers\FileHandler' driver.
INFO - 2025-10-31 00:43:20 --> Session: Class initialized using 'CodeIgniter\Session\Handlers\FileHandler' driver.
INFO - 2025-10-31 00:43:26 --> Session: Class initialized using 'CodeIgniter\Session\Handlers\FileHandler' driver.
INFO - 2025-10-31 00:43:29 --> Session: Class initialized using 'CodeIgniter\Session\Handlers\FileHandler' driver.
DEBUG - 2025-10-31 00:43:29 --> obtenerSeccionesDelMismoGrado - idCursoActual: "7"
DEBUG - 2025-10-31 00:43:29 --> obtenerSeccionesDelMismoGrado - idEscuela: "2"
DEBUG - 2025-10-31 00:43:29 --> Curso actual obtenido: {"id_grado":"12","nombre_curso_actual":"3ro Secundaria C"}
DEBUG - 2025-10-31 00:43:29 --> Secciones encontradas: [{"id":"5","nombre_curso":"3ro Secundaria A"},{"id":"6","nombre_curso":"3ro Secundaria B"},{"id":"7","nombre_curso":"3ro Secundaria C"}]
INFO - 2025-10-31 00:43:43 --> Session: Class initialized using 'CodeIgniter\Session\Handlers\FileHandler' driver.
DEBUG - 2025-10-31 00:43:43 --> Raw POST inscripciones: [{"id_inscripcion":6,"curso":"5","estado":"Normal","condicion_final":"Normal"}]
DEBUG - 2025-10-31 00:43:43 --> Actualizar inscripciones decodificadas: Array
(
    [0] => Array
        (
            [id_inscripcion] => 6
            [curso] => 5
            [estado] => Normal
            [condicion_final] => Normal
        )

)

DEBUG - 2025-10-31 00:43:43 --> Procesando inscripción: Array
(
    [id_inscripcion] => 6
    [curso] => 5
    [estado] => Normal
    [condicion_final] => Normal
)

DEBUG - 2025-10-31 00:43:43 --> Registro actual de inscripción: Array
(
    [id] => 6
    [id_grado] => 12
    [id_curso] => 7
    [id_estudiante] => 2
    [id_schoolYear] => 1
    [id_pago] => 30
    [id_escuela] => 2
    [condicion_inicial] => Inscrito
    [estado] => Normal
    [condicion_final] => 
    [fecha_alta] => 2025-10-30 23:26:01
    [fecha_edit] => 2025-10-31 00:43:03
    [activo] => 1
)

DEBUG - 2025-10-31 00:43:43 --> Datos a actualizar ID 6: Array
(
    [id_curso] => 5
    [estado] => Normal
    [condicion_final] => Normal
)

DEBUG - 2025-10-31 00:43:43 --> Inscripción actualizada ID 6
INFO - 2025-10-31 00:43:44 --> Session: Class initialized using 'CodeIgniter\Session\Handlers\FileHandler' driver.
INFO - 2025-10-31 00:43:52 --> Session: Class initialized using 'CodeIgniter\Session\Handlers\FileHandler' driver.
INFO - 2025-10-31 00:43:56 --> Session: Class initialized using 'CodeIgniter\Session\Handlers\FileHandler' driver.
DEBUG - 2025-10-31 00:43:56 --> obtenerSeccionesDelMismoGrado - idCursoActual: "5"
DEBUG - 2025-10-31 00:43:56 --> obtenerSeccionesDelMismoGrado - idEscuela: "2"
DEBUG - 2025-10-31 00:43:56 --> Curso actual obtenido: {"id_grado":"12","nombre_curso_actual":"3ro Secundaria A"}
DEBUG - 2025-10-31 00:43:56 --> Secciones encontradas: [{"id":"5","nombre_curso":"3ro Secundaria A"},{"id":"6","nombre_curso":"3ro Secundaria B"},{"id":"7","nombre_curso":"3ro Secundaria C"}]
INFO - 2025-10-31 00:44:08 --> Session: Class initialized using 'CodeIgniter\Session\Handlers\FileHandler' driver.
DEBUG - 2025-10-31 00:44:08 --> Raw POST inscripciones: [{"id_inscripcion":6,"curso":"5","estado":"Prematricula","condicion_final":"Normal"}]
DEBUG - 2025-10-31 00:44:08 --> Actualizar inscripciones decodificadas: Array
(
    [0] => Array
        (
            [id_inscripcion] => 6
            [curso] => 5
            [estado] => Prematricula
            [condicion_final] => Normal
        )

)

DEBUG - 2025-10-31 00:44:08 --> Procesando inscripción: Array
(
    [id_inscripcion] => 6
    [curso] => 5
    [estado] => Prematricula
    [condicion_final] => Normal
)

DEBUG - 2025-10-31 00:44:08 --> Registro actual de inscripción: Array
(
    [id] => 6
    [id_grado] => 12
    [id_curso] => 5
    [id_estudiante] => 2
    [id_schoolYear] => 1
    [id_pago] => 30
    [id_escuela] => 2
    [condicion_inicial] => Inscrito
    [estado] => Normal
    [condicion_final] => 
    [fecha_alta] => 2025-10-30 23:26:01
    [fecha_edit] => 2025-10-31 00:43:43
    [activo] => 1
)

DEBUG - 2025-10-31 00:44:08 --> Datos a actualizar ID 6: Array
(
    [id_curso] => 5
    [estado] => Prematricula
    [condicion_final] => Normal
)

DEBUG - 2025-10-31 00:44:08 --> Inscripción actualizada ID 6
INFO - 2025-10-31 00:44:09 --> Session: Class initialized using 'CodeIgniter\Session\Handlers\FileHandler' driver.
INFO - 2025-10-31 00:44:16 --> Session: Class initialized using 'CodeIgniter\Session\Handlers\FileHandler' driver.
INFO - 2025-10-31 00:44:19 --> Session: Class initialized using 'CodeIgniter\Session\Handlers\FileHandler' driver.
INFO - 2025-10-31 00:44:23 --> Session: Class initialized using 'CodeIgniter\Session\Handlers\FileHandler' driver.
INFO - 2025-10-31 00:44:49 --> Session: Class initialized using 'CodeIgniter\Session\Handlers\FileHandler' driver.
INFO - 2025-10-31 00:45:01 --> Session: Class initialized using 'CodeIgniter\Session\Handlers\FileHandler' driver.
INFO - 2025-10-31 00:48:20 --> Session: Class initialized using 'CodeIgniter\Session\Handlers\FileHandler' driver.
INFO - 2025-10-31 00:48:24 --> Session: Class initialized using 'CodeIgniter\Session\Handlers\FileHandler' driver.
INFO - 2025-10-31 00:48:27 --> Session: Class initialized using 'CodeIgniter\Session\Handlers\FileHandler' driver.
INFO - 2025-10-31 00:48:48 --> Session: Class initialized using 'CodeIgniter\Session\Handlers\FileHandler' driver.
DEBUG - 2025-10-31 00:48:48 --> obtenerSeccionesDelMismoGrado - idCursoActual: "5"
DEBUG - 2025-10-31 00:48:48 --> obtenerSeccionesDelMismoGrado - idEscuela: "2"
DEBUG - 2025-10-31 00:48:48 --> Curso actual obtenido: {"id_grado":"12","nombre_curso_actual":"3ro Secundaria A"}
DEBUG - 2025-10-31 00:48:48 --> Secciones encontradas: [{"id":"5","nombre_curso":"3ro Secundaria A"},{"id":"6","nombre_curso":"3ro Secundaria B"},{"id":"7","nombre_curso":"3ro Secundaria C"}]
INFO - 2025-10-31 00:48:51 --> Session: Class initialized using 'CodeIgniter\Session\Handlers\FileHandler' driver.
DEBUG - 2025-10-31 00:48:52 --> Raw POST inscripciones: [{"id_inscripcion":6,"curso":"5","estado":"Prematricula","condicion_final":"Retirado"}]
DEBUG - 2025-10-31 00:48:52 --> Actualizar inscripciones decodificadas: Array
(
    [0] => Array
        (
            [id_inscripcion] => 6
            [curso] => 5
            [estado] => Prematricula
            [condicion_final] => Retirado
        )

)

DEBUG - 2025-10-31 00:48:52 --> Procesando inscripción: Array
(
    [id_inscripcion] => 6
    [curso] => 5
    [estado] => Prematricula
    [condicion_final] => Retirado
)

DEBUG - 2025-10-31 00:48:52 --> Registro actual de inscripción: Array
(
    [id] => 6
    [id_grado] => 12
    [id_curso] => 5
    [id_estudiante] => 2
    [id_schoolYear] => 1
    [id_pago] => 30
    [id_escuela] => 2
    [condicion_inicial] => Inscrito
    [estado] => Prematricula
    [condicion_final] => 
    [fecha_alta] => 2025-10-30 23:26:01
    [fecha_edit] => 2025-10-31 00:44:08
    [activo] => 1
)

DEBUG - 2025-10-31 00:48:52 --> Estudiante retirado, desactivando: 2
DEBUG - 2025-10-31 00:48:52 --> Datos a actualizar ID 6: Array
(
    [id_curso] => 5
    [estado] => Prematricula
    [condicion_final] => Retirado
    [activo] => 0
)

DEBUG - 2025-10-31 00:48:52 --> Inscripción actualizada ID 6
INFO - 2025-10-31 00:48:55 --> Session: Class initialized using 'CodeIgniter\Session\Handlers\FileHandler' driver.
INFO - 2025-10-31 00:49:19 --> Session: Class initialized using 'CodeIgniter\Session\Handlers\FileHandler' driver.
INFO - 2025-10-31 00:54:30 --> Session: Class initialized using 'CodeIgniter\Session\Handlers\FileHandler' driver.
INFO - 2025-10-31 00:54:34 --> Session: Class initialized using 'CodeIgniter\Session\Handlers\FileHandler' driver.
INFO - 2025-10-31 00:54:38 --> Session: Class initialized using 'CodeIgniter\Session\Handlers\FileHandler' driver.
INFO - 2025-10-31 00:54:46 --> Session: Class initialized using 'CodeIgniter\Session\Handlers\FileHandler' driver.
DEBUG - 2025-10-31 00:54:46 --> obtenerSeccionesDelMismoGrado - idCursoActual: "5"
DEBUG - 2025-10-31 00:54:46 --> obtenerSeccionesDelMismoGrado - idEscuela: "2"
DEBUG - 2025-10-31 00:54:46 --> Curso actual obtenido: {"id_grado":"12","nombre_curso_actual":"3ro Secundaria A"}
DEBUG - 2025-10-31 00:54:46 --> Secciones encontradas: [{"id":"5","nombre_curso":"3ro Secundaria A"},{"id":"6","nombre_curso":"3ro Secundaria B"},{"id":"7","nombre_curso":"3ro Secundaria C"}]
INFO - 2025-10-31 00:54:59 --> Session: Class initialized using 'CodeIgniter\Session\Handlers\FileHandler' driver.
DEBUG - 2025-10-31 00:54:59 --> Raw POST inscripciones: [{"id_inscripcion":6,"curso":"5","estado":"Normal","condicion_final":"No definido"}]
DEBUG - 2025-10-31 00:54:59 --> Actualizar inscripciones decodificadas: Array
(
    [0] => Array
        (
            [id_inscripcion] => 6
            [curso] => 5
            [estado] => Normal
            [condicion_final] => No definido
        )

)

DEBUG - 2025-10-31 00:54:59 --> Procesando inscripción: Array
(
    [id_inscripcion] => 6
    [curso] => 5
    [estado] => Normal
    [condicion_final] => No definido
)

DEBUG - 2025-10-31 00:54:59 --> Registro actual de inscripción: Array
(
    [id] => 6
    [id_grado] => 12
    [id_curso] => 5
    [id_estudiante] => 2
    [id_schoolYear] => 1
    [id_pago] => 30
    [id_escuela] => 2
    [condicion_inicial] => Inscrito
    [estado] => Prematricula
    [condicion_final] => No definido
    [fecha_alta] => 2025-10-30 23:26:01
    [fecha_edit] => 2025-10-31 00:48:52
    [activo] => 1
)

DEBUG - 2025-10-31 00:54:59 --> Datos a actualizar ID 6: Array
(
    [id_curso] => 5
    [estado] => Normal
    [condicion_final] => No definido
)

DEBUG - 2025-10-31 00:54:59 --> Inscripción actualizada ID 6
INFO - 2025-10-31 00:55:01 --> Session: Class initialized using 'CodeIgniter\Session\Handlers\FileHandler' driver.
INFO - 2025-10-31 00:59:34 --> Session: Class initialized using 'CodeIgniter\Session\Handlers\FileHandler' driver.
INFO - 2025-10-31 00:59:40 --> Session: Class initialized using 'CodeIgniter\Session\Handlers\FileHandler' driver.
INFO - 2025-10-31 00:59:44 --> Session: Class initialized using 'CodeIgniter\Session\Handlers\FileHandler' driver.
INFO - 2025-10-31 00:59:49 --> Session: Class initialized using 'CodeIgniter\Session\Handlers\FileHandler' driver.
DEBUG - 2025-10-31 00:59:49 --> obtenerSeccionesDelMismoGrado - idCursoActual: "5"
DEBUG - 2025-10-31 00:59:49 --> obtenerSeccionesDelMismoGrado - idEscuela: "2"
DEBUG - 2025-10-31 00:59:49 --> Curso actual obtenido: {"id_grado":"12","nombre_curso_actual":"3ro Secundaria A"}
DEBUG - 2025-10-31 00:59:49 --> Secciones encontradas: [{"id":"5","nombre_curso":"3ro Secundaria A"},{"id":"6","nombre_curso":"3ro Secundaria B"},{"id":"7","nombre_curso":"3ro Secundaria C"}]
INFO - 2025-10-31 00:59:53 --> Session: Class initialized using 'CodeIgniter\Session\Handlers\FileHandler' driver.
DEBUG - 2025-10-31 00:59:53 --> Raw POST inscripciones: [{"id_inscripcion":6,"curso":"5","estado":"Prematricula","condicion_final":"No definido"}]
DEBUG - 2025-10-31 00:59:53 --> Actualizar inscripciones decodificadas: Array
(
    [0] => Array
        (
            [id_inscripcion] => 6
            [curso] => 5
            [estado] => Prematricula
            [condicion_final] => No definido
        )

)

DEBUG - 2025-10-31 00:59:53 --> Procesando inscripción: Array
(
    [id_inscripcion] => 6
    [curso] => 5
    [estado] => Prematricula
    [condicion_final] => No definido
)

DEBUG - 2025-10-31 00:59:53 --> Registro actual de inscripción: Array
(
    [id] => 6
    [id_grado] => 12
    [id_curso] => 5
    [id_estudiante] => 2
    [id_schoolYear] => 1
    [id_pago] => 30
    [id_escuela] => 2
    [condicion_inicial] => Inscrito
    [estado] => Normal
    [condicion_final] => No definido
    [fecha_alta] => 2025-10-30 23:26:01
    [fecha_edit] => 2025-10-31 00:54:59
    [activo] => 1
)

DEBUG - 2025-10-31 00:59:53 --> Datos a actualizar ID 6: Array
(
    [id_curso] => 5
    [estado] => Prematricula
    [condicion_final] => No definido
)

DEBUG - 2025-10-31 00:59:53 --> Inscripción actualizada ID 6
INFO - 2025-10-31 00:59:53 --> Session: Class initialized using 'CodeIgniter\Session\Handlers\FileHandler' driver.
INFO - 2025-10-31 01:00:01 --> Session: Class initialized using 'CodeIgniter\Session\Handlers\FileHandler' driver.
DEBUG - 2025-10-31 01:00:01 --> obtenerSeccionesDelMismoGrado - idCursoActual: "5"
DEBUG - 2025-10-31 01:00:01 --> obtenerSeccionesDelMismoGrado - idEscuela: "2"
DEBUG - 2025-10-31 01:00:01 --> Curso actual obtenido: {"id_grado":"12","nombre_curso_actual":"3ro Secundaria A"}
DEBUG - 2025-10-31 01:00:01 --> Secciones encontradas: [{"id":"5","nombre_curso":"3ro Secundaria A"},{"id":"6","nombre_curso":"3ro Secundaria B"},{"id":"7","nombre_curso":"3ro Secundaria C"}]
INFO - 2025-10-31 01:00:05 --> Session: Class initialized using 'CodeIgniter\Session\Handlers\FileHandler' driver.
DEBUG - 2025-10-31 01:00:05 --> Raw POST inscripciones: [{"id_inscripcion":6,"curso":"5","estado":"Normal","condicion_final":"No definido"}]
DEBUG - 2025-10-31 01:00:05 --> Actualizar inscripciones decodificadas: Array
(
    [0] => Array
        (
            [id_inscripcion] => 6
            [curso] => 5
            [estado] => Normal
            [condicion_final] => No definido
        )

)

DEBUG - 2025-10-31 01:00:05 --> Procesando inscripción: Array
(
    [id_inscripcion] => 6
    [curso] => 5
    [estado] => Normal
    [condicion_final] => No definido
)

DEBUG - 2025-10-31 01:00:05 --> Registro actual de inscripción: Array
(
    [id] => 6
    [id_grado] => 12
    [id_curso] => 5
    [id_estudiante] => 2
    [id_schoolYear] => 1
    [id_pago] => 30
    [id_escuela] => 2
    [condicion_inicial] => Inscrito
    [estado] => Prematricula
    [condicion_final] => No definido
    [fecha_alta] => 2025-10-30 23:26:01
    [fecha_edit] => 2025-10-31 00:59:53
    [activo] => 1
)

DEBUG - 2025-10-31 01:00:05 --> Datos a actualizar ID 6: Array
(
    [id_curso] => 5
    [estado] => Normal
    [condicion_final] => No definido
)

DEBUG - 2025-10-31 01:00:05 --> Inscripción actualizada ID 6
INFO - 2025-10-31 01:00:06 --> Session: Class initialized using 'CodeIgniter\Session\Handlers\FileHandler' driver.
INFO - 2025-10-31 01:03:17 --> Session: Class initialized using 'CodeIgniter\Session\Handlers\FileHandler' driver.
INFO - 2025-10-31 01:03:25 --> Session: Class initialized using 'CodeIgniter\Session\Handlers\FileHandler' driver.
INFO - 2025-10-31 01:03:34 --> Session: Class initialized using 'CodeIgniter\Session\Handlers\FileHandler' driver.
INFO - 2025-10-31 01:03:43 --> Session: Class initialized using 'CodeIgniter\Session\Handlers\FileHandler' driver.
DEBUG - 2025-10-31 01:03:43 --> obtenerSeccionesDelMismoGrado - idCursoActual: "10"
DEBUG - 2025-10-31 01:03:43 --> obtenerSeccionesDelMismoGrado - idEscuela: "2"
DEBUG - 2025-10-31 01:03:43 --> Curso actual obtenido: {"id_grado":"13","nombre_curso_actual":"4to Secundaria A - Comercio y Mercadeo"}
DEBUG - 2025-10-31 01:03:43 --> Secciones encontradas: [{"id":"10","nombre_curso":"4to Secundaria A - Comercio y Mercadeo"},{"id":"8","nombre_curso":"4to Secundaria A - Desarrollo y Administraci\u00f3n de Aplicaciones Inform\u00e1ticas"}]
INFO - 2025-10-31 01:08:18 --> Session: Class initialized using 'CodeIgniter\Session\Handlers\FileHandler' driver.
INFO - 2025-10-31 01:08:21 --> Session: Class initialized using 'CodeIgniter\Session\Handlers\FileHandler' driver.
INFO - 2025-10-31 01:08:24 --> Session: Class initialized using 'CodeIgniter\Session\Handlers\FileHandler' driver.
INFO - 2025-10-31 01:13:02 --> Session: Class initialized using 'CodeIgniter\Session\Handlers\FileHandler' driver.
INFO - 2025-10-31 01:13:08 --> Session: Class initialized using 'CodeIgniter\Session\Handlers\FileHandler' driver.
INFO - 2025-10-31 01:13:12 --> Session: Class initialized using 'CodeIgniter\Session\Handlers\FileHandler' driver.
INFO - 2025-10-31 01:26:26 --> Session: Class initialized using 'CodeIgniter\Session\Handlers\FileHandler' driver.
INFO - 2025-10-31 01:26:34 --> Session: Class initialized using 'CodeIgniter\Session\Handlers\FileHandler' driver.
INFO - 2025-10-31 01:26:38 --> Session: Class initialized using 'CodeIgniter\Session\Handlers\FileHandler' driver.
INFO - 2025-10-31 01:27:12 --> Session: Class initialized using 'CodeIgniter\Session\Handlers\FileHandler' driver.
INFO - 2025-10-31 01:28:00 --> Session: Class initialized using 'CodeIgniter\Session\Handlers\FileHandler' driver.
INFO - 2025-10-31 01:31:06 --> Session: Class initialized using 'CodeIgniter\Session\Handlers\FileHandler' driver.
INFO - 2025-10-31 01:31:39 --> Session: Class initialized using 'CodeIgniter\Session\Handlers\FileHandler' driver.
INFO - 2025-10-31 01:31:43 --> Session: Class initialized using 'CodeIgniter\Session\Handlers\FileHandler' driver.
INFO - 2025-10-31 01:31:47 --> Session: Class initialized using 'CodeIgniter\Session\Handlers\FileHandler' driver.
INFO - 2025-10-31 01:31:51 --> Session: Class initialized using 'CodeIgniter\Session\Handlers\FileHandler' driver.
INFO - 2025-10-31 01:31:55 --> Session: Class initialized using 'CodeIgniter\Session\Handlers\FileHandler' driver.
DEBUG - 2025-10-31 01:31:55 --> obtenerSeccionesDelMismoGrado - idCursoActual: "10"
DEBUG - 2025-10-31 01:31:55 --> obtenerSeccionesDelMismoGrado - idEscuela: "2"
DEBUG - 2025-10-31 01:31:55 --> Curso actual obtenido: {"id_grado":"13","nombre_curso_actual":"4to Secundaria A - Comercio y Mercadeo"}
DEBUG - 2025-10-31 01:31:55 --> Secciones encontradas: [{"id":"10","nombre_curso":"4to Secundaria A - Comercio y Mercadeo"},{"id":"8","nombre_curso":"4to Secundaria A - Desarrollo y Administraci\u00f3n de Aplicaciones Inform\u00e1ticas"}]
INFO - 2025-10-31 01:35:09 --> Session: Class initialized using 'CodeIgniter\Session\Handlers\FileHandler' driver.
INFO - 2025-10-31 01:35:13 --> Session: Class initialized using 'CodeIgniter\Session\Handlers\FileHandler' driver.
INFO - 2025-10-31 01:35:16 --> Session: Class initialized using 'CodeIgniter\Session\Handlers\FileHandler' driver.
INFO - 2025-10-31 01:35:20 --> Session: Class initialized using 'CodeIgniter\Session\Handlers\FileHandler' driver.
INFO - 2025-10-31 01:35:22 --> Session: Class initialized using 'CodeIgniter\Session\Handlers\FileHandler' driver.
DEBUG - 2025-10-31 01:35:22 --> obtenerSeccionesDelMismoGrado - idCursoActual: "10"
DEBUG - 2025-10-31 01:35:22 --> obtenerSeccionesDelMismoGrado - idEscuela: "2"
DEBUG - 2025-10-31 01:35:22 --> Curso actual obtenido: {"id_grado":"13","nombre_curso_actual":"4to Secundaria A - Comercio y Mercadeo"}
DEBUG - 2025-10-31 01:35:22 --> Secciones encontradas: [{"id":"10","nombre_curso":"4to Secundaria A - Comercio y Mercadeo"},{"id":"8","nombre_curso":"4to Secundaria A - Desarrollo y Administraci\u00f3n de Aplicaciones Inform\u00e1ticas"}]
INFO - 2025-10-31 01:36:51 --> Session: Class initialized using 'CodeIgniter\Session\Handlers\FileHandler' driver.
INFO - 2025-10-31 01:38:49 --> Session: Class initialized using 'CodeIgniter\Session\Handlers\FileHandler' driver.
INFO - 2025-10-31 01:39:10 --> Session: Class initialized using 'CodeIgniter\Session\Handlers\FileHandler' driver.
DEBUG - 2025-10-31 01:39:11 --> Valor recibido para id_nacionalidad: 1
DEBUG - 2025-10-31 01:39:11 --> Valor recibido para id_grado_nivel: 13
INFO - 2025-10-31 01:39:12 --> Session: Class initialized using 'CodeIgniter\Session\Handlers\FileHandler' driver.
INFO - 2025-10-31 01:39:27 --> Session: Class initialized using 'CodeIgniter\Session\Handlers\FileHandler' driver.
INFO - 2025-10-31 01:39:29 --> Session: Class initialized using 'CodeIgniter\Session\Handlers\FileHandler' driver.
INFO - 2025-10-31 01:39:33 --> Session: Class initialized using 'CodeIgniter\Session\Handlers\FileHandler' driver.
INFO - 2025-10-31 01:39:33 --> obtenerEstudiantes -> idResponsable recibido: 7
INFO - 2025-10-31 01:39:33 --> obtenerEstudiantes -> Estudiantes crudos obtenidos: [{"id":"13","nombre":"Valentina","apellido":"Russo","matricula":"2025-EDS-0007","id_grado_nivel":"13","id_escuela":"2","grado_nombre":"Cuarto","nivel_nombre":"Secundaria"},{"id":"14","nombre":"Margarita","apellido":"Russo","matricula":"2025-EDS-0008","id_grado_nivel":"13","id_escuela":"2","grado_nombre":"Cuarto","nivel_nombre":"Secundaria"}]
INFO - 2025-10-31 01:39:33 --> Procesando estudiante: {"id":"13","nombre":"Valentina","apellido":"Russo","matricula":"2025-EDS-0007","id_grado_nivel":"13","id_escuela":"2","grado_nombre":"Cuarto","nivel_nombre":"Secundaria"}
INFO - 2025-10-31 01:39:33 --> Servicios+salidas crudos (escuela 2): [{"id_servicio":"3","servicio_nombre":"Secundario","servicio_activo":"1","salida_id":null,"salida_nombre":null},{"id_servicio":"4","servicio_nombre":"T\u00e9cnico Profesional","servicio_activo":"1","salida_id":"1","salida_nombre":"Comercio y Mercadeo"},{"id_servicio":"4","servicio_nombre":"T\u00e9cnico Profesional","servicio_activo":"1","salida_id":"2","salida_nombre":"Desarrollo y Administraci\u00f3n de Aplicaciones Inform\u00e1ticas"}]
INFO - 2025-10-31 01:39:33 --> Estudiante 13 -> servicios mapeados: [{"id_servicio":3,"nombre":"Secundario","salida_id":null,"salida_nombre":null,"es_tecnico":0},{"id_servicio":4,"nombre":"T\u00e9cnico Profesional - Comercio y Mercadeo","salida_id":1,"salida_nombre":"Comercio y Mercadeo","es_tecnico":1},{"id_servicio":4,"nombre":"T\u00e9cnico Profesional - Desarrollo y Administraci\u00f3n de Aplicaciones Inform\u00e1ticas","salida_id":2,"salida_nombre":"Desarrollo y Administraci\u00f3n de Aplicaciones Inform\u00e1ticas","es_tecnico":1}]
INFO - 2025-10-31 01:39:33 --> Procesando estudiante: {"id":"14","nombre":"Margarita","apellido":"Russo","matricula":"2025-EDS-0008","id_grado_nivel":"13","id_escuela":"2","grado_nombre":"Cuarto","nivel_nombre":"Secundaria"}
INFO - 2025-10-31 01:39:33 --> Servicios+salidas crudos (escuela 2): [{"id_servicio":"3","servicio_nombre":"Secundario","servicio_activo":"1","salida_id":null,"salida_nombre":null},{"id_servicio":"4","servicio_nombre":"T\u00e9cnico Profesional","servicio_activo":"1","salida_id":"1","salida_nombre":"Comercio y Mercadeo"},{"id_servicio":"4","servicio_nombre":"T\u00e9cnico Profesional","servicio_activo":"1","salida_id":"2","salida_nombre":"Desarrollo y Administraci\u00f3n de Aplicaciones Inform\u00e1ticas"}]
INFO - 2025-10-31 01:39:33 --> Estudiante 14 -> servicios mapeados: [{"id_servicio":3,"nombre":"Secundario","salida_id":null,"salida_nombre":null,"es_tecnico":0},{"id_servicio":4,"nombre":"T\u00e9cnico Profesional - Comercio y Mercadeo","salida_id":1,"salida_nombre":"Comercio y Mercadeo","es_tecnico":1},{"id_servicio":4,"nombre":"T\u00e9cnico Profesional - Desarrollo y Administraci\u00f3n de Aplicaciones Inform\u00e1ticas","salida_id":2,"salida_nombre":"Desarrollo y Administraci\u00f3n de Aplicaciones Inform\u00e1ticas","es_tecnico":1}]
INFO - 2025-10-31 01:39:33 --> obtenerEstudiantes -> Estudiantes procesados: [{"id":"13","nombre":"Valentina","apellido":"Russo","matricula":"2025-EDS-0007","id_grado_nivel":"13","id_escuela":"2","grado_nombre":"Cuarto","nivel_nombre":"Secundaria","grado_nivel":"Cuarto - Secundaria","inscrito":true,"servicios":[{"id_servicio":3,"nombre":"Secundario","salida_id":null,"salida_nombre":null,"es_tecnico":0},{"id_servicio":4,"nombre":"T\u00e9cnico Profesional - Comercio y Mercadeo","salida_id":1,"salida_nombre":"Comercio y Mercadeo","es_tecnico":1},{"id_servicio":4,"nombre":"T\u00e9cnico Profesional - Desarrollo y Administraci\u00f3n de Aplicaciones Inform\u00e1ticas","salida_id":2,"salida_nombre":"Desarrollo y Administraci\u00f3n de Aplicaciones Inform\u00e1ticas","es_tecnico":1}]},{"id":"14","nombre":"Margarita","apellido":"Russo","matricula":"2025-EDS-0008","id_grado_nivel":"13","id_escuela":"2","grado_nombre":"Cuarto","nivel_nombre":"Secundaria","grado_nivel":"Cuarto - Secundaria","inscrito":false,"servicios":[{"id_servicio":3,"nombre":"Secundario","salida_id":null,"salida_nombre":null,"es_tecnico":0},{"id_servicio":4,"nombre":"T\u00e9cnico Profesional - Comercio y Mercadeo","salida_id":1,"salida_nombre":"Comercio y Mercadeo","es_tecnico":1},{"id_servicio":4,"nombre":"T\u00e9cnico Profesional - Desarrollo y Administraci\u00f3n de Aplicaciones Inform\u00e1ticas","salida_id":2,"salida_nombre":"Desarrollo y Administraci\u00f3n de Aplicaciones Inform\u00e1ticas","es_tecnico":1}]}]
INFO - 2025-10-31 01:39:39 --> Session: Class initialized using 'CodeIgniter\Session\Handlers\FileHandler' driver.
INFO - 2025-10-31 01:39:39 --> [INSCRIP] (FORZADO SQL) binds=[1,1,13,4,2,2]
INFO - 2025-10-31 01:39:39 --> [INSCRIP] (FORZADO SQL) 

        SELECT
            c.id,
            cb.nombre_curso AS nombre_curso,
            c.capacidad,
            SUM(CASE WHEN i.id IS NOT NULL
                     AND i.id_schoolYear = ?
                     AND i.estado <> 'ANULADA'
                     THEN 1 ELSE 0 END) AS ocupados
        FROM cursos c
        JOIN cursos_base cb ON cb.id = c.id_cursos_base
        LEFT JOIN inscripciones i ON i.id_curso = c.id
        WHERE c.activo = 1
          AND c.id_schoolyear = ?
          AND cb.id_grado = ?
          AND cb.id_servicio = ?
           AND cb.id_escuela = ? 
           AND cb.id_salida_tecnica = ? 
        GROUP BY c.id, cb.nombre_curso, c.capacidad
        ORDER BY cb.nombre_curso ASC
    
INFO - 2025-10-31 01:39:39 --> [INSCRIP] (FORZADO SQL) rows=[{"id":"8","nombre_curso":"4to Secundaria A - Desarrollo y Administraci\u00f3n de Aplicaciones Inform\u00e1ticas","capacidad":30,"ocupados":0,"disponibilidad":"0\/30","disponibilidad_num":30}]
INFO - 2025-10-31 01:39:47 --> Session: Class initialized using 'CodeIgniter\Session\Handlers\FileHandler' driver.
DEBUG - 2025-10-31 01:39:47 --> === INICIO registrar_inscripcion ===
ERROR - 2025-10-31 01:39:47 --> mysqli_sql_exception: Cannot add or update a child row: a foreign key constraint fails (`censa_prueba`.`inscripciones`, CONSTRAINT `inscripciones_ibfk_1` FOREIGN KEY (`id_curso`) REFERENCES `cursos` (`id`) ON DELETE RESTRICT ON UPDATE RESTRICT) in C:\xampp\htdocs\censa-prueba\system\Database\MySQLi\Connection.php:312
Stack trace:
#0 C:\xampp\htdocs\censa-prueba\system\Database\MySQLi\Connection.php(312): mysqli->query('INSERT INTO `in...', 0)
#1 C:\xampp\htdocs\censa-prueba\system\Database\BaseConnection.php(734): CodeIgniter\Database\MySQLi\Connection->execute('INSERT INTO `in...')
#2 C:\xampp\htdocs\censa-prueba\system\Database\BaseConnection.php(648): CodeIgniter\Database\BaseConnection->simpleQuery('INSERT INTO `in...')
#3 C:\xampp\htdocs\censa-prueba\system\Database\BaseBuilder.php(2340): CodeIgniter\Database\BaseConnection->query('INSERT INTO `in...', Array, false)
#4 C:\xampp\htdocs\censa-prueba\system\Model.php(394): CodeIgniter\Database\BaseBuilder->insert()
#5 C:\xampp\htdocs\censa-prueba\system\BaseModel.php(840): CodeIgniter\Model->doInsert(Array)
#6 C:\xampp\htdocs\censa-prueba\system\Model.php(802): CodeIgniter\BaseModel->insert(Array, false)
#7 C:\xampp\htdocs\censa-prueba\system\BaseModel.php(751): CodeIgniter\Model->insert(Array, false)
#8 C:\xampp\htdocs\censa-prueba\app\Controllers\Pagos.php(494): CodeIgniter\BaseModel->save(Array)
#9 C:\xampp\htdocs\censa-prueba\system\CodeIgniter.php(933): App\Controllers\Pagos->registrar_inscripcion()
#10 C:\xampp\htdocs\censa-prueba\system\CodeIgniter.php(509): CodeIgniter\CodeIgniter->runController(Object(App\Controllers\Pagos))
#11 C:\xampp\htdocs\censa-prueba\system\CodeIgniter.php(355): CodeIgniter\CodeIgniter->handleRequest(NULL, Object(Config\Cache), false)
#12 C:\xampp\htdocs\censa-prueba\system\Boot.php(325): CodeIgniter\CodeIgniter->run()
#13 C:\xampp\htdocs\censa-prueba\system\Boot.php(67): CodeIgniter\Boot::runCodeIgniter(Object(CodeIgniter\CodeIgniter))
#14 C:\xampp\htdocs\censa-prueba\public\index.php(56): CodeIgniter\Boot::bootWeb(Object(Config\Paths))
#15 {main}
ERROR - 2025-10-31 01:39:47 --> ❌ Error guardando inscripción: {"CodeIgniter\\Database\\MySQLi\\Connection":"Cannot add or update a child row: a foreign key constraint fails (`censa_prueba`.`inscripciones`, CONSTRAINT `inscripciones_ibfk_1` FOREIGN KEY (`id_curso`) REFERENCES `cursos` (`id`) ON DELETE RESTRICT ON UPDATE RESTRICT)"}
INFO - 2025-10-31 01:39:48 --> Session: Class initialized using 'CodeIgniter\Session\Handlers\FileHandler' driver.
INFO - 2025-10-31 01:39:58 --> Session: Class initialized using 'CodeIgniter\Session\Handlers\FileHandler' driver.
INFO - 2025-10-31 01:39:58 --> obtenerEstudiantes -> idResponsable recibido: 7
INFO - 2025-10-31 01:39:58 --> obtenerEstudiantes -> Estudiantes crudos obtenidos: [{"id":"13","nombre":"Valentina","apellido":"Russo","matricula":"2025-EDS-0007","id_grado_nivel":"13","id_escuela":"2","grado_nombre":"Cuarto","nivel_nombre":"Secundaria"},{"id":"14","nombre":"Margarita","apellido":"Russo","matricula":"2025-EDS-0008","id_grado_nivel":"13","id_escuela":"2","grado_nombre":"Cuarto","nivel_nombre":"Secundaria"}]
INFO - 2025-10-31 01:39:58 --> Procesando estudiante: {"id":"13","nombre":"Valentina","apellido":"Russo","matricula":"2025-EDS-0007","id_grado_nivel":"13","id_escuela":"2","grado_nombre":"Cuarto","nivel_nombre":"Secundaria"}
INFO - 2025-10-31 01:39:58 --> Servicios+salidas crudos (escuela 2): [{"id_servicio":"3","servicio_nombre":"Secundario","servicio_activo":"1","salida_id":null,"salida_nombre":null},{"id_servicio":"4","servicio_nombre":"T\u00e9cnico Profesional","servicio_activo":"1","salida_id":"1","salida_nombre":"Comercio y Mercadeo"},{"id_servicio":"4","servicio_nombre":"T\u00e9cnico Profesional","servicio_activo":"1","salida_id":"2","salida_nombre":"Desarrollo y Administraci\u00f3n de Aplicaciones Inform\u00e1ticas"}]
INFO - 2025-10-31 01:39:58 --> Estudiante 13 -> servicios mapeados: [{"id_servicio":3,"nombre":"Secundario","salida_id":null,"salida_nombre":null,"es_tecnico":0},{"id_servicio":4,"nombre":"T\u00e9cnico Profesional - Comercio y Mercadeo","salida_id":1,"salida_nombre":"Comercio y Mercadeo","es_tecnico":1},{"id_servicio":4,"nombre":"T\u00e9cnico Profesional - Desarrollo y Administraci\u00f3n de Aplicaciones Inform\u00e1ticas","salida_id":2,"salida_nombre":"Desarrollo y Administraci\u00f3n de Aplicaciones Inform\u00e1ticas","es_tecnico":1}]
INFO - 2025-10-31 01:39:58 --> Procesando estudiante: {"id":"14","nombre":"Margarita","apellido":"Russo","matricula":"2025-EDS-0008","id_grado_nivel":"13","id_escuela":"2","grado_nombre":"Cuarto","nivel_nombre":"Secundaria"}
INFO - 2025-10-31 01:39:58 --> Servicios+salidas crudos (escuela 2): [{"id_servicio":"3","servicio_nombre":"Secundario","servicio_activo":"1","salida_id":null,"salida_nombre":null},{"id_servicio":"4","servicio_nombre":"T\u00e9cnico Profesional","servicio_activo":"1","salida_id":"1","salida_nombre":"Comercio y Mercadeo"},{"id_servicio":"4","servicio_nombre":"T\u00e9cnico Profesional","servicio_activo":"1","salida_id":"2","salida_nombre":"Desarrollo y Administraci\u00f3n de Aplicaciones Inform\u00e1ticas"}]
INFO - 2025-10-31 01:39:58 --> Estudiante 14 -> servicios mapeados: [{"id_servicio":3,"nombre":"Secundario","salida_id":null,"salida_nombre":null,"es_tecnico":0},{"id_servicio":4,"nombre":"T\u00e9cnico Profesional - Comercio y Mercadeo","salida_id":1,"salida_nombre":"Comercio y Mercadeo","es_tecnico":1},{"id_servicio":4,"nombre":"T\u00e9cnico Profesional - Desarrollo y Administraci\u00f3n de Aplicaciones Inform\u00e1ticas","salida_id":2,"salida_nombre":"Desarrollo y Administraci\u00f3n de Aplicaciones Inform\u00e1ticas","es_tecnico":1}]
INFO - 2025-10-31 01:39:58 --> obtenerEstudiantes -> Estudiantes procesados: [{"id":"13","nombre":"Valentina","apellido":"Russo","matricula":"2025-EDS-0007","id_grado_nivel":"13","id_escuela":"2","grado_nombre":"Cuarto","nivel_nombre":"Secundaria","grado_nivel":"Cuarto - Secundaria","inscrito":true,"servicios":[{"id_servicio":3,"nombre":"Secundario","salida_id":null,"salida_nombre":null,"es_tecnico":0},{"id_servicio":4,"nombre":"T\u00e9cnico Profesional - Comercio y Mercadeo","salida_id":1,"salida_nombre":"Comercio y Mercadeo","es_tecnico":1},{"id_servicio":4,"nombre":"T\u00e9cnico Profesional - Desarrollo y Administraci\u00f3n de Aplicaciones Inform\u00e1ticas","salida_id":2,"salida_nombre":"Desarrollo y Administraci\u00f3n de Aplicaciones Inform\u00e1ticas","es_tecnico":1}]},{"id":"14","nombre":"Margarita","apellido":"Russo","matricula":"2025-EDS-0008","id_grado_nivel":"13","id_escuela":"2","grado_nombre":"Cuarto","nivel_nombre":"Secundaria","grado_nivel":"Cuarto - Secundaria","inscrito":false,"servicios":[{"id_servicio":3,"nombre":"Secundario","salida_id":null,"salida_nombre":null,"es_tecnico":0},{"id_servicio":4,"nombre":"T\u00e9cnico Profesional - Comercio y Mercadeo","salida_id":1,"salida_nombre":"Comercio y Mercadeo","es_tecnico":1},{"id_servicio":4,"nombre":"T\u00e9cnico Profesional - Desarrollo y Administraci\u00f3n de Aplicaciones Inform\u00e1ticas","salida_id":2,"salida_nombre":"Desarrollo y Administraci\u00f3n de Aplicaciones Inform\u00e1ticas","es_tecnico":1}]}]
INFO - 2025-10-31 01:40:47 --> Session: Class initialized using 'CodeIgniter\Session\Handlers\FileHandler' driver.
INFO - 2025-10-31 01:40:47 --> [INSCRIP] (FORZADO SQL) binds=[1,1,13,4,2,2]
INFO - 2025-10-31 01:40:47 --> [INSCRIP] (FORZADO SQL) 

        SELECT
            c.id,
            cb.nombre_curso AS nombre_curso,
            c.capacidad,
            SUM(CASE WHEN i.id IS NOT NULL
                     AND i.id_schoolYear = ?
                     AND i.estado <> 'ANULADA'
                     THEN 1 ELSE 0 END) AS ocupados
        FROM cursos c
        JOIN cursos_base cb ON cb.id = c.id_cursos_base
        LEFT JOIN inscripciones i ON i.id_curso = c.id
        WHERE c.activo = 1
          AND c.id_schoolyear = ?
          AND cb.id_grado = ?
          AND cb.id_servicio = ?
           AND cb.id_escuela = ? 
           AND cb.id_salida_tecnica = ? 
        GROUP BY c.id, cb.nombre_curso, c.capacidad
        ORDER BY cb.nombre_curso ASC
    
INFO - 2025-10-31 01:40:47 --> [INSCRIP] (FORZADO SQL) rows=[{"id":"8","nombre_curso":"4to Secundaria A - Desarrollo y Administraci\u00f3n de Aplicaciones Inform\u00e1ticas","capacidad":30,"ocupados":0,"disponibilidad":"0\/30","disponibilidad_num":30}]
INFO - 2025-10-31 01:40:59 --> Session: Class initialized using 'CodeIgniter\Session\Handlers\FileHandler' driver.
DEBUG - 2025-10-31 01:40:59 --> === INICIO registrar_inscripcion ===
ERROR - 2025-10-31 01:40:59 --> mysqli_sql_exception: Cannot add or update a child row: a foreign key constraint fails (`censa_prueba`.`inscripciones`, CONSTRAINT `inscripciones_ibfk_1` FOREIGN KEY (`id_curso`) REFERENCES `cursos` (`id`) ON DELETE RESTRICT ON UPDATE RESTRICT) in C:\xampp\htdocs\censa-prueba\system\Database\MySQLi\Connection.php:312
Stack trace:
#0 C:\xampp\htdocs\censa-prueba\system\Database\MySQLi\Connection.php(312): mysqli->query('INSERT INTO `in...', 0)
#1 C:\xampp\htdocs\censa-prueba\system\Database\BaseConnection.php(734): CodeIgniter\Database\MySQLi\Connection->execute('INSERT INTO `in...')
#2 C:\xampp\htdocs\censa-prueba\system\Database\BaseConnection.php(648): CodeIgniter\Database\BaseConnection->simpleQuery('INSERT INTO `in...')
#3 C:\xampp\htdocs\censa-prueba\system\Database\BaseBuilder.php(2340): CodeIgniter\Database\BaseConnection->query('INSERT INTO `in...', Array, false)
#4 C:\xampp\htdocs\censa-prueba\system\Model.php(394): CodeIgniter\Database\BaseBuilder->insert()
#5 C:\xampp\htdocs\censa-prueba\system\BaseModel.php(840): CodeIgniter\Model->doInsert(Array)
#6 C:\xampp\htdocs\censa-prueba\system\Model.php(802): CodeIgniter\BaseModel->insert(Array, false)
#7 C:\xampp\htdocs\censa-prueba\system\BaseModel.php(751): CodeIgniter\Model->insert(Array, false)
#8 C:\xampp\htdocs\censa-prueba\app\Controllers\Pagos.php(494): CodeIgniter\BaseModel->save(Array)
#9 C:\xampp\htdocs\censa-prueba\system\CodeIgniter.php(933): App\Controllers\Pagos->registrar_inscripcion()
#10 C:\xampp\htdocs\censa-prueba\system\CodeIgniter.php(509): CodeIgniter\CodeIgniter->runController(Object(App\Controllers\Pagos))
#11 C:\xampp\htdocs\censa-prueba\system\CodeIgniter.php(355): CodeIgniter\CodeIgniter->handleRequest(NULL, Object(Config\Cache), false)
#12 C:\xampp\htdocs\censa-prueba\system\Boot.php(325): CodeIgniter\CodeIgniter->run()
#13 C:\xampp\htdocs\censa-prueba\system\Boot.php(67): CodeIgniter\Boot::runCodeIgniter(Object(CodeIgniter\CodeIgniter))
#14 C:\xampp\htdocs\censa-prueba\public\index.php(56): CodeIgniter\Boot::bootWeb(Object(Config\Paths))
#15 {main}
ERROR - 2025-10-31 01:40:59 --> ❌ Error guardando inscripción: {"CodeIgniter\\Database\\MySQLi\\Connection":"Cannot add or update a child row: a foreign key constraint fails (`censa_prueba`.`inscripciones`, CONSTRAINT `inscripciones_ibfk_1` FOREIGN KEY (`id_curso`) REFERENCES `cursos` (`id`) ON DELETE RESTRICT ON UPDATE RESTRICT)"}
INFO - 2025-10-31 01:41:00 --> Session: Class initialized using 'CodeIgniter\Session\Handlers\FileHandler' driver.
INFO - 2025-10-31 01:47:01 --> Session: Class initialized using 'CodeIgniter\Session\Handlers\FileHandler' driver.
INFO - 2025-10-31 01:47:01 --> obtenerEstudiantes -> idResponsable recibido: 7
INFO - 2025-10-31 01:47:01 --> obtenerEstudiantes -> Estudiantes crudos obtenidos: [{"id":"13","nombre":"Valentina","apellido":"Russo","matricula":"2025-EDS-0007","id_grado_nivel":"13","id_escuela":"2","grado_nombre":"Cuarto","nivel_nombre":"Secundaria"},{"id":"14","nombre":"Margarita","apellido":"Russo","matricula":"2025-EDS-0008","id_grado_nivel":"13","id_escuela":"2","grado_nombre":"Cuarto","nivel_nombre":"Secundaria"}]
INFO - 2025-10-31 01:47:01 --> Procesando estudiante: {"id":"13","nombre":"Valentina","apellido":"Russo","matricula":"2025-EDS-0007","id_grado_nivel":"13","id_escuela":"2","grado_nombre":"Cuarto","nivel_nombre":"Secundaria"}
INFO - 2025-10-31 01:47:01 --> Servicios+salidas crudos (escuela 2): [{"id_servicio":"3","servicio_nombre":"Secundario","servicio_activo":"1","salida_id":null,"salida_nombre":null},{"id_servicio":"4","servicio_nombre":"T\u00e9cnico Profesional","servicio_activo":"1","salida_id":"1","salida_nombre":"Comercio y Mercadeo"},{"id_servicio":"4","servicio_nombre":"T\u00e9cnico Profesional","servicio_activo":"1","salida_id":"2","salida_nombre":"Desarrollo y Administraci\u00f3n de Aplicaciones Inform\u00e1ticas"}]
INFO - 2025-10-31 01:47:01 --> Estudiante 13 -> servicios mapeados: [{"id_servicio":3,"nombre":"Secundario","salida_id":null,"salida_nombre":null,"es_tecnico":0},{"id_servicio":4,"nombre":"T\u00e9cnico Profesional - Comercio y Mercadeo","salida_id":1,"salida_nombre":"Comercio y Mercadeo","es_tecnico":1},{"id_servicio":4,"nombre":"T\u00e9cnico Profesional - Desarrollo y Administraci\u00f3n de Aplicaciones Inform\u00e1ticas","salida_id":2,"salida_nombre":"Desarrollo y Administraci\u00f3n de Aplicaciones Inform\u00e1ticas","es_tecnico":1}]
INFO - 2025-10-31 01:47:01 --> Procesando estudiante: {"id":"14","nombre":"Margarita","apellido":"Russo","matricula":"2025-EDS-0008","id_grado_nivel":"13","id_escuela":"2","grado_nombre":"Cuarto","nivel_nombre":"Secundaria"}
INFO - 2025-10-31 01:47:01 --> Servicios+salidas crudos (escuela 2): [{"id_servicio":"3","servicio_nombre":"Secundario","servicio_activo":"1","salida_id":null,"salida_nombre":null},{"id_servicio":"4","servicio_nombre":"T\u00e9cnico Profesional","servicio_activo":"1","salida_id":"1","salida_nombre":"Comercio y Mercadeo"},{"id_servicio":"4","servicio_nombre":"T\u00e9cnico Profesional","servicio_activo":"1","salida_id":"2","salida_nombre":"Desarrollo y Administraci\u00f3n de Aplicaciones Inform\u00e1ticas"}]
INFO - 2025-10-31 01:47:01 --> Estudiante 14 -> servicios mapeados: [{"id_servicio":3,"nombre":"Secundario","salida_id":null,"salida_nombre":null,"es_tecnico":0},{"id_servicio":4,"nombre":"T\u00e9cnico Profesional - Comercio y Mercadeo","salida_id":1,"salida_nombre":"Comercio y Mercadeo","es_tecnico":1},{"id_servicio":4,"nombre":"T\u00e9cnico Profesional - Desarrollo y Administraci\u00f3n de Aplicaciones Inform\u00e1ticas","salida_id":2,"salida_nombre":"Desarrollo y Administraci\u00f3n de Aplicaciones Inform\u00e1ticas","es_tecnico":1}]
INFO - 2025-10-31 01:47:01 --> obtenerEstudiantes -> Estudiantes procesados: [{"id":"13","nombre":"Valentina","apellido":"Russo","matricula":"2025-EDS-0007","id_grado_nivel":"13","id_escuela":"2","grado_nombre":"Cuarto","nivel_nombre":"Secundaria","grado_nivel":"Cuarto - Secundaria","inscrito":true,"servicios":[{"id_servicio":3,"nombre":"Secundario","salida_id":null,"salida_nombre":null,"es_tecnico":0},{"id_servicio":4,"nombre":"T\u00e9cnico Profesional - Comercio y Mercadeo","salida_id":1,"salida_nombre":"Comercio y Mercadeo","es_tecnico":1},{"id_servicio":4,"nombre":"T\u00e9cnico Profesional - Desarrollo y Administraci\u00f3n de Aplicaciones Inform\u00e1ticas","salida_id":2,"salida_nombre":"Desarrollo y Administraci\u00f3n de Aplicaciones Inform\u00e1ticas","es_tecnico":1}]},{"id":"14","nombre":"Margarita","apellido":"Russo","matricula":"2025-EDS-0008","id_grado_nivel":"13","id_escuela":"2","grado_nombre":"Cuarto","nivel_nombre":"Secundaria","grado_nivel":"Cuarto - Secundaria","inscrito":false,"servicios":[{"id_servicio":3,"nombre":"Secundario","salida_id":null,"salida_nombre":null,"es_tecnico":0},{"id_servicio":4,"nombre":"T\u00e9cnico Profesional - Comercio y Mercadeo","salida_id":1,"salida_nombre":"Comercio y Mercadeo","es_tecnico":1},{"id_servicio":4,"nombre":"T\u00e9cnico Profesional - Desarrollo y Administraci\u00f3n de Aplicaciones Inform\u00e1ticas","salida_id":2,"salida_nombre":"Desarrollo y Administraci\u00f3n de Aplicaciones Inform\u00e1ticas","es_tecnico":1}]}]
INFO - 2025-10-31 01:47:04 --> Session: Class initialized using 'CodeIgniter\Session\Handlers\FileHandler' driver.
INFO - 2025-10-31 01:47:04 --> [INSCRIP] (FORZADO SQL) binds=[1,1,13,4,2,1]
INFO - 2025-10-31 01:47:04 --> [INSCRIP] (FORZADO SQL) 

        SELECT
            c.id,
            cb.nombre_curso AS nombre_curso,
            c.capacidad,
            SUM(CASE WHEN i.id IS NOT NULL
                     AND i.id_schoolYear = ?
                     AND i.estado <> 'ANULADA'
                     THEN 1 ELSE 0 END) AS ocupados
        FROM cursos c
        JOIN cursos_base cb ON cb.id = c.id_cursos_base
        LEFT JOIN inscripciones i ON i.id_curso = c.id
        WHERE c.activo = 1
          AND c.id_schoolyear = ?
          AND cb.id_grado = ?
          AND cb.id_servicio = ?
           AND cb.id_escuela = ? 
           AND cb.id_salida_tecnica = ? 
        GROUP BY c.id, cb.nombre_curso, c.capacidad
        ORDER BY cb.nombre_curso ASC
    
INFO - 2025-10-31 01:47:04 --> [INSCRIP] (FORZADO SQL) rows=[{"id":"10","nombre_curso":"4to Secundaria A - Comercio y Mercadeo","capacidad":30,"ocupados":1,"disponibilidad":"1\/30","disponibilidad_num":29}]
INFO - 2025-10-31 01:47:11 --> Session: Class initialized using 'CodeIgniter\Session\Handlers\FileHandler' driver.
DEBUG - 2025-10-31 01:47:11 --> === INICIO registrar_inscripcion ===
ERROR - 2025-10-31 01:47:11 --> mysqli_sql_exception: Cannot add or update a child row: a foreign key constraint fails (`censa_prueba`.`inscripciones`, CONSTRAINT `inscripciones_ibfk_1` FOREIGN KEY (`id_curso`) REFERENCES `cursos` (`id`) ON DELETE RESTRICT ON UPDATE RESTRICT) in C:\xampp\htdocs\censa-prueba\system\Database\MySQLi\Connection.php:312
Stack trace:
#0 C:\xampp\htdocs\censa-prueba\system\Database\MySQLi\Connection.php(312): mysqli->query('INSERT INTO `in...', 0)
#1 C:\xampp\htdocs\censa-prueba\system\Database\BaseConnection.php(734): CodeIgniter\Database\MySQLi\Connection->execute('INSERT INTO `in...')
#2 C:\xampp\htdocs\censa-prueba\system\Database\BaseConnection.php(648): CodeIgniter\Database\BaseConnection->simpleQuery('INSERT INTO `in...')
#3 C:\xampp\htdocs\censa-prueba\system\Database\BaseBuilder.php(2340): CodeIgniter\Database\BaseConnection->query('INSERT INTO `in...', Array, false)
#4 C:\xampp\htdocs\censa-prueba\system\Model.php(394): CodeIgniter\Database\BaseBuilder->insert()
#5 C:\xampp\htdocs\censa-prueba\system\BaseModel.php(840): CodeIgniter\Model->doInsert(Array)
#6 C:\xampp\htdocs\censa-prueba\system\Model.php(802): CodeIgniter\BaseModel->insert(Array, false)
#7 C:\xampp\htdocs\censa-prueba\system\BaseModel.php(751): CodeIgniter\Model->insert(Array, false)
#8 C:\xampp\htdocs\censa-prueba\app\Controllers\Pagos.php(494): CodeIgniter\BaseModel->save(Array)
#9 C:\xampp\htdocs\censa-prueba\system\CodeIgniter.php(933): App\Controllers\Pagos->registrar_inscripcion()
#10 C:\xampp\htdocs\censa-prueba\system\CodeIgniter.php(509): CodeIgniter\CodeIgniter->runController(Object(App\Controllers\Pagos))
#11 C:\xampp\htdocs\censa-prueba\system\CodeIgniter.php(355): CodeIgniter\CodeIgniter->handleRequest(NULL, Object(Config\Cache), false)
#12 C:\xampp\htdocs\censa-prueba\system\Boot.php(325): CodeIgniter\CodeIgniter->run()
#13 C:\xampp\htdocs\censa-prueba\system\Boot.php(67): CodeIgniter\Boot::runCodeIgniter(Object(CodeIgniter\CodeIgniter))
#14 C:\xampp\htdocs\censa-prueba\public\index.php(56): CodeIgniter\Boot::bootWeb(Object(Config\Paths))
#15 {main}
ERROR - 2025-10-31 01:47:11 --> ❌ Error guardando inscripción: {"CodeIgniter\\Database\\MySQLi\\Connection":"Cannot add or update a child row: a foreign key constraint fails (`censa_prueba`.`inscripciones`, CONSTRAINT `inscripciones_ibfk_1` FOREIGN KEY (`id_curso`) REFERENCES `cursos` (`id`) ON DELETE RESTRICT ON UPDATE RESTRICT)"}
INFO - 2025-10-31 01:47:12 --> Session: Class initialized using 'CodeIgniter\Session\Handlers\FileHandler' driver.
INFO - 2025-10-31 01:48:37 --> Session: Class initialized using 'CodeIgniter\Session\Handlers\FileHandler' driver.
WARNING - 2025-10-31 01:48:37 --> [DEPRECATED] Optional parameter $term declared before required parameter $idEscuela is implicitly treated as a required parameter in APPPATH\Models\PersonalModel.php on line 122.
 1 SYSTEMPATH\Autoloader\Autoloader.php(317): include_once('C:\\xampp\\htdocs\\censa-prueba\\system\\Debug\\Exceptions.php')
 2 SYSTEMPATH\Autoloader\Autoloader.php(296): CodeIgniter\Autoloader\Autoloader->includeFile('C:\\xampp\\htdocs\\censa-prueba\\app\\Models\\PersonalModel.php')
 3 SYSTEMPATH\Autoloader\Autoloader.php(272): CodeIgniter\Autoloader\Autoloader->loadInNamespace('App\\Models\\PersonalModel')
 4 APPPATH\Controllers\Usuarios.php(24): CodeIgniter\Autoloader\Autoloader->loadClass('App\\Models\\PersonalModel')
 5 SYSTEMPATH\CodeIgniter.php(903): App\Controllers\Usuarios->__construct()
 6 SYSTEMPATH\CodeIgniter.php(500): CodeIgniter\CodeIgniter->createController()
 7 SYSTEMPATH\CodeIgniter.php(355): CodeIgniter\CodeIgniter->handleRequest(null, Object(Config\Cache), false)
 8 SYSTEMPATH\Boot.php(325): CodeIgniter\CodeIgniter->run()
 9 SYSTEMPATH\Boot.php(67): CodeIgniter\Boot::runCodeIgniter(Object(CodeIgniter\CodeIgniter))
10 FCPATH\index.php(56): CodeIgniter\Boot::bootWeb(Object(Config\Paths))
INFO - 2025-10-31 01:48:38 --> Session: Class initialized using 'CodeIgniter\Session\Handlers\FileHandler' driver.
WARNING - 2025-10-31 01:48:38 --> [DEPRECATED] Optional parameter $term declared before required parameter $idEscuela is implicitly treated as a required parameter in APPPATH\Models\PersonalModel.php on line 122.
 1 SYSTEMPATH\Autoloader\Autoloader.php(317): include_once('C:\\xampp\\htdocs\\censa-prueba\\system\\Debug\\Exceptions.php')
 2 SYSTEMPATH\Autoloader\Autoloader.php(296): CodeIgniter\Autoloader\Autoloader->includeFile('C:\\xampp\\htdocs\\censa-prueba\\app\\Models\\PersonalModel.php')
 3 SYSTEMPATH\Autoloader\Autoloader.php(272): CodeIgniter\Autoloader\Autoloader->loadInNamespace('App\\Models\\PersonalModel')
 4 APPPATH\Controllers\Usuarios.php(24): CodeIgniter\Autoloader\Autoloader->loadClass('App\\Models\\PersonalModel')
 5 SYSTEMPATH\CodeIgniter.php(903): App\Controllers\Usuarios->__construct()
 6 SYSTEMPATH\CodeIgniter.php(500): CodeIgniter\CodeIgniter->createController()
 7 SYSTEMPATH\CodeIgniter.php(355): CodeIgniter\CodeIgniter->handleRequest(null, Object(Config\Cache), false)
 8 SYSTEMPATH\Boot.php(325): CodeIgniter\CodeIgniter->run()
 9 SYSTEMPATH\Boot.php(67): CodeIgniter\Boot::runCodeIgniter(Object(CodeIgniter\CodeIgniter))
10 FCPATH\index.php(56): CodeIgniter\Boot::bootWeb(Object(Config\Paths))
=======================================================
