CRITICAL - 2024-12-13 01:04:26 --> ArgumentCountError: Too few arguments to function App\Controllers\Escuela::editar(), 0 passed in C:\xampp\htdocs\edsn\system\CodeIgniter.php on line 933 and exactly 1 expected
[Method: GET, Route: escuela/editar]
in APPPATH\Controllers\Escuela.php on line 110.
 1 SYSTEMPATH\CodeIgniter.php(933): App\Controllers\Escuela->editar()
 2 SYSTEMPATH\CodeIgniter.php(509): CodeIgniter\CodeIgniter->runController(Object(App\Controllers\Escuela))
 3 SYSTEMPATH\CodeIgniter.php(355): CodeIgniter\CodeIgniter->handleRequest(null, Object(Config\Cache), false)
 4 SYSTEMPATH\Boot.php(325): CodeIgniter\CodeIgniter->run()
 5 SYSTEMPATH\Boot.php(67): CodeIgniter\Boot::runCodeIgniter(Object(CodeIgniter\CodeIgniter))
 6 FCPATH\index.php(56): CodeIgniter\Boot::bootWeb(Object(Config\Paths))
CRITICAL - 2024-12-13 01:04:40 --> ArgumentCountError: Too few arguments to function App\Controllers\Escuela::editar(), 0 passed in C:\xampp\htdocs\edsn\system\CodeIgniter.php on line 933 and exactly 1 expected
[Method: GET, Route: escuela/editar]
in APPPATH\Controllers\Escuela.php on line 110.
 1 SYSTEMPATH\CodeIgniter.php(933): App\Controllers\Escuela->editar()
 2 SYSTEMPATH\CodeIgniter.php(509): CodeIgniter\CodeIgniter->runController(Object(App\Controllers\Escuela))
 3 SYSTEMPATH\CodeIgniter.php(355): CodeIgniter\CodeIgniter->handleRequest(null, Object(Config\Cache), false)
 4 SYSTEMPATH\Boot.php(325): CodeIgniter\CodeIgniter->run()
 5 SYSTEMPATH\Boot.php(67): CodeIgniter\Boot::runCodeIgniter(Object(CodeIgniter\CodeIgniter))
 6 FCPATH\index.php(56): CodeIgniter\Boot::bootWeb(Object(Config\Paths))
DEBUG - 2024-12-13 01:04:48 --> Editando escuela con ID: 1
DEBUG - 2024-12-13 01:05:04 --> Editando escuela con ID: 1
DEBUG - 2024-12-13 01:05:10 --> Editando escuela con ID: 4
DEBUG - 2024-12-13 01:05:32 --> Editando escuela con ID: 6
DEBUG - 2024-12-13 01:05:45 --> Editando escuela con ID: 6
DEBUG - 2024-12-13 01:06:04 --> Editando escuela con ID: 3
