INFO - 2026-06-02 12:49:12 --> Session: Class initialized using 'CodeIgniter\Session\Handlers\FileHandler' driver.
WARNING - 2026-06-02 12:49:13 --> [DEPRECATED] Optional parameter $term declared before required parameter $idEscuela is implicitly treated as a required parameter in APPPATH\Models\PersonalModel.php on line 122.
 1 SYSTEMPATH\Autoloader\Autoloader.php(317): include_once('C:\\xampp\\htdocs\\censa-prueba\\system\\Debug\\Exceptions.php')
 2 SYSTEMPATH\Autoloader\Autoloader.php(296): CodeIgniter\Autoloader\Autoloader->includeFile('C:\\xampp\\htdocs\\censa-prueba\\app\\Models\\PersonalModel.php')
 3 SYSTEMPATH\Autoloader\Autoloader.php(272): CodeIgniter\Autoloader\Autoloader->loadInNamespace('App\\Models\\PersonalModel')
 4 APPPATH\Controllers\Usuarios.php(24): CodeIgniter\Autoloader\Autoloader->loadClass('App\\Models\\PersonalModel')
 5 SYSTEMPATH\CodeIgniter.php(903): App\Controllers\Usuarios->__construct()
 6 SYSTEMPATH\CodeIgniter.php(500): CodeIgniter\CodeIgniter->createController()
 7 SYSTEMPATH\CodeIgniter.php(355): CodeIgniter\CodeIgniter->handleRequest(null, Object(Config\Cache), false)
 8 SYSTEMPATH\Boot.php(325): CodeIgniter\CodeIgniter->run()
 9 SYSTEMPATH\Boot.php(67): CodeIgniter\Boot::runCodeIgniter(Object(CodeIgniter\CodeIgniter))
10 FCPATH\index.php(56): CodeIgniter\Boot::bootWeb(Object(Config\Paths))
INFO - 2026-06-02 12:49:22 --> Session: Class initialized using 'CodeIgniter\Session\Handlers\FileHandler' driver.
INFO - 2026-06-02 12:49:23 --> Session: Class initialized using 'CodeIgniter\Session\Handlers\FileHandler' driver.
WARNING - 2026-06-02 12:49:23 --> [DEPRECATED] Optional parameter $term declared before required parameter $idEscuela is implicitly treated as a required parameter in APPPATH\Models\PersonalModel.php on line 122.
 1 SYSTEMPATH\Autoloader\Autoloader.php(317): include_once('C:\\xampp\\htdocs\\censa-prueba\\system\\Debug\\Exceptions.php')
 2 SYSTEMPATH\Autoloader\Autoloader.php(296): CodeIgniter\Autoloader\Autoloader->includeFile('C:\\xampp\\htdocs\\censa-prueba\\app\\Models\\PersonalModel.php')
 3 SYSTEMPATH\Autoloader\Autoloader.php(272): CodeIgniter\Autoloader\Autoloader->loadInNamespace('App\\Models\\PersonalModel')
 4 APPPATH\Controllers\Usuarios.php(24): CodeIgniter\Autoloader\Autoloader->loadClass('App\\Models\\PersonalModel')
 5 SYSTEMPATH\CodeIgniter.php(903): App\Controllers\Usuarios->__construct()
 6 SYSTEMPATH\CodeIgniter.php(500): CodeIgniter\CodeIgniter->createController()
 7 SYSTEMPATH\CodeIgniter.php(355): CodeIgniter\CodeIgniter->handleRequest(null, Object(Config\Cache), false)
 8 SYSTEMPATH\Boot.php(325): CodeIgniter\CodeIgniter->run()
 9 SYSTEMPATH\Boot.php(67): CodeIgniter\Boot::runCodeIgniter(Object(CodeIgniter\CodeIgniter))
10 FCPATH\index.php(56): CodeIgniter\Boot::bootWeb(Object(Config\Paths))
INFO - 2026-06-02 12:57:12 --> Session: Class initialized using 'CodeIgniter\Session\Handlers\FileHandler' driver.
WARNING - 2026-06-02 12:57:12 --> [DEPRECATED] Optional parameter $term declared before required parameter $idEscuela is implicitly treated as a required parameter in APPPATH\Models\PersonalModel.php on line 122.
 1 SYSTEMPATH\Autoloader\Autoloader.php(317): include_once('C:\\xampp\\htdocs\\censa-prueba\\system\\Debug\\Exceptions.php')
 2 SYSTEMPATH\Autoloader\Autoloader.php(296): CodeIgniter\Autoloader\Autoloader->includeFile('C:\\xampp\\htdocs\\censa-prueba\\app\\Models\\PersonalModel.php')
 3 SYSTEMPATH\Autoloader\Autoloader.php(272): CodeIgniter\Autoloader\Autoloader->loadInNamespace('App\\Models\\PersonalModel')
 4 APPPATH\Controllers\Usuarios.php(24): CodeIgniter\Autoloader\Autoloader->loadClass('App\\Models\\PersonalModel')
 5 SYSTEMPATH\CodeIgniter.php(903): App\Controllers\Usuarios->__construct()
 6 SYSTEMPATH\CodeIgniter.php(500): CodeIgniter\CodeIgniter->createController()
 7 SYSTEMPATH\CodeIgniter.php(355): CodeIgniter\CodeIgniter->handleRequest(null, Object(Config\Cache), false)
 8 SYSTEMPATH\Boot.php(325): CodeIgniter\CodeIgniter->run()
 9 SYSTEMPATH\Boot.php(67): CodeIgniter\Boot::runCodeIgniter(Object(CodeIgniter\CodeIgniter))
10 FCPATH\index.php(56): CodeIgniter\Boot::bootWeb(Object(Config\Paths))
DEBUG - 2026-06-02 12:57:14 --> Datos usuario: Array
(
    [id] => 12
    [usuario] => rdmorontag
    [clave] => $2y$10$HcB20FQFTn/DZkwYD4TtIOtxcgd5855tTd6qS6Mg3ahkON8.LVAXy
    [id_tipo_usuario] => 1
    [personal_id] => 5
    [estudiantes_id] => 
    [activo] => 1
    [cambio_clave] => 0
    [id_escuela] => 2
    [fecha_alta] => 2025-05-31 21:06:33
    [fecha_edit] => 2025-05-31 21:07:23
)

INFO - 2026-06-02 12:57:14 --> Session: Class initialized using 'CodeIgniter\Session\Handlers\FileHandler' driver.
WARNING - 2026-06-02 12:57:14 --> [DEPRECATED] Optional parameter $term declared before required parameter $idEscuela is implicitly treated as a required parameter in APPPATH\Models\PersonalModel.php on line 122.
 1 SYSTEMPATH\Autoloader\Autoloader.php(317): include_once('C:\\xampp\\htdocs\\censa-prueba\\system\\Debug\\Exceptions.php')
 2 SYSTEMPATH\Autoloader\Autoloader.php(296): CodeIgniter\Autoloader\Autoloader->includeFile('C:\\xampp\\htdocs\\censa-prueba\\app\\Models\\PersonalModel.php')
 3 SYSTEMPATH\Autoloader\Autoloader.php(272): CodeIgniter\Autoloader\Autoloader->loadInNamespace('App\\Models\\PersonalModel')
 4 APPPATH\Controllers\Home.php(17): CodeIgniter\Autoloader\Autoloader->loadClass('App\\Models\\PersonalModel')
 5 SYSTEMPATH\CodeIgniter.php(903): App\Controllers\Home->__construct()
 6 SYSTEMPATH\CodeIgniter.php(500): CodeIgniter\CodeIgniter->createController()
 7 SYSTEMPATH\CodeIgniter.php(355): CodeIgniter\CodeIgniter->handleRequest(null, Object(Config\Cache), false)
 8 SYSTEMPATH\Boot.php(325): CodeIgniter\CodeIgniter->run()
 9 SYSTEMPATH\Boot.php(67): CodeIgniter\Boot::runCodeIgniter(Object(CodeIgniter\CodeIgniter))
10 FCPATH\index.php(56): CodeIgniter\Boot::bootWeb(Object(Config\Paths))
INFO - 2026-06-02 12:57:16 --> Session: Class initialized using 'CodeIgniter\Session\Handlers\FileHandler' driver.
INFO - 2026-06-02 13:04:29 --> Session: Class initialized using 'CodeIgniter\Session\Handlers\FileHandler' driver.
WARNING - 2026-06-02 13:04:29 --> [DEPRECATED] Optional parameter $term declared before required parameter $idEscuela is implicitly treated as a required parameter in APPPATH\Models\PersonalModel.php on line 122.
 1 SYSTEMPATH\Autoloader\Autoloader.php(317): include_once('C:\\xampp\\htdocs\\censa-prueba\\system\\Debug\\Exceptions.php')
 2 SYSTEMPATH\Autoloader\Autoloader.php(296): CodeIgniter\Autoloader\Autoloader->includeFile('C:\\xampp\\htdocs\\censa-prueba\\app\\Models\\PersonalModel.php')
 3 SYSTEMPATH\Autoloader\Autoloader.php(272): CodeIgniter\Autoloader\Autoloader->loadInNamespace('App\\Models\\PersonalModel')
 4 APPPATH\Controllers\DocenteGuia.php(24): CodeIgniter\Autoloader\Autoloader->loadClass('App\\Models\\PersonalModel')
 5 SYSTEMPATH\CodeIgniter.php(903): App\Controllers\DocenteGuia->__construct()
 6 SYSTEMPATH\CodeIgniter.php(500): CodeIgniter\CodeIgniter->createController()
 7 SYSTEMPATH\CodeIgniter.php(355): CodeIgniter\CodeIgniter->handleRequest(null, Object(Config\Cache), false)
 8 SYSTEMPATH\Boot.php(325): CodeIgniter\CodeIgniter->run()
 9 SYSTEMPATH\Boot.php(67): CodeIgniter\Boot::runCodeIgniter(Object(CodeIgniter\CodeIgniter))
10 FCPATH\index.php(56): CodeIgniter\Boot::bootWeb(Object(Config\Paths))
INFO - 2026-06-02 13:04:30 --> Session: Class initialized using 'CodeIgniter\Session\Handlers\FileHandler' driver.
INFO - 2026-06-02 13:04:58 --> Session: Class initialized using 'CodeIgniter\Session\Handlers\FileHandler' driver.
INFO - 2026-06-02 13:04:59 --> Session: Class initialized using 'CodeIgniter\Session\Handlers\FileHandler' driver.
INFO - 2026-06-02 13:08:31 --> Session: Class initialized using 'CodeIgniter\Session\Handlers\FileHandler' driver.
WARNING - 2026-06-02 13:08:31 --> [DEPRECATED] Optional parameter $term declared before required parameter $idEscuela is implicitly treated as a required parameter in APPPATH\Models\PersonalModel.php on line 122.
 1 SYSTEMPATH\Autoloader\Autoloader.php(317): include_once('C:\\xampp\\htdocs\\censa-prueba\\system\\Debug\\Exceptions.php')
 2 SYSTEMPATH\Autoloader\Autoloader.php(296): CodeIgniter\Autoloader\Autoloader->includeFile('C:\\xampp\\htdocs\\censa-prueba\\app\\Models\\PersonalModel.php')
 3 SYSTEMPATH\Autoloader\Autoloader.php(272): CodeIgniter\Autoloader\Autoloader->loadInNamespace('App\\Models\\PersonalModel')
 4 APPPATH\Controllers\Home.php(17): CodeIgniter\Autoloader\Autoloader->loadClass('App\\Models\\PersonalModel')
 5 SYSTEMPATH\CodeIgniter.php(903): App\Controllers\Home->__construct()
 6 SYSTEMPATH\CodeIgniter.php(500): CodeIgniter\CodeIgniter->createController()
 7 SYSTEMPATH\CodeIgniter.php(355): CodeIgniter\CodeIgniter->handleRequest(null, Object(Config\Cache), false)
 8 SYSTEMPATH\Boot.php(325): CodeIgniter\CodeIgniter->run()
 9 SYSTEMPATH\Boot.php(67): CodeIgniter\Boot::runCodeIgniter(Object(CodeIgniter\CodeIgniter))
10 FCPATH\index.php(56): CodeIgniter\Boot::bootWeb(Object(Config\Paths))
INFO - 2026-06-02 13:08:32 --> Session: Class initialized using 'CodeIgniter\Session\Handlers\FileHandler' driver.
INFO - 2026-06-02 13:14:07 --> Session: Class initialized using 'CodeIgniter\Session\Handlers\FileHandler' driver.
WARNING - 2026-06-02 13:14:07 --> [DEPRECATED] Optional parameter $term declared before required parameter $idEscuela is implicitly treated as a required parameter in APPPATH\Models\PersonalModel.php on line 122.
 1 SYSTEMPATH\Autoloader\Autoloader.php(317): include_once('C:\\xampp\\htdocs\\censa-prueba\\system\\Debug\\Exceptions.php')
 2 SYSTEMPATH\Autoloader\Autoloader.php(296): CodeIgniter\Autoloader\Autoloader->includeFile('C:\\xampp\\htdocs\\censa-prueba\\app\\Models\\PersonalModel.php')
 3 SYSTEMPATH\Autoloader\Autoloader.php(272): CodeIgniter\Autoloader\Autoloader->loadInNamespace('App\\Models\\PersonalModel')
 4 APPPATH\Controllers\Home.php(17): CodeIgniter\Autoloader\Autoloader->loadClass('App\\Models\\PersonalModel')
 5 SYSTEMPATH\CodeIgniter.php(903): App\Controllers\Home->__construct()
 6 SYSTEMPATH\CodeIgniter.php(500): CodeIgniter\CodeIgniter->createController()
 7 SYSTEMPATH\CodeIgniter.php(355): CodeIgniter\CodeIgniter->handleRequest(null, Object(Config\Cache), false)
 8 SYSTEMPATH\Boot.php(325): CodeIgniter\CodeIgniter->run()
 9 SYSTEMPATH\Boot.php(67): CodeIgniter\Boot::runCodeIgniter(Object(CodeIgniter\CodeIgniter))
10 FCPATH\index.php(56): CodeIgniter\Boot::bootWeb(Object(Config\Paths))
INFO - 2026-06-02 13:14:08 --> Session: Class initialized using 'CodeIgniter\Session\Handlers\FileHandler' driver.
INFO - 2026-06-02 16:08:11 --> Session: Class initialized using 'CodeIgniter\Session\Handlers\FileHandler' driver.
WARNING - 2026-06-02 16:08:11 --> [DEPRECATED] Optional parameter $term declared before required parameter $idEscuela is implicitly treated as a required parameter in APPPATH\Models\PersonalModel.php on line 122.
 1 SYSTEMPATH\Autoloader\Autoloader.php(317): include_once('C:\\xampp\\htdocs\\censa-prueba\\system\\Debug\\Exceptions.php')
 2 SYSTEMPATH\Autoloader\Autoloader.php(296): CodeIgniter\Autoloader\Autoloader->includeFile('C:\\xampp\\htdocs\\censa-prueba\\app\\Models\\PersonalModel.php')
 3 SYSTEMPATH\Autoloader\Autoloader.php(272): CodeIgniter\Autoloader\Autoloader->loadInNamespace('App\\Models\\PersonalModel')
 4 APPPATH\Controllers\Usuarios.php(24): CodeIgniter\Autoloader\Autoloader->loadClass('App\\Models\\PersonalModel')
 5 SYSTEMPATH\CodeIgniter.php(903): App\Controllers\Usuarios->__construct()
 6 SYSTEMPATH\CodeIgniter.php(500): CodeIgniter\CodeIgniter->createController()
 7 SYSTEMPATH\CodeIgniter.php(355): CodeIgniter\CodeIgniter->handleRequest(null, Object(Config\Cache), false)
 8 SYSTEMPATH\Boot.php(325): CodeIgniter\CodeIgniter->run()
 9 SYSTEMPATH\Boot.php(67): CodeIgniter\Boot::runCodeIgniter(Object(CodeIgniter\CodeIgniter))
10 FCPATH\index.php(56): CodeIgniter\Boot::bootWeb(Object(Config\Paths))
INFO - 2026-06-02 16:08:15 --> Session: Class initialized using 'CodeIgniter\Session\Handlers\FileHandler' driver.
WARNING - 2026-06-02 16:08:15 --> [DEPRECATED] Optional parameter $term declared before required parameter $idEscuela is implicitly treated as a required parameter in APPPATH\Models\PersonalModel.php on line 122.
 1 SYSTEMPATH\Autoloader\Autoloader.php(317): include_once('C:\\xampp\\htdocs\\censa-prueba\\system\\Debug\\Exceptions.php')
 2 SYSTEMPATH\Autoloader\Autoloader.php(296): CodeIgniter\Autoloader\Autoloader->includeFile('C:\\xampp\\htdocs\\censa-prueba\\app\\Models\\PersonalModel.php')
 3 SYSTEMPATH\Autoloader\Autoloader.php(272): CodeIgniter\Autoloader\Autoloader->loadInNamespace('App\\Models\\PersonalModel')
 4 APPPATH\Controllers\Usuarios.php(24): CodeIgniter\Autoloader\Autoloader->loadClass('App\\Models\\PersonalModel')
 5 SYSTEMPATH\CodeIgniter.php(903): App\Controllers\Usuarios->__construct()
 6 SYSTEMPATH\CodeIgniter.php(500): CodeIgniter\CodeIgniter->createController()
 7 SYSTEMPATH\CodeIgniter.php(355): CodeIgniter\CodeIgniter->handleRequest(null, Object(Config\Cache), false)
 8 SYSTEMPATH\Boot.php(325): CodeIgniter\CodeIgniter->run()
 9 SYSTEMPATH\Boot.php(67): CodeIgniter\Boot::runCodeIgniter(Object(CodeIgniter\CodeIgniter))
10 FCPATH\index.php(56): CodeIgniter\Boot::bootWeb(Object(Config\Paths))
INFO - 2026-06-02 16:08:17 --> Session: Class initialized using 'CodeIgniter\Session\Handlers\FileHandler' driver.
INFO - 2026-06-02 16:08:18 --> Session: Class initialized using 'CodeIgniter\Session\Handlers\FileHandler' driver.
WARNING - 2026-06-02 16:08:18 --> [DEPRECATED] Optional parameter $term declared before required parameter $idEscuela is implicitly treated as a required parameter in APPPATH\Models\PersonalModel.php on line 122.
 1 SYSTEMPATH\Autoloader\Autoloader.php(317): include_once('C:\\xampp\\htdocs\\censa-prueba\\system\\Debug\\Exceptions.php')
 2 SYSTEMPATH\Autoloader\Autoloader.php(296): CodeIgniter\Autoloader\Autoloader->includeFile('C:\\xampp\\htdocs\\censa-prueba\\app\\Models\\PersonalModel.php')
 3 SYSTEMPATH\Autoloader\Autoloader.php(272): CodeIgniter\Autoloader\Autoloader->loadInNamespace('App\\Models\\PersonalModel')
 4 APPPATH\Controllers\Usuarios.php(24): CodeIgniter\Autoloader\Autoloader->loadClass('App\\Models\\PersonalModel')
 5 SYSTEMPATH\CodeIgniter.php(903): App\Controllers\Usuarios->__construct()
 6 SYSTEMPATH\CodeIgniter.php(500): CodeIgniter\CodeIgniter->createController()
 7 SYSTEMPATH\CodeIgniter.php(355): CodeIgniter\CodeIgniter->handleRequest(null, Object(Config\Cache), false)
 8 SYSTEMPATH\Boot.php(325): CodeIgniter\CodeIgniter->run()
 9 SYSTEMPATH\Boot.php(67): CodeIgniter\Boot::runCodeIgniter(Object(CodeIgniter\CodeIgniter))
10 FCPATH\index.php(56): CodeIgniter\Boot::bootWeb(Object(Config\Paths))
