INFO - 2026-05-02 22:15:30 --> Session: Class initialized using 'CodeIgniter\Session\Handlers\FileHandler' driver.
INFO - 2026-05-02 22:15:30 --> Session: Class initialized using 'CodeIgniter\Session\Handlers\FileHandler' driver.
WARNING - 2026-05-02 22:15:31 --> [DEPRECATED] Optional parameter $term declared before required parameter $idEscuela is implicitly treated as a required parameter in APPPATH\Models\PersonalModel.php on line 122.
 1 SYSTEMPATH\Autoloader\Autoloader.php(317): include_once('C:\\xampp\\htdocs\\censa-prueba\\system\\Debug\\Exceptions.php')
 2 SYSTEMPATH\Autoloader\Autoloader.php(296): CodeIgniter\Autoloader\Autoloader->includeFile('C:\\xampp\\htdocs\\censa-prueba\\app\\Models\\PersonalModel.php')
 3 SYSTEMPATH\Autoloader\Autoloader.php(272): CodeIgniter\Autoloader\Autoloader->loadInNamespace('App\\Models\\PersonalModel')
 4 APPPATH\Controllers\Usuarios.php(24): CodeIgniter\Autoloader\Autoloader->loadClass('App\\Models\\PersonalModel')
 5 SYSTEMPATH\CodeIgniter.php(903): App\Controllers\Usuarios->__construct()
 6 SYSTEMPATH\CodeIgniter.php(500): CodeIgniter\CodeIgniter->createController()
 7 SYSTEMPATH\CodeIgniter.php(355): CodeIgniter\CodeIgniter->handleRequest(null, Object(Config\Cache), false)
 8 SYSTEMPATH\Boot.php(325): CodeIgniter\CodeIgniter->run()
 9 SYSTEMPATH\Boot.php(67): CodeIgniter\Boot::runCodeIgniter(Object(CodeIgniter\CodeIgniter))
10 FCPATH\index.php(56): CodeIgniter\Boot::bootWeb(Object(Config\Paths))
INFO - 2026-05-02 22:19:13 --> Session: Class initialized using 'CodeIgniter\Session\Handlers\FileHandler' driver.
WARNING - 2026-05-02 22:19:13 --> [DEPRECATED] Optional parameter $term declared before required parameter $idEscuela is implicitly treated as a required parameter in APPPATH\Models\PersonalModel.php on line 122.
 1 SYSTEMPATH\Autoloader\Autoloader.php(317): include_once('C:\\xampp\\htdocs\\censa-prueba\\system\\Debug\\Exceptions.php')
 2 SYSTEMPATH\Autoloader\Autoloader.php(296): CodeIgniter\Autoloader\Autoloader->includeFile('C:\\xampp\\htdocs\\censa-prueba\\app\\Models\\PersonalModel.php')
 3 SYSTEMPATH\Autoloader\Autoloader.php(272): CodeIgniter\Autoloader\Autoloader->loadInNamespace('App\\Models\\PersonalModel')
 4 APPPATH\Controllers\Usuarios.php(24): CodeIgniter\Autoloader\Autoloader->loadClass('App\\Models\\PersonalModel')
 5 SYSTEMPATH\CodeIgniter.php(903): App\Controllers\Usuarios->__construct()
 6 SYSTEMPATH\CodeIgniter.php(500): CodeIgniter\CodeIgniter->createController()
 7 SYSTEMPATH\CodeIgniter.php(355): CodeIgniter\CodeIgniter->handleRequest(null, Object(Config\Cache), false)
 8 SYSTEMPATH\Boot.php(325): CodeIgniter\CodeIgniter->run()
 9 SYSTEMPATH\Boot.php(67): CodeIgniter\Boot::runCodeIgniter(Object(CodeIgniter\CodeIgniter))
10 FCPATH\index.php(56): CodeIgniter\Boot::bootWeb(Object(Config\Paths))
DEBUG - 2026-05-02 22:19:14 --> Datos usuario: Array
(
    [id] => 12
    [usuario] => rdmorontag
    [clave] => $2y$10$HcB20FQFTn/DZkwYD4TtIOtxcgd5855tTd6qS6Mg3ahkON8.LVAXy
    [id_tipo_usuario] => 1
    [personal_id] => 5
    [estudiantes_id] => 
    [activo] => 1
    [cambio_clave] => 0
    [id_escuela] => 2
    [fecha_alta] => 2025-05-31 21:06:33
    [fecha_edit] => 2025-05-31 21:07:23
)

INFO - 2026-05-02 22:19:15 --> Session: Class initialized using 'CodeIgniter\Session\Handlers\FileHandler' driver.
WARNING - 2026-05-02 22:19:15 --> [DEPRECATED] Optional parameter $term declared before required parameter $idEscuela is implicitly treated as a required parameter in APPPATH\Models\PersonalModel.php on line 122.
 1 SYSTEMPATH\Autoloader\Autoloader.php(317): include_once('C:\\xampp\\htdocs\\censa-prueba\\system\\Debug\\Exceptions.php')
 2 SYSTEMPATH\Autoloader\Autoloader.php(296): CodeIgniter\Autoloader\Autoloader->includeFile('C:\\xampp\\htdocs\\censa-prueba\\app\\Models\\PersonalModel.php')
 3 SYSTEMPATH\Autoloader\Autoloader.php(272): CodeIgniter\Autoloader\Autoloader->loadInNamespace('App\\Models\\PersonalModel')
 4 APPPATH\Controllers\Home.php(17): CodeIgniter\Autoloader\Autoloader->loadClass('App\\Models\\PersonalModel')
 5 SYSTEMPATH\CodeIgniter.php(903): App\Controllers\Home->__construct()
 6 SYSTEMPATH\CodeIgniter.php(500): CodeIgniter\CodeIgniter->createController()
 7 SYSTEMPATH\CodeIgniter.php(355): CodeIgniter\CodeIgniter->handleRequest(null, Object(Config\Cache), false)
 8 SYSTEMPATH\Boot.php(325): CodeIgniter\CodeIgniter->run()
 9 SYSTEMPATH\Boot.php(67): CodeIgniter\Boot::runCodeIgniter(Object(CodeIgniter\CodeIgniter))
10 FCPATH\index.php(56): CodeIgniter\Boot::bootWeb(Object(Config\Paths))
INFO - 2026-05-02 22:19:30 --> Session: Class initialized using 'CodeIgniter\Session\Handlers\FileHandler' driver.
INFO - 2026-05-02 22:19:35 --> Session: Class initialized using 'CodeIgniter\Session\Handlers\FileHandler' driver.
INFO - 2026-05-02 22:19:38 --> Session: Class initialized using 'CodeIgniter\Session\Handlers\FileHandler' driver.
INFO - 2026-05-02 22:19:46 --> Session: Class initialized using 'CodeIgniter\Session\Handlers\FileHandler' driver.
DEBUG - 2026-05-02 22:19:46 --> obtenerSeccionesDelMismoGrado - idCursoActual: "1"
DEBUG - 2026-05-02 22:19:46 --> obtenerSeccionesDelMismoGrado - idEscuela: "2"
DEBUG - 2026-05-02 22:19:46 --> Curso actual obtenido: {"id_grado":"10","nombre_curso_actual":"1ro Secundaria A"}
DEBUG - 2026-05-02 22:19:46 --> Secciones encontradas: [{"id":"1","nombre_curso":"1ro Secundaria A"},{"id":"2","nombre_curso":"1ro Secundaria B"}]
INFO - 2026-05-02 22:20:38 --> Session: Class initialized using 'CodeIgniter\Session\Handlers\FileHandler' driver.
INFO - 2026-05-02 22:22:09 --> Session: Class initialized using 'CodeIgniter\Session\Handlers\FileHandler' driver.
INFO - 2026-05-02 22:22:09 --> Session: Class initialized using 'CodeIgniter\Session\Handlers\FileHandler' driver.
WARNING - 2026-05-02 22:22:09 --> [DEPRECATED] Optional parameter $term declared before required parameter $idEscuela is implicitly treated as a required parameter in APPPATH\Models\PersonalModel.php on line 122.
 1 SYSTEMPATH\Autoloader\Autoloader.php(317): include_once('C:\\xampp\\htdocs\\censa-prueba\\system\\Debug\\Exceptions.php')
 2 SYSTEMPATH\Autoloader\Autoloader.php(296): CodeIgniter\Autoloader\Autoloader->includeFile('C:\\xampp\\htdocs\\censa-prueba\\app\\Models\\PersonalModel.php')
 3 SYSTEMPATH\Autoloader\Autoloader.php(272): CodeIgniter\Autoloader\Autoloader->loadInNamespace('App\\Models\\PersonalModel')
 4 APPPATH\Controllers\Usuarios.php(24): CodeIgniter\Autoloader\Autoloader->loadClass('App\\Models\\PersonalModel')
 5 SYSTEMPATH\CodeIgniter.php(903): App\Controllers\Usuarios->__construct()
 6 SYSTEMPATH\CodeIgniter.php(500): CodeIgniter\CodeIgniter->createController()
 7 SYSTEMPATH\CodeIgniter.php(355): CodeIgniter\CodeIgniter->handleRequest(null, Object(Config\Cache), false)
 8 SYSTEMPATH\Boot.php(325): CodeIgniter\CodeIgniter->run()
 9 SYSTEMPATH\Boot.php(67): CodeIgniter\Boot::runCodeIgniter(Object(CodeIgniter\CodeIgniter))
10 FCPATH\index.php(56): CodeIgniter\Boot::bootWeb(Object(Config\Paths))
INFO - 2026-05-02 22:29:27 --> Session: Class initialized using 'CodeIgniter\Session\Handlers\FileHandler' driver.
INFO - 2026-05-02 22:29:39 --> Session: Class initialized using 'CodeIgniter\Session\Handlers\FileHandler' driver.
DEBUG - 2026-05-02 22:29:39 --> 👤 Estudiante 5
WARNING - 2026-05-02 22:29:39 --> [DEPRECATED] trim(): Passing null to parameter #1 ($string) of type string is deprecated in APPPATH\Controllers\Pagos.php on line 763.
 1 APPPATH\Controllers\Pagos.php(763): trim(null)
 2 [internal function]: App\Controllers\Pagos->App\Controllers\{closure}([...])
 3 APPPATH\Controllers\Pagos.php(762): array_map(Object(Closure), [...])
 4 SYSTEMPATH\CodeIgniter.php(933): App\Controllers\Pagos->obtenerMensualidadesPendientes()
 5 SYSTEMPATH\CodeIgniter.php(509): CodeIgniter\CodeIgniter->runController(Object(App\Controllers\Pagos))
 6 SYSTEMPATH\CodeIgniter.php(355): CodeIgniter\CodeIgniter->handleRequest(null, Object(Config\Cache), false)
 7 SYSTEMPATH\Boot.php(325): CodeIgniter\CodeIgniter->run()
 8 SYSTEMPATH\Boot.php(67): CodeIgniter\Boot::runCodeIgniter(Object(CodeIgniter\CodeIgniter))
 9 FCPATH\index.php(56): CodeIgniter\Boot::bootWeb(Object(Config\Paths))
DEBUG - 2026-05-02 22:29:39 --> 💰 Meses pagados: ["","enero"]
DEBUG - 2026-05-02 22:29:39 --> 📊 Pendientes: [{"numero":1,"nombre":"Enero","monto":"800.00"},{"numero":2,"nombre":"Febrero","monto":"800.00"},{"numero":3,"nombre":"Marzo","monto":"800.00"},{"numero":4,"nombre":"Abril","monto":"800.00"},{"numero":5,"nombre":"Mayo","monto":"800.00"},{"numero":6,"nombre":"Junio","monto":"800.00"},{"numero":7,"nombre":"Julio","monto":"800.00"},{"numero":8,"nombre":"Agosto","monto":"800.00"},{"numero":9,"nombre":"Septiembre","monto":"800.00"},{"numero":10,"nombre":"Octubre","monto":"800.00"},{"numero":11,"nombre":"Noviembre","monto":"800.00"},{"numero":12,"nombre":"Diciembre","monto":"800.00"}]
DEBUG - 2026-05-02 22:29:39 --> 👤 Estudiante 16
WARNING - 2026-05-02 22:29:39 --> [DEPRECATED] trim(): Passing null to parameter #1 ($string) of type string is deprecated in APPPATH\Controllers\Pagos.php on line 763.
 1 APPPATH\Controllers\Pagos.php(763): trim(null)
 2 [internal function]: App\Controllers\Pagos->App\Controllers\{closure}([...])
 3 APPPATH\Controllers\Pagos.php(762): array_map(Object(Closure), [...])
 4 SYSTEMPATH\CodeIgniter.php(933): App\Controllers\Pagos->obtenerMensualidadesPendientes()
 5 SYSTEMPATH\CodeIgniter.php(509): CodeIgniter\CodeIgniter->runController(Object(App\Controllers\Pagos))
 6 SYSTEMPATH\CodeIgniter.php(355): CodeIgniter\CodeIgniter->handleRequest(null, Object(Config\Cache), false)
 7 SYSTEMPATH\Boot.php(325): CodeIgniter\CodeIgniter->run()
 8 SYSTEMPATH\Boot.php(67): CodeIgniter\Boot::runCodeIgniter(Object(CodeIgniter\CodeIgniter))
 9 FCPATH\index.php(56): CodeIgniter\Boot::bootWeb(Object(Config\Paths))
DEBUG - 2026-05-02 22:29:39 --> 💰 Meses pagados: ["","enero"]
DEBUG - 2026-05-02 22:29:39 --> 📊 Pendientes: [{"numero":1,"nombre":"Enero","monto":"800.00"},{"numero":2,"nombre":"Febrero","monto":"800.00"},{"numero":3,"nombre":"Marzo","monto":"800.00"},{"numero":4,"nombre":"Abril","monto":"800.00"},{"numero":5,"nombre":"Mayo","monto":"800.00"},{"numero":6,"nombre":"Junio","monto":"800.00"},{"numero":7,"nombre":"Julio","monto":"800.00"},{"numero":8,"nombre":"Agosto","monto":"800.00"},{"numero":9,"nombre":"Septiembre","monto":"800.00"},{"numero":10,"nombre":"Octubre","monto":"800.00"},{"numero":11,"nombre":"Noviembre","monto":"800.00"},{"numero":12,"nombre":"Diciembre","monto":"800.00"}]
INFO - 2026-05-02 22:33:55 --> Session: Class initialized using 'CodeIgniter\Session\Handlers\FileHandler' driver.
INFO - 2026-05-02 22:33:59 --> Session: Class initialized using 'CodeIgniter\Session\Handlers\FileHandler' driver.
DEBUG - 2026-05-02 22:33:59 --> 👤 Estudiante 4
WARNING - 2026-05-02 22:33:59 --> [DEPRECATED] trim(): Passing null to parameter #1 ($string) of type string is deprecated in APPPATH\Controllers\Pagos.php on line 763.
 1 APPPATH\Controllers\Pagos.php(763): trim(null)
 2 [internal function]: App\Controllers\Pagos->App\Controllers\{closure}([...])
 3 APPPATH\Controllers\Pagos.php(762): array_map(Object(Closure), [...])
 4 SYSTEMPATH\CodeIgniter.php(933): App\Controllers\Pagos->obtenerMensualidadesPendientes()
 5 SYSTEMPATH\CodeIgniter.php(509): CodeIgniter\CodeIgniter->runController(Object(App\Controllers\Pagos))
 6 SYSTEMPATH\CodeIgniter.php(355): CodeIgniter\CodeIgniter->handleRequest(null, Object(Config\Cache), false)
 7 SYSTEMPATH\Boot.php(325): CodeIgniter\CodeIgniter->run()
 8 SYSTEMPATH\Boot.php(67): CodeIgniter\Boot::runCodeIgniter(Object(CodeIgniter\CodeIgniter))
 9 FCPATH\index.php(56): CodeIgniter\Boot::bootWeb(Object(Config\Paths))
DEBUG - 2026-05-02 22:33:59 --> 💰 Meses pagados: ["","enero","febrero","marzo","abril","mayo","junio","julio","agosto","septiembre","octubre","noviembre","diciembre"]
DEBUG - 2026-05-02 22:33:59 --> 📊 Pendientes: []
DEBUG - 2026-05-02 22:33:59 --> 👤 Estudiante 9
WARNING - 2026-05-02 22:33:59 --> [DEPRECATED] trim(): Passing null to parameter #1 ($string) of type string is deprecated in APPPATH\Controllers\Pagos.php on line 763.
 1 APPPATH\Controllers\Pagos.php(763): trim(null)
 2 [internal function]: App\Controllers\Pagos->App\Controllers\{closure}([...])
 3 APPPATH\Controllers\Pagos.php(762): array_map(Object(Closure), [...])
 4 SYSTEMPATH\CodeIgniter.php(933): App\Controllers\Pagos->obtenerMensualidadesPendientes()
 5 SYSTEMPATH\CodeIgniter.php(509): CodeIgniter\CodeIgniter->runController(Object(App\Controllers\Pagos))
 6 SYSTEMPATH\CodeIgniter.php(355): CodeIgniter\CodeIgniter->handleRequest(null, Object(Config\Cache), false)
 7 SYSTEMPATH\Boot.php(325): CodeIgniter\CodeIgniter->run()
 8 SYSTEMPATH\Boot.php(67): CodeIgniter\Boot::runCodeIgniter(Object(CodeIgniter\CodeIgniter))
 9 FCPATH\index.php(56): CodeIgniter\Boot::bootWeb(Object(Config\Paths))
DEBUG - 2026-05-02 22:33:59 --> 💰 Meses pagados: ["","enero","febrero","marzo","abril","mayo","junio","julio","agosto","septiembre","octubre","noviembre","diciembre"]
DEBUG - 2026-05-02 22:33:59 --> 📊 Pendientes: [{"numero":1,"nombre":"Enero","monto":"800.00"}]
INFO - 2026-05-02 22:40:03 --> Session: Class initialized using 'CodeIgniter\Session\Handlers\FileHandler' driver.
INFO - 2026-05-02 22:40:08 --> Session: Class initialized using 'CodeIgniter\Session\Handlers\FileHandler' driver.
INFO - 2026-05-02 22:40:16 --> Session: Class initialized using 'CodeIgniter\Session\Handlers\FileHandler' driver.
INFO - 2026-05-02 22:40:19 --> Session: Class initialized using 'CodeIgniter\Session\Handlers\FileHandler' driver.
INFO - 2026-05-02 22:40:20 --> obtenerEstudiantes -> idResponsable recibido: 1
INFO - 2026-05-02 22:40:20 --> obtenerEstudiantes -> Estudiantes crudos obtenidos: [{"id":"1","nombre":"Kevin Alejandro","apellido":"Kirkman Romanov","matricula":"2025-EDS-0001","id_grado_nivel":"12","id_escuela":"2","grado_nombre":"Tercero","nivel_nombre":"Secundaria"},{"id":"2","nombre":"Jason Ezequiel","apellido":"Kirkman Romanov","matricula":"2025-EDS-0002","id_grado_nivel":"12","id_escuela":"2","grado_nombre":"Tercero","nivel_nombre":"Secundaria"},{"id":"3","nombre":"Amanda Noelani","apellido":"Kirkman Romanov","matricula":"2025-EDS-0003","id_grado_nivel":"6","id_escuela":"1","grado_nombre":"Tercero","nivel_nombre":"Primaria"},{"id":"15","nombre":"Leo","apellido":"Kircman","matricula":"2026-EDS-0009","id_grado_nivel":"10","id_escuela":"2","grado_nombre":"Primero","nivel_nombre":"Secundaria"}]
INFO - 2026-05-02 22:40:20 --> Procesando estudiante: {"id":"1","nombre":"Kevin Alejandro","apellido":"Kirkman Romanov","matricula":"2025-EDS-0001","id_grado_nivel":"12","id_escuela":"2","grado_nombre":"Tercero","nivel_nombre":"Secundaria"}
INFO - 2026-05-02 22:40:20 --> Servicios+salidas crudos (escuela 2): [{"id_servicio":"3","servicio_nombre":"Secundario","servicio_activo":"1","salida_id":null,"salida_nombre":null},{"id_servicio":"4","servicio_nombre":"T\u00e9cnico Profesional","servicio_activo":"1","salida_id":"1","salida_nombre":"Comercio y Mercadeo"},{"id_servicio":"4","servicio_nombre":"T\u00e9cnico Profesional","servicio_activo":"1","salida_id":"2","salida_nombre":"Desarrollo y Administraci\u00f3n de Aplicaciones Inform\u00e1ticas"}]
INFO - 2026-05-02 22:40:20 --> Estudiante 1 -> servicios mapeados: [{"id_servicio":3,"nombre":"Secundario","salida_id":null,"salida_nombre":null,"es_tecnico":0},{"id_servicio":4,"nombre":"T\u00e9cnico Profesional - Comercio y Mercadeo","salida_id":1,"salida_nombre":"Comercio y Mercadeo","es_tecnico":1},{"id_servicio":4,"nombre":"T\u00e9cnico Profesional - Desarrollo y Administraci\u00f3n de Aplicaciones Inform\u00e1ticas","salida_id":2,"salida_nombre":"Desarrollo y Administraci\u00f3n de Aplicaciones Inform\u00e1ticas","es_tecnico":1}]
INFO - 2026-05-02 22:40:20 --> Procesando estudiante: {"id":"2","nombre":"Jason Ezequiel","apellido":"Kirkman Romanov","matricula":"2025-EDS-0002","id_grado_nivel":"12","id_escuela":"2","grado_nombre":"Tercero","nivel_nombre":"Secundaria"}
INFO - 2026-05-02 22:40:20 --> Servicios+salidas crudos (escuela 2): [{"id_servicio":"3","servicio_nombre":"Secundario","servicio_activo":"1","salida_id":null,"salida_nombre":null},{"id_servicio":"4","servicio_nombre":"T\u00e9cnico Profesional","servicio_activo":"1","salida_id":"1","salida_nombre":"Comercio y Mercadeo"},{"id_servicio":"4","servicio_nombre":"T\u00e9cnico Profesional","servicio_activo":"1","salida_id":"2","salida_nombre":"Desarrollo y Administraci\u00f3n de Aplicaciones Inform\u00e1ticas"}]
INFO - 2026-05-02 22:40:20 --> Estudiante 2 -> servicios mapeados: [{"id_servicio":3,"nombre":"Secundario","salida_id":null,"salida_nombre":null,"es_tecnico":0},{"id_servicio":4,"nombre":"T\u00e9cnico Profesional - Comercio y Mercadeo","salida_id":1,"salida_nombre":"Comercio y Mercadeo","es_tecnico":1},{"id_servicio":4,"nombre":"T\u00e9cnico Profesional - Desarrollo y Administraci\u00f3n de Aplicaciones Inform\u00e1ticas","salida_id":2,"salida_nombre":"Desarrollo y Administraci\u00f3n de Aplicaciones Inform\u00e1ticas","es_tecnico":1}]
INFO - 2026-05-02 22:40:20 --> Procesando estudiante: {"id":"3","nombre":"Amanda Noelani","apellido":"Kirkman Romanov","matricula":"2025-EDS-0003","id_grado_nivel":"6","id_escuela":"1","grado_nombre":"Tercero","nivel_nombre":"Primaria"}
INFO - 2026-05-02 22:40:20 --> Servicios+salidas crudos (escuela 1): [{"id_servicio":"1","servicio_nombre":"Inicial","servicio_activo":"1","salida_id":null,"salida_nombre":null},{"id_servicio":"2","servicio_nombre":"Primario","servicio_activo":"1","salida_id":null,"salida_nombre":null}]
INFO - 2026-05-02 22:40:20 --> Estudiante 3 -> servicios mapeados: [{"id_servicio":1,"nombre":"Inicial","salida_id":null,"salida_nombre":null,"es_tecnico":0},{"id_servicio":2,"nombre":"Primario","salida_id":null,"salida_nombre":null,"es_tecnico":0}]
INFO - 2026-05-02 22:40:20 --> Procesando estudiante: {"id":"15","nombre":"Leo","apellido":"Kircman","matricula":"2026-EDS-0009","id_grado_nivel":"10","id_escuela":"2","grado_nombre":"Primero","nivel_nombre":"Secundaria"}
INFO - 2026-05-02 22:40:20 --> Servicios+salidas crudos (escuela 2): [{"id_servicio":"3","servicio_nombre":"Secundario","servicio_activo":"1","salida_id":null,"salida_nombre":null},{"id_servicio":"4","servicio_nombre":"T\u00e9cnico Profesional","servicio_activo":"1","salida_id":"1","salida_nombre":"Comercio y Mercadeo"},{"id_servicio":"4","servicio_nombre":"T\u00e9cnico Profesional","servicio_activo":"1","salida_id":"2","salida_nombre":"Desarrollo y Administraci\u00f3n de Aplicaciones Inform\u00e1ticas"}]
INFO - 2026-05-02 22:40:20 --> Estudiante 15 -> servicios mapeados: [{"id_servicio":3,"nombre":"Secundario","salida_id":null,"salida_nombre":null,"es_tecnico":0},{"id_servicio":4,"nombre":"T\u00e9cnico Profesional - Comercio y Mercadeo","salida_id":1,"salida_nombre":"Comercio y Mercadeo","es_tecnico":1},{"id_servicio":4,"nombre":"T\u00e9cnico Profesional - Desarrollo y Administraci\u00f3n de Aplicaciones Inform\u00e1ticas","salida_id":2,"salida_nombre":"Desarrollo y Administraci\u00f3n de Aplicaciones Inform\u00e1ticas","es_tecnico":1}]
INFO - 2026-05-02 22:40:20 --> obtenerEstudiantes -> Estudiantes procesados: [{"id":"1","nombre":"Kevin Alejandro","apellido":"Kirkman Romanov","matricula":"2025-EDS-0001","id_grado_nivel":"12","id_escuela":"2","grado_nombre":"Tercero","nivel_nombre":"Secundaria","grado_nivel":"Tercero - Secundaria","inscrito":false,"servicios":[{"id_servicio":3,"nombre":"Secundario","salida_id":null,"salida_nombre":null,"es_tecnico":0},{"id_servicio":4,"nombre":"T\u00e9cnico Profesional - Comercio y Mercadeo","salida_id":1,"salida_nombre":"Comercio y Mercadeo","es_tecnico":1},{"id_servicio":4,"nombre":"T\u00e9cnico Profesional - Desarrollo y Administraci\u00f3n de Aplicaciones Inform\u00e1ticas","salida_id":2,"salida_nombre":"Desarrollo y Administraci\u00f3n de Aplicaciones Inform\u00e1ticas","es_tecnico":1}]},{"id":"2","nombre":"Jason Ezequiel","apellido":"Kirkman Romanov","matricula":"2025-EDS-0002","id_grado_nivel":"12","id_escuela":"2","grado_nombre":"Tercero","nivel_nombre":"Secundaria","grado_nivel":"Tercero - Secundaria","inscrito":false,"servicios":[{"id_servicio":3,"nombre":"Secundario","salida_id":null,"salida_nombre":null,"es_tecnico":0},{"id_servicio":4,"nombre":"T\u00e9cnico Profesional - Comercio y Mercadeo","salida_id":1,"salida_nombre":"Comercio y Mercadeo","es_tecnico":1},{"id_servicio":4,"nombre":"T\u00e9cnico Profesional - Desarrollo y Administraci\u00f3n de Aplicaciones Inform\u00e1ticas","salida_id":2,"salida_nombre":"Desarrollo y Administraci\u00f3n de Aplicaciones Inform\u00e1ticas","es_tecnico":1}]},{"id":"3","nombre":"Amanda Noelani","apellido":"Kirkman Romanov","matricula":"2025-EDS-0003","id_grado_nivel":"6","id_escuela":"1","grado_nombre":"Tercero","nivel_nombre":"Primaria","grado_nivel":"Tercero - Primaria","inscrito":false,"servicios":[{"id_servicio":1,"nombre":"Inicial","salida_id":null,"salida_nombre":null,"es_tecnico":0},{"id_servicio":2,"nombre":"Primario","salida_id":null,"salida_nombre":null,"es_tecnico":0}]},{"id":"15","nombre":"Leo","apellido":"Kircman","matricula":"2026-EDS-0009","id_grado_nivel":"10","id_escuela":"2","grado_nombre":"Primero","nivel_nombre":"Secundaria","grado_nivel":"Primero - Secundaria","inscrito":false,"servicios":[{"id_servicio":3,"nombre":"Secundario","salida_id":null,"salida_nombre":null,"es_tecnico":0},{"id_servicio":4,"nombre":"T\u00e9cnico Profesional - Comercio y Mercadeo","salida_id":1,"salida_nombre":"Comercio y Mercadeo","es_tecnico":1},{"id_servicio":4,"nombre":"T\u00e9cnico Profesional - Desarrollo y Administraci\u00f3n de Aplicaciones Inform\u00e1ticas","salida_id":2,"salida_nombre":"Desarrollo y Administraci\u00f3n de Aplicaciones Inform\u00e1ticas","es_tecnico":1}]}]
INFO - 2026-05-02 22:40:24 --> Session: Class initialized using 'CodeIgniter\Session\Handlers\FileHandler' driver.
INFO - 2026-05-02 22:40:24 --> [INSCRIP] (FORZADO SQL) binds=[1,1,12,3,2]
INFO - 2026-05-02 22:40:24 --> [INSCRIP] (FORZADO SQL) 

        SELECT
            c.id,
            cb.nombre_curso AS nombre_curso,
            c.capacidad,
            SUM(CASE WHEN i.id IS NOT NULL
                     AND i.id_schoolYear = ?
                     AND i.estado <> 'ANULADA'
                     THEN 1 ELSE 0 END) AS ocupados
        FROM cursos c
        JOIN cursos_base cb ON cb.id = c.id_cursos_base
        LEFT JOIN inscripciones i ON i.id_curso = c.id
        WHERE c.activo = 1
          AND c.id_schoolyear = ?
          AND cb.id_grado = ?
          AND cb.id_servicio = ?
           AND cb.id_escuela = ? 
          
        GROUP BY c.id, cb.nombre_curso, c.capacidad
        ORDER BY cb.nombre_curso ASC
    
INFO - 2026-05-02 22:40:24 --> [INSCRIP] (FORZADO SQL) rows=[{"id":"5","nombre_curso":"3ro Secundaria A","capacidad":30,"ocupados":0,"disponibilidad":"0\/30","disponibilidad_num":30},{"id":"6","nombre_curso":"3ro Secundaria B","capacidad":30,"ocupados":0,"disponibilidad":"0\/30","disponibilidad_num":30},{"id":"7","nombre_curso":"3ro Secundaria C","capacidad":30,"ocupados":0,"disponibilidad":"0\/30","disponibilidad_num":30}]
INFO - 2026-05-02 22:40:27 --> Session: Class initialized using 'CodeIgniter\Session\Handlers\FileHandler' driver.
INFO - 2026-05-02 22:40:27 --> [INSCRIP] (FORZADO SQL) binds=[1,1,12,3,2]
INFO - 2026-05-02 22:40:27 --> [INSCRIP] (FORZADO SQL) 

        SELECT
            c.id,
            cb.nombre_curso AS nombre_curso,
            c.capacidad,
            SUM(CASE WHEN i.id IS NOT NULL
                     AND i.id_schoolYear = ?
                     AND i.estado <> 'ANULADA'
                     THEN 1 ELSE 0 END) AS ocupados
        FROM cursos c
        JOIN cursos_base cb ON cb.id = c.id_cursos_base
        LEFT JOIN inscripciones i ON i.id_curso = c.id
        WHERE c.activo = 1
          AND c.id_schoolyear = ?
          AND cb.id_grado = ?
          AND cb.id_servicio = ?
           AND cb.id_escuela = ? 
          
        GROUP BY c.id, cb.nombre_curso, c.capacidad
        ORDER BY cb.nombre_curso ASC
    
INFO - 2026-05-02 22:40:27 --> [INSCRIP] (FORZADO SQL) rows=[{"id":"5","nombre_curso":"3ro Secundaria A","capacidad":30,"ocupados":0,"disponibilidad":"0\/30","disponibilidad_num":30},{"id":"6","nombre_curso":"3ro Secundaria B","capacidad":30,"ocupados":0,"disponibilidad":"0\/30","disponibilidad_num":30},{"id":"7","nombre_curso":"3ro Secundaria C","capacidad":30,"ocupados":0,"disponibilidad":"0\/30","disponibilidad_num":30}]
INFO - 2026-05-02 22:40:30 --> Session: Class initialized using 'CodeIgniter\Session\Handlers\FileHandler' driver.
INFO - 2026-05-02 22:40:30 --> [INSCRIP] (FORZADO SQL) binds=[1,1,6,2,1]
INFO - 2026-05-02 22:40:30 --> [INSCRIP] (FORZADO SQL) 

        SELECT
            c.id,
            cb.nombre_curso AS nombre_curso,
            c.capacidad,
            SUM(CASE WHEN i.id IS NOT NULL
                     AND i.id_schoolYear = ?
                     AND i.estado <> 'ANULADA'
                     THEN 1 ELSE 0 END) AS ocupados
        FROM cursos c
        JOIN cursos_base cb ON cb.id = c.id_cursos_base
        LEFT JOIN inscripciones i ON i.id_curso = c.id
        WHERE c.activo = 1
          AND c.id_schoolyear = ?
          AND cb.id_grado = ?
          AND cb.id_servicio = ?
           AND cb.id_escuela = ? 
          
        GROUP BY c.id, cb.nombre_curso, c.capacidad
        ORDER BY cb.nombre_curso ASC
    
INFO - 2026-05-02 22:40:30 --> [INSCRIP] (FORZADO SQL) rows=[{"id":"19","nombre_curso":"3ro Primaria A","capacidad":30,"ocupados":0,"disponibilidad":"0\/30","disponibilidad_num":30}]
INFO - 2026-05-02 22:40:32 --> Session: Class initialized using 'CodeIgniter\Session\Handlers\FileHandler' driver.
INFO - 2026-05-02 22:40:32 --> [INSCRIP] (FORZADO SQL) binds=[1,1,10,3,2]
INFO - 2026-05-02 22:40:32 --> [INSCRIP] (FORZADO SQL) 

        SELECT
            c.id,
            cb.nombre_curso AS nombre_curso,
            c.capacidad,
            SUM(CASE WHEN i.id IS NOT NULL
                     AND i.id_schoolYear = ?
                     AND i.estado <> 'ANULADA'
                     THEN 1 ELSE 0 END) AS ocupados
        FROM cursos c
        JOIN cursos_base cb ON cb.id = c.id_cursos_base
        LEFT JOIN inscripciones i ON i.id_curso = c.id
        WHERE c.activo = 1
          AND c.id_schoolyear = ?
          AND cb.id_grado = ?
          AND cb.id_servicio = ?
           AND cb.id_escuela = ? 
          
        GROUP BY c.id, cb.nombre_curso, c.capacidad
        ORDER BY cb.nombre_curso ASC
    
INFO - 2026-05-02 22:40:32 --> [INSCRIP] (FORZADO SQL) rows=[{"id":"1","nombre_curso":"1ro Secundaria A","capacidad":30,"ocupados":0,"disponibilidad":"0\/30","disponibilidad_num":30},{"id":"2","nombre_curso":"1ro Secundaria B","capacidad":30,"ocupados":0,"disponibilidad":"0\/30","disponibilidad_num":30}]
INFO - 2026-05-02 22:40:58 --> Session: Class initialized using 'CodeIgniter\Session\Handlers\FileHandler' driver.
DEBUG - 2026-05-02 22:41:00 --> --- Generando nueva factura ---
DEBUG - 2026-05-02 22:41:00 --> Responsable ID: 1
DEBUG - 2026-05-02 22:41:00 --> Pagos: [1,2,3,4]
DEBUG - 2026-05-02 22:41:00 --> Total: 6000
DEBUG - 2026-05-02 22:41:00 --> Detalles: [{"concepto":"Inscripci\u00f3n","estudiante":"Kevin Alejandro Kirkman Romanov","monto":"1500.00"},{"concepto":"Inscripci\u00f3n","estudiante":"Jason Ezequiel Kirkman Romanov","monto":"1500.00"},{"concepto":"Inscripci\u00f3n","estudiante":"Amanda Noelani Kirkman Romanov","monto":"1500.00"},{"concepto":"Inscripci\u00f3n","estudiante":"Leo Kircman","monto":"1500.00"}]
DEBUG - 2026-05-02 22:41:00 --> Datos de factura a guardar: {"numero_factura":"FAC-20260502-69f67d7c27558","id_responsable":"1","nombre_responsable":"Thomas Adam Kirkman","fecha_emision":"2026-05-02","total":6000,"estado":"Pago","detalles":"[{\"concepto\":\"Inscripci\\u00f3n\",\"estudiante\":\"Kevin Alejandro Kirkman Romanov\",\"monto\":\"1500.00\"},{\"concepto\":\"Inscripci\\u00f3n\",\"estudiante\":\"Jason Ezequiel Kirkman Romanov\",\"monto\":\"1500.00\"},{\"concepto\":\"Inscripci\\u00f3n\",\"estudiante\":\"Amanda Noelani Kirkman Romanov\",\"monto\":\"1500.00\"},{\"concepto\":\"Inscripci\\u00f3n\",\"estudiante\":\"Leo Kircman\",\"monto\":\"1500.00\"}]","pagos_relacionados":"[1,2,3,4]"}
DEBUG - 2026-05-02 22:41:00 --> ✅ Factura guardada correctamente. ID generado: 15
DEBUG - 2026-05-02 22:41:00 --> 🧾 Pago 1 vinculado a factura 15
DEBUG - 2026-05-02 22:41:00 --> 🧾 Pago 2 vinculado a factura 15
DEBUG - 2026-05-02 22:41:00 --> 🧾 Pago 3 vinculado a factura 15
DEBUG - 2026-05-02 22:41:00 --> 🧾 Pago 4 vinculado a factura 15
DEBUG - 2026-05-02 22:41:00 --> --- Fin del proceso de generación de factura ---
INFO - 2026-05-02 22:41:00 --> Session: Class initialized using 'CodeIgniter\Session\Handlers\FileHandler' driver.
INFO - 2026-05-02 22:42:43 --> Session: Class initialized using 'CodeIgniter\Session\Handlers\FileHandler' driver.
INFO - 2026-05-02 22:42:45 --> Session: Class initialized using 'CodeIgniter\Session\Handlers\FileHandler' driver.
INFO - 2026-05-02 22:42:49 --> Session: Class initialized using 'CodeIgniter\Session\Handlers\FileHandler' driver.
INFO - 2026-05-02 22:42:49 --> obtenerEstudiantes -> idResponsable recibido: 5
INFO - 2026-05-02 22:42:49 --> obtenerEstudiantes -> Estudiantes crudos obtenidos: [{"id":"16","nombre":"Patrick Jones","apellido":"Duncan","matricula":"2026-EDS-0010","id_grado_nivel":"10","id_escuela":"2","grado_nombre":"Primero","nivel_nombre":"Secundaria"},{"id":"5","nombre":"Gabriel Benjamin","apellido":"Duncan Blankenhooper","matricula":"2025-EDS-0005","id_grado_nivel":"12","id_escuela":"2","grado_nombre":"Tercero","nivel_nombre":"Secundaria"}]
INFO - 2026-05-02 22:42:49 --> Procesando estudiante: {"id":"16","nombre":"Patrick Jones","apellido":"Duncan","matricula":"2026-EDS-0010","id_grado_nivel":"10","id_escuela":"2","grado_nombre":"Primero","nivel_nombre":"Secundaria"}
INFO - 2026-05-02 22:42:49 --> Servicios+salidas crudos (escuela 2): [{"id_servicio":"3","servicio_nombre":"Secundario","servicio_activo":"1","salida_id":null,"salida_nombre":null},{"id_servicio":"4","servicio_nombre":"T\u00e9cnico Profesional","servicio_activo":"1","salida_id":"1","salida_nombre":"Comercio y Mercadeo"},{"id_servicio":"4","servicio_nombre":"T\u00e9cnico Profesional","servicio_activo":"1","salida_id":"2","salida_nombre":"Desarrollo y Administraci\u00f3n de Aplicaciones Inform\u00e1ticas"}]
INFO - 2026-05-02 22:42:49 --> Estudiante 16 -> servicios mapeados: [{"id_servicio":3,"nombre":"Secundario","salida_id":null,"salida_nombre":null,"es_tecnico":0},{"id_servicio":4,"nombre":"T\u00e9cnico Profesional - Comercio y Mercadeo","salida_id":1,"salida_nombre":"Comercio y Mercadeo","es_tecnico":1},{"id_servicio":4,"nombre":"T\u00e9cnico Profesional - Desarrollo y Administraci\u00f3n de Aplicaciones Inform\u00e1ticas","salida_id":2,"salida_nombre":"Desarrollo y Administraci\u00f3n de Aplicaciones Inform\u00e1ticas","es_tecnico":1}]
INFO - 2026-05-02 22:42:49 --> Procesando estudiante: {"id":"5","nombre":"Gabriel Benjamin","apellido":"Duncan Blankenhooper","matricula":"2025-EDS-0005","id_grado_nivel":"12","id_escuela":"2","grado_nombre":"Tercero","nivel_nombre":"Secundaria"}
INFO - 2026-05-02 22:42:49 --> Servicios+salidas crudos (escuela 2): [{"id_servicio":"3","servicio_nombre":"Secundario","servicio_activo":"1","salida_id":null,"salida_nombre":null},{"id_servicio":"4","servicio_nombre":"T\u00e9cnico Profesional","servicio_activo":"1","salida_id":"1","salida_nombre":"Comercio y Mercadeo"},{"id_servicio":"4","servicio_nombre":"T\u00e9cnico Profesional","servicio_activo":"1","salida_id":"2","salida_nombre":"Desarrollo y Administraci\u00f3n de Aplicaciones Inform\u00e1ticas"}]
INFO - 2026-05-02 22:42:49 --> Estudiante 5 -> servicios mapeados: [{"id_servicio":3,"nombre":"Secundario","salida_id":null,"salida_nombre":null,"es_tecnico":0},{"id_servicio":4,"nombre":"T\u00e9cnico Profesional - Comercio y Mercadeo","salida_id":1,"salida_nombre":"Comercio y Mercadeo","es_tecnico":1},{"id_servicio":4,"nombre":"T\u00e9cnico Profesional - Desarrollo y Administraci\u00f3n de Aplicaciones Inform\u00e1ticas","salida_id":2,"salida_nombre":"Desarrollo y Administraci\u00f3n de Aplicaciones Inform\u00e1ticas","es_tecnico":1}]
INFO - 2026-05-02 22:42:49 --> obtenerEstudiantes -> Estudiantes procesados: [{"id":"16","nombre":"Patrick Jones","apellido":"Duncan","matricula":"2026-EDS-0010","id_grado_nivel":"10","id_escuela":"2","grado_nombre":"Primero","nivel_nombre":"Secundaria","grado_nivel":"Primero - Secundaria","inscrito":false,"servicios":[{"id_servicio":3,"nombre":"Secundario","salida_id":null,"salida_nombre":null,"es_tecnico":0},{"id_servicio":4,"nombre":"T\u00e9cnico Profesional - Comercio y Mercadeo","salida_id":1,"salida_nombre":"Comercio y Mercadeo","es_tecnico":1},{"id_servicio":4,"nombre":"T\u00e9cnico Profesional - Desarrollo y Administraci\u00f3n de Aplicaciones Inform\u00e1ticas","salida_id":2,"salida_nombre":"Desarrollo y Administraci\u00f3n de Aplicaciones Inform\u00e1ticas","es_tecnico":1}]},{"id":"5","nombre":"Gabriel Benjamin","apellido":"Duncan Blankenhooper","matricula":"2025-EDS-0005","id_grado_nivel":"12","id_escuela":"2","grado_nombre":"Tercero","nivel_nombre":"Secundaria","grado_nivel":"Tercero - Secundaria","inscrito":false,"servicios":[{"id_servicio":3,"nombre":"Secundario","salida_id":null,"salida_nombre":null,"es_tecnico":0},{"id_servicio":4,"nombre":"T\u00e9cnico Profesional - Comercio y Mercadeo","salida_id":1,"salida_nombre":"Comercio y Mercadeo","es_tecnico":1},{"id_servicio":4,"nombre":"T\u00e9cnico Profesional - Desarrollo y Administraci\u00f3n de Aplicaciones Inform\u00e1ticas","salida_id":2,"salida_nombre":"Desarrollo y Administraci\u00f3n de Aplicaciones Inform\u00e1ticas","es_tecnico":1}]}]
INFO - 2026-05-02 22:42:58 --> Session: Class initialized using 'CodeIgniter\Session\Handlers\FileHandler' driver.
INFO - 2026-05-02 22:42:58 --> [INSCRIP] (FORZADO SQL) binds=[1,1,10,3,2]
INFO - 2026-05-02 22:42:58 --> [INSCRIP] (FORZADO SQL) 

        SELECT
            c.id,
            cb.nombre_curso AS nombre_curso,
            c.capacidad,
            SUM(CASE WHEN i.id IS NOT NULL
                     AND i.id_schoolYear = ?
                     AND i.estado <> 'ANULADA'
                     THEN 1 ELSE 0 END) AS ocupados
        FROM cursos c
        JOIN cursos_base cb ON cb.id = c.id_cursos_base
        LEFT JOIN inscripciones i ON i.id_curso = c.id
        WHERE c.activo = 1
          AND c.id_schoolyear = ?
          AND cb.id_grado = ?
          AND cb.id_servicio = ?
           AND cb.id_escuela = ? 
          
        GROUP BY c.id, cb.nombre_curso, c.capacidad
        ORDER BY cb.nombre_curso ASC
    
INFO - 2026-05-02 22:42:58 --> [INSCRIP] (FORZADO SQL) rows=[{"id":"1","nombre_curso":"1ro Secundaria A","capacidad":30,"ocupados":1,"disponibilidad":"1\/30","disponibilidad_num":29},{"id":"2","nombre_curso":"1ro Secundaria B","capacidad":30,"ocupados":0,"disponibilidad":"0\/30","disponibilidad_num":30}]
INFO - 2026-05-02 22:42:59 --> Session: Class initialized using 'CodeIgniter\Session\Handlers\FileHandler' driver.
INFO - 2026-05-02 22:42:59 --> [INSCRIP] (FORZADO SQL) binds=[1,1,12,3,2]
INFO - 2026-05-02 22:42:59 --> [INSCRIP] (FORZADO SQL) 

        SELECT
            c.id,
            cb.nombre_curso AS nombre_curso,
            c.capacidad,
            SUM(CASE WHEN i.id IS NOT NULL
                     AND i.id_schoolYear = ?
                     AND i.estado <> 'ANULADA'
                     THEN 1 ELSE 0 END) AS ocupados
        FROM cursos c
        JOIN cursos_base cb ON cb.id = c.id_cursos_base
        LEFT JOIN inscripciones i ON i.id_curso = c.id
        WHERE c.activo = 1
          AND c.id_schoolyear = ?
          AND cb.id_grado = ?
          AND cb.id_servicio = ?
           AND cb.id_escuela = ? 
          
        GROUP BY c.id, cb.nombre_curso, c.capacidad
        ORDER BY cb.nombre_curso ASC
    
INFO - 2026-05-02 22:42:59 --> [INSCRIP] (FORZADO SQL) rows=[{"id":"5","nombre_curso":"3ro Secundaria A","capacidad":30,"ocupados":2,"disponibilidad":"2\/30","disponibilidad_num":28},{"id":"6","nombre_curso":"3ro Secundaria B","capacidad":30,"ocupados":0,"disponibilidad":"0\/30","disponibilidad_num":30},{"id":"7","nombre_curso":"3ro Secundaria C","capacidad":30,"ocupados":0,"disponibilidad":"0\/30","disponibilidad_num":30}]
INFO - 2026-05-02 22:43:28 --> Session: Class initialized using 'CodeIgniter\Session\Handlers\FileHandler' driver.
DEBUG - 2026-05-02 22:43:29 --> --- Generando nueva factura ---
DEBUG - 2026-05-02 22:43:29 --> Responsable ID: 5
DEBUG - 2026-05-02 22:43:29 --> Pagos: [5,6,7,8,9,10,11,12,13,14,15,16,17,18,19,20,21,22,23,24,25,26,27,28,29,30]
DEBUG - 2026-05-02 22:43:29 --> Total: 22200
DEBUG - 2026-05-02 22:43:29 --> Detalles: [{"concepto":"Inscripci\u00f3n","estudiante":"Patrick Jones Duncan","monto":"1500.00"},{"concepto":"Mensualidad (Enero)","estudiante":"Patrick Jones Duncan","monto":"800.00"},{"concepto":"Mensualidad (Febrero)","estudiante":"Patrick Jones Duncan","monto":"800.00"},{"concepto":"Mensualidad (Marzo)","estudiante":"Patrick Jones Duncan","monto":"800.00"},{"concepto":"Mensualidad (Abril)","estudiante":"Patrick Jones Duncan","monto":"800.00"},{"concepto":"Mensualidad (Mayo)","estudiante":"Patrick Jones Duncan","monto":"800.00"},{"concepto":"Mensualidad (Junio)","estudiante":"Patrick Jones Duncan","monto":"800.00"},{"concepto":"Mensualidad (Julio)","estudiante":"Patrick Jones Duncan","monto":"800.00"},{"concepto":"Mensualidad (Agosto)","estudiante":"Patrick Jones Duncan","monto":"800.00"},{"concepto":"Mensualidad (Septiembre)","estudiante":"Patrick Jones Duncan","monto":"800.00"},{"concepto":"Mensualidad (Octubre)","estudiante":"Patrick Jones Duncan","monto":"800.00"},{"concepto":"Mensualidad (Noviembre)","estudiante":"Patrick Jones Duncan","monto":"800.00"},{"concepto":"Mensualidad (Diciembre)","estudiante":"Patrick Jones Duncan","monto":"800.00"},{"concepto":"Inscripci\u00f3n","estudiante":"Gabriel Benjamin Duncan Blankenhooper","monto":"1500.00"},{"concepto":"Mensualidad (Enero)","estudiante":"Gabriel Benjamin Duncan Blankenhooper","monto":"800.00"},{"concepto":"Mensualidad (Febrero)","estudiante":"Gabriel Benjamin Duncan Blankenhooper","monto":"800.00"},{"concepto":"Mensualidad (Marzo)","estudiante":"Gabriel Benjamin Duncan Blankenhooper","monto":"800.00"},{"concepto":"Mensualidad (Abril)","estudiante":"Gabriel Benjamin Duncan Blankenhooper","monto":"800.00"},{"concepto":"Mensualidad (Mayo)","estudiante":"Gabriel Benjamin Duncan Blankenhooper","monto":"800.00"},{"concepto":"Mensualidad (Junio)","estudiante":"Gabriel Benjamin Duncan Blankenhooper","monto":"800.00"},{"concepto":"Mensualidad (Julio)","estudiante":"Gabriel Benjamin Duncan Blankenhooper","monto":"800.00"},{"concepto":"Mensualidad (Agosto)","estudiante":"Gabriel Benjamin Duncan Blankenhooper","monto":"800.00"},{"concepto":"Mensualidad (Septiembre)","estudiante":"Gabriel Benjamin Duncan Blankenhooper","monto":"800.00"},{"concepto":"Mensualidad (Octubre)","estudiante":"Gabriel Benjamin Duncan Blankenhooper","monto":"800.00"},{"concepto":"Mensualidad (Noviembre)","estudiante":"Gabriel Benjamin Duncan Blankenhooper","monto":"800.00"},{"concepto":"Mensualidad (Diciembre)","estudiante":"Gabriel Benjamin Duncan Blankenhooper","monto":"800.00"}]
DEBUG - 2026-05-02 22:43:29 --> Datos de factura a guardar: {"numero_factura":"FAC-20260502-69f67e112ee75","id_responsable":"5","nombre_responsable":"Robert Duncan","fecha_emision":"2026-05-02","total":22200,"estado":"Pago","detalles":"[{\"concepto\":\"Inscripci\\u00f3n\",\"estudiante\":\"Patrick Jones Duncan\",\"monto\":\"1500.00\"},{\"concepto\":\"Mensualidad (Enero)\",\"estudiante\":\"Patrick Jones Duncan\",\"monto\":\"800.00\"},{\"concepto\":\"Mensualidad (Febrero)\",\"estudiante\":\"Patrick Jones Duncan\",\"monto\":\"800.00\"},{\"concepto\":\"Mensualidad (Marzo)\",\"estudiante\":\"Patrick Jones Duncan\",\"monto\":\"800.00\"},{\"concepto\":\"Mensualidad (Abril)\",\"estudiante\":\"Patrick Jones Duncan\",\"monto\":\"800.00\"},{\"concepto\":\"Mensualidad (Mayo)\",\"estudiante\":\"Patrick Jones Duncan\",\"monto\":\"800.00\"},{\"concepto\":\"Mensualidad (Junio)\",\"estudiante\":\"Patrick Jones Duncan\",\"monto\":\"800.00\"},{\"concepto\":\"Mensualidad (Julio)\",\"estudiante\":\"Patrick Jones Duncan\",\"monto\":\"800.00\"},{\"concepto\":\"Mensualidad (Agosto)\",\"estudiante\":\"Patrick Jones Duncan\",\"monto\":\"800.00\"},{\"concepto\":\"Mensualidad (Septiembre)\",\"estudiante\":\"Patrick Jones Duncan\",\"monto\":\"800.00\"},{\"concepto\":\"Mensualidad (Octubre)\",\"estudiante\":\"Patrick Jones Duncan\",\"monto\":\"800.00\"},{\"concepto\":\"Mensualidad (Noviembre)\",\"estudiante\":\"Patrick Jones Duncan\",\"monto\":\"800.00\"},{\"concepto\":\"Mensualidad (Diciembre)\",\"estudiante\":\"Patrick Jones Duncan\",\"monto\":\"800.00\"},{\"concepto\":\"Inscripci\\u00f3n\",\"estudiante\":\"Gabriel Benjamin Duncan Blankenhooper\",\"monto\":\"1500.00\"},{\"concepto\":\"Mensualidad (Enero)\",\"estudiante\":\"Gabriel Benjamin Duncan Blankenhooper\",\"monto\":\"800.00\"},{\"concepto\":\"Mensualidad (Febrero)\",\"estudiante\":\"Gabriel Benjamin Duncan Blankenhooper\",\"monto\":\"800.00\"},{\"concepto\":\"Mensualidad (Marzo)\",\"estudiante\":\"Gabriel Benjamin Duncan Blankenhooper\",\"monto\":\"800.00\"},{\"concepto\":\"Mensualidad (Abril)\",\"estudiante\":\"Gabriel Benjamin Duncan Blankenhooper\",\"monto\":\"800.00\"},{\"concepto\":\"Mensualidad (Mayo)\",\"estudiante\":\"Gabriel Benjamin Duncan Blankenhooper\",\"monto\":\"800.00\"},{\"concepto\":\"Mensualidad (Junio)\",\"estudiante\":\"Gabriel Benjamin Duncan Blankenhooper\",\"monto\":\"800.00\"},{\"concepto\":\"Mensualidad (Julio)\",\"estudiante\":\"Gabriel Benjamin Duncan Blankenhooper\",\"monto\":\"800.00\"},{\"concepto\":\"Mensualidad (Agosto)\",\"estudiante\":\"Gabriel Benjamin Duncan Blankenhooper\",\"monto\":\"800.00\"},{\"concepto\":\"Mensualidad (Septiembre)\",\"estudiante\":\"Gabriel Benjamin Duncan Blankenhooper\",\"monto\":\"800.00\"},{\"concepto\":\"Mensualidad (Octubre)\",\"estudiante\":\"Gabriel Benjamin Duncan Blankenhooper\",\"monto\":\"800.00\"},{\"concepto\":\"Mensualidad (Noviembre)\",\"estudiante\":\"Gabriel Benjamin Duncan Blankenhooper\",\"monto\":\"800.00\"},{\"concepto\":\"Mensualidad (Diciembre)\",\"estudiante\":\"Gabriel Benjamin Duncan Blankenhooper\",\"monto\":\"800.00\"}]","pagos_relacionados":"[5,6,7,8,9,10,11,12,13,14,15,16,17,18,19,20,21,22,23,24,25,26,27,28,29,30]"}
DEBUG - 2026-05-02 22:43:29 --> ✅ Factura guardada correctamente. ID generado: 16
DEBUG - 2026-05-02 22:43:29 --> 🧾 Pago 5 vinculado a factura 16
DEBUG - 2026-05-02 22:43:29 --> 🧾 Pago 6 vinculado a factura 16
DEBUG - 2026-05-02 22:43:29 --> 🧾 Pago 7 vinculado a factura 16
DEBUG - 2026-05-02 22:43:29 --> 🧾 Pago 8 vinculado a factura 16
DEBUG - 2026-05-02 22:43:29 --> 🧾 Pago 9 vinculado a factura 16
DEBUG - 2026-05-02 22:43:29 --> 🧾 Pago 10 vinculado a factura 16
DEBUG - 2026-05-02 22:43:29 --> 🧾 Pago 11 vinculado a factura 16
DEBUG - 2026-05-02 22:43:29 --> 🧾 Pago 12 vinculado a factura 16
DEBUG - 2026-05-02 22:43:29 --> 🧾 Pago 13 vinculado a factura 16
DEBUG - 2026-05-02 22:43:29 --> 🧾 Pago 14 vinculado a factura 16
DEBUG - 2026-05-02 22:43:29 --> 🧾 Pago 15 vinculado a factura 16
DEBUG - 2026-05-02 22:43:29 --> 🧾 Pago 16 vinculado a factura 16
DEBUG - 2026-05-02 22:43:29 --> 🧾 Pago 17 vinculado a factura 16
DEBUG - 2026-05-02 22:43:29 --> 🧾 Pago 18 vinculado a factura 16
DEBUG - 2026-05-02 22:43:29 --> 🧾 Pago 19 vinculado a factura 16
DEBUG - 2026-05-02 22:43:29 --> 🧾 Pago 20 vinculado a factura 16
DEBUG - 2026-05-02 22:43:29 --> 🧾 Pago 21 vinculado a factura 16
DEBUG - 2026-05-02 22:43:29 --> 🧾 Pago 22 vinculado a factura 16
DEBUG - 2026-05-02 22:43:29 --> 🧾 Pago 23 vinculado a factura 16
DEBUG - 2026-05-02 22:43:29 --> 🧾 Pago 24 vinculado a factura 16
DEBUG - 2026-05-02 22:43:29 --> 🧾 Pago 25 vinculado a factura 16
DEBUG - 2026-05-02 22:43:29 --> 🧾 Pago 26 vinculado a factura 16
DEBUG - 2026-05-02 22:43:29 --> 🧾 Pago 27 vinculado a factura 16
DEBUG - 2026-05-02 22:43:29 --> 🧾 Pago 28 vinculado a factura 16
DEBUG - 2026-05-02 22:43:29 --> 🧾 Pago 29 vinculado a factura 16
DEBUG - 2026-05-02 22:43:29 --> 🧾 Pago 30 vinculado a factura 16
DEBUG - 2026-05-02 22:43:29 --> --- Fin del proceso de generación de factura ---
INFO - 2026-05-02 22:43:30 --> Session: Class initialized using 'CodeIgniter\Session\Handlers\FileHandler' driver.
INFO - 2026-05-02 22:43:44 --> Session: Class initialized using 'CodeIgniter\Session\Handlers\FileHandler' driver.
INFO - 2026-05-02 22:43:47 --> Session: Class initialized using 'CodeIgniter\Session\Handlers\FileHandler' driver.
INFO - 2026-05-02 22:43:53 --> Session: Class initialized using 'CodeIgniter\Session\Handlers\FileHandler' driver.
DEBUG - 2026-05-02 22:43:53 --> 👤 Estudiante 5
WARNING - 2026-05-02 22:43:53 --> [DEPRECATED] trim(): Passing null to parameter #1 ($string) of type string is deprecated in APPPATH\Controllers\Pagos.php on line 764.
 1 APPPATH\Controllers\Pagos.php(764): trim(null)
 2 [internal function]: App\Controllers\Pagos->App\Controllers\{closure}([...])
 3 APPPATH\Controllers\Pagos.php(763): array_map(Object(Closure), [...])
 4 SYSTEMPATH\CodeIgniter.php(933): App\Controllers\Pagos->obtenerMensualidadesPendientes()
 5 SYSTEMPATH\CodeIgniter.php(509): CodeIgniter\CodeIgniter->runController(Object(App\Controllers\Pagos))
 6 SYSTEMPATH\CodeIgniter.php(355): CodeIgniter\CodeIgniter->handleRequest(null, Object(Config\Cache), false)
 7 SYSTEMPATH\Boot.php(325): CodeIgniter\CodeIgniter->run()
 8 SYSTEMPATH\Boot.php(67): CodeIgniter\Boot::runCodeIgniter(Object(CodeIgniter\CodeIgniter))
 9 FCPATH\index.php(56): CodeIgniter\Boot::bootWeb(Object(Config\Paths))
DEBUG - 2026-05-02 22:43:53 --> 💰 Meses pagados: ["","enero","febrero","marzo","abril","mayo","junio","julio","agosto","septiembre","octubre","noviembre","diciembre"]
DEBUG - 2026-05-02 22:43:53 --> 📊 Pendientes: [{"numero":1,"nombre":"Enero","monto":"800.00"},{"numero":2,"nombre":"Febrero","monto":"800.00"},{"numero":3,"nombre":"Marzo","monto":"800.00"},{"numero":4,"nombre":"Abril","monto":"800.00"},{"numero":5,"nombre":"Mayo","monto":"800.00"},{"numero":6,"nombre":"Junio","monto":"800.00"},{"numero":7,"nombre":"Julio","monto":"800.00"},{"numero":8,"nombre":"Agosto","monto":"800.00"},{"numero":9,"nombre":"Septiembre","monto":"800.00"},{"numero":10,"nombre":"Octubre","monto":"800.00"},{"numero":11,"nombre":"Noviembre","monto":"800.00"},{"numero":12,"nombre":"Diciembre","monto":"800.00"}]
DEBUG - 2026-05-02 22:43:53 --> 👤 Estudiante 16
WARNING - 2026-05-02 22:43:53 --> [DEPRECATED] trim(): Passing null to parameter #1 ($string) of type string is deprecated in APPPATH\Controllers\Pagos.php on line 764.
 1 APPPATH\Controllers\Pagos.php(764): trim(null)
 2 [internal function]: App\Controllers\Pagos->App\Controllers\{closure}([...])
 3 APPPATH\Controllers\Pagos.php(763): array_map(Object(Closure), [...])
 4 SYSTEMPATH\CodeIgniter.php(933): App\Controllers\Pagos->obtenerMensualidadesPendientes()
 5 SYSTEMPATH\CodeIgniter.php(509): CodeIgniter\CodeIgniter->runController(Object(App\Controllers\Pagos))
 6 SYSTEMPATH\CodeIgniter.php(355): CodeIgniter\CodeIgniter->handleRequest(null, Object(Config\Cache), false)
 7 SYSTEMPATH\Boot.php(325): CodeIgniter\CodeIgniter->run()
 8 SYSTEMPATH\Boot.php(67): CodeIgniter\Boot::runCodeIgniter(Object(CodeIgniter\CodeIgniter))
 9 FCPATH\index.php(56): CodeIgniter\Boot::bootWeb(Object(Config\Paths))
DEBUG - 2026-05-02 22:43:53 --> 💰 Meses pagados: ["","enero","febrero","marzo","abril","mayo","junio","julio","agosto","septiembre","octubre","noviembre","diciembre"]
DEBUG - 2026-05-02 22:43:53 --> 📊 Pendientes: [{"numero":1,"nombre":"Enero","monto":"800.00"},{"numero":2,"nombre":"Febrero","monto":"800.00"},{"numero":3,"nombre":"Marzo","monto":"800.00"},{"numero":4,"nombre":"Abril","monto":"800.00"},{"numero":5,"nombre":"Mayo","monto":"800.00"},{"numero":6,"nombre":"Junio","monto":"800.00"},{"numero":7,"nombre":"Julio","monto":"800.00"},{"numero":8,"nombre":"Agosto","monto":"800.00"},{"numero":9,"nombre":"Septiembre","monto":"800.00"},{"numero":10,"nombre":"Octubre","monto":"800.00"},{"numero":11,"nombre":"Noviembre","monto":"800.00"},{"numero":12,"nombre":"Diciembre","monto":"800.00"}]
INFO - 2026-05-02 22:43:57 --> Session: Class initialized using 'CodeIgniter\Session\Handlers\FileHandler' driver.
INFO - 2026-05-02 22:43:59 --> Session: Class initialized using 'CodeIgniter\Session\Handlers\FileHandler' driver.
DEBUG - 2026-05-02 22:43:59 --> 👤 Estudiante 5
WARNING - 2026-05-02 22:43:59 --> [DEPRECATED] trim(): Passing null to parameter #1 ($string) of type string is deprecated in APPPATH\Controllers\Pagos.php on line 764.
 1 APPPATH\Controllers\Pagos.php(764): trim(null)
 2 [internal function]: App\Controllers\Pagos->App\Controllers\{closure}([...])
 3 APPPATH\Controllers\Pagos.php(763): array_map(Object(Closure), [...])
 4 SYSTEMPATH\CodeIgniter.php(933): App\Controllers\Pagos->obtenerMensualidadesPendientes()
 5 SYSTEMPATH\CodeIgniter.php(509): CodeIgniter\CodeIgniter->runController(Object(App\Controllers\Pagos))
 6 SYSTEMPATH\CodeIgniter.php(355): CodeIgniter\CodeIgniter->handleRequest(null, Object(Config\Cache), false)
 7 SYSTEMPATH\Boot.php(325): CodeIgniter\CodeIgniter->run()
 8 SYSTEMPATH\Boot.php(67): CodeIgniter\Boot::runCodeIgniter(Object(CodeIgniter\CodeIgniter))
 9 FCPATH\index.php(56): CodeIgniter\Boot::bootWeb(Object(Config\Paths))
DEBUG - 2026-05-02 22:43:59 --> 💰 Meses pagados: ["","enero","febrero","marzo","abril","mayo","junio","julio","agosto","septiembre","octubre","noviembre","diciembre"]
DEBUG - 2026-05-02 22:43:59 --> 📊 Pendientes: [{"numero":1,"nombre":"Enero","monto":"800.00"},{"numero":2,"nombre":"Febrero","monto":"800.00"},{"numero":3,"nombre":"Marzo","monto":"800.00"},{"numero":4,"nombre":"Abril","monto":"800.00"},{"numero":5,"nombre":"Mayo","monto":"800.00"},{"numero":6,"nombre":"Junio","monto":"800.00"},{"numero":7,"nombre":"Julio","monto":"800.00"},{"numero":8,"nombre":"Agosto","monto":"800.00"},{"numero":9,"nombre":"Septiembre","monto":"800.00"},{"numero":10,"nombre":"Octubre","monto":"800.00"},{"numero":11,"nombre":"Noviembre","monto":"800.00"},{"numero":12,"nombre":"Diciembre","monto":"800.00"}]
DEBUG - 2026-05-02 22:43:59 --> 👤 Estudiante 16
WARNING - 2026-05-02 22:43:59 --> [DEPRECATED] trim(): Passing null to parameter #1 ($string) of type string is deprecated in APPPATH\Controllers\Pagos.php on line 764.
 1 APPPATH\Controllers\Pagos.php(764): trim(null)
 2 [internal function]: App\Controllers\Pagos->App\Controllers\{closure}([...])
 3 APPPATH\Controllers\Pagos.php(763): array_map(Object(Closure), [...])
 4 SYSTEMPATH\CodeIgniter.php(933): App\Controllers\Pagos->obtenerMensualidadesPendientes()
 5 SYSTEMPATH\CodeIgniter.php(509): CodeIgniter\CodeIgniter->runController(Object(App\Controllers\Pagos))
 6 SYSTEMPATH\CodeIgniter.php(355): CodeIgniter\CodeIgniter->handleRequest(null, Object(Config\Cache), false)
 7 SYSTEMPATH\Boot.php(325): CodeIgniter\CodeIgniter->run()
 8 SYSTEMPATH\Boot.php(67): CodeIgniter\Boot::runCodeIgniter(Object(CodeIgniter\CodeIgniter))
 9 FCPATH\index.php(56): CodeIgniter\Boot::bootWeb(Object(Config\Paths))
DEBUG - 2026-05-02 22:43:59 --> 💰 Meses pagados: ["","enero","febrero","marzo","abril","mayo","junio","julio","agosto","septiembre","octubre","noviembre","diciembre"]
DEBUG - 2026-05-02 22:43:59 --> 📊 Pendientes: [{"numero":1,"nombre":"Enero","monto":"800.00"},{"numero":2,"nombre":"Febrero","monto":"800.00"},{"numero":3,"nombre":"Marzo","monto":"800.00"},{"numero":4,"nombre":"Abril","monto":"800.00"},{"numero":5,"nombre":"Mayo","monto":"800.00"},{"numero":6,"nombre":"Junio","monto":"800.00"},{"numero":7,"nombre":"Julio","monto":"800.00"},{"numero":8,"nombre":"Agosto","monto":"800.00"},{"numero":9,"nombre":"Septiembre","monto":"800.00"},{"numero":10,"nombre":"Octubre","monto":"800.00"},{"numero":11,"nombre":"Noviembre","monto":"800.00"},{"numero":12,"nombre":"Diciembre","monto":"800.00"}]
