INFO - 2026-04-30 02:15:58 --> Session: Class initialized using 'CodeIgniter\Session\Handlers\FileHandler' driver.
INFO - 2026-04-30 02:18:02 --> Session: Class initialized using 'CodeIgniter\Session\Handlers\FileHandler' driver.
INFO - 2026-04-30 02:18:02 --> Session: Class initialized using 'CodeIgniter\Session\Handlers\FileHandler' driver.
WARNING - 2026-04-30 02:18:02 --> [DEPRECATED] Optional parameter $term declared before required parameter $idEscuela is implicitly treated as a required parameter in APPPATH\Models\PersonalModel.php on line 122.
 1 SYSTEMPATH\Autoloader\Autoloader.php(317): include_once('C:\\xampp\\htdocs\\censa\\system\\Debug\\Exceptions.php')
 2 SYSTEMPATH\Autoloader\Autoloader.php(296): CodeIgniter\Autoloader\Autoloader->includeFile('C:\\xampp\\htdocs\\censa\\app\\Models\\PersonalModel.php')
 3 SYSTEMPATH\Autoloader\Autoloader.php(272): CodeIgniter\Autoloader\Autoloader->loadInNamespace('App\\Models\\PersonalModel')
 4 APPPATH\Controllers\Usuarios.php(24): CodeIgniter\Autoloader\Autoloader->loadClass('App\\Models\\PersonalModel')
 5 SYSTEMPATH\CodeIgniter.php(903): App\Controllers\Usuarios->__construct()
 6 SYSTEMPATH\CodeIgniter.php(500): CodeIgniter\CodeIgniter->createController()
 7 SYSTEMPATH\CodeIgniter.php(355): CodeIgniter\CodeIgniter->handleRequest(null, Object(Config\Cache), false)
 8 SYSTEMPATH\Boot.php(325): CodeIgniter\CodeIgniter->run()
 9 SYSTEMPATH\Boot.php(67): CodeIgniter\Boot::runCodeIgniter(Object(CodeIgniter\CodeIgniter))
10 FCPATH\index.php(56): CodeIgniter\Boot::bootWeb(Object(Config\Paths))
INFO - 2026-04-30 02:18:08 --> Session: Class initialized using 'CodeIgniter\Session\Handlers\FileHandler' driver.
WARNING - 2026-04-30 02:18:08 --> [DEPRECATED] Optional parameter $term declared before required parameter $idEscuela is implicitly treated as a required parameter in APPPATH\Models\PersonalModel.php on line 122.
 1 SYSTEMPATH\Autoloader\Autoloader.php(317): include_once('C:\\xampp\\htdocs\\censa\\system\\Debug\\Exceptions.php')
 2 SYSTEMPATH\Autoloader\Autoloader.php(296): CodeIgniter\Autoloader\Autoloader->includeFile('C:\\xampp\\htdocs\\censa\\app\\Models\\PersonalModel.php')
 3 SYSTEMPATH\Autoloader\Autoloader.php(272): CodeIgniter\Autoloader\Autoloader->loadInNamespace('App\\Models\\PersonalModel')
 4 APPPATH\Controllers\Usuarios.php(24): CodeIgniter\Autoloader\Autoloader->loadClass('App\\Models\\PersonalModel')
 5 SYSTEMPATH\CodeIgniter.php(903): App\Controllers\Usuarios->__construct()
 6 SYSTEMPATH\CodeIgniter.php(500): CodeIgniter\CodeIgniter->createController()
 7 SYSTEMPATH\CodeIgniter.php(355): CodeIgniter\CodeIgniter->handleRequest(null, Object(Config\Cache), false)
 8 SYSTEMPATH\Boot.php(325): CodeIgniter\CodeIgniter->run()
 9 SYSTEMPATH\Boot.php(67): CodeIgniter\Boot::runCodeIgniter(Object(CodeIgniter\CodeIgniter))
10 FCPATH\index.php(56): CodeIgniter\Boot::bootWeb(Object(Config\Paths))
ERROR - 2026-04-30 02:18:09 --> Error connecting to the database: mysqli_sql_exception: Unknown database 'censa' in C:\xampp\htdocs\censa\system\Database\MySQLi\Connection.php:186
Stack trace:
#0 C:\xampp\htdocs\censa\system\Database\MySQLi\Connection.php(186): mysqli->real_connect('localhost', 'root', Object(SensitiveParameterValue), 'censa', 3306, '', 0)
#1 C:\xampp\htdocs\censa\system\Database\BaseConnection.php(421): CodeIgniter\Database\MySQLi\Connection->connect(false)
#2 C:\xampp\htdocs\censa\system\Database\BaseConnection.php(616): CodeIgniter\Database\BaseConnection->initialize()
#3 C:\xampp\htdocs\censa\system\Database\BaseBuilder.php(1644): CodeIgniter\Database\BaseConnection->query('SELECT *\nFROM `...', Array, false)
#4 C:\xampp\htdocs\censa\system\Model.php(330): CodeIgniter\Database\BaseBuilder->get()
#5 C:\xampp\htdocs\censa\system\BaseModel.php(714): CodeIgniter\Model->doFirst()
#6 C:\xampp\htdocs\censa\app\Models\UsuariosModel.php(42): CodeIgniter\BaseModel->first()
#7 C:\xampp\htdocs\censa\app\Controllers\Usuarios.php(44): App\Models\UsuariosModel->verificarCredenciales('rdmorontag')
#8 C:\xampp\htdocs\censa\system\CodeIgniter.php(933): App\Controllers\Usuarios->verificarLogin()
#9 C:\xampp\htdocs\censa\system\CodeIgniter.php(509): CodeIgniter\CodeIgniter->runController(Object(App\Controllers\Usuarios))
#10 C:\xampp\htdocs\censa\system\CodeIgniter.php(355): CodeIgniter\CodeIgniter->handleRequest(NULL, Object(Config\Cache), false)
#11 C:\xampp\htdocs\censa\system\Boot.php(325): CodeIgniter\CodeIgniter->run()
#12 C:\xampp\htdocs\censa\system\Boot.php(67): CodeIgniter\Boot::runCodeIgniter(Object(CodeIgniter\CodeIgniter))
#13 C:\xampp\htdocs\censa\public\index.php(56): CodeIgniter\Boot::bootWeb(Object(Config\Paths))
#14 {main}

Next CodeIgniter\Database\Exceptions\DatabaseException: Unknown database 'censa' in C:\xampp\htdocs\censa\system\Database\MySQLi\Connection.php:231
Stack trace:
#0 C:\xampp\htdocs\censa\system\Database\BaseConnection.php(421): CodeIgniter\Database\MySQLi\Connection->connect(false)
#1 C:\xampp\htdocs\censa\system\Database\BaseConnection.php(616): CodeIgniter\Database\BaseConnection->initialize()
#2 C:\xampp\htdocs\censa\system\Database\BaseBuilder.php(1644): CodeIgniter\Database\BaseConnection->query('SELECT *\nFROM `...', Array, false)
#3 C:\xampp\htdocs\censa\system\Model.php(330): CodeIgniter\Database\BaseBuilder->get()
#4 C:\xampp\htdocs\censa\system\BaseModel.php(714): CodeIgniter\Model->doFirst()
#5 C:\xampp\htdocs\censa\app\Models\UsuariosModel.php(42): CodeIgniter\BaseModel->first()
#6 C:\xampp\htdocs\censa\app\Controllers\Usuarios.php(44): App\Models\UsuariosModel->verificarCredenciales('rdmorontag')
#7 C:\xampp\htdocs\censa\system\CodeIgniter.php(933): App\Controllers\Usuarios->verificarLogin()
#8 C:\xampp\htdocs\censa\system\CodeIgniter.php(509): CodeIgniter\CodeIgniter->runController(Object(App\Controllers\Usuarios))
#9 C:\xampp\htdocs\censa\system\CodeIgniter.php(355): CodeIgniter\CodeIgniter->handleRequest(NULL, Object(Config\Cache), false)
#10 C:\xampp\htdocs\censa\system\Boot.php(325): CodeIgniter\CodeIgniter->run()
#11 C:\xampp\htdocs\censa\system\Boot.php(67): CodeIgniter\Boot::runCodeIgniter(Object(CodeIgniter\CodeIgniter))
#12 C:\xampp\htdocs\censa\public\index.php(56): CodeIgniter\Boot::bootWeb(Object(Config\Paths))
#13 {main}
CRITICAL - 2026-04-30 02:18:09 --> CodeIgniter\Database\Exceptions\DatabaseException: Unable to connect to the database.
Main connection [MySQLi]: Unknown database 'censa'
[Method: POST, Route: login/auth]
in SYSTEMPATH\Database\BaseConnection.php on line 467.
 1 SYSTEMPATH\Database\BaseConnection.php(616): CodeIgniter\Database\BaseConnection->initialize()
 2 SYSTEMPATH\Database\BaseBuilder.php(1644): CodeIgniter\Database\BaseConnection->query('SELECT *
FROM `usuarios`
WHERE `usuario` = :usuario:
AND `activo` = :activo:
 LIMIT 1', [...], false)
 3 SYSTEMPATH\Model.php(330): CodeIgniter\Database\BaseBuilder->get()
 4 SYSTEMPATH\BaseModel.php(714): CodeIgniter\Model->doFirst()
 5 APPPATH\Models\UsuariosModel.php(42): CodeIgniter\BaseModel->first()
 6 APPPATH\Controllers\Usuarios.php(44): App\Models\UsuariosModel->verificarCredenciales('rdmorontag')
 7 SYSTEMPATH\CodeIgniter.php(933): App\Controllers\Usuarios->verificarLogin()
 8 SYSTEMPATH\CodeIgniter.php(509): CodeIgniter\CodeIgniter->runController(Object(App\Controllers\Usuarios))
 9 SYSTEMPATH\CodeIgniter.php(355): CodeIgniter\CodeIgniter->handleRequest(null, Object(Config\Cache), false)
10 SYSTEMPATH\Boot.php(325): CodeIgniter\CodeIgniter->run()
11 SYSTEMPATH\Boot.php(67): CodeIgniter\Boot::runCodeIgniter(Object(CodeIgniter\CodeIgniter))
12 FCPATH\index.php(56): CodeIgniter\Boot::bootWeb(Object(Config\Paths))
INFO - 2026-04-30 02:18:55 --> Session: Class initialized using 'CodeIgniter\Session\Handlers\FileHandler' driver.
WARNING - 2026-04-30 02:18:55 --> [DEPRECATED] Optional parameter $term declared before required parameter $idEscuela is implicitly treated as a required parameter in APPPATH\Models\PersonalModel.php on line 122.
 1 SYSTEMPATH\Autoloader\Autoloader.php(317): include_once('C:\\xampp\\htdocs\\censa\\system\\Debug\\Exceptions.php')
 2 SYSTEMPATH\Autoloader\Autoloader.php(296): CodeIgniter\Autoloader\Autoloader->includeFile('C:\\xampp\\htdocs\\censa\\app\\Models\\PersonalModel.php')
 3 SYSTEMPATH\Autoloader\Autoloader.php(272): CodeIgniter\Autoloader\Autoloader->loadInNamespace('App\\Models\\PersonalModel')
 4 APPPATH\Controllers\Usuarios.php(24): CodeIgniter\Autoloader\Autoloader->loadClass('App\\Models\\PersonalModel')
 5 SYSTEMPATH\CodeIgniter.php(903): App\Controllers\Usuarios->__construct()
 6 SYSTEMPATH\CodeIgniter.php(500): CodeIgniter\CodeIgniter->createController()
 7 SYSTEMPATH\CodeIgniter.php(355): CodeIgniter\CodeIgniter->handleRequest(null, Object(Config\Cache), false)
 8 SYSTEMPATH\Boot.php(325): CodeIgniter\CodeIgniter->run()
 9 SYSTEMPATH\Boot.php(67): CodeIgniter\Boot::runCodeIgniter(Object(CodeIgniter\CodeIgniter))
10 FCPATH\index.php(56): CodeIgniter\Boot::bootWeb(Object(Config\Paths))
DEBUG - 2026-04-30 02:18:55 --> Datos usuario: Array
(
    [id] => 12
    [usuario] => rdmorontag
    [clave] => $2y$10$HcB20FQFTn/DZkwYD4TtIOtxcgd5855tTd6qS6Mg3ahkON8.LVAXy
    [id_tipo_usuario] => 1
    [personal_id] => 5
    [estudiantes_id] => 
    [activo] => 1
    [cambio_clave] => 0
    [id_escuela] => 2
    [fecha_alta] => 2025-05-31 21:06:33
    [fecha_edit] => 2025-05-31 21:07:23
)

INFO - 2026-04-30 02:18:55 --> Session: Class initialized using 'CodeIgniter\Session\Handlers\FileHandler' driver.
WARNING - 2026-04-30 02:18:55 --> [DEPRECATED] Optional parameter $term declared before required parameter $idEscuela is implicitly treated as a required parameter in APPPATH\Models\PersonalModel.php on line 122.
 1 SYSTEMPATH\Autoloader\Autoloader.php(317): include_once('C:\\xampp\\htdocs\\censa\\system\\Debug\\Exceptions.php')
 2 SYSTEMPATH\Autoloader\Autoloader.php(296): CodeIgniter\Autoloader\Autoloader->includeFile('C:\\xampp\\htdocs\\censa\\app\\Models\\PersonalModel.php')
 3 SYSTEMPATH\Autoloader\Autoloader.php(272): CodeIgniter\Autoloader\Autoloader->loadInNamespace('App\\Models\\PersonalModel')
 4 APPPATH\Controllers\Home.php(17): CodeIgniter\Autoloader\Autoloader->loadClass('App\\Models\\PersonalModel')
 5 SYSTEMPATH\CodeIgniter.php(903): App\Controllers\Home->__construct()
 6 SYSTEMPATH\CodeIgniter.php(500): CodeIgniter\CodeIgniter->createController()
 7 SYSTEMPATH\CodeIgniter.php(355): CodeIgniter\CodeIgniter->handleRequest(null, Object(Config\Cache), false)
 8 SYSTEMPATH\Boot.php(325): CodeIgniter\CodeIgniter->run()
 9 SYSTEMPATH\Boot.php(67): CodeIgniter\Boot::runCodeIgniter(Object(CodeIgniter\CodeIgniter))
10 FCPATH\index.php(56): CodeIgniter\Boot::bootWeb(Object(Config\Paths))
INFO - 2026-04-30 02:19:02 --> Session: Class initialized using 'CodeIgniter\Session\Handlers\FileHandler' driver.
INFO - 2026-04-30 02:19:10 --> Session: Class initialized using 'CodeIgniter\Session\Handlers\FileHandler' driver.
INFO - 2026-04-30 02:19:21 --> Session: Class initialized using 'CodeIgniter\Session\Handlers\FileHandler' driver.
INFO - 2026-04-30 02:19:21 --> obtenerEstudiantes -> idResponsable recibido: 5
ERROR - 2026-04-30 02:19:21 --> mysqli_sql_exception: Table 'censa-jar.grados_niveles' doesn't exist in C:\xampp\htdocs\censa\system\Database\MySQLi\Connection.php:312
Stack trace:
#0 C:\xampp\htdocs\censa\system\Database\MySQLi\Connection.php(312): mysqli->query('SELECT `estudia...', 0)
#1 C:\xampp\htdocs\censa\system\Database\BaseConnection.php(734): CodeIgniter\Database\MySQLi\Connection->execute('SELECT `estudia...')
#2 C:\xampp\htdocs\censa\system\Database\BaseConnection.php(648): CodeIgniter\Database\BaseConnection->simpleQuery('SELECT `estudia...')
#3 C:\xampp\htdocs\censa\system\Database\BaseBuilder.php(1644): CodeIgniter\Database\BaseConnection->query('SELECT `estudia...', Array, false)
#4 C:\xampp\htdocs\censa\system\Model.php(286): CodeIgniter\Database\BaseBuilder->get()
#5 C:\xampp\htdocs\censa\system\BaseModel.php(676): CodeIgniter\Model->doFindAll(0, 0)
#6 C:\xampp\htdocs\censa\app\Controllers\Pagos.php(282): CodeIgniter\BaseModel->findAll()
#7 C:\xampp\htdocs\censa\system\CodeIgniter.php(933): App\Controllers\Pagos->obtenerEstudiantes()
#8 C:\xampp\htdocs\censa\system\CodeIgniter.php(509): CodeIgniter\CodeIgniter->runController(Object(App\Controllers\Pagos))
#9 C:\xampp\htdocs\censa\system\CodeIgniter.php(355): CodeIgniter\CodeIgniter->handleRequest(NULL, Object(Config\Cache), false)
#10 C:\xampp\htdocs\censa\system\Boot.php(325): CodeIgniter\CodeIgniter->run()
#11 C:\xampp\htdocs\censa\system\Boot.php(67): CodeIgniter\Boot::runCodeIgniter(Object(CodeIgniter\CodeIgniter))
#12 C:\xampp\htdocs\censa\public\index.php(56): CodeIgniter\Boot::bootWeb(Object(Config\Paths))
#13 {main}
CRITICAL - 2026-04-30 02:19:21 --> CodeIgniter\Database\Exceptions\DatabaseException: Table 'censa-jar.grados_niveles' doesn't exist
[Method: GET, Route: pagos/obtenerEstudiantes]
in SYSTEMPATH\Database\BaseConnection.php on line 688.
 1 SYSTEMPATH\Database\BaseBuilder.php(1644): CodeIgniter\Database\BaseConnection->query('SELECT `estudiantes`.`id`, `estudiantes`.`nombre`, `estudiantes`.`apellido`, `estudiantes`.`matricula`, `estudiantes`.`id_grado` AS `id_grado_nivel`, `estudiantes`.`id_escuela`, `grados`.`nombre` AS `grado_nombre`, `niveles`.`nombre` AS `nivel_nombre`
FROM `estudiantes`
JOIN `estudiantes_responsables` ON `estudiantes`.`id` = `estudiantes_responsables`.`estudiante_id`
JOIN `grados_niveles` ON `grados_niveles`.`id` = `estudiantes`.`id_grado`
JOIN `grados` ON `grados`.`id` = `grados_niveles`.`id_grado`
JOIN `niveles` ON `niveles`.`id` = `grados_niveles`.`id_nivel`
WHERE `estudiantes_responsables`.`responsable_id` = :estudiantes_responsables.responsable_id:', [...], false)
 2 SYSTEMPATH\Model.php(286): CodeIgniter\Database\BaseBuilder->get()
 3 SYSTEMPATH\BaseModel.php(676): CodeIgniter\Model->doFindAll(0, 0)
 4 APPPATH\Controllers\Pagos.php(282): CodeIgniter\BaseModel->findAll()
 5 SYSTEMPATH\CodeIgniter.php(933): App\Controllers\Pagos->obtenerEstudiantes()
 6 SYSTEMPATH\CodeIgniter.php(509): CodeIgniter\CodeIgniter->runController(Object(App\Controllers\Pagos))
 7 SYSTEMPATH\CodeIgniter.php(355): CodeIgniter\CodeIgniter->handleRequest(null, Object(Config\Cache), false)
 8 SYSTEMPATH\Boot.php(325): CodeIgniter\CodeIgniter->run()
 9 SYSTEMPATH\Boot.php(67): CodeIgniter\Boot::runCodeIgniter(Object(CodeIgniter\CodeIgniter))
10 FCPATH\index.php(56): CodeIgniter\Boot::bootWeb(Object(Config\Paths))
CRITICAL - 2026-04-30 02:19:21 --> [Caused by] CodeIgniter\Database\Exceptions\DatabaseException: Table 'censa-jar.grados_niveles' doesn't exist
in SYSTEMPATH\Database\MySQLi\Connection.php on line 317.
 1 SYSTEMPATH\Database\BaseConnection.php(734): CodeIgniter\Database\MySQLi\Connection->execute('SELECT `estudiantes`.`id`, `estudiantes`.`nombre`, `estudiantes`.`apellido`, `estudiantes`.`matricula`, `estudiantes`.`id_grado` AS `id_grado_nivel`, `estudiantes`.`id_escuela`, `grados`.`nombre` AS `grado_nombre`, `niveles`.`nombre` AS `nivel_nombre`
FROM `estudiantes`
JOIN `estudiantes_responsables` ON `estudiantes`.`id` = `estudiantes_responsables`.`estudiante_id`
JOIN `grados_niveles` ON `grados_niveles`.`id` = `estudiantes`.`id_grado`
JOIN `grados` ON `grados`.`id` = `grados_niveles`.`id_grado`
JOIN `niveles` ON `niveles`.`id` = `grados_niveles`.`id_nivel`
WHERE `estudiantes_responsables`.`responsable_id` = \'5\'')
 2 SYSTEMPATH\Database\BaseConnection.php(648): CodeIgniter\Database\BaseConnection->simpleQuery('SELECT `estudiantes`.`id`, `estudiantes`.`nombre`, `estudiantes`.`apellido`, `estudiantes`.`matricula`, `estudiantes`.`id_grado` AS `id_grado_nivel`, `estudiantes`.`id_escuela`, `grados`.`nombre` AS `grado_nombre`, `niveles`.`nombre` AS `nivel_nombre`
FROM `estudiantes`
JOIN `estudiantes_responsables` ON `estudiantes`.`id` = `estudiantes_responsables`.`estudiante_id`
JOIN `grados_niveles` ON `grados_niveles`.`id` = `estudiantes`.`id_grado`
JOIN `grados` ON `grados`.`id` = `grados_niveles`.`id_grado`
JOIN `niveles` ON `niveles`.`id` = `grados_niveles`.`id_nivel`
WHERE `estudiantes_responsables`.`responsable_id` = \'5\'')
 3 SYSTEMPATH\Database\BaseBuilder.php(1644): CodeIgniter\Database\BaseConnection->query('SELECT `estudiantes`.`id`, `estudiantes`.`nombre`, `estudiantes`.`apellido`, `estudiantes`.`matricula`, `estudiantes`.`id_grado` AS `id_grado_nivel`, `estudiantes`.`id_escuela`, `grados`.`nombre` AS `grado_nombre`, `niveles`.`nombre` AS `nivel_nombre`
FROM `estudiantes`
JOIN `estudiantes_responsables` ON `estudiantes`.`id` = `estudiantes_responsables`.`estudiante_id`
JOIN `grados_niveles` ON `grados_niveles`.`id` = `estudiantes`.`id_grado`
JOIN `grados` ON `grados`.`id` = `grados_niveles`.`id_grado`
JOIN `niveles` ON `niveles`.`id` = `grados_niveles`.`id_nivel`
WHERE `estudiantes_responsables`.`responsable_id` = :estudiantes_responsables.responsable_id:', [...], false)
 4 SYSTEMPATH\Model.php(286): CodeIgniter\Database\BaseBuilder->get()
 5 SYSTEMPATH\BaseModel.php(676): CodeIgniter\Model->doFindAll(0, 0)
 6 APPPATH\Controllers\Pagos.php(282): CodeIgniter\BaseModel->findAll()
 7 SYSTEMPATH\CodeIgniter.php(933): App\Controllers\Pagos->obtenerEstudiantes()
 8 SYSTEMPATH\CodeIgniter.php(509): CodeIgniter\CodeIgniter->runController(Object(App\Controllers\Pagos))
 9 SYSTEMPATH\CodeIgniter.php(355): CodeIgniter\CodeIgniter->handleRequest(null, Object(Config\Cache), false)
10 SYSTEMPATH\Boot.php(325): CodeIgniter\CodeIgniter->run()
11 SYSTEMPATH\Boot.php(67): CodeIgniter\Boot::runCodeIgniter(Object(CodeIgniter\CodeIgniter))
12 FCPATH\index.php(56): CodeIgniter\Boot::bootWeb(Object(Config\Paths))
CRITICAL - 2026-04-30 02:19:21 --> [Caused by] mysqli_sql_exception: Table 'censa-jar.grados_niveles' doesn't exist
in SYSTEMPATH\Database\MySQLi\Connection.php on line 312.
 1 SYSTEMPATH\Database\MySQLi\Connection.php(312): mysqli->query('SELECT `estudiantes`.`id`, `estudiantes`.`nombre`, `estudiantes`.`apellido`, `estudiantes`.`matricula`, `estudiantes`.`id_grado` AS `id_grado_nivel`, `estudiantes`.`id_escuela`, `grados`.`nombre` AS `grado_nombre`, `niveles`.`nombre` AS `nivel_nombre`
FROM `estudiantes`
JOIN `estudiantes_responsables` ON `estudiantes`.`id` = `estudiantes_responsables`.`estudiante_id`
JOIN `grados_niveles` ON `grados_niveles`.`id` = `estudiantes`.`id_grado`
JOIN `grados` ON `grados`.`id` = `grados_niveles`.`id_grado`
JOIN `niveles` ON `niveles`.`id` = `grados_niveles`.`id_nivel`
WHERE `estudiantes_responsables`.`responsable_id` = \'5\'', 0)
 2 SYSTEMPATH\Database\BaseConnection.php(734): CodeIgniter\Database\MySQLi\Connection->execute('SELECT `estudiantes`.`id`, `estudiantes`.`nombre`, `estudiantes`.`apellido`, `estudiantes`.`matricula`, `estudiantes`.`id_grado` AS `id_grado_nivel`, `estudiantes`.`id_escuela`, `grados`.`nombre` AS `grado_nombre`, `niveles`.`nombre` AS `nivel_nombre`
FROM `estudiantes`
JOIN `estudiantes_responsables` ON `estudiantes`.`id` = `estudiantes_responsables`.`estudiante_id`
JOIN `grados_niveles` ON `grados_niveles`.`id` = `estudiantes`.`id_grado`
JOIN `grados` ON `grados`.`id` = `grados_niveles`.`id_grado`
JOIN `niveles` ON `niveles`.`id` = `grados_niveles`.`id_nivel`
WHERE `estudiantes_responsables`.`responsable_id` = \'5\'')
 3 SYSTEMPATH\Database\BaseConnection.php(648): CodeIgniter\Database\BaseConnection->simpleQuery('SELECT `estudiantes`.`id`, `estudiantes`.`nombre`, `estudiantes`.`apellido`, `estudiantes`.`matricula`, `estudiantes`.`id_grado` AS `id_grado_nivel`, `estudiantes`.`id_escuela`, `grados`.`nombre` AS `grado_nombre`, `niveles`.`nombre` AS `nivel_nombre`
FROM `estudiantes`
JOIN `estudiantes_responsables` ON `estudiantes`.`id` = `estudiantes_responsables`.`estudiante_id`
JOIN `grados_niveles` ON `grados_niveles`.`id` = `estudiantes`.`id_grado`
JOIN `grados` ON `grados`.`id` = `grados_niveles`.`id_grado`
JOIN `niveles` ON `niveles`.`id` = `grados_niveles`.`id_nivel`
WHERE `estudiantes_responsables`.`responsable_id` = \'5\'')
 4 SYSTEMPATH\Database\BaseBuilder.php(1644): CodeIgniter\Database\BaseConnection->query('SELECT `estudiantes`.`id`, `estudiantes`.`nombre`, `estudiantes`.`apellido`, `estudiantes`.`matricula`, `estudiantes`.`id_grado` AS `id_grado_nivel`, `estudiantes`.`id_escuela`, `grados`.`nombre` AS `grado_nombre`, `niveles`.`nombre` AS `nivel_nombre`
FROM `estudiantes`
JOIN `estudiantes_responsables` ON `estudiantes`.`id` = `estudiantes_responsables`.`estudiante_id`
JOIN `grados_niveles` ON `grados_niveles`.`id` = `estudiantes`.`id_grado`
JOIN `grados` ON `grados`.`id` = `grados_niveles`.`id_grado`
JOIN `niveles` ON `niveles`.`id` = `grados_niveles`.`id_nivel`
WHERE `estudiantes_responsables`.`responsable_id` = :estudiantes_responsables.responsable_id:', [...], false)
 5 SYSTEMPATH\Model.php(286): CodeIgniter\Database\BaseBuilder->get()
 6 SYSTEMPATH\BaseModel.php(676): CodeIgniter\Model->doFindAll(0, 0)
 7 APPPATH\Controllers\Pagos.php(282): CodeIgniter\BaseModel->findAll()
 8 SYSTEMPATH\CodeIgniter.php(933): App\Controllers\Pagos->obtenerEstudiantes()
 9 SYSTEMPATH\CodeIgniter.php(509): CodeIgniter\CodeIgniter->runController(Object(App\Controllers\Pagos))
10 SYSTEMPATH\CodeIgniter.php(355): CodeIgniter\CodeIgniter->handleRequest(null, Object(Config\Cache), false)
11 SYSTEMPATH\Boot.php(325): CodeIgniter\CodeIgniter->run()
12 SYSTEMPATH\Boot.php(67): CodeIgniter\Boot::runCodeIgniter(Object(CodeIgniter\CodeIgniter))
13 FCPATH\index.php(56): CodeIgniter\Boot::bootWeb(Object(Config\Paths))
