INFO - 2025-03-14 00:06:02 --> Session: Class initialized using 'CodeIgniter\Session\Handlers\FileHandler' driver.
INFO - 2025-03-14 00:28:19 --> Session: Class initialized using 'CodeIgniter\Session\Handlers\FileHandler' driver.
CRITICAL - 2025-03-14 00:28:19 --> ErrorException: Undefined array key "id_provincia"
[Method: GET, Route: responsables/nuevo]
in APPPATH\Views\responsables\nuevo.php on line 80.
 1 APPPATH\Views\responsables\nuevo.php(80): CodeIgniter\Debug\Exceptions->errorHandler(2, 'Undefined array key "id_provincia"', 'C:\\xampp\\htdocs\\censa\\app\\Views\\responsables\\nuevo.php', 80)
 2 SYSTEMPATH\View\View.php(234): include('C:\\xampp\\htdocs\\censa\\app\\Views\\responsables\\nuevo.php')
 3 SYSTEMPATH\View\View.php(237): CodeIgniter\View\View->CodeIgniter\View\{closure}()
 4 SYSTEMPATH\Common.php(1171): CodeIgniter\View\View->render('responsables/nuevo', [], true)
 5 APPPATH\Controllers\Responsables.php(42): view('responsables/nuevo', [...])
 6 SYSTEMPATH\CodeIgniter.php(933): App\Controllers\Responsables->nuevo()
 7 SYSTEMPATH\CodeIgniter.php(509): CodeIgniter\CodeIgniter->runController(Object(App\Controllers\Responsables))
 8 SYSTEMPATH\CodeIgniter.php(355): CodeIgniter\CodeIgniter->handleRequest(null, Object(Config\Cache), false)
 9 SYSTEMPATH\Boot.php(325): CodeIgniter\CodeIgniter->run()
10 SYSTEMPATH\Boot.php(67): CodeIgniter\Boot::runCodeIgniter(Object(CodeIgniter\CodeIgniter))
11 FCPATH\index.php(56): CodeIgniter\Boot::bootWeb(Object(Config\Paths))
INFO - 2025-03-14 00:29:05 --> Session: Class initialized using 'CodeIgniter\Session\Handlers\FileHandler' driver.
INFO - 2025-03-14 00:29:57 --> Session: Class initialized using 'CodeIgniter\Session\Handlers\FileHandler' driver.
INFO - 2025-03-14 00:31:05 --> Session: Class initialized using 'CodeIgniter\Session\Handlers\FileHandler' driver.
INFO - 2025-03-14 00:33:14 --> Session: Class initialized using 'CodeIgniter\Session\Handlers\FileHandler' driver.
INFO - 2025-03-14 00:38:21 --> Session: Class initialized using 'CodeIgniter\Session\Handlers\FileHandler' driver.
INFO - 2025-03-14 00:38:34 --> Session: Class initialized using 'CodeIgniter\Session\Handlers\FileHandler' driver.
INFO - 2025-03-14 00:38:38 --> Session: Class initialized using 'CodeIgniter\Session\Handlers\FileHandler' driver.
INFO - 2025-03-14 00:38:44 --> Session: Class initialized using 'CodeIgniter\Session\Handlers\FileHandler' driver.
INFO - 2025-03-14 00:40:30 --> Session: Class initialized using 'CodeIgniter\Session\Handlers\FileHandler' driver.
INFO - 2025-03-14 00:40:34 --> Session: Class initialized using 'CodeIgniter\Session\Handlers\FileHandler' driver.
INFO - 2025-03-14 00:41:16 --> Session: Class initialized using 'CodeIgniter\Session\Handlers\FileHandler' driver.
INFO - 2025-03-14 00:54:30 --> Session: Class initialized using 'CodeIgniter\Session\Handlers\FileHandler' driver.
CRITICAL - 2025-03-14 00:54:30 --> ErrorException: Undefined variable $municipios
[Method: GET, Route: responsables/nuevo]
in APPPATH\Views\responsables\nuevo.php on line 91.
 1 APPPATH\Views\responsables\nuevo.php(91): CodeIgniter\Debug\Exceptions->errorHandler(2, 'Undefined variable $municipios', 'C:\\xampp\\htdocs\\censa\\app\\Views\\responsables\\nuevo.php', 91)
 2 SYSTEMPATH\View\View.php(234): include('C:\\xampp\\htdocs\\censa\\app\\Views\\responsables\\nuevo.php')
 3 SYSTEMPATH\View\View.php(237): CodeIgniter\View\View->CodeIgniter\View\{closure}()
 4 SYSTEMPATH\Common.php(1171): CodeIgniter\View\View->render('responsables/nuevo', [], true)
 5 APPPATH\Controllers\Responsables.php(45): view('responsables/nuevo', [...])
 6 SYSTEMPATH\CodeIgniter.php(933): App\Controllers\Responsables->nuevo()
 7 SYSTEMPATH\CodeIgniter.php(509): CodeIgniter\CodeIgniter->runController(Object(App\Controllers\Responsables))
 8 SYSTEMPATH\CodeIgniter.php(355): CodeIgniter\CodeIgniter->handleRequest(null, Object(Config\Cache), false)
 9 SYSTEMPATH\Boot.php(325): CodeIgniter\CodeIgniter->run()
10 SYSTEMPATH\Boot.php(67): CodeIgniter\Boot::runCodeIgniter(Object(CodeIgniter\CodeIgniter))
11 FCPATH\index.php(56): CodeIgniter\Boot::bootWeb(Object(Config\Paths))
INFO - 2025-03-14 00:55:49 --> Session: Class initialized using 'CodeIgniter\Session\Handlers\FileHandler' driver.
INFO - 2025-03-14 01:08:48 --> Session: Class initialized using 'CodeIgniter\Session\Handlers\FileHandler' driver.
INFO - 2025-03-14 01:08:53 --> Session: Class initialized using 'CodeIgniter\Session\Handlers\FileHandler' driver.
INFO - 2025-03-14 01:08:55 --> Session: Class initialized using 'CodeIgniter\Session\Handlers\FileHandler' driver.
INFO - 2025-03-14 01:09:00 --> Session: Class initialized using 'CodeIgniter\Session\Handlers\FileHandler' driver.
INFO - 2025-03-14 01:09:51 --> Session: Class initialized using 'CodeIgniter\Session\Handlers\FileHandler' driver.
INFO - 2025-03-14 01:11:18 --> Session: Class initialized using 'CodeIgniter\Session\Handlers\FileHandler' driver.
INFO - 2025-03-14 01:12:44 --> Session: Class initialized using 'CodeIgniter\Session\Handlers\FileHandler' driver.
INFO - 2025-03-14 01:13:46 --> Session: Class initialized using 'CodeIgniter\Session\Handlers\FileHandler' driver.
INFO - 2025-03-14 01:14:05 --> Session: Class initialized using 'CodeIgniter\Session\Handlers\FileHandler' driver.
INFO - 2025-03-14 01:26:05 --> Session: Class initialized using 'CodeIgniter\Session\Handlers\FileHandler' driver.
CRITICAL - 2025-03-14 01:26:05 --> ErrorException: Undefined array key "distrito_id"
[Method: GET, Route: responsables/nuevo]
in APPPATH\Views\responsables\nuevo.php on line 104.
 1 APPPATH\Views\responsables\nuevo.php(104): CodeIgniter\Debug\Exceptions->errorHandler(2, 'Undefined array key "distrito_id"', 'C:\\xampp\\htdocs\\censa\\app\\Views\\responsables\\nuevo.php', 104)
 2 SYSTEMPATH\View\View.php(234): include('C:\\xampp\\htdocs\\censa\\app\\Views\\responsables\\nuevo.php')
 3 SYSTEMPATH\View\View.php(237): CodeIgniter\View\View->CodeIgniter\View\{closure}()
 4 SYSTEMPATH\Common.php(1171): CodeIgniter\View\View->render('responsables/nuevo', [], true)
 5 APPPATH\Controllers\Responsables.php(50): view('responsables/nuevo', [...])
 6 SYSTEMPATH\CodeIgniter.php(933): App\Controllers\Responsables->nuevo()
 7 SYSTEMPATH\CodeIgniter.php(509): CodeIgniter\CodeIgniter->runController(Object(App\Controllers\Responsables))
 8 SYSTEMPATH\CodeIgniter.php(355): CodeIgniter\CodeIgniter->handleRequest(null, Object(Config\Cache), false)
 9 SYSTEMPATH\Boot.php(325): CodeIgniter\CodeIgniter->run()
10 SYSTEMPATH\Boot.php(67): CodeIgniter\Boot::runCodeIgniter(Object(CodeIgniter\CodeIgniter))
11 FCPATH\index.php(56): CodeIgniter\Boot::bootWeb(Object(Config\Paths))
INFO - 2025-03-14 01:27:35 --> Session: Class initialized using 'CodeIgniter\Session\Handlers\FileHandler' driver.
CRITICAL - 2025-03-14 01:27:35 --> ErrorException: Undefined variable $distritoss
[Method: GET, Route: responsables/nuevo]
in APPPATH\Views\responsables\nuevo.php on line 103.
 1 APPPATH\Views\responsables\nuevo.php(103): CodeIgniter\Debug\Exceptions->errorHandler(2, 'Undefined variable $distritoss', 'C:\\xampp\\htdocs\\censa\\app\\Views\\responsables\\nuevo.php', 103)
 2 SYSTEMPATH\View\View.php(234): include('C:\\xampp\\htdocs\\censa\\app\\Views\\responsables\\nuevo.php')
 3 SYSTEMPATH\View\View.php(237): CodeIgniter\View\View->CodeIgniter\View\{closure}()
 4 SYSTEMPATH\Common.php(1171): CodeIgniter\View\View->render('responsables/nuevo', [], true)
 5 APPPATH\Controllers\Responsables.php(50): view('responsables/nuevo', [...])
 6 SYSTEMPATH\CodeIgniter.php(933): App\Controllers\Responsables->nuevo()
 7 SYSTEMPATH\CodeIgniter.php(509): CodeIgniter\CodeIgniter->runController(Object(App\Controllers\Responsables))
 8 SYSTEMPATH\CodeIgniter.php(355): CodeIgniter\CodeIgniter->handleRequest(null, Object(Config\Cache), false)
 9 SYSTEMPATH\Boot.php(325): CodeIgniter\CodeIgniter->run()
10 SYSTEMPATH\Boot.php(67): CodeIgniter\Boot::runCodeIgniter(Object(CodeIgniter\CodeIgniter))
11 FCPATH\index.php(56): CodeIgniter\Boot::bootWeb(Object(Config\Paths))
INFO - 2025-03-14 01:27:48 --> Session: Class initialized using 'CodeIgniter\Session\Handlers\FileHandler' driver.
INFO - 2025-03-14 01:29:42 --> Session: Class initialized using 'CodeIgniter\Session\Handlers\FileHandler' driver.
INFO - 2025-03-14 01:32:51 --> Session: Class initialized using 'CodeIgniter\Session\Handlers\FileHandler' driver.
INFO - 2025-03-14 01:33:07 --> Session: Class initialized using 'CodeIgniter\Session\Handlers\FileHandler' driver.
ERROR - 2025-03-14 01:33:35 --> mysqli_sql_exception: Table 'censa-jar.distrito_municipales' doesn't exist in C:\xampp\htdocs\censa\system\Database\MySQLi\Connection.php:312
Stack trace:
#0 C:\xampp\htdocs\censa\system\Database\MySQLi\Connection.php(312): mysqli->query('SELECT *\nFROM `...', 0)
#1 C:\xampp\htdocs\censa\system\Database\BaseConnection.php(734): CodeIgniter\Database\MySQLi\Connection->execute('SELECT *\nFROM `...')
#2 C:\xampp\htdocs\censa\system\Database\BaseConnection.php(648): CodeIgniter\Database\BaseConnection->simpleQuery('SELECT *\nFROM `...')
#3 C:\xampp\htdocs\censa\system\Database\BaseBuilder.php(1644): CodeIgniter\Database\BaseConnection->query('SELECT *\nFROM `...', Array, false)
#4 C:\xampp\htdocs\censa\system\Model.php(286): CodeIgniter\Database\BaseBuilder->get()
#5 C:\xampp\htdocs\censa\system\BaseModel.php(676): CodeIgniter\Model->doFindAll(0, 0)
#6 C:\xampp\htdocs\censa\app\Controllers\Responsables.php(45): CodeIgniter\BaseModel->findAll()
#7 C:\xampp\htdocs\censa\system\CodeIgniter.php(933): App\Controllers\Responsables->nuevo()
#8 C:\xampp\htdocs\censa\system\CodeIgniter.php(509): CodeIgniter\CodeIgniter->runController(Object(App\Controllers\Responsables))
#9 C:\xampp\htdocs\censa\system\CodeIgniter.php(355): CodeIgniter\CodeIgniter->handleRequest(NULL, Object(Config\Cache), false)
#10 C:\xampp\htdocs\censa\system\Boot.php(325): CodeIgniter\CodeIgniter->run()
#11 C:\xampp\htdocs\censa\system\Boot.php(67): CodeIgniter\Boot::runCodeIgniter(Object(CodeIgniter\CodeIgniter))
#12 C:\xampp\htdocs\censa\public\index.php(56): CodeIgniter\Boot::bootWeb(Object(Config\Paths))
#13 {main}
CRITICAL - 2025-03-14 01:33:36 --> CodeIgniter\Database\Exceptions\DatabaseException: Table 'censa-jar.distrito_municipales' doesn't exist
[Method: GET, Route: responsables/nuevo]
in SYSTEMPATH\Database\BaseConnection.php on line 688.
 1 SYSTEMPATH\Database\BaseBuilder.php(1644): CodeIgniter\Database\BaseConnection->query('SELECT *
FROM `distrito_municipales`', [], false)
 2 SYSTEMPATH\Model.php(286): CodeIgniter\Database\BaseBuilder->get()
 3 SYSTEMPATH\BaseModel.php(676): CodeIgniter\Model->doFindAll(0, 0)
 4 APPPATH\Controllers\Responsables.php(45): CodeIgniter\BaseModel->findAll()
 5 SYSTEMPATH\CodeIgniter.php(933): App\Controllers\Responsables->nuevo()
 6 SYSTEMPATH\CodeIgniter.php(509): CodeIgniter\CodeIgniter->runController(Object(App\Controllers\Responsables))
 7 SYSTEMPATH\CodeIgniter.php(355): CodeIgniter\CodeIgniter->handleRequest(null, Object(Config\Cache), false)
 8 SYSTEMPATH\Boot.php(325): CodeIgniter\CodeIgniter->run()
 9 SYSTEMPATH\Boot.php(67): CodeIgniter\Boot::runCodeIgniter(Object(CodeIgniter\CodeIgniter))
10 FCPATH\index.php(56): CodeIgniter\Boot::bootWeb(Object(Config\Paths))
CRITICAL - 2025-03-14 01:33:36 --> [Caused by] CodeIgniter\Database\Exceptions\DatabaseException: Table 'censa-jar.distrito_municipales' doesn't exist
in SYSTEMPATH\Database\MySQLi\Connection.php on line 317.
 1 SYSTEMPATH\Database\BaseConnection.php(734): CodeIgniter\Database\MySQLi\Connection->execute('SELECT *
FROM `distrito_municipales`')
 2 SYSTEMPATH\Database\BaseConnection.php(648): CodeIgniter\Database\BaseConnection->simpleQuery('SELECT *
FROM `distrito_municipales`')
 3 SYSTEMPATH\Database\BaseBuilder.php(1644): CodeIgniter\Database\BaseConnection->query('SELECT *
FROM `distrito_municipales`', [], false)
 4 SYSTEMPATH\Model.php(286): CodeIgniter\Database\BaseBuilder->get()
 5 SYSTEMPATH\BaseModel.php(676): CodeIgniter\Model->doFindAll(0, 0)
 6 APPPATH\Controllers\Responsables.php(45): CodeIgniter\BaseModel->findAll()
 7 SYSTEMPATH\CodeIgniter.php(933): App\Controllers\Responsables->nuevo()
 8 SYSTEMPATH\CodeIgniter.php(509): CodeIgniter\CodeIgniter->runController(Object(App\Controllers\Responsables))
 9 SYSTEMPATH\CodeIgniter.php(355): CodeIgniter\CodeIgniter->handleRequest(null, Object(Config\Cache), false)
10 SYSTEMPATH\Boot.php(325): CodeIgniter\CodeIgniter->run()
11 SYSTEMPATH\Boot.php(67): CodeIgniter\Boot::runCodeIgniter(Object(CodeIgniter\CodeIgniter))
12 FCPATH\index.php(56): CodeIgniter\Boot::bootWeb(Object(Config\Paths))
CRITICAL - 2025-03-14 01:33:36 --> [Caused by] mysqli_sql_exception: Table 'censa-jar.distrito_municipales' doesn't exist
in SYSTEMPATH\Database\MySQLi\Connection.php on line 312.
 1 SYSTEMPATH\Database\MySQLi\Connection.php(312): mysqli->query('SELECT *
FROM `distrito_municipales`', 0)
 2 SYSTEMPATH\Database\BaseConnection.php(734): CodeIgniter\Database\MySQLi\Connection->execute('SELECT *
FROM `distrito_municipales`')
 3 SYSTEMPATH\Database\BaseConnection.php(648): CodeIgniter\Database\BaseConnection->simpleQuery('SELECT *
FROM `distrito_municipales`')
 4 SYSTEMPATH\Database\BaseBuilder.php(1644): CodeIgniter\Database\BaseConnection->query('SELECT *
FROM `distrito_municipales`', [], false)
 5 SYSTEMPATH\Model.php(286): CodeIgniter\Database\BaseBuilder->get()
 6 SYSTEMPATH\BaseModel.php(676): CodeIgniter\Model->doFindAll(0, 0)
 7 APPPATH\Controllers\Responsables.php(45): CodeIgniter\BaseModel->findAll()
 8 SYSTEMPATH\CodeIgniter.php(933): App\Controllers\Responsables->nuevo()
 9 SYSTEMPATH\CodeIgniter.php(509): CodeIgniter\CodeIgniter->runController(Object(App\Controllers\Responsables))
10 SYSTEMPATH\CodeIgniter.php(355): CodeIgniter\CodeIgniter->handleRequest(null, Object(Config\Cache), false)
11 SYSTEMPATH\Boot.php(325): CodeIgniter\CodeIgniter->run()
12 SYSTEMPATH\Boot.php(67): CodeIgniter\Boot::runCodeIgniter(Object(CodeIgniter\CodeIgniter))
13 FCPATH\index.php(56): CodeIgniter\Boot::bootWeb(Object(Config\Paths))
INFO - 2025-03-14 01:33:55 --> Session: Class initialized using 'CodeIgniter\Session\Handlers\FileHandler' driver.
INFO - 2025-03-14 01:35:15 --> Session: Class initialized using 'CodeIgniter\Session\Handlers\FileHandler' driver.
INFO - 2025-03-14 01:37:22 --> Session: Class initialized using 'CodeIgniter\Session\Handlers\FileHandler' driver.
INFO - 2025-03-14 01:46:47 --> Session: Class initialized using 'CodeIgniter\Session\Handlers\FileHandler' driver.
INFO - 2025-03-14 01:49:32 --> Session: Class initialized using 'CodeIgniter\Session\Handlers\FileHandler' driver.
INFO - 2025-03-14 01:49:37 --> Session: Class initialized using 'CodeIgniter\Session\Handlers\FileHandler' driver.
INFO - 2025-03-14 02:01:29 --> Session: Class initialized using 'CodeIgniter\Session\Handlers\FileHandler' driver.
INFO - 2025-03-14 02:05:04 --> Session: Class initialized using 'CodeIgniter\Session\Handlers\FileHandler' driver.
INFO - 2025-03-14 02:07:30 --> Session: Class initialized using 'CodeIgniter\Session\Handlers\FileHandler' driver.
INFO - 2025-03-14 16:50:02 --> Session: Class initialized using 'CodeIgniter\Session\Handlers\FileHandler' driver.
ERROR - 2025-03-14 16:50:12 --> mysqli_sql_exception: Unknown column 'responsables.nombre_padre' in 'field list' in C:\xampp\htdocs\censa\system\Database\MySQLi\Connection.php:312
Stack trace:
#0 C:\xampp\htdocs\censa\system\Database\MySQLi\Connection.php(312): mysqli->query('SELECT `pagos`....', 0)
#1 C:\xampp\htdocs\censa\system\Database\BaseConnection.php(734): CodeIgniter\Database\MySQLi\Connection->execute('SELECT `pagos`....')
#2 C:\xampp\htdocs\censa\system\Database\BaseConnection.php(648): CodeIgniter\Database\BaseConnection->simpleQuery('SELECT `pagos`....')
#3 C:\xampp\htdocs\censa\system\Database\BaseBuilder.php(1644): CodeIgniter\Database\BaseConnection->query('SELECT `pagos`....', Array, false)
#4 C:\xampp\htdocs\censa\system\Model.php(286): CodeIgniter\Database\BaseBuilder->get()
#5 C:\xampp\htdocs\censa\system\BaseModel.php(676): CodeIgniter\Model->doFindAll(0, 0)
#6 C:\xampp\htdocs\censa\app\Models\PagosModel.php(66): CodeIgniter\BaseModel->findAll()
#7 C:\xampp\htdocs\censa\app\Controllers\Inscripciones.php(39): App\Models\PagosModel->getPagosConDetalles()
#8 C:\xampp\htdocs\censa\system\CodeIgniter.php(933): App\Controllers\Inscripciones->index()
#9 C:\xampp\htdocs\censa\system\CodeIgniter.php(509): CodeIgniter\CodeIgniter->runController(Object(App\Controllers\Inscripciones))
#10 C:\xampp\htdocs\censa\system\CodeIgniter.php(355): CodeIgniter\CodeIgniter->handleRequest(NULL, Object(Config\Cache), false)
#11 C:\xampp\htdocs\censa\system\Boot.php(325): CodeIgniter\CodeIgniter->run()
#12 C:\xampp\htdocs\censa\system\Boot.php(67): CodeIgniter\Boot::runCodeIgniter(Object(CodeIgniter\CodeIgniter))
#13 C:\xampp\htdocs\censa\public\index.php(56): CodeIgniter\Boot::bootWeb(Object(Config\Paths))
#14 {main}
CRITICAL - 2025-03-14 16:50:12 --> CodeIgniter\Database\Exceptions\DatabaseException: Unknown column 'responsables.nombre_padre' in 'field list'
[Method: GET, Route: inscripciones]
in SYSTEMPATH\Database\BaseConnection.php on line 688.
 1 SYSTEMPATH\Database\BaseBuilder.php(1644): CodeIgniter\Database\BaseConnection->query('SELECT `pagos`.*, `concepto_pagos`.`nombre` AS `concepto_pago`, CONCAT(responsables.nombre_padre, " ", responsables.apellido_padre) AS responsable, CONCAT(estudiantes.nombre, " ", estudiantes.apellido) AS estudiante
FROM `pagos`
LEFT JOIN `concepto_pagos` ON `concepto_pagos`.`id` = `pagos`.`id_concepto`
LEFT JOIN `responsables` ON `responsables`.`id` = `pagos`.`id_responsable`
LEFT JOIN `estudiantes` ON `estudiantes`.`id` = `pagos`.`id_estudiante`
ORDER BY `pagos`.`fecha_pago` DESC', [], false)
 2 SYSTEMPATH\Model.php(286): CodeIgniter\Database\BaseBuilder->get()
 3 SYSTEMPATH\BaseModel.php(676): CodeIgniter\Model->doFindAll(0, 0)
 4 APPPATH\Models\PagosModel.php(66): CodeIgniter\BaseModel->findAll()
 5 APPPATH\Controllers\Inscripciones.php(39): App\Models\PagosModel->getPagosConDetalles()
 6 SYSTEMPATH\CodeIgniter.php(933): App\Controllers\Inscripciones->index()
 7 SYSTEMPATH\CodeIgniter.php(509): CodeIgniter\CodeIgniter->runController(Object(App\Controllers\Inscripciones))
 8 SYSTEMPATH\CodeIgniter.php(355): CodeIgniter\CodeIgniter->handleRequest(null, Object(Config\Cache), false)
 9 SYSTEMPATH\Boot.php(325): CodeIgniter\CodeIgniter->run()
10 SYSTEMPATH\Boot.php(67): CodeIgniter\Boot::runCodeIgniter(Object(CodeIgniter\CodeIgniter))
11 FCPATH\index.php(56): CodeIgniter\Boot::bootWeb(Object(Config\Paths))
CRITICAL - 2025-03-14 16:50:12 --> [Caused by] CodeIgniter\Database\Exceptions\DatabaseException: Unknown column 'responsables.nombre_padre' in 'field list'
in SYSTEMPATH\Database\MySQLi\Connection.php on line 317.
 1 SYSTEMPATH\Database\BaseConnection.php(734): CodeIgniter\Database\MySQLi\Connection->execute('SELECT `pagos`.*, `concepto_pagos`.`nombre` AS `concepto_pago`, CONCAT(responsables.nombre_padre, " ", responsables.apellido_padre) AS responsable, CONCAT(estudiantes.nombre, " ", estudiantes.apellido) AS estudiante
FROM `pagos`
LEFT JOIN `concepto_pagos` ON `concepto_pagos`.`id` = `pagos`.`id_concepto`
LEFT JOIN `responsables` ON `responsables`.`id` = `pagos`.`id_responsable`
LEFT JOIN `estudiantes` ON `estudiantes`.`id` = `pagos`.`id_estudiante`
ORDER BY `pagos`.`fecha_pago` DESC')
 2 SYSTEMPATH\Database\BaseConnection.php(648): CodeIgniter\Database\BaseConnection->simpleQuery('SELECT `pagos`.*, `concepto_pagos`.`nombre` AS `concepto_pago`, CONCAT(responsables.nombre_padre, " ", responsables.apellido_padre) AS responsable, CONCAT(estudiantes.nombre, " ", estudiantes.apellido) AS estudiante
FROM `pagos`
LEFT JOIN `concepto_pagos` ON `concepto_pagos`.`id` = `pagos`.`id_concepto`
LEFT JOIN `responsables` ON `responsables`.`id` = `pagos`.`id_responsable`
LEFT JOIN `estudiantes` ON `estudiantes`.`id` = `pagos`.`id_estudiante`
ORDER BY `pagos`.`fecha_pago` DESC')
 3 SYSTEMPATH\Database\BaseBuilder.php(1644): CodeIgniter\Database\BaseConnection->query('SELECT `pagos`.*, `concepto_pagos`.`nombre` AS `concepto_pago`, CONCAT(responsables.nombre_padre, " ", responsables.apellido_padre) AS responsable, CONCAT(estudiantes.nombre, " ", estudiantes.apellido) AS estudiante
FROM `pagos`
LEFT JOIN `concepto_pagos` ON `concepto_pagos`.`id` = `pagos`.`id_concepto`
LEFT JOIN `responsables` ON `responsables`.`id` = `pagos`.`id_responsable`
LEFT JOIN `estudiantes` ON `estudiantes`.`id` = `pagos`.`id_estudiante`
ORDER BY `pagos`.`fecha_pago` DESC', [], false)
 4 SYSTEMPATH\Model.php(286): CodeIgniter\Database\BaseBuilder->get()
 5 SYSTEMPATH\BaseModel.php(676): CodeIgniter\Model->doFindAll(0, 0)
 6 APPPATH\Models\PagosModel.php(66): CodeIgniter\BaseModel->findAll()
 7 APPPATH\Controllers\Inscripciones.php(39): App\Models\PagosModel->getPagosConDetalles()
 8 SYSTEMPATH\CodeIgniter.php(933): App\Controllers\Inscripciones->index()
 9 SYSTEMPATH\CodeIgniter.php(509): CodeIgniter\CodeIgniter->runController(Object(App\Controllers\Inscripciones))
10 SYSTEMPATH\CodeIgniter.php(355): CodeIgniter\CodeIgniter->handleRequest(null, Object(Config\Cache), false)
11 SYSTEMPATH\Boot.php(325): CodeIgniter\CodeIgniter->run()
12 SYSTEMPATH\Boot.php(67): CodeIgniter\Boot::runCodeIgniter(Object(CodeIgniter\CodeIgniter))
13 FCPATH\index.php(56): CodeIgniter\Boot::bootWeb(Object(Config\Paths))
CRITICAL - 2025-03-14 16:50:12 --> [Caused by] mysqli_sql_exception: Unknown column 'responsables.nombre_padre' in 'field list'
in SYSTEMPATH\Database\MySQLi\Connection.php on line 312.
 1 SYSTEMPATH\Database\MySQLi\Connection.php(312): mysqli->query('SELECT `pagos`.*, `concepto_pagos`.`nombre` AS `concepto_pago`, CONCAT(responsables.nombre_padre, " ", responsables.apellido_padre) AS responsable, CONCAT(estudiantes.nombre, " ", estudiantes.apellido) AS estudiante
FROM `pagos`
LEFT JOIN `concepto_pagos` ON `concepto_pagos`.`id` = `pagos`.`id_concepto`
LEFT JOIN `responsables` ON `responsables`.`id` = `pagos`.`id_responsable`
LEFT JOIN `estudiantes` ON `estudiantes`.`id` = `pagos`.`id_estudiante`
ORDER BY `pagos`.`fecha_pago` DESC', 0)
 2 SYSTEMPATH\Database\BaseConnection.php(734): CodeIgniter\Database\MySQLi\Connection->execute('SELECT `pagos`.*, `concepto_pagos`.`nombre` AS `concepto_pago`, CONCAT(responsables.nombre_padre, " ", responsables.apellido_padre) AS responsable, CONCAT(estudiantes.nombre, " ", estudiantes.apellido) AS estudiante
FROM `pagos`
LEFT JOIN `concepto_pagos` ON `concepto_pagos`.`id` = `pagos`.`id_concepto`
LEFT JOIN `responsables` ON `responsables`.`id` = `pagos`.`id_responsable`
LEFT JOIN `estudiantes` ON `estudiantes`.`id` = `pagos`.`id_estudiante`
ORDER BY `pagos`.`fecha_pago` DESC')
 3 SYSTEMPATH\Database\BaseConnection.php(648): CodeIgniter\Database\BaseConnection->simpleQuery('SELECT `pagos`.*, `concepto_pagos`.`nombre` AS `concepto_pago`, CONCAT(responsables.nombre_padre, " ", responsables.apellido_padre) AS responsable, CONCAT(estudiantes.nombre, " ", estudiantes.apellido) AS estudiante
FROM `pagos`
LEFT JOIN `concepto_pagos` ON `concepto_pagos`.`id` = `pagos`.`id_concepto`
LEFT JOIN `responsables` ON `responsables`.`id` = `pagos`.`id_responsable`
LEFT JOIN `estudiantes` ON `estudiantes`.`id` = `pagos`.`id_estudiante`
ORDER BY `pagos`.`fecha_pago` DESC')
 4 SYSTEMPATH\Database\BaseBuilder.php(1644): CodeIgniter\Database\BaseConnection->query('SELECT `pagos`.*, `concepto_pagos`.`nombre` AS `concepto_pago`, CONCAT(responsables.nombre_padre, " ", responsables.apellido_padre) AS responsable, CONCAT(estudiantes.nombre, " ", estudiantes.apellido) AS estudiante
FROM `pagos`
LEFT JOIN `concepto_pagos` ON `concepto_pagos`.`id` = `pagos`.`id_concepto`
LEFT JOIN `responsables` ON `responsables`.`id` = `pagos`.`id_responsable`
LEFT JOIN `estudiantes` ON `estudiantes`.`id` = `pagos`.`id_estudiante`
ORDER BY `pagos`.`fecha_pago` DESC', [], false)
 5 SYSTEMPATH\Model.php(286): CodeIgniter\Database\BaseBuilder->get()
 6 SYSTEMPATH\BaseModel.php(676): CodeIgniter\Model->doFindAll(0, 0)
 7 APPPATH\Models\PagosModel.php(66): CodeIgniter\BaseModel->findAll()
 8 APPPATH\Controllers\Inscripciones.php(39): App\Models\PagosModel->getPagosConDetalles()
 9 SYSTEMPATH\CodeIgniter.php(933): App\Controllers\Inscripciones->index()
10 SYSTEMPATH\CodeIgniter.php(509): CodeIgniter\CodeIgniter->runController(Object(App\Controllers\Inscripciones))
11 SYSTEMPATH\CodeIgniter.php(355): CodeIgniter\CodeIgniter->handleRequest(null, Object(Config\Cache), false)
12 SYSTEMPATH\Boot.php(325): CodeIgniter\CodeIgniter->run()
13 SYSTEMPATH\Boot.php(67): CodeIgniter\Boot::runCodeIgniter(Object(CodeIgniter\CodeIgniter))
14 FCPATH\index.php(56): CodeIgniter\Boot::bootWeb(Object(Config\Paths))
INFO - 2025-03-14 16:50:16 --> Session: Class initialized using 'CodeIgniter\Session\Handlers\FileHandler' driver.
INFO - 2025-03-14 16:50:22 --> Session: Class initialized using 'CodeIgniter\Session\Handlers\FileHandler' driver.
INFO - 2025-03-14 16:50:24 --> Session: Class initialized using 'CodeIgniter\Session\Handlers\FileHandler' driver.
INFO - 2025-03-14 16:51:06 --> Session: Class initialized using 'CodeIgniter\Session\Handlers\FileHandler' driver.
